NO.0 Scene:
discovered in ineration NO. 0
origin branch is: 902-1649 ,target branch is: 902-1650
interests are:
prefDrawerFeedIndicator      Number of new episodes    64     Appearance
discovered tags are : 2_027 2_028 2_029 2_023 2_024 2_025 2_026 2_020 2_021 2_022 2_016 2_017 2_018 2_019 2_012 2_013 2_014 2_015 2_010 2_011 5_000 5_001 5_008 5_009 5_006 5_007 5_004 5_005 5_002 5_003 2_009 2_005 2_006 2_007 2_008 2_001 2_002 2_003 2_004 2_000 5_011 5_012 5_010 5_019 5_017 5_018 5_015 5_016 5_013 5_014 5_022 5_023 5_020 5_021 5_028 5_029 5_026 5_027 5_024 5_025 3_028 3_029 3_026 3_027 1_019 1_017 1_018 1_015 1_016 1_013 1_014 1_011 1_012 3_025 1_010 4_003 4_004 4_005 4_006 4_007 4_008 4_009 4_000 4_001 4_002 1_028 1_029 1_026 1_027 1_024 1_025 1_022 1_023 1_020 1_021 4_014 4_015 4_016 4_017 4_018 4_019 4_010 4_011 4_012 4_013 3_004 3_005 3_002 3_003 3_000 3_001 4_025 4_026 4_027 4_028 4_029 4_020 4_021 4_022 4_023 4_024 1_008 1_009 1_006 1_007 1_004 1_005 1_002 1_003 1_000 1_001 
--------------------------------
NO.1 Scene:
discovered in ineration NO. 0
origin branch is: 9908-16821 ,target branch is: 9908-16820
interests are:
prefDrawerFeedOrder      Sort by number of played episodes    63     Appearance
discovered tags are : 6_000 6_005 6_006 6_007 6_008 6_001 6_002 6_003 6_004 6_009 5_000 5_001 5_008 5_009 5_006 5_007 5_004 5_005 5_002 5_003 6_020 6_021 6_022 6_027 6_028 6_029 6_023 6_024 6_025 6_026 5_011 5_012 5_010 5_019 5_017 5_018 5_015 5_016 5_013 5_014 4_025 4_026 4_027 6_010 4_028 6_011 4_029 6_016 6_017 6_018 6_019 6_012 6_013 6_014 6_015 5_022 5_023 5_020 5_021 5_028 5_029 5_026 5_027 5_024 5_025 
--------------------------------
NO.2 Scene:
discovered in ineration NO. 0
origin branch is: 902-1649 ,target branch is: 902-1652
interests are:
prefDrawerFeedIndicator      Number of downloaded episodes    64     Appearance
discovered tags are : 2_027 2_028 2_029 2_023 2_024 2_025 2_026 2_020 2_021 2_022 2_016 2_017 2_018 2_019 2_012 2_013 2_014 2_015 2_010 2_011 5_000 5_001 5_008 5_009 5_006 5_007 5_004 5_005 5_002 5_003 2_009 2_005 2_006 2_007 2_008 2_001 2_002 2_003 2_004 2_000 5_011 5_012 5_010 5_019 5_017 5_018 5_015 5_016 5_013 5_014 5_022 5_023 5_020 5_021 5_028 5_029 5_026 5_027 5_024 5_025 3_028 3_029 3_026 3_027 1_019 1_017 1_018 1_015 1_016 1_013 1_014 1_011 1_012 3_025 1_010 4_003 4_004 4_005 4_006 4_007 4_008 4_009 4_000 4_001 4_002 1_028 1_029 1_026 1_027 1_024 1_025 1_022 1_023 1_020 1_021 4_014 4_015 4_016 4_017 4_018 4_019 4_010 4_011 4_012 4_013 3_004 3_005 3_002 3_003 3_000 3_001 4_025 4_026 4_027 4_028 4_029 4_020 4_021 4_022 4_023 4_024 1_008 1_009 1_006 1_007 1_004 1_005 1_002 1_003 1_000 1_001 
--------------------------------
NO.3 Scene:
discovered in ineration NO. 0
origin branch is: 6575-11060 ,target branch is: 6575-11061
interests are:
prefEnableAutoDl      1    11     null
discovered tags are : 2_027 2_028 2_029 2_023 2_024 2_025 2_026 2_020 2_021 2_022 2_016 2_017 2_018 2_019 2_012 2_013 2_014 2_015 2_010 2_011 2_009 2_005 2_006 2_007 2_008 2_001 2_002 2_003 2_004 2_000 5_011 5_012 5_019 5_017 5_018 5_015 5_016 5_013 5_014 5_022 5_023 5_020 5_021 5_028 5_029 5_026 5_027 5_024 5_025 6_000 6_005 6_006 6_007 6_008 6_001 6_002 6_003 6_004 1_019 6_009 1_017 1_018 1_015 3_020 1_016 3_021 1_013 1_014 1_011 1_012 3_022 1_010 3_023 3_017 3_018 3_015 3_016 1_028 3_019 1_029 1_026 1_027 3_010 1_024 1_025 1_022 3_013 1_023 3_014 1_020 3_011 1_021 3_012 6_020 4_016 6_021 4_017 6_022 4_018 4_019 6_027 6_028 6_029 6_023 6_024 6_025 6_026 3_006 3_007 3_004 3_005 3_008 3_009 3_002 3_003 3_000 3_001 6_010 6_011 6_016 6_017 6_018 4_020 6_019 6_012 6_013 6_014 6_015 1_008 1_006 1_007 1_004 1_005 1_002 1_003 1_000 1_001 
--------------------------------
NO.4 Scene:
discovered in ineration NO. 0
origin branch is: 796-1460 ,target branch is: 796-1461
interests are:
prefBackButtonBehavior      Go to page…    69     Behavior
discovered tags are : 1_008 2_028 3_009 1_015 5_024 
--------------------------------
NO.5 Scene:
discovered in ineration NO. 0
origin branch is: 7037-11722 ,target branch is: 7037-11721
interests are:
prefQueueAddToFront      1    47     Queue
discovered tags are : 5_011 2_019 
--------------------------------
NO.6 Scene:
discovered in ineration NO. 0
origin branch is: 180-351 ,target branch is: 180-352
interests are:
prefEnableAutoDownloadOnMobile      1    15     null
prefEnableAutoDl      1    11     null
discovered tags are : 4_014 6_022 4_018 2_019 6_027 6_028 2_004 2_021 5_011 3_017 3_006 5_023 3_018 1_007 1_024 1_002 3_002 1_012 1_023 5_025 3_001 
--------------------------------
NO.7 Scene:
discovered in ineration NO. 0
origin branch is: 387-798 ,target branch is: 386-797
interests are:
ass_mobiledata      0    -1     null
discovered tags are : 2_019 1_000 
--------------------------------
NO.8 Scene:
discovered in ineration NO. 0
origin branch is: 9907-16819 ,target branch is: 9907-16818
interests are:
prefDrawerFeedOrder      Sort alphabetically    63     Appearance
discovered tags are : 6_000 6_005 6_006 6_007 6_008 6_001 6_002 6_003 6_004 6_009 5_000 5_001 5_008 5_009 5_006 5_007 5_004 5_005 5_002 5_003 6_020 6_021 6_022 6_027 6_028 6_029 6_023 6_024 6_025 6_026 5_011 5_012 5_010 5_019 5_017 5_018 5_015 5_016 5_013 5_014 4_025 4_026 4_027 6_010 4_028 6_011 4_029 6_016 6_017 6_018 6_019 6_012 6_013 6_014 6_015 5_022 5_023 5_020 5_021 5_028 5_029 5_026 5_027 5_024 5_025 
--------------------------------
NO.9 Scene:
discovered in ineration NO. 0
origin branch is: 902-1651 ,target branch is: 902-1650
interests are:
prefDrawerFeedIndicator      Number of new episodes    64     Appearance
discovered tags are : 6_000 6_005 6_006 6_007 6_008 6_001 6_002 6_003 6_004 6_009 3_020 3_021 3_024 3_025 3_022 3_023 3_017 3_018 3_015 3_016 3_019 3_010 3_013 3_014 3_011 3_012 6_020 6_021 6_022 6_027 6_028 6_029 6_023 6_024 6_025 6_026 3_006 3_007 3_005 3_008 3_009 6_010 6_011 6_016 6_017 6_018 6_019 6_012 6_013 6_014 6_015 5_029 
--------------------------------
NO.10 Scene:
discovered in ineration NO. 0
origin branch is: 223-475 ,target branch is: 223-479
interests are:
prefMobileUpdate      1    31     Details
discovered tags are : 2_019 1_000 
--------------------------------
NO.11 Scene:
discovered in ineration NO. 0
origin branch is: 901-1647 ,target branch is: 901-1648
interests are:
prefDrawerFeedIndicator      Number of downloaded episodes    64     Appearance
discovered tags are : 2_027 2_028 2_029 2_023 2_024 2_025 2_026 2_020 2_021 2_022 2_016 2_017 2_018 2_019 2_012 2_013 2_014 2_015 2_010 2_011 5_000 5_001 5_008 5_009 5_006 5_007 5_004 5_005 5_002 5_003 2_009 2_005 2_006 2_007 2_008 2_001 2_002 2_003 2_004 2_000 5_011 5_012 5_010 5_019 5_017 5_018 5_015 5_016 5_013 5_014 5_022 5_023 5_020 5_021 5_028 5_029 5_026 5_027 5_024 5_025 6_000 6_005 6_006 6_007 6_008 6_001 6_002 6_003 6_004 3_028 3_029 3_026 3_027 1_019 6_009 1_017 1_018 1_015 3_020 1_016 3_021 1_013 1_014 1_011 3_024 1_012 3_025 3_022 1_010 3_023 4_003 4_004 4_005 4_006 4_007 4_008 4_009 4_000 4_001 4_002 3_017 3_018 3_015 3_016 1_028 3_019 1_029 1_026 1_027 3_010 1_024 1_025 1_022 3_013 1_023 3_014 1_020 3_011 1_021 3_012 4_014 4_015 6_020 4_016 6_021 4_017 6_022 4_018 4_019 6_027 6_028 6_029 4_010 6_023 4_011 6_024 4_012 6_025 4_013 6_026 3_006 3_007 3_004 3_005 3_008 3_009 3_002 3_003 3_000 3_001 4_025 4_026 4_027 6_010 4_028 6_011 4_029 6_016 6_017 6_018 4_020 6_019 4_021 6_012 4_022 6_013 4_023 6_014 4_024 6_015 1_008 1_009 1_006 1_007 1_004 1_005 1_002 1_003 1_000 1_001 
--------------------------------
NO.12 Scene:
discovered in ineration NO. 0
origin branch is: 6906-11504 ,target branch is: 6906-11505
interests are:
prefEnableAutoDl      1    11     null
discovered tags are : 2_019 
--------------------------------
NO.13 Scene:
discovered in ineration NO. 0
origin branch is: 879_0 ,target branch is: 879_0
interests are:
prefAutoUpdateIntervall      1    29     Automation
discovered tags are : 2_027 2_028 2_029 2_023 2_024 2_025 2_026 2_020 2_021 2_022 2_016 2_017 2_018 2_019 2_012 2_013 2_014 2_015 2_010 2_011 5_000 5_001 5_008 5_009 5_006 5_007 5_004 5_005 5_002 5_003 2_009 2_005 2_006 2_007 2_008 2_001 2_002 2_003 2_004 2_000 5_011 5_012 5_010 5_019 5_017 5_018 5_015 5_016 5_013 5_014 5_022 5_023 5_020 5_021 5_028 5_029 5_026 5_027 5_024 5_025 6_000 6_005 6_006 6_007 6_008 6_001 6_002 6_003 6_004 3_028 3_029 3_026 3_027 1_019 6_009 1_017 1_018 1_015 3_020 1_016 3_021 1_013 1_014 1_011 3_024 1_012 3_025 3_022 1_010 3_023 4_003 4_004 4_005 4_006 4_007 4_008 4_009 4_000 4_001 4_002 3_017 3_018 3_015 3_016 1_028 3_019 1_029 1_026 1_027 3_010 1_024 1_025 1_022 3_013 1_023 3_014 1_020 3_011 1_021 3_012 4_014 4_015 6_020 4_016 6_021 4_017 6_022 4_018 4_019 6_027 6_028 6_029 4_010 6_023 4_011 6_024 4_012 6_025 4_013 6_026 3_006 3_007 3_004 3_005 3_008 3_009 3_002 3_003 3_000 3_001 4_025 4_026 4_027 6_010 4_028 6_011 4_029 6_016 6_017 6_018 4_020 6_019 4_021 6_012 4_022 6_013 4_023 6_014 4_024 6_015 1_008 1_009 1_006 1_007 1_004 1_005 1_002 1_003 1_000 1_001 
--------------------------------
NO.14 Scene:
discovered in ineration NO. 0
origin branch is: 876_1 ,target branch is: 876_1
interests are:
prefAutoUpdateIntervall      1    29     Automation
discovered tags are : 2_027 2_028 2_029 2_023 2_024 2_025 2_026 2_020 2_021 2_022 2_016 2_017 2_018 2_019 2_012 2_013 2_014 2_015 2_010 2_011 5_000 5_001 5_008 5_009 5_006 5_007 5_004 5_005 5_002 5_003 2_009 2_005 2_006 2_007 2_008 2_001 2_002 2_003 2_004 2_000 5_011 5_012 5_010 5_019 5_017 5_018 5_015 5_016 5_013 5_014 5_022 5_023 5_020 5_021 5_028 5_029 5_026 5_027 5_024 5_025 6_000 6_005 6_006 6_007 6_008 6_001 6_002 6_003 6_004 3_028 3_029 3_026 3_027 1_019 6_009 1_017 1_018 1_015 3_020 1_016 3_021 1_013 1_014 1_011 3_024 1_012 3_025 3_022 1_010 3_023 4_003 4_004 4_005 4_006 4_007 4_008 4_009 4_000 4_001 4_002 3_017 3_018 3_015 3_016 1_028 3_019 1_029 1_026 1_027 3_010 1_024 1_025 1_022 3_013 1_023 3_014 1_020 3_011 1_021 3_012 4_014 4_015 6_020 4_016 6_021 4_017 6_022 4_018 4_019 6_027 6_028 6_029 4_010 6_023 4_011 6_024 4_012 6_025 4_013 6_026 3_006 3_007 3_004 3_005 3_008 3_009 3_002 3_003 3_000 3_001 4_025 4_026 4_027 6_010 4_028 6_011 4_029 6_016 6_017 6_018 4_020 6_019 4_021 6_012 4_022 6_013 4_023 6_014 4_024 6_015 1_008 1_009 1_006 1_007 1_004 1_005 1_002 1_003 1_000 1_001 
--------------------------------
NO.15 Scene:
discovered in ineration NO. 0
origin branch is: 963-1744 ,target branch is: 963-1745
interests are:
prefTheme      Dark    61     Appearance
discovered tags are : 2_027 2_028 2_029 2_023 2_024 2_025 2_026 2_020 2_021 2_022 2_016 2_017 2_018 2_019 2_012 2_013 2_014 2_015 2_010 2_011 5_000 5_001 5_008 5_009 5_006 5_007 5_004 5_005 5_002 5_003 2_009 2_005 2_006 2_007 2_008 2_001 2_002 2_003 2_004 2_000 5_011 5_012 5_010 5_019 5_017 5_018 5_015 5_016 5_013 5_014 5_022 5_023 5_020 5_021 5_028 5_029 5_026 5_027 5_024 5_025 6_000 6_005 6_006 6_007 6_008 6_001 6_002 6_003 6_004 3_028 3_029 3_026 3_027 1_019 6_009 1_017 1_018 1_015 3_020 1_016 3_021 1_013 1_014 1_011 3_024 1_012 3_025 3_022 1_010 3_023 4_003 4_004 4_005 4_006 4_007 4_008 4_009 4_000 4_001 4_002 3_017 3_018 3_015 3_016 1_028 3_019 1_029 1_026 1_027 3_010 1_024 1_025 1_022 3_013 1_023 3_014 1_020 3_011 1_021 3_012 4_014 4_015 6_020 4_016 6_021 4_017 6_022 4_018 4_019 6_027 6_028 6_029 4_010 6_023 4_011 6_024 4_012 6_025 4_013 6_026 3_006 3_007 3_004 3_005 3_008 3_009 3_002 3_003 3_000 3_001 4_025 4_026 4_027 6_010 4_028 6_011 4_029 6_016 6_017 6_018 4_020 6_019 4_021 6_012 4_022 6_013 4_023 6_014 4_024 6_015 1_008 1_009 1_006 1_007 1_004 1_005 1_002 1_003 1_000 1_001 
--------------------------------
NO.16 Scene:
discovered in ineration NO. 0
origin branch is: 880-1610_2 ,target branch is: 880-1610_2
interests are:
prefAutoUpdateIntervall      1    29     Automation
discovered tags are : 2_027 2_028 2_029 2_023 2_024 2_025 2_026 2_020 2_021 2_022 2_018 2_019 5_000 5_001 5_008 5_009 5_006 5_007 5_004 5_005 5_002 5_003 5_011 5_012 5_010 5_019 5_017 5_018 5_015 5_016 5_013 5_014 5_022 5_023 5_020 5_021 5_028 5_029 5_026 5_027 5_024 5_025 6_000 6_005 6_006 6_007 6_008 6_001 6_002 6_003 6_004 3_028 3_029 3_026 3_027 6_009 3_020 3_021 3_024 3_025 3_022 3_023 4_003 4_004 4_005 4_006 4_007 4_008 4_009 4_000 4_001 4_002 3_017 3_018 3_015 3_016 3_019 3_010 3_013 3_014 3_011 3_012 4_014 4_015 6_020 4_016 6_021 4_017 6_022 4_018 4_019 6_027 6_028 6_029 4_010 6_023 4_011 6_024 4_012 6_025 4_013 6_026 3_006 3_007 3_004 3_005 3_008 3_009 3_002 3_003 3_000 3_001 4_025 4_026 4_027 6_010 4_028 6_011 4_029 6_016 6_017 6_018 4_020 6_019 4_021 6_012 4_022 6_013 4_023 6_014 4_024 6_015 
--------------------------------
NO.17 Scene:
discovered in ineration NO. 0
origin branch is: 963-1744 ,target branch is: 963-1746
interests are:
prefTheme      Black (AMOLED ready)    61     Appearance
discovered tags are : 2_027 2_028 2_029 2_023 2_024 2_025 2_026 2_020 2_021 2_022 2_016 2_017 2_018 2_019 2_012 2_013 2_014 2_015 2_010 2_011 5_000 5_001 5_008 5_009 5_006 5_007 5_004 5_005 5_002 5_003 2_009 2_005 2_006 2_007 2_008 2_001 2_002 2_003 2_004 2_000 5_011 5_012 5_010 5_019 5_017 5_018 5_015 5_016 5_013 5_014 5_022 5_023 5_020 5_021 5_028 5_029 5_026 5_027 5_024 5_025 6_000 6_005 6_006 6_007 6_008 6_001 6_002 6_003 6_004 3_028 3_029 3_026 3_027 1_019 6_009 1_017 1_018 1_015 3_020 1_016 3_021 1_013 1_014 1_011 3_024 1_012 3_025 3_022 1_010 3_023 4_003 4_004 4_005 4_006 4_007 4_008 4_009 4_000 4_001 4_002 3_017 3_018 3_015 3_016 1_028 3_019 1_029 1_026 1_027 3_010 1_024 1_025 1_022 3_013 1_023 3_014 1_020 3_011 1_021 3_012 4_014 4_015 6_020 4_016 6_021 4_017 6_022 4_018 4_019 6_027 6_028 6_029 4_010 6_023 4_011 6_024 4_012 6_025 4_013 6_026 3_006 3_007 3_004 3_005 3_008 3_009 3_002 3_003 3_000 3_001 4_025 4_026 4_027 6_010 4_028 6_011 4_029 6_016 6_017 6_018 4_020 6_019 4_021 6_012 4_022 6_013 4_023 6_014 4_024 6_015 1_008 1_009 1_006 1_007 1_004 1_005 1_002 1_003 1_000 1_001 
--------------------------------
NO.18 Scene:
discovered in ineration NO. 0
origin branch is: 833-1537 ,target branch is: 833-1538
interests are:
prefEpisodeCleanup      Never    13     null
discovered tags are : 2_027 2_028 2_029 2_023 2_024 2_025 2_026 2_020 2_021 2_022 2_016 2_017 2_018 2_019 2_012 2_013 2_014 2_015 2_010 2_011 5_000 5_001 5_008 5_009 5_006 5_007 5_004 5_005 5_002 5_003 2_009 2_005 2_006 2_007 2_008 2_001 2_002 2_003 2_004 2_000 5_011 5_012 5_010 5_019 5_017 5_018 5_015 5_016 5_013 5_014 5_022 5_023 5_020 5_021 5_028 5_029 5_026 5_027 5_024 5_025 6_000 6_005 6_006 6_007 6_008 6_001 6_002 6_003 6_004 3_028 3_029 3_026 3_027 1_019 6_009 1_017 1_018 1_015 3_020 1_016 3_021 1_013 1_014 1_011 3_024 1_012 3_025 3_022 1_010 3_023 4_003 4_004 4_005 4_006 4_007 4_008 4_009 4_000 4_001 4_002 3_017 3_018 3_015 3_016 1_028 3_019 1_029 1_026 1_027 3_010 1_024 1_025 1_022 3_013 1_023 3_014 1_020 3_011 1_021 3_012 4_014 4_015 6_020 4_016 6_021 4_017 6_022 4_018 4_019 6_027 6_028 6_029 4_010 6_023 4_011 6_024 4_012 6_025 4_013 6_026 3_006 3_007 3_004 3_005 3_008 3_009 3_002 3_003 3_000 3_001 4_025 4_026 4_027 6_010 4_028 6_011 4_029 6_016 6_017 6_018 4_020 6_019 4_021 6_012 4_022 6_013 4_023 6_014 4_024 6_015 1_008 1_009 1_006 1_007 1_004 1_005 1_002 1_003 1_000 1_001 
--------------------------------
NO.19 Scene:
discovered in ineration NO. 0
origin branch is: 795-1458 ,target branch is: 795-1454
interests are:
prefBackButtonBehavior      Open navigation drawer    69     Behavior
discovered tags are : 1_008 2_028 3_009 1_015 5_024 
--------------------------------
NO.20 Scene:
discovered in ineration NO. 0
origin branch is: 795-1458 ,target branch is: 795-1456
interests are:
prefBackButtonBehavior      Double tap to exit    69     Behavior
discovered tags are : 1_008 2_028 3_009 1_015 5_024 
--------------------------------
NO.21 Scene:
discovered in ineration NO. 0
origin branch is: 795-1458 ,target branch is: 795-1455
interests are:
prefBackButtonBehavior      Confirm to exit    69     Behavior
discovered tags are : 1_008 2_028 3_009 1_015 5_024 
--------------------------------
NO.22 Scene:
discovered in ineration NO. 0
origin branch is: 964_3 ,target branch is: 964_3
interests are:
prefAutoUpdateIntervall      1    29     Automation
discovered tags are : 1_019 1_017 1_018 1_015 1_016 1_013 1_014 1_011 1_012 1_010 2_016 2_017 2_018 2_012 2_013 2_014 2_015 2_010 2_011 1_028 1_029 1_026 1_027 1_024 1_025 1_022 1_023 1_020 1_021 2_009 2_005 2_006 2_007 2_008 2_001 2_002 2_003 2_004 2_000 1_008 1_009 1_006 1_007 1_004 1_005 1_002 1_003 1_000 1_001 
--------------------------------
NO.23 Scene:
discovered in ineration NO. 0
origin branch is: 795-1458 ,target branch is: 795-1457
interests are:
prefBackButtonBehavior      Go to page…    69     Behavior
discovered tags are : 1_008 2_028 3_009 1_015 5_024 
--------------------------------
index.1,  interestcase 2_019 start:
tagetlogs are:[901-1648, 6906-11505, 386-797, 7037-11721, 879_0, 902-1652, 876_1, 833-1538, 223-479, 880-1610_2, 963-1746, 180-352, 6575-11061]
current preference, name:prefEnableAutoDl, value:1
current preference, name:prefEpisodeCleanup, value:Never
current preference, name:prefEnableAutoDownloadOnMobile, value:1
current preference, name:prefAutoUpdateIntervall, value:1
current preference, name:prefMobileUpdate, value:1
current preference, name:prefQueueAddToFront, value:1
current preference, name:prefTheme, value:Black (AMOLED ready)
current preference, name:prefDrawerFeedIndicator, value:Number of downloaded episodes
current systemservice, name: ass_mobiledata, value: 0
cmd:[python, C:\Users\yifeiLu\Documents\TestingProjectHome\antennapod\testcase\interestcases\testcase0_1_2_019.py]

OK

consumed time: 94.2860000134 s

jacoco time: 5.00499987602 s

FAIL

str(e):		Message: An element could not be located on the page using the given search parameters.



repr(e):	NoSuchElementException()

Traceback (most recent call last):

  File "C:\Users\yifeiLu\Documents\TestingProjectHome\antennapod\testcase\interestcases\testcase0_1_2_019.py", line 299, in <module>

    element = getElememt(driver, "new UiSelector().resourceId(\"de.danoeh.antennapod:id/butSecondaryAction\").className(\"android.widget.ImageButton\")")

  File "C:\Users\yifeiLu\Documents\TestingProjectHome\antennapod\testcase\interestcases\testcase0_1_2_019.py", line 34, in getElememt

    element = driver.find_element_by_android_uiautomator(str)

  File "C:\Python27\lib\site-packages\appium\webdriver\webdriver.py", line 327, in find_element_by_android_uiautomator

    return self.find_element(by=By.ANDROID_UIAUTOMATOR, value=uia_string)

  File "C:\Python27\lib\site-packages\appium\webdriver\webdriver.py", line 219, in find_element

    'value': value})['value']

  File "C:\Python27\lib\site-packages\selenium\webdriver\remote\webdriver.py", line 321, in execute

    self.error_handler.check_response(response)

  File "C:\Python27\lib\site-packages\appium\webdriver\errorhandler.py", line 29, in check_response

    raise wde

NoSuchElementException: Message: An element could not be located on the page using the given search parameters.





consumed time: 38.1579999924 s

jacoco time: 5.00500011444 s

covered targets are: [901-1648, 386-797, 879_0, 876_1, 833-1538, 963-1746, 6575-11061]
uncovered targets are: [6906-11505, 7037-11721, 902-1652, 223-479, 880-1610_2, 180-352]
interestcase 0_1_2_019 end

index.2,  interestcase 2_019 start:
tagetlogs are:[6906-11505, 7037-11721, 902-1652, 223-479, 880-1610_2, 963-1745, 180-352]
current preference, name:prefEnableAutoDl, value:1
current preference, name:prefEnableAutoDownloadOnMobile, value:1
current preference, name:prefAutoUpdateIntervall, value:1
current preference, name:prefMobileUpdate, value:1
current preference, name:prefQueueAddToFront, value:1
current preference, name:prefTheme, value:Dark
current preference, name:prefDrawerFeedIndicator, value:Number of downloaded episodes
cmd:[python, C:\Users\yifeiLu\Documents\TestingProjectHome\antennapod\testcase\interestcases\testcase0_2_2_019.py]

OK

consumed time: 72.7890000343 s

jacoco time: 5.0039999485 s

OK

consumed time: 45.3190000057 s

jacoco time: 5.00499987602 s

covered targets are: [6906-11505, 223-479, 963-1745, 180-352]
uncovered targets are: [7037-11721, 902-1652, 880-1610_2]
interestcase 0_2_2_019 end

index.3,  interestcase 6_000 start:
tagetlogs are:[902-1650, 9907-16818, 880-1610_2]
current preference, name:prefAutoUpdateIntervall, value:1
current preference, name:prefDrawerFeedOrder, value:Sort alphabetically
current preference, name:prefDrawerFeedIndicator, value:Number of new episodes
cmd:[python, C:\Users\yifeiLu\Documents\TestingProjectHome\antennapod\testcase\interestcases\testcase0_3_6_000.py]

OK

consumed time: 30.4500000477 s

jacoco time: 5.00600004196 s

FAIL

str(e):		Message: An element could not be located on the page using the given search parameters.



repr(e):	NoSuchElementException()

Traceback (most recent call last):

  File "C:\Users\yifeiLu\Documents\TestingProjectHome\antennapod\testcase\interestcases\testcase0_3_6_000.py", line 267, in <module>

    element = getElememt(driver, "new UiSelector().resourceId(\"de.danoeh.antennapod:id/refresh_item\").className(\"android.widget.TextView\")")

  File "C:\Users\yifeiLu\Documents\TestingProjectHome\antennapod\testcase\interestcases\testcase0_3_6_000.py", line 34, in getElememt

    element = driver.find_element_by_android_uiautomator(str)

  File "C:\Python27\lib\site-packages\appium\webdriver\webdriver.py", line 327, in find_element_by_android_uiautomator

    return self.find_element(by=By.ANDROID_UIAUTOMATOR, value=uia_string)

  File "C:\Python27\lib\site-packages\appium\webdriver\webdriver.py", line 219, in find_element

    'value': value})['value']

  File "C:\Python27\lib\site-packages\selenium\webdriver\remote\webdriver.py", line 321, in execute

    self.error_handler.check_response(response)

  File "C:\Python27\lib\site-packages\appium\webdriver\errorhandler.py", line 29, in check_response

    raise wde

NoSuchElementException: Message: An element could not be located on the page using the given search parameters.





consumed time: 15.4769999981 s

jacoco time: 5.00400018692 s

covered targets are: [902-1650, 9907-16818]
uncovered targets are: [880-1610_2]
interestcase 0_3_6_000 end

index.4,  interestcase 5_011 start:
tagetlogs are:[7037-11721, 902-1652, 9908-16820, 880-1610_2]
current preference, name:prefAutoUpdateIntervall, value:1
current preference, name:prefQueueAddToFront, value:1
current preference, name:prefDrawerFeedOrder, value:Sort by number of played episodes
current preference, name:prefDrawerFeedIndicator, value:Number of downloaded episodes
cmd:[python, C:\Users\yifeiLu\Documents\TestingProjectHome\antennapod\testcase\interestcases\testcase0_4_5_011.py]

OK

consumed time: 47.521999836 s

jacoco time: 5.0039999485 s

FAIL

str(e):		Message: An element could not be located on the page using the given search parameters.



repr(e):	NoSuchElementException()

Traceback (most recent call last):

  File "C:\Users\yifeiLu\Documents\TestingProjectHome\antennapod\testcase\interestcases\testcase0_4_5_011.py", line 271, in <module>

    element = getElememt(driver, "new UiSelector().resourceId(\"de.danoeh.antennapod:id/refresh_item\").className(\"android.widget.TextView\")")

  File "C:\Users\yifeiLu\Documents\TestingProjectHome\antennapod\testcase\interestcases\testcase0_4_5_011.py", line 34, in getElememt

    element = driver.find_element_by_android_uiautomator(str)

  File "C:\Python27\lib\site-packages\appium\webdriver\webdriver.py", line 327, in find_element_by_android_uiautomator

    return self.find_element(by=By.ANDROID_UIAUTOMATOR, value=uia_string)

  File "C:\Python27\lib\site-packages\appium\webdriver\webdriver.py", line 219, in find_element

    'value': value})['value']

  File "C:\Python27\lib\site-packages\selenium\webdriver\remote\webdriver.py", line 321, in execute

    self.error_handler.check_response(response)

  File "C:\Python27\lib\site-packages\appium\webdriver\errorhandler.py", line 29, in check_response

    raise wde

NoSuchElementException: Message: An element could not be located on the page using the given search parameters.





consumed time: 14.0950000286 s

jacoco time: 5.0039999485 s

covered targets are: [9908-16820]
uncovered targets are: [7037-11721, 902-1652, 880-1610_2]
interestcase 0_4_5_011 end

index.5,  interestcase 5_011 start:
tagetlogs are:[7037-11721, 902-1652, 880-1610_2]
current preference, name:prefAutoUpdateIntervall, value:1
current preference, name:prefQueueAddToFront, value:1
current preference, name:prefDrawerFeedIndicator, value:Number of downloaded episodes
cmd:[python, C:\Users\yifeiLu\Documents\TestingProjectHome\antennapod\testcase\interestcases\testcase0_5_5_011.py]

OK

consumed time: 41.8629999161 s

jacoco time: 5.0039999485 s

FAIL

str(e):		Message: An element could not be located on the page using the given search parameters.



repr(e):	NoSuchElementException()

Traceback (most recent call last):

  File "C:\Users\yifeiLu\Documents\TestingProjectHome\antennapod\testcase\interestcases\testcase0_5_5_011.py", line 268, in <module>

    element = getElememt(driver, "new UiSelector().resourceId(\"de.danoeh.antennapod:id/refresh_item\").className(\"android.widget.TextView\")")

  File "C:\Users\yifeiLu\Documents\TestingProjectHome\antennapod\testcase\interestcases\testcase0_5_5_011.py", line 34, in getElememt

    element = driver.find_element_by_android_uiautomator(str)

  File "C:\Python27\lib\site-packages\appium\webdriver\webdriver.py", line 327, in find_element_by_android_uiautomator

    return self.find_element(by=By.ANDROID_UIAUTOMATOR, value=uia_string)

  File "C:\Python27\lib\site-packages\appium\webdriver\webdriver.py", line 219, in find_element

    'value': value})['value']

  File "C:\Python27\lib\site-packages\selenium\webdriver\remote\webdriver.py", line 321, in execute

    self.error_handler.check_response(response)

  File "C:\Python27\lib\site-packages\appium\webdriver\errorhandler.py", line 29, in check_response

    raise wde

NoSuchElementException: Message: An element could not be located on the page using the given search parameters.





consumed time: 18.2679998875 s

jacoco time: 5.00400018692 s

covered targets are: []
uncovered targets are: [7037-11721, 902-1652, 880-1610_2]
target: 7037-11721 uncovered, added to then retrial list!
target: 902-1652 uncovered, added to then retrial list!
loclog: 880-1610_2 deleted !
interestcase 0_5_5_011 end

index.6,  interestcase 1_008 start:
tagetlogs are:[796-1461, 964_3, 795-1457]
current preference, name:prefAutoUpdateIntervall, value:1
current preference, name:prefBackButtonBehavior, value:Go to page…
cmd:[python, C:\Users\yifeiLu\Documents\TestingProjectHome\antennapod\testcase\interestcases\testcase0_6_1_008.py]

OK

consumed time: 30.6729998589 s

jacoco time: 5.00500011444 s

FAIL

str(e):		Message: TouchEvent element does not exist.



repr(e):	NoSuchElementException()

Traceback (most recent call last):

  File "C:\Users\yifeiLu\Documents\TestingProjectHome\antennapod\testcase\interestcases\testcase0_6_1_008.py", line 286, in <module>

    TouchAction(driver).long_press(element).release().perform()

  File "C:\Python27\lib\site-packages\appium\webdriver\common\touch_action.py", line 96, in perform

    self._driver.execute(Command.TOUCH_ACTION, params)

  File "C:\Python27\lib\site-packages\selenium\webdriver\remote\webdriver.py", line 321, in execute

    self.error_handler.check_response(response)

  File "C:\Python27\lib\site-packages\appium\webdriver\errorhandler.py", line 29, in check_response

    raise wde

NoSuchElementException: Message: TouchEvent element does not exist.





consumed time: 30.7809998989 s

jacoco time: 5.00400018692 s

covered targets are: [964_3, 795-1457]
uncovered targets are: [796-1461]
interestcase 0_6_1_008 end

index.7,  interestcase 2_028 start:
tagetlogs are:[796-1461]
current preference, name:prefBackButtonBehavior, value:Go to page…
cmd:[python, C:\Users\yifeiLu\Documents\TestingProjectHome\antennapod\testcase\interestcases\testcase0_7_2_028.py]

OK

consumed time: 25.1540000439 s

jacoco time: 5.00499987602 s

FAIL

str(e):		Message: An element could not be located on the page using the given search parameters.



repr(e):	NoSuchElementException()

Traceback (most recent call last):

  File "C:\Users\yifeiLu\Documents\TestingProjectHome\antennapod\testcase\interestcases\testcase0_7_2_028.py", line 270, in <module>

    element = getElememtBack(driver, "new UiSelector().text(\"OK\")", "new UiSelector().className(\"android.widget.Button\")")

  File "C:\Users\yifeiLu\Documents\TestingProjectHome\antennapod\testcase\interestcases\testcase0_7_2_028.py", line 53, in getElememtBack

    element = driver.find_element_by_android_uiautomator(str2)

  File "C:\Python27\lib\site-packages\appium\webdriver\webdriver.py", line 327, in find_element_by_android_uiautomator

    return self.find_element(by=By.ANDROID_UIAUTOMATOR, value=uia_string)

  File "C:\Python27\lib\site-packages\appium\webdriver\webdriver.py", line 219, in find_element

    'value': value})['value']

  File "C:\Python27\lib\site-packages\selenium\webdriver\remote\webdriver.py", line 321, in execute

    self.error_handler.check_response(response)

  File "C:\Python27\lib\site-packages\appium\webdriver\errorhandler.py", line 29, in check_response

    raise wde

NoSuchElementException: Message: An element could not be located on the page using the given search parameters.





consumed time: 25.9339997768 s

jacoco time: 5.00500011444 s

covered targets are: []
uncovered targets are: [796-1461]
target: 796-1461 uncovered, added to then retrial list!
interestcase 0_7_2_028 end

index.8,  interestcase 3_009 start:
tagetlogs are:[795-1455]
current preference, name:prefBackButtonBehavior, value:Confirm to exit
cmd:[python, C:\Users\yifeiLu\Documents\TestingProjectHome\antennapod\testcase\interestcases\testcase0_8_3_009.py]

OK

consumed time: 18.2799999714 s

jacoco time: 5.00500011444 s

FAIL

str(e):		Message: An element could not be located on the page using the given search parameters.



repr(e):	NoSuchElementException()

Traceback (most recent call last):

  File "C:\Users\yifeiLu\Documents\TestingProjectHome\antennapod\testcase\interestcases\testcase0_8_3_009.py", line 276, in <module>

    element = getElememtBack(driver, "new UiSelector().text(\"Monstruo\")", "new UiSelector().className(\"android.widget.TextView\").instance(7)")

  File "C:\Users\yifeiLu\Documents\TestingProjectHome\antennapod\testcase\interestcases\testcase0_8_3_009.py", line 53, in getElememtBack

    element = driver.find_element_by_android_uiautomator(str2)

  File "C:\Python27\lib\site-packages\appium\webdriver\webdriver.py", line 327, in find_element_by_android_uiautomator

    return self.find_element(by=By.ANDROID_UIAUTOMATOR, value=uia_string)

  File "C:\Python27\lib\site-packages\appium\webdriver\webdriver.py", line 219, in find_element

    'value': value})['value']

  File "C:\Python27\lib\site-packages\selenium\webdriver\remote\webdriver.py", line 321, in execute

    self.error_handler.check_response(response)

  File "C:\Python27\lib\site-packages\appium\webdriver\errorhandler.py", line 29, in check_response

    raise wde

NoSuchElementException: Message: An element could not be located on the page using the given search parameters.





consumed time: 37.0729999542 s

jacoco time: 5.00499987602 s

covered targets are: [795-1455]
uncovered targets are: []
interestcase 0_8_3_009 end

index.9,  interestcase 1_015 start:
tagetlogs are:[795-1454]
current preference, name:prefBackButtonBehavior, value:Open navigation drawer
cmd:[python, C:\Users\yifeiLu\Documents\TestingProjectHome\antennapod\testcase\interestcases\testcase0_9_1_015.py]

OK

consumed time: 19.2039999962 s

jacoco time: 5.0039999485 s

FAIL

str(e):		Message: An element could not be located on the page using the given search parameters.



repr(e):	NoSuchElementException()

Traceback (most recent call last):

  File "C:\Users\yifeiLu\Documents\TestingProjectHome\antennapod\testcase\interestcases\testcase0_9_1_015.py", line 257, in <module>

    element = getElememt(driver, "new UiSelector().className(\"android.widget.ImageView\").description(\"More options\")")

  File "C:\Users\yifeiLu\Documents\TestingProjectHome\antennapod\testcase\interestcases\testcase0_9_1_015.py", line 34, in getElememt

    element = driver.find_element_by_android_uiautomator(str)

  File "C:\Python27\lib\site-packages\appium\webdriver\webdriver.py", line 327, in find_element_by_android_uiautomator

    return self.find_element(by=By.ANDROID_UIAUTOMATOR, value=uia_string)

  File "C:\Python27\lib\site-packages\appium\webdriver\webdriver.py", line 219, in find_element

    'value': value})['value']

  File "C:\Python27\lib\site-packages\selenium\webdriver\remote\webdriver.py", line 321, in execute

    self.error_handler.check_response(response)

  File "C:\Python27\lib\site-packages\appium\webdriver\errorhandler.py", line 29, in check_response

    raise wde

NoSuchElementException: Message: An element could not be located on the page using the given search parameters.





consumed time: 17.0409998894 s

jacoco time: 5.0039999485 s

covered targets are: []
uncovered targets are: [795-1454]
target: 795-1454 uncovered, added to then retrial list!
interestcase 0_9_1_015 end

index.10,  interestcase 5_024 start:
tagetlogs are:[795-1456]
current preference, name:prefBackButtonBehavior, value:Double tap to exit
cmd:[python, C:\Users\yifeiLu\Documents\TestingProjectHome\antennapod\testcase\interestcases\testcase0_10_5_024.py]

OK

consumed time: 18.1610000134 s

jacoco time: 5.00499987602 s

FAIL

str(e):		Message: An element could not be located on the page using the given search parameters.



repr(e):	NoSuchElementException()

Traceback (most recent call last):

  File "C:\Users\yifeiLu\Documents\TestingProjectHome\antennapod\testcase\interestcases\testcase0_10_5_024.py", line 257, in <module>

    element = getElememt(driver, "new UiSelector().className(\"android.widget.ImageView\").description(\"More options\")")

  File "C:\Users\yifeiLu\Documents\TestingProjectHome\antennapod\testcase\interestcases\testcase0_10_5_024.py", line 34, in getElememt

    element = driver.find_element_by_android_uiautomator(str)

  File "C:\Python27\lib\site-packages\appium\webdriver\webdriver.py", line 327, in find_element_by_android_uiautomator

    return self.find_element(by=By.ANDROID_UIAUTOMATOR, value=uia_string)

  File "C:\Python27\lib\site-packages\appium\webdriver\webdriver.py", line 219, in find_element

    'value': value})['value']

  File "C:\Python27\lib\site-packages\selenium\webdriver\remote\webdriver.py", line 321, in execute

    self.error_handler.check_response(response)

  File "C:\Python27\lib\site-packages\appium\webdriver\errorhandler.py", line 29, in check_response

    raise wde

NoSuchElementException: Message: An element could not be located on the page using the given search parameters.





consumed time: 19.3260002136 s

jacoco time: 5.00299978256 s

covered targets are: []
uncovered targets are: [795-1456]
target: 795-1456 uncovered, added to then retrial list!
interestcase 0_10_5_024 end

index.11,  interestcase 3_009 start:
tagetlogs are:[795-1456]
current preference, name:prefEnableAutoDl, value:0
current preference, name:prefEpisodeCleanup, value:When not in queue
current preference, name:prefImageCacheSize, value:20 MiB
current preference, name:prefDrawerFeedIndicator, value:Number of unplayed episodes
current preference, name:prefBackButtonBehavior, value:Double tap to exit
cmd:[python, C:\Users\yifeiLu\Documents\TestingProjectHome\antennapod\testcase\interestcases\testcase0_11_3_009.py]

OK

consumed time: 58.3229999542 s

jacoco time: 5.00300002098 s

FAIL

str(e):		Message: An element could not be located on the page using the given search parameters.



repr(e):	NoSuchElementException()

Traceback (most recent call last):

  File "C:\Users\yifeiLu\Documents\TestingProjectHome\antennapod\testcase\interestcases\testcase0_11_3_009.py", line 282, in <module>

    element = getElememtBack(driver, "new UiSelector().text(\"60 seconds\")", "new UiSelector().className(\"android.widget.CheckedTextView\").instance(6)")

  File "C:\Users\yifeiLu\Documents\TestingProjectHome\antennapod\testcase\interestcases\testcase0_11_3_009.py", line 53, in getElememtBack

    element = driver.find_element_by_android_uiautomator(str2)

  File "C:\Python27\lib\site-packages\appium\webdriver\webdriver.py", line 327, in find_element_by_android_uiautomator

    return self.find_element(by=By.ANDROID_UIAUTOMATOR, value=uia_string)

  File "C:\Python27\lib\site-packages\appium\webdriver\webdriver.py", line 219, in find_element

    'value': value})['value']

  File "C:\Python27\lib\site-packages\selenium\webdriver\remote\webdriver.py", line 321, in execute

    self.error_handler.check_response(response)

  File "C:\Python27\lib\site-packages\appium\webdriver\errorhandler.py", line 29, in check_response

    raise wde

NoSuchElementException: Message: An element could not be located on the page using the given search parameters.





consumed time: 35.4309999943 s

jacoco time: 5.00300002098 s

covered targets are: []
uncovered targets are: [795-1456]
loclog: 795-1456 uncovered after retrial, deleted!
interestcase 0_11_3_009 end

index.12,  interestcase 3_009 start:
tagetlogs are:[795-1454]
current preference, name:prefEnableAutoDl, value:0
current preference, name:prefEpisodeCleanup, value:When not in queue
current preference, name:prefImageCacheSize, value:20 MiB
current preference, name:prefDrawerFeedIndicator, value:Number of unplayed episodes
current preference, name:prefBackButtonBehavior, value:Open navigation drawer
cmd:[python, C:\Users\yifeiLu\Documents\TestingProjectHome\antennapod\testcase\interestcases\testcase0_12_3_009.py]

OK

consumed time: 60.0989999771 s

jacoco time: 5.0039999485 s

FAIL

str(e):		Message: An element could not be located on the page using the given search parameters.



repr(e):	NoSuchElementException()

Traceback (most recent call last):

  File "C:\Users\yifeiLu\Documents\TestingProjectHome\antennapod\testcase\interestcases\testcase0_12_3_009.py", line 282, in <module>

    element = getElememtBack(driver, "new UiSelector().text(\"60 seconds\")", "new UiSelector().className(\"android.widget.CheckedTextView\").instance(6)")

  File "C:\Users\yifeiLu\Documents\TestingProjectHome\antennapod\testcase\interestcases\testcase0_12_3_009.py", line 53, in getElememtBack

    element = driver.find_element_by_android_uiautomator(str2)

  File "C:\Python27\lib\site-packages\appium\webdriver\webdriver.py", line 327, in find_element_by_android_uiautomator

    return self.find_element(by=By.ANDROID_UIAUTOMATOR, value=uia_string)

  File "C:\Python27\lib\site-packages\appium\webdriver\webdriver.py", line 219, in find_element

    'value': value})['value']

  File "C:\Python27\lib\site-packages\selenium\webdriver\remote\webdriver.py", line 321, in execute

    self.error_handler.check_response(response)

  File "C:\Python27\lib\site-packages\appium\webdriver\errorhandler.py", line 29, in check_response

    raise wde

NoSuchElementException: Message: An element could not be located on the page using the given search parameters.





consumed time: 22.771999836 s

jacoco time: 5.00300002098 s

covered targets are: []
uncovered targets are: [795-1454]
loclog: 795-1454 uncovered after retrial, deleted!
interestcase 0_12_3_009 end

index.13,  interestcase 3_009 start:
tagetlogs are:[796-1461]
current preference, name:prefEnableAutoDl, value:0
current preference, name:prefEpisodeCleanup, value:When not in queue
current preference, name:prefImageCacheSize, value:20 MiB
current preference, name:prefDrawerFeedIndicator, value:Number of unplayed episodes
current preference, name:prefBackButtonBehavior, value:Default
cmd:[python, C:\Users\yifeiLu\Documents\TestingProjectHome\antennapod\testcase\interestcases\testcase0_13_3_009.py]

OK

consumed time: 56.879999876 s

jacoco time: 5.00500011444 s

FAIL

str(e):		Message: An element could not be located on the page using the given search parameters.



repr(e):	NoSuchElementException()

Traceback (most recent call last):

  File "C:\Users\yifeiLu\Documents\TestingProjectHome\antennapod\testcase\interestcases\testcase0_13_3_009.py", line 282, in <module>

    element = getElememtBack(driver, "new UiSelector().text(\"60 seconds\")", "new UiSelector().className(\"android.widget.CheckedTextView\").instance(6)")

  File "C:\Users\yifeiLu\Documents\TestingProjectHome\antennapod\testcase\interestcases\testcase0_13_3_009.py", line 53, in getElememtBack

    element = driver.find_element_by_android_uiautomator(str2)

  File "C:\Python27\lib\site-packages\appium\webdriver\webdriver.py", line 327, in find_element_by_android_uiautomator

    return self.find_element(by=By.ANDROID_UIAUTOMATOR, value=uia_string)

  File "C:\Python27\lib\site-packages\appium\webdriver\webdriver.py", line 219, in find_element

    'value': value})['value']

  File "C:\Python27\lib\site-packages\selenium\webdriver\remote\webdriver.py", line 321, in execute

    self.error_handler.check_response(response)

  File "C:\Python27\lib\site-packages\appium\webdriver\errorhandler.py", line 29, in check_response

    raise wde

NoSuchElementException: Message: An element could not be located on the page using the given search parameters.





consumed time: 26.117000103 s

jacoco time: 5.0039999485 s

covered targets are: []
uncovered targets are: [796-1461]
loclog: 796-1461 uncovered after retrial, deleted!
interestcase 0_13_3_009 end

index.14,  interestcase 1_022 start:
tagetlogs are:[902-1652]
current preference, name:prefAutoUpdateIntervall, value:1
current preference, name:prefDrawerFeedIndicator, value:Number of new episodes
cmd:[python, C:\Users\yifeiLu\Documents\TestingProjectHome\antennapod\testcase\interestcases\testcase0_14_1_022.py]

OK

consumed time: 24.7829999924 s

jacoco time: 5.00400018692 s

FAIL

str(e):		Message: An element could not be located on the page using the given search parameters.



repr(e):	NoSuchElementException()

Traceback (most recent call last):

  File "C:\Users\yifeiLu\Documents\TestingProjectHome\antennapod\testcase\interestcases\testcase0_14_1_022.py", line 273, in <module>

    element = getElememt(driver, "new UiSelector().resourceId(\"de.danoeh.antennapod:id/butPlaybackSpeed\").className(\"android.widget.Button\")")

  File "C:\Users\yifeiLu\Documents\TestingProjectHome\antennapod\testcase\interestcases\testcase0_14_1_022.py", line 34, in getElememt

    element = driver.find_element_by_android_uiautomator(str)

  File "C:\Python27\lib\site-packages\appium\webdriver\webdriver.py", line 327, in find_element_by_android_uiautomator

    return self.find_element(by=By.ANDROID_UIAUTOMATOR, value=uia_string)

  File "C:\Python27\lib\site-packages\appium\webdriver\webdriver.py", line 219, in find_element

    'value': value})['value']

  File "C:\Python27\lib\site-packages\selenium\webdriver\remote\webdriver.py", line 321, in execute

    self.error_handler.check_response(response)

  File "C:\Python27\lib\site-packages\appium\webdriver\errorhandler.py", line 29, in check_response

    raise wde

NoSuchElementException: Message: An element could not be located on the page using the given search parameters.





consumed time: 30.4720001221 s

jacoco time: 5.0039999485 s

covered targets are: []
uncovered targets are: [902-1652]
loclog: 902-1652 uncovered after retrial, deleted!
interestcase 0_14_1_022 end

index.15,  interestcase 2_019 start:
tagetlogs are:[7037-11721]
current preference, name:prefEnableAutoDl, value:1
current preference, name:prefEpisodeCleanup, value:When not in queue
current preference, name:prefEnableAutoDownloadOnMobile, value:0
current preference, name:prefMobileUpdate, value:0
current preference, name:prefShowDownloadReport, value:1
current preference, name:prefQueueAddToFront, value:1
current preference, name:prefImageCacheSize, value:20 MiB
current preference, name:prefDrawerFeedIndicator, value:Number of new episodes
cmd:[python, C:\Users\yifeiLu\Documents\TestingProjectHome\antennapod\testcase\interestcases\testcase0_15_2_019.py]

OK

consumed time: 68.8380000591 s

jacoco time: 5.0039999485 s

OK

consumed time: 44.9630000591 s

jacoco time: 5.00500011444 s

covered targets are: []
uncovered targets are: [7037-11721]
loclog: 7037-11721 uncovered after retrial, deleted!
interestcase 0_15_2_019 end

NO.0 Scene:
discovered in ineration NO. 1
origin branch is: 3232-5563 ,target branch is: 3232-5564
interests are:
prefEnableAutoDownloadWifiFilter      1    16     null
prefEnableAutoDl      1    11     null
discovered tags are : 0_1_2_019 0_11_3_009 0_15_2_019 0_2_2_019 
--------------------------------
NO.1 Scene:
discovered in ineration NO. 1
origin branch is: 795-1455 ,target branch is: 795-1456
interests are:
prefBackButtonBehavior      Double tap to exit    69     Behavior
discovered tags are : 0_8_3_009 
--------------------------------
NO.2 Scene:
discovered in ineration NO. 1
origin branch is: 797-1462 ,target branch is: 796-1461
interests are:
prefBackButtonBehavior      Default    69     Behavior
discovered tags are : 0_7_2_028 0_6_1_008 
--------------------------------
NO.3 Scene:
discovered in ineration NO. 1
origin branch is: 859-1584 ,target branch is: 859-1583
interests are:
prefExpandNotify      1    65     External elements
discovered tags are : 0_15_2_019 
--------------------------------
NO.4 Scene:
discovered in ineration NO. 1
origin branch is: 799-1466 ,target branch is: 796-1461
interests are:
prefBackButtonBehavior      Default    69     Behavior
discovered tags are : 0_8_3_009 
--------------------------------
NO.5 Scene:
discovered in ineration NO. 1
origin branch is: 795-1457 ,target branch is: 795-1456
interests are:
prefBackButtonBehavior      Double tap to exit    69     Behavior
discovered tags are : 0_7_2_028 0_6_1_008 
--------------------------------
NO.6 Scene:
discovered in ineration NO. 1
origin branch is: 795-1455 ,target branch is: 795-1454
interests are:
prefBackButtonBehavior      Open navigation drawer    69     Behavior
discovered tags are : 0_8_3_009 
--------------------------------
NO.7 Scene:
discovered in ineration NO. 1
origin branch is: 6576-11063 ,target branch is: 6576-11062
interests are:
prefEpisodeCacheSize      Unlimited    12     null
prefEnableAutoDl      1    11     null
discovered tags are : 0_1_2_019 0_4_5_011 0_2_2_019 0_5_5_011 0_6_1_008 0_3_6_000 
--------------------------------
NO.8 Scene:
discovered in ineration NO. 1
origin branch is: 795-1457 ,target branch is: 795-1454
interests are:
prefBackButtonBehavior      Open navigation drawer    69     Behavior
discovered tags are : 0_7_2_028 0_6_1_008 
--------------------------------
NO.9 Scene:
discovered in ineration NO. 1
origin branch is: 834-1540 ,target branch is: 834-1541
interests are:
prefEpisodeCleanup      When not in queue    13     null
discovered tags are : 0_13_3_009 0_15_2_019 0_2_2_019 0_5_5_011 0_12_3_009 0_3_6_000 0_8_3_009 0_1_2_019 0_11_3_009 0_9_1_015 0_10_5_024 0_7_2_028 0_4_5_011 0_14_1_022 0_6_1_008 
--------------------------------
NO.10 Scene:
discovered in ineration NO. 1
origin branch is: 4488-7572 ,target branch is: 4488-7571
interests are:
prefMediaPlayer      ExoPlayer    51     Media player
discovered tags are : 0_15_2_019 
--------------------------------
NO.11 Scene:
discovered in ineration NO. 1
origin branch is: 6577-11064 ,target branch is: 6577-11065
interests are:
prefEpisodeCacheSize      Unlimited    12     null
prefEnableAutoDl      1    11     null
discovered tags are : 0_1_2_019 0_4_5_011 0_2_2_019 0_5_5_011 0_6_1_008 0_3_6_000 
--------------------------------
index.1,  interestcase 0_8_3_009 start:
tagetlogs are:[796-1461]
current preference, name:prefBackButtonBehavior, value:Default
cmd:[python, C:\Users\yifeiLu\Documents\TestingProjectHome\antennapod\testcase\interestcases\testcase1_1_0_8_3_009.py]

OK

consumed time: 22.8710000515 s

jacoco time: 5.00299978256 s

FAIL

str(e):		Message: An element could not be located on the page using the given search parameters.



repr(e):	NoSuchElementException()

Traceback (most recent call last):

  File "C:\Users\yifeiLu\Documents\TestingProjectHome\antennapod\testcase\interestcases\testcase1_1_0_8_3_009.py", line 259, in <module>

    element = getElememtBack(driver, "new UiSelector().text(\"Playback History\")", "new UiSelector().className(\"android.widget.TextView\").instance(11)")

  File "C:\Users\yifeiLu\Documents\TestingProjectHome\antennapod\testcase\interestcases\testcase1_1_0_8_3_009.py", line 53, in getElememtBack

    element = driver.find_element_by_android_uiautomator(str2)

  File "C:\Python27\lib\site-packages\appium\webdriver\webdriver.py", line 327, in find_element_by_android_uiautomator

    return self.find_element(by=By.ANDROID_UIAUTOMATOR, value=uia_string)

  File "C:\Python27\lib\site-packages\appium\webdriver\webdriver.py", line 219, in find_element

    'value': value})['value']

  File "C:\Python27\lib\site-packages\selenium\webdriver\remote\webdriver.py", line 321, in execute

    self.error_handler.check_response(response)

  File "C:\Python27\lib\site-packages\appium\webdriver\errorhandler.py", line 29, in check_response

    raise wde

NoSuchElementException: Message: An element could not be located on the page using the given search parameters.





consumed time: 21.5620000362 s

jacoco time: 5.0039999485 s

covered targets are: []
uncovered targets are: [796-1461]
loclog: 796-1461 uncovered after retrial, deleted!
interestcase 1_1_0_8_3_009 end

index.2,  interestcase 0_2_2_019 start:
tagetlogs are:[3232-5564]
current preference, name:prefEnableAutoDl, value:1
current preference, name:prefEnableAutoDownloadOnMobile, value:1
current preference, name:prefEnableAutoDownloadWifiFilter, value:1
current preference, name:prefAutoUpdateIntervall, value:1
current preference, name:prefMobileUpdate, value:1
current preference, name:prefQueueAddToFront, value:1
current preference, name:prefTheme, value:Dark
current preference, name:prefDrawerFeedIndicator, value:Number of downloaded episodes
cmd:[python, C:\Users\yifeiLu\Documents\TestingProjectHome\antennapod\testcase\interestcases\testcase1_2_0_2_2_019.py]

OK

consumed time: 64.0859999657 s

jacoco time: 5.00499987602 s

FAIL

str(e):		Message: An element could not be located on the page using the given search parameters.



repr(e):	NoSuchElementException()

Traceback (most recent call last):

  File "C:\Users\yifeiLu\Documents\TestingProjectHome\antennapod\testcase\interestcases\testcase1_2_0_2_2_019.py", line 297, in <module>

    element = getElememt(driver, "new UiSelector().resourceId(\"de.danoeh.antennapod:id/butSecondaryAction\").className(\"android.widget.ImageButton\")")

  File "C:\Users\yifeiLu\Documents\TestingProjectHome\antennapod\testcase\interestcases\testcase1_2_0_2_2_019.py", line 34, in getElememt

    element = driver.find_element_by_android_uiautomator(str)

  File "C:\Python27\lib\site-packages\appium\webdriver\webdriver.py", line 327, in find_element_by_android_uiautomator

    return self.find_element(by=By.ANDROID_UIAUTOMATOR, value=uia_string)

  File "C:\Python27\lib\site-packages\appium\webdriver\webdriver.py", line 219, in find_element

    'value': value})['value']

  File "C:\Python27\lib\site-packages\selenium\webdriver\remote\webdriver.py", line 321, in execute

    self.error_handler.check_response(response)

  File "C:\Python27\lib\site-packages\appium\webdriver\errorhandler.py", line 29, in check_response

    raise wde

NoSuchElementException: Message: An element could not be located on the page using the given search parameters.





consumed time: 31.3840000629 s

jacoco time: 5.00300002098 s

covered targets are: []
uncovered targets are: [3232-5564]
loclog: 3232-5564 uncovered after retrial, deleted!
interestcase 1_2_0_2_2_019 end

index.3,  interestcase 0_6_1_008 start:
tagetlogs are:[795-1456]
current preference, name:prefAutoUpdateIntervall, value:1
current preference, name:prefBackButtonBehavior, value:Double tap to exit
cmd:[python, C:\Users\yifeiLu\Documents\TestingProjectHome\antennapod\testcase\interestcases\testcase1_3_0_6_1_008.py]

OK

consumed time: 28.1589999199 s

jacoco time: 5.0039999485 s

FAIL

str(e):		Message: An element could not be located on the page using the given search parameters.



repr(e):	NoSuchElementException()

Traceback (most recent call last):

  File "C:\Users\yifeiLu\Documents\TestingProjectHome\antennapod\testcase\interestcases\testcase1_3_0_6_1_008.py", line 266, in <module>

    element = getElememtBack(driver, "new UiSelector().text(\"5 seconds\")", "new UiSelector().className(\"android.widget.CheckedTextView\")")

  File "C:\Users\yifeiLu\Documents\TestingProjectHome\antennapod\testcase\interestcases\testcase1_3_0_6_1_008.py", line 53, in getElememtBack

    element = driver.find_element_by_android_uiautomator(str2)

  File "C:\Python27\lib\site-packages\appium\webdriver\webdriver.py", line 327, in find_element_by_android_uiautomator

    return self.find_element(by=By.ANDROID_UIAUTOMATOR, value=uia_string)

  File "C:\Python27\lib\site-packages\appium\webdriver\webdriver.py", line 219, in find_element

    'value': value})['value']

  File "C:\Python27\lib\site-packages\selenium\webdriver\remote\webdriver.py", line 321, in execute

    self.error_handler.check_response(response)

  File "C:\Python27\lib\site-packages\appium\webdriver\errorhandler.py", line 29, in check_response

    raise wde

NoSuchElementException: Message: An element could not be located on the page using the given search parameters.





consumed time: 26.2269999981 s

jacoco time: 5.00300002098 s

covered targets are: []
uncovered targets are: [795-1456]
loclog: 795-1456 uncovered after retrial, deleted!
interestcase 1_3_0_6_1_008 end

index.4,  interestcase 0_2_2_019 start:
tagetlogs are:[834-1541]
current preference, name:prefEnableAutoDl, value:1
current preference, name:prefEpisodeCleanup, value:When not in queue
current preference, name:prefEnableAutoDownloadOnMobile, value:1
current preference, name:prefAutoUpdateIntervall, value:1
current preference, name:prefMobileUpdate, value:1
current preference, name:prefQueueAddToFront, value:1
current preference, name:prefTheme, value:Dark
current preference, name:prefDrawerFeedIndicator, value:Number of downloaded episodes
cmd:[python, C:\Users\yifeiLu\Documents\TestingProjectHome\antennapod\testcase\interestcases\testcase1_4_0_2_2_019.py]

OK

consumed time: 69.8890001774 s

jacoco time: 5.0039999485 s

OK

consumed time: 48.7430000305 s

jacoco time: 5.0039999485 s

covered targets are: []
uncovered targets are: [834-1541]
loclog: 834-1541 uncovered after retrial, deleted!
interestcase 1_4_0_2_2_019 end

index.5,  interestcase 0_6_1_008 start:
tagetlogs are:[795-1454]
current preference, name:prefAutoUpdateIntervall, value:1
current preference, name:prefBackButtonBehavior, value:Open navigation drawer
cmd:[python, C:\Users\yifeiLu\Documents\TestingProjectHome\antennapod\testcase\interestcases\testcase1_5_0_6_1_008.py]

OK

consumed time: 31.5400002003 s

jacoco time: 5.00499987602 s

FAIL

str(e):		Message: An element could not be located on the page using the given search parameters.



repr(e):	NoSuchElementException()

Traceback (most recent call last):

  File "C:\Users\yifeiLu\Documents\TestingProjectHome\antennapod\testcase\interestcases\testcase1_5_0_6_1_008.py", line 264, in <module>

    element = getElememtBack(driver, "new UiSelector().text(\"Playback History\")", "new UiSelector().className(\"android.widget.TextView\").instance(11)")

  File "C:\Users\yifeiLu\Documents\TestingProjectHome\antennapod\testcase\interestcases\testcase1_5_0_6_1_008.py", line 53, in getElememtBack

    element = driver.find_element_by_android_uiautomator(str2)

  File "C:\Python27\lib\site-packages\appium\webdriver\webdriver.py", line 327, in find_element_by_android_uiautomator

    return self.find_element(by=By.ANDROID_UIAUTOMATOR, value=uia_string)

  File "C:\Python27\lib\site-packages\appium\webdriver\webdriver.py", line 219, in find_element

    'value': value})['value']

  File "C:\Python27\lib\site-packages\selenium\webdriver\remote\webdriver.py", line 321, in execute

    self.error_handler.check_response(response)

  File "C:\Python27\lib\site-packages\appium\webdriver\errorhandler.py", line 29, in check_response

    raise wde

NoSuchElementException: Message: An element could not be located on the page using the given search parameters.





consumed time: 24.4830000401 s

jacoco time: 5.0039999485 s

covered targets are: []
uncovered targets are: [795-1454]
loclog: 795-1454 uncovered after retrial, deleted!
interestcase 1_5_0_6_1_008 end

index.6,  interestcase 0_15_2_019 start:
tagetlogs are:[4488-7571]
current preference, name:prefEnableAutoDl, value:1
current preference, name:prefEpisodeCleanup, value:When not in queue
current preference, name:prefEnableAutoDownloadOnMobile, value:0
current preference, name:prefMobileUpdate, value:0
current preference, name:prefShowDownloadReport, value:1
current preference, name:prefQueueAddToFront, value:1
current preference, name:prefMediaPlayer, value:ExoPlayer
current preference, name:prefImageCacheSize, value:20 MiB
current preference, name:prefDrawerFeedIndicator, value:Number of new episodes
cmd:[python, C:\Users\yifeiLu\Documents\TestingProjectHome\antennapod\testcase\interestcases\testcase1_6_0_15_2_019.py]

OK

consumed time: 84.4849998951 s

jacoco time: 5.00500011444 s

FAIL

str(e):		Message: An element could not be located on the page using the given search parameters.



repr(e):	NoSuchElementException()

Traceback (most recent call last):

  File "C:\Users\yifeiLu\Documents\TestingProjectHome\antennapod\testcase\interestcases\testcase1_6_0_15_2_019.py", line 304, in <module>

    element = getElememt(driver, "new UiSelector().resourceId(\"de.danoeh.antennapod:id/butSecondaryAction\").className(\"android.widget.ImageButton\")")

  File "C:\Users\yifeiLu\Documents\TestingProjectHome\antennapod\testcase\interestcases\testcase1_6_0_15_2_019.py", line 34, in getElememt

    element = driver.find_element_by_android_uiautomator(str)

  File "C:\Python27\lib\site-packages\appium\webdriver\webdriver.py", line 327, in find_element_by_android_uiautomator

    return self.find_element(by=By.ANDROID_UIAUTOMATOR, value=uia_string)

  File "C:\Python27\lib\site-packages\appium\webdriver\webdriver.py", line 219, in find_element

    'value': value})['value']

  File "C:\Python27\lib\site-packages\selenium\webdriver\remote\webdriver.py", line 321, in execute

    self.error_handler.check_response(response)

  File "C:\Python27\lib\site-packages\appium\webdriver\errorhandler.py", line 29, in check_response

    raise wde

NoSuchElementException: Message: An element could not be located on the page using the given search parameters.





consumed time: 32.3159999847 s

jacoco time: 5.00300002098 s

covered targets are: []
uncovered targets are: [4488-7571]
loclog: 4488-7571 uncovered after retrial, deleted!
interestcase 1_6_0_15_2_019 end

index.7,  interestcase 0_2_2_019 start:
tagetlogs are:[6577-11065]
current preference, name:prefEnableAutoDl, value:1
current preference, name:prefEpisodeCacheSize, value:Unlimited
current preference, name:prefEnableAutoDownloadOnMobile, value:1
current preference, name:prefAutoUpdateIntervall, value:1
current preference, name:prefMobileUpdate, value:1
current preference, name:prefQueueAddToFront, value:1
current preference, name:prefTheme, value:Dark
current preference, name:prefDrawerFeedIndicator, value:Number of downloaded episodes
cmd:[python, C:\Users\yifeiLu\Documents\TestingProjectHome\antennapod\testcase\interestcases\testcase1_7_0_2_2_019.py]

OK

consumed time: 62.6920001507 s

jacoco time: 5.0039999485 s

OK

consumed time: 43.8480000496 s

jacoco time: 5.0039999485 s

covered targets are: []
uncovered targets are: [6577-11065]
loclog: 6577-11065 uncovered after retrial, deleted!
interestcase 1_7_0_2_2_019 end

index.8,  interestcase 0_15_2_019 start:
tagetlogs are:[859-1583]
current preference, name:prefEnableAutoDl, value:1
current preference, name:prefEpisodeCleanup, value:When not in queue
current preference, name:prefEnableAutoDownloadOnMobile, value:0
current preference, name:prefMobileUpdate, value:0
current preference, name:prefShowDownloadReport, value:1
current preference, name:prefQueueAddToFront, value:1
current preference, name:prefImageCacheSize, value:20 MiB
current preference, name:prefDrawerFeedIndicator, value:Number of new episodes
current preference, name:prefExpandNotify, value:1
cmd:[python, C:\Users\yifeiLu\Documents\TestingProjectHome\antennapod\testcase\interestcases\testcase1_8_0_15_2_019.py]

OK

consumed time: 69.0150001049 s

jacoco time: 5.0039999485 s

FAIL

str(e):		Message: An element could not be located on the page using the given search parameters.



repr(e):	NoSuchElementException()

Traceback (most recent call last):

  File "C:\Users\yifeiLu\Documents\TestingProjectHome\antennapod\testcase\interestcases\testcase1_8_0_15_2_019.py", line 304, in <module>

    element = getElememt(driver, "new UiSelector().resourceId(\"de.danoeh.antennapod:id/butSecondaryAction\").className(\"android.widget.ImageButton\")")

  File "C:\Users\yifeiLu\Documents\TestingProjectHome\antennapod\testcase\interestcases\testcase1_8_0_15_2_019.py", line 34, in getElememt

    element = driver.find_element_by_android_uiautomator(str)

  File "C:\Python27\lib\site-packages\appium\webdriver\webdriver.py", line 327, in find_element_by_android_uiautomator

    return self.find_element(by=By.ANDROID_UIAUTOMATOR, value=uia_string)

  File "C:\Python27\lib\site-packages\appium\webdriver\webdriver.py", line 219, in find_element

    'value': value})['value']

  File "C:\Python27\lib\site-packages\selenium\webdriver\remote\webdriver.py", line 321, in execute

    self.error_handler.check_response(response)

  File "C:\Python27\lib\site-packages\appium\webdriver\errorhandler.py", line 29, in check_response

    raise wde

NoSuchElementException: Message: An element could not be located on the page using the given search parameters.





consumed time: 29.256000042 s

jacoco time: 5.00300002098 s

covered targets are: []
uncovered targets are: [859-1583]
loclog: 859-1583 uncovered after retrial, deleted!
interestcase 1_8_0_15_2_019 end

index.9,  interestcase 0_2_2_019 start:
tagetlogs are:[6576-11062]
current preference, name:prefEnableAutoDl, value:1
current preference, name:prefEpisodeCacheSize, value:Unlimited
current preference, name:prefEnableAutoDownloadOnMobile, value:1
current preference, name:prefAutoUpdateIntervall, value:1
current preference, name:prefMobileUpdate, value:1
current preference, name:prefQueueAddToFront, value:1
current preference, name:prefTheme, value:Dark
current preference, name:prefDrawerFeedIndicator, value:Number of downloaded episodes
cmd:[python, C:\Users\yifeiLu\Documents\TestingProjectHome\antennapod\testcase\interestcases\testcase1_9_0_2_2_019.py]

OK

consumed time: 65.9559998512 s

jacoco time: 5.0039999485 s

FAIL

str(e):		Message: An element could not be located on the page using the given search parameters.



repr(e):	NoSuchElementException()

Traceback (most recent call last):

  File "C:\Users\yifeiLu\Documents\TestingProjectHome\antennapod\testcase\interestcases\testcase1_9_0_2_2_019.py", line 301, in <module>

    element = getElememt(driver, "new UiSelector().resourceId(\"de.danoeh.antennapod:id/refresh_item\").className(\"android.widget.TextView\")")

  File "C:\Users\yifeiLu\Documents\TestingProjectHome\antennapod\testcase\interestcases\testcase1_9_0_2_2_019.py", line 34, in getElememt

    element = driver.find_element_by_android_uiautomator(str)

  File "C:\Python27\lib\site-packages\appium\webdriver\webdriver.py", line 327, in find_element_by_android_uiautomator

    return self.find_element(by=By.ANDROID_UIAUTOMATOR, value=uia_string)

  File "C:\Python27\lib\site-packages\appium\webdriver\webdriver.py", line 219, in find_element

    'value': value})['value']

  File "C:\Python27\lib\site-packages\selenium\webdriver\remote\webdriver.py", line 321, in execute

    self.error_handler.check_response(response)

  File "C:\Python27\lib\site-packages\appium\webdriver\errorhandler.py", line 29, in check_response

    raise wde

NoSuchElementException: Message: An element could not be located on the page using the given search parameters.





consumed time: 31.3759999275 s

jacoco time: 5.0070002079 s

covered targets are: []
uncovered targets are: [6576-11062]
loclog: 6576-11062 uncovered after retrial, deleted!
interestcase 1_9_0_2_2_019 end

NO.0 Scene:
discovered in ineration NO. 2
origin branch is: 2340-4160 ,target branch is: 2341-4161
interests are:
prefMediaPlayer      Built-in Android player    51     Media player
discovered tags are : 1_8_0_15_2_019 1_2_0_2_2_019 1_6_0_15_2_019 
--------------------------------
NO.1 Scene:
discovered in ineration NO. 2
origin branch is: 8315-13931 ,target branch is: 8315-13932
interests are:
prefLockscreenBackground      0    68     External elements
discovered tags are : 1_7_0_2_2_019 1_9_0_2_2_019 1_4_0_2_2_019 
--------------------------------
index.1,  interestcase 1_2_0_2_2_019 start:
tagetlogs are:[2341-4161]
current preference, name:prefEnableAutoDl, value:1
current preference, name:prefEnableAutoDownloadOnMobile, value:1
current preference, name:prefEnableAutoDownloadWifiFilter, value:1
current preference, name:prefAutoUpdateIntervall, value:1
current preference, name:prefMobileUpdate, value:1
current preference, name:prefQueueAddToFront, value:1
current preference, name:prefMediaPlayer, value:Built-in Android player
current preference, name:prefTheme, value:Dark
current preference, name:prefDrawerFeedIndicator, value:Number of downloaded episodes
cmd:[python, C:\Users\yifeiLu\Documents\TestingProjectHome\antennapod\testcase\interestcases\testcase2_1_1_2_0_2_2_019.py]

OK

consumed time: 90.4029998779 s

jacoco time: 5.00300002098 s

FAIL

str(e):		Message: An element could not be located on the page using the given search parameters.



repr(e):	NoSuchElementException()

Traceback (most recent call last):

  File "C:\Users\yifeiLu\Documents\TestingProjectHome\antennapod\testcase\interestcases\testcase2_1_1_2_0_2_2_019.py", line 300, in <module>

    element = getElememt(driver, "new UiSelector().resourceId(\"de.danoeh.antennapod:id/butSecondaryAction\").className(\"android.widget.ImageButton\")")

  File "C:\Users\yifeiLu\Documents\TestingProjectHome\antennapod\testcase\interestcases\testcase2_1_1_2_0_2_2_019.py", line 34, in getElememt

    element = driver.find_element_by_android_uiautomator(str)

  File "C:\Python27\lib\site-packages\appium\webdriver\webdriver.py", line 327, in find_element_by_android_uiautomator

    return self.find_element(by=By.ANDROID_UIAUTOMATOR, value=uia_string)

  File "C:\Python27\lib\site-packages\appium\webdriver\webdriver.py", line 219, in find_element

    'value': value})['value']

  File "C:\Python27\lib\site-packages\selenium\webdriver\remote\webdriver.py", line 321, in execute

    self.error_handler.check_response(response)

  File "C:\Python27\lib\site-packages\appium\webdriver\errorhandler.py", line 29, in check_response

    raise wde

NoSuchElementException: Message: An element could not be located on the page using the given search parameters.





consumed time: 29.4820001125 s

jacoco time: 5.00300002098 s

covered targets are: []
uncovered targets are: [2341-4161]
loclog: 2341-4161 uncovered after retrial, deleted!
interestcase 2_1_1_2_0_2_2_019 end

index.2,  interestcase 1_4_0_2_2_019 start:
tagetlogs are:[8315-13932]
current preference, name:prefEnableAutoDl, value:1
current preference, name:prefEpisodeCleanup, value:When not in queue
current preference, name:prefEnableAutoDownloadOnMobile, value:1
current preference, name:prefAutoUpdateIntervall, value:1
current preference, name:prefMobileUpdate, value:1
current preference, name:prefQueueAddToFront, value:1
current preference, name:prefTheme, value:Dark
current preference, name:prefDrawerFeedIndicator, value:Number of downloaded episodes
current preference, name:prefLockscreenBackground, value:0
cmd:[python, C:\Users\yifeiLu\Documents\TestingProjectHome\antennapod\testcase\interestcases\testcase2_2_1_4_0_2_2_019.py]

OK

consumed time: 77.1730000973 s

jacoco time: 5.0039999485 s

OK

consumed time: 43.5279998779 s

jacoco time: 5.00300002098 s

covered targets are: []
uncovered targets are: [8315-13932]
loclog: 8315-13932 uncovered after retrial, deleted!
interestcase 2_2_1_4_0_2_2_019 end

