firsttestcase 1_000 start:
cmd:[python, C:\Users\yifeiLu\Documents\TestingProjectHome\calenderNotification\testcase\firstcases\testcase1_000.py]

OK

consumed time: 32.4820001125 s

jacoco time: 5.00300002098 s

firsttestcase 1_000 end

firsttestcase 1_001 start:
cmd:[python, C:\Users\yifeiLu\Documents\TestingProjectHome\calenderNotification\testcase\firstcases\testcase1_001.py]

OK

consumed time: 59.5270001888 s

jacoco time: 5.0039999485 s

firsttestcase 1_001 end

firsttestcase 1_002 start:
cmd:[python, C:\Users\yifeiLu\Documents\TestingProjectHome\calenderNotification\testcase\firstcases\testcase1_002.py]

OK

consumed time: 25.8960001469 s

jacoco time: 5.0039999485 s

firsttestcase 1_002 end

firsttestcase 1_003 start:
cmd:[python, C:\Users\yifeiLu\Documents\TestingProjectHome\calenderNotification\testcase\firstcases\testcase1_003.py]

OK

consumed time: 15.9379999638 s

jacoco time: 5.00300002098 s

firsttestcase 1_003 end

firsttestcase 1_004 start:
cmd:[python, C:\Users\yifeiLu\Documents\TestingProjectHome\calenderNotification\testcase\firstcases\testcase1_004.py]

OK

consumed time: 66.6080000401 s

jacoco time: 5.0039999485 s

firsttestcase 1_004 end

firsttestcase 1_005 start:
cmd:[python, C:\Users\yifeiLu\Documents\TestingProjectHome\calenderNotification\testcase\firstcases\testcase1_005.py]

FAIL

str(e):		Message: An element could not be located on the page using the given search parameters.



repr(e):	NoSuchElementException()

Traceback (most recent call last):

  File "C:\Users\yifeiLu\Documents\TestingProjectHome\calenderNotification\testcase\firstcases\testcase1_005.py", line 204, in <module>

    element = getElememtBack(driver, "new UiSelector().text(\"Next\")", "new UiSelector().className(\"android.widget.Button\").instance(7)")

  File "C:\Users\yifeiLu\Documents\TestingProjectHome\calenderNotification\testcase\firstcases\testcase1_005.py", line 53, in getElememtBack

    element = driver.find_element_by_android_uiautomator(str2)

  File "C:\Python27\lib\site-packages\appium\webdriver\webdriver.py", line 327, in find_element_by_android_uiautomator

    return self.find_element(by=By.ANDROID_UIAUTOMATOR, value=uia_string)

  File "C:\Python27\lib\site-packages\appium\webdriver\webdriver.py", line 219, in find_element

    'value': value})['value']

  File "C:\Python27\lib\site-packages\selenium\webdriver\remote\webdriver.py", line 321, in execute

    self.error_handler.check_response(response)

  File "C:\Python27\lib\site-packages\appium\webdriver\errorhandler.py", line 29, in check_response

    raise wde

NoSuchElementException: Message: An element could not be located on the page using the given search parameters.





consumed time: 20.0750000477 s

jacoco time: 5.0039999485 s

firsttestcase 1_005 end

firsttestcase 1_006 start:
cmd:[python, C:\Users\yifeiLu\Documents\TestingProjectHome\calenderNotification\testcase\firstcases\testcase1_006.py]

OK

consumed time: 19.8740000725 s

jacoco time: 5.00300002098 s

firsttestcase 1_006 end

firsttestcase 1_007 start:
cmd:[python, C:\Users\yifeiLu\Documents\TestingProjectHome\calenderNotification\testcase\firstcases\testcase1_007.py]

FAIL

str(e):		Message: An element could not be located on the page using the given search parameters.



repr(e):	NoSuchElementException()

Traceback (most recent call last):

  File "C:\Users\yifeiLu\Documents\TestingProjectHome\calenderNotification\testcase\firstcases\testcase1_007.py", line 206, in <module>

    element = getElememtBack(driver, "new UiSelector().text(\"For a custom period\")", "new UiSelector().className(\"android.widget.TextView\").instance(15)")

  File "C:\Users\yifeiLu\Documents\TestingProjectHome\calenderNotification\testcase\firstcases\testcase1_007.py", line 53, in getElememtBack

    element = driver.find_element_by_android_uiautomator(str2)

  File "C:\Python27\lib\site-packages\appium\webdriver\webdriver.py", line 327, in find_element_by_android_uiautomator

    return self.find_element(by=By.ANDROID_UIAUTOMATOR, value=uia_string)

  File "C:\Python27\lib\site-packages\appium\webdriver\webdriver.py", line 219, in find_element

    'value': value})['value']

  File "C:\Python27\lib\site-packages\selenium\webdriver\remote\webdriver.py", line 321, in execute

    self.error_handler.check_response(response)

  File "C:\Python27\lib\site-packages\appium\webdriver\errorhandler.py", line 29, in check_response

    raise wde

NoSuchElementException: Message: An element could not be located on the page using the given search parameters.





consumed time: 24.1059999466 s

jacoco time: 5.00300002098 s

firsttestcase 1_007 end

firsttestcase 1_008 start:
cmd:[python, C:\Users\yifeiLu\Documents\TestingProjectHome\calenderNotification\testcase\firstcases\testcase1_008.py]

OK

consumed time: 48.7230000496 s

jacoco time: 5.0039999485 s

firsttestcase 1_008 end

firsttestcase 1_009 start:
cmd:[python, C:\Users\yifeiLu\Documents\TestingProjectHome\calenderNotification\testcase\firstcases\testcase1_009.py]

FAIL

str(e):		Message: An element could not be located on the page using the given search parameters.



repr(e):	NoSuchElementException()

Traceback (most recent call last):

  File "C:\Users\yifeiLu\Documents\TestingProjectHome\calenderNotification\testcase\firstcases\testcase1_009.py", line 225, in <module>

    element = getElememtBack(driver, "new UiSelector().text(\"Feb\")", "new UiSelector().className(\"android.widget.Button\").instance(1)")

  File "C:\Users\yifeiLu\Documents\TestingProjectHome\calenderNotification\testcase\firstcases\testcase1_009.py", line 53, in getElememtBack

    element = driver.find_element_by_android_uiautomator(str2)

  File "C:\Python27\lib\site-packages\appium\webdriver\webdriver.py", line 327, in find_element_by_android_uiautomator

    return self.find_element(by=By.ANDROID_UIAUTOMATOR, value=uia_string)

  File "C:\Python27\lib\site-packages\appium\webdriver\webdriver.py", line 219, in find_element

    'value': value})['value']

  File "C:\Python27\lib\site-packages\selenium\webdriver\remote\webdriver.py", line 321, in execute

    self.error_handler.check_response(response)

  File "C:\Python27\lib\site-packages\appium\webdriver\errorhandler.py", line 29, in check_response

    raise wde

NoSuchElementException: Message: An element could not be located on the page using the given search parameters.





consumed time: 34.7540001869 s

jacoco time: 5.00299978256 s

firsttestcase 1_009 end

firsttestcase 1_010 start:
cmd:[python, C:\Users\yifeiLu\Documents\TestingProjectHome\calenderNotification\testcase\firstcases\testcase1_010.py]

OK

consumed time: 60.7460000515 s

jacoco time: 5.00300002098 s

firsttestcase 1_010 end

firsttestcase 1_011 start:
cmd:[python, C:\Users\yifeiLu\Documents\TestingProjectHome\calenderNotification\testcase\firstcases\testcase1_011.py]

FAIL

str(e):		Message: An element could not be located on the page using the given search parameters.



repr(e):	NoSuchElementException()

Traceback (most recent call last):

  File "C:\Users\yifeiLu\Documents\TestingProjectHome\calenderNotification\testcase\firstcases\testcase1_011.py", line 204, in <module>

    element = getElememtBack(driver, "new UiSelector().text(\"2019\")", "new UiSelector().className(\"android.widget.Button\").instance(4)")

  File "C:\Users\yifeiLu\Documents\TestingProjectHome\calenderNotification\testcase\firstcases\testcase1_011.py", line 53, in getElememtBack

    element = driver.find_element_by_android_uiautomator(str2)

  File "C:\Python27\lib\site-packages\appium\webdriver\webdriver.py", line 327, in find_element_by_android_uiautomator

    return self.find_element(by=By.ANDROID_UIAUTOMATOR, value=uia_string)

  File "C:\Python27\lib\site-packages\appium\webdriver\webdriver.py", line 219, in find_element

    'value': value})['value']

  File "C:\Python27\lib\site-packages\selenium\webdriver\remote\webdriver.py", line 321, in execute

    self.error_handler.check_response(response)

  File "C:\Python27\lib\site-packages\appium\webdriver\errorhandler.py", line 29, in check_response

    raise wde

NoSuchElementException: Message: An element could not be located on the page using the given search parameters.





consumed time: 19.6150000095 s

jacoco time: 5.00300002098 s

firsttestcase 1_011 end

firsttestcase 1_012 start:
cmd:[python, C:\Users\yifeiLu\Documents\TestingProjectHome\calenderNotification\testcase\firstcases\testcase1_012.py]

FAIL

str(e):		Message: An element could not be located on the page using the given search parameters.



repr(e):	NoSuchElementException()

Traceback (most recent call last):

  File "C:\Users\yifeiLu\Documents\TestingProjectHome\calenderNotification\testcase\firstcases\testcase1_012.py", line 204, in <module>

    element = getElememtBack(driver, "new UiSelector().text(\"2018\")", "new UiSelector().className(\"android.widget.Button\").instance(4)")

  File "C:\Users\yifeiLu\Documents\TestingProjectHome\calenderNotification\testcase\firstcases\testcase1_012.py", line 53, in getElememtBack

    element = driver.find_element_by_android_uiautomator(str2)

  File "C:\Python27\lib\site-packages\appium\webdriver\webdriver.py", line 327, in find_element_by_android_uiautomator

    return self.find_element(by=By.ANDROID_UIAUTOMATOR, value=uia_string)

  File "C:\Python27\lib\site-packages\appium\webdriver\webdriver.py", line 219, in find_element

    'value': value})['value']

  File "C:\Python27\lib\site-packages\selenium\webdriver\remote\webdriver.py", line 321, in execute

    self.error_handler.check_response(response)

  File "C:\Python27\lib\site-packages\appium\webdriver\errorhandler.py", line 29, in check_response

    raise wde

NoSuchElementException: Message: An element could not be located on the page using the given search parameters.





consumed time: 20.118999958 s

jacoco time: 5.00400018692 s

firsttestcase 1_012 end

firsttestcase 1_013 start:
cmd:[python, C:\Users\yifeiLu\Documents\TestingProjectHome\calenderNotification\testcase\firstcases\testcase1_013.py]

FAIL

str(e):		Message: An element could not be located on the page using the given search parameters.



repr(e):	NoSuchElementException()

Traceback (most recent call last):

  File "C:\Users\yifeiLu\Documents\TestingProjectHome\calenderNotification\testcase\firstcases\testcase1_013.py", line 231, in <module>

    element = getElememtBack(driver, "new UiSelector().text(\"16\")", "new UiSelector().className(\"android.widget.Button\")")

  File "C:\Users\yifeiLu\Documents\TestingProjectHome\calenderNotification\testcase\firstcases\testcase1_013.py", line 53, in getElememtBack

    element = driver.find_element_by_android_uiautomator(str2)

  File "C:\Python27\lib\site-packages\appium\webdriver\webdriver.py", line 327, in find_element_by_android_uiautomator

    return self.find_element(by=By.ANDROID_UIAUTOMATOR, value=uia_string)

  File "C:\Python27\lib\site-packages\appium\webdriver\webdriver.py", line 219, in find_element

    'value': value})['value']

  File "C:\Python27\lib\site-packages\selenium\webdriver\remote\webdriver.py", line 321, in execute

    self.error_handler.check_response(response)

  File "C:\Python27\lib\site-packages\appium\webdriver\errorhandler.py", line 29, in check_response

    raise wde

NoSuchElementException: Message: An element could not be located on the page using the given search parameters.





consumed time: 51.4849998951 s

jacoco time: 5.00300002098 s

firsttestcase 1_013 end

firsttestcase 1_014 start:
cmd:[python, C:\Users\yifeiLu\Documents\TestingProjectHome\calenderNotification\testcase\firstcases\testcase1_014.py]

FAIL

str(e):		Message: An element could not be located on the page using the given search parameters.



repr(e):	NoSuchElementException()

Traceback (most recent call last):

  File "C:\Users\yifeiLu\Documents\TestingProjectHome\calenderNotification\testcase\firstcases\testcase1_014.py", line 221, in <module>

    element = getElememt(driver, "new UiSelector().resourceId(\"com.github.quarck.calnotify:id/event_note\").className(\"android.widget.EditText\")")

  File "C:\Users\yifeiLu\Documents\TestingProjectHome\calenderNotification\testcase\firstcases\testcase1_014.py", line 34, in getElememt

    element = driver.find_element_by_android_uiautomator(str)

  File "C:\Python27\lib\site-packages\appium\webdriver\webdriver.py", line 327, in find_element_by_android_uiautomator

    return self.find_element(by=By.ANDROID_UIAUTOMATOR, value=uia_string)

  File "C:\Python27\lib\site-packages\appium\webdriver\webdriver.py", line 219, in find_element

    'value': value})['value']

  File "C:\Python27\lib\site-packages\selenium\webdriver\remote\webdriver.py", line 321, in execute

    self.error_handler.check_response(response)

  File "C:\Python27\lib\site-packages\appium\webdriver\errorhandler.py", line 29, in check_response

    raise wde

NoSuchElementException: Message: An element could not be located on the page using the given search parameters.





consumed time: 41.4500000477 s

jacoco time: 5.0039999485 s

firsttestcase 1_014 end

firsttestcase 1_015 start:
cmd:[python, C:\Users\yifeiLu\Documents\TestingProjectHome\calenderNotification\testcase\firstcases\testcase1_015.py]

FAIL

str(e):		Message: An element could not be located on the page using the given search parameters.



repr(e):	NoSuchElementException()

Traceback (most recent call last):

  File "C:\Users\yifeiLu\Documents\TestingProjectHome\calenderNotification\testcase\firstcases\testcase1_015.py", line 204, in <module>

    element = getElememtBack(driver, "new UiSelector().text(\"Nov\")", "new UiSelector().className(\"android.widget.Button\").instance(1)")

  File "C:\Users\yifeiLu\Documents\TestingProjectHome\calenderNotification\testcase\firstcases\testcase1_015.py", line 53, in getElememtBack

    element = driver.find_element_by_android_uiautomator(str2)

  File "C:\Python27\lib\site-packages\appium\webdriver\webdriver.py", line 327, in find_element_by_android_uiautomator

    return self.find_element(by=By.ANDROID_UIAUTOMATOR, value=uia_string)

  File "C:\Python27\lib\site-packages\appium\webdriver\webdriver.py", line 219, in find_element

    'value': value})['value']

  File "C:\Python27\lib\site-packages\selenium\webdriver\remote\webdriver.py", line 321, in execute

    self.error_handler.check_response(response)

  File "C:\Python27\lib\site-packages\appium\webdriver\errorhandler.py", line 29, in check_response

    raise wde

NoSuchElementException: Message: An element could not be located on the page using the given search parameters.





consumed time: 19.7180001736 s

jacoco time: 5.00300002098 s

firsttestcase 1_015 end

firsttestcase 1_016 start:
cmd:[python, C:\Users\yifeiLu\Documents\TestingProjectHome\calenderNotification\testcase\firstcases\testcase1_016.py]

FAIL

str(e):		Message: An element could not be located on the page using the given search parameters.



repr(e):	NoSuchElementException()

Traceback (most recent call last):

  File "C:\Users\yifeiLu\Documents\TestingProjectHome\calenderNotification\testcase\firstcases\testcase1_016.py", line 216, in <module>

    element = getElememtBack(driver, "new UiSelector().text(\"5:00 AM\")", "new UiSelector().className(\"android.widget.Button\").instance(2)")

  File "C:\Users\yifeiLu\Documents\TestingProjectHome\calenderNotification\testcase\firstcases\testcase1_016.py", line 53, in getElememtBack

    element = driver.find_element_by_android_uiautomator(str2)

  File "C:\Python27\lib\site-packages\appium\webdriver\webdriver.py", line 327, in find_element_by_android_uiautomator

    return self.find_element(by=By.ANDROID_UIAUTOMATOR, value=uia_string)

  File "C:\Python27\lib\site-packages\appium\webdriver\webdriver.py", line 219, in find_element

    'value': value})['value']

  File "C:\Python27\lib\site-packages\selenium\webdriver\remote\webdriver.py", line 321, in execute

    self.error_handler.check_response(response)

  File "C:\Python27\lib\site-packages\appium\webdriver\errorhandler.py", line 29, in check_response

    raise wde

NoSuchElementException: Message: An element could not be located on the page using the given search parameters.





consumed time: 33.7739999294 s

jacoco time: 5.0039999485 s

firsttestcase 1_016 end

firsttestcase 1_017 start:
cmd:[python, C:\Users\yifeiLu\Documents\TestingProjectHome\calenderNotification\testcase\firstcases\testcase1_017.py]

OK

consumed time: 49.2009999752 s

jacoco time: 5.00400018692 s

firsttestcase 1_017 end

firsttestcase 1_018 start:
cmd:[python, C:\Users\yifeiLu\Documents\TestingProjectHome\calenderNotification\testcase\firstcases\testcase1_018.py]

FAIL

str(e):		Message: An element could not be located on the page using the given search parameters.



repr(e):	NoSuchElementException()

Traceback (most recent call last):

  File "C:\Users\yifeiLu\Documents\TestingProjectHome\calenderNotification\testcase\firstcases\testcase1_018.py", line 209, in <module>

    element = getElememtBack(driver, "new UiSelector().text(\"26\")", "new UiSelector().className(\"android.widget.Button\").instance(2)")

  File "C:\Users\yifeiLu\Documents\TestingProjectHome\calenderNotification\testcase\firstcases\testcase1_018.py", line 53, in getElememtBack

    element = driver.find_element_by_android_uiautomator(str2)

  File "C:\Python27\lib\site-packages\appium\webdriver\webdriver.py", line 327, in find_element_by_android_uiautomator

    return self.find_element(by=By.ANDROID_UIAUTOMATOR, value=uia_string)

  File "C:\Python27\lib\site-packages\appium\webdriver\webdriver.py", line 219, in find_element

    'value': value})['value']

  File "C:\Python27\lib\site-packages\selenium\webdriver\remote\webdriver.py", line 321, in execute

    self.error_handler.check_response(response)

  File "C:\Python27\lib\site-packages\appium\webdriver\errorhandler.py", line 29, in check_response

    raise wde

NoSuchElementException: Message: An element could not be located on the page using the given search parameters.





consumed time: 26.2669999599 s

jacoco time: 5.00200009346 s

firsttestcase 1_018 end

firsttestcase 1_019 start:
cmd:[python, C:\Users\yifeiLu\Documents\TestingProjectHome\calenderNotification\testcase\firstcases\testcase1_019.py]

FAIL

str(e):		Message: An element could not be located on the page using the given search parameters.



repr(e):	NoSuchElementException()

Traceback (most recent call last):

  File "C:\Users\yifeiLu\Documents\TestingProjectHome\calenderNotification\testcase\firstcases\testcase1_019.py", line 211, in <module>

    element = getElememtBack(driver, "new UiSelector().text(\"Snoozed until 6:34 AM\")", "new UiSelector().className(\"android.widget.TextView\").instance(4)")

  File "C:\Users\yifeiLu\Documents\TestingProjectHome\calenderNotification\testcase\firstcases\testcase1_019.py", line 53, in getElememtBack

    element = driver.find_element_by_android_uiautomator(str2)

  File "C:\Python27\lib\site-packages\appium\webdriver\webdriver.py", line 327, in find_element_by_android_uiautomator

    return self.find_element(by=By.ANDROID_UIAUTOMATOR, value=uia_string)

  File "C:\Python27\lib\site-packages\appium\webdriver\webdriver.py", line 219, in find_element

    'value': value})['value']

  File "C:\Python27\lib\site-packages\selenium\webdriver\remote\webdriver.py", line 321, in execute

    self.error_handler.check_response(response)

  File "C:\Python27\lib\site-packages\appium\webdriver\errorhandler.py", line 29, in check_response

    raise wde

NoSuchElementException: Message: An element could not be located on the page using the given search parameters.





consumed time: 31.9949998856 s

jacoco time: 5.0039999485 s

firsttestcase 1_019 end

firsttestcase 1_020 start:
cmd:[python, C:\Users\yifeiLu\Documents\TestingProjectHome\calenderNotification\testcase\firstcases\testcase1_020.py]

OK

consumed time: 85.1699998379 s

jacoco time: 5.00400018692 s

firsttestcase 1_020 end

firsttestcase 1_021 start:
cmd:[python, C:\Users\yifeiLu\Documents\TestingProjectHome\calenderNotification\testcase\firstcases\testcase1_021.py]

FAIL

str(e):		Message: An element could not be located on the page using the given search parameters.



repr(e):	NoSuchElementException()

Traceback (most recent call last):

  File "C:\Users\yifeiLu\Documents\TestingProjectHome\calenderNotification\testcase\firstcases\testcase1_021.py", line 228, in <module>

    element = getElememtBack(driver, "new UiSelector().text(\"1 hour\")", "new UiSelector().className(\"android.widget.TextView\").instance(7)")

  File "C:\Users\yifeiLu\Documents\TestingProjectHome\calenderNotification\testcase\firstcases\testcase1_021.py", line 53, in getElememtBack

    element = driver.find_element_by_android_uiautomator(str2)

  File "C:\Python27\lib\site-packages\appium\webdriver\webdriver.py", line 327, in find_element_by_android_uiautomator

    return self.find_element(by=By.ANDROID_UIAUTOMATOR, value=uia_string)

  File "C:\Python27\lib\site-packages\appium\webdriver\webdriver.py", line 219, in find_element

    'value': value})['value']

  File "C:\Python27\lib\site-packages\selenium\webdriver\remote\webdriver.py", line 321, in execute

    self.error_handler.check_response(response)

  File "C:\Python27\lib\site-packages\appium\webdriver\errorhandler.py", line 29, in check_response

    raise wde

NoSuchElementException: Message: An element could not be located on the page using the given search parameters.





consumed time: 50.1399998665 s

jacoco time: 5.00300002098 s

firsttestcase 1_021 end

firsttestcase 1_022 start:
cmd:[python, C:\Users\yifeiLu\Documents\TestingProjectHome\calenderNotification\testcase\firstcases\testcase1_022.py]

FAIL

str(e):		Message: An element could not be located on the page using the given search parameters.



repr(e):	NoSuchElementException()

Traceback (most recent call last):

  File "C:\Users\yifeiLu\Documents\TestingProjectHome\calenderNotification\testcase\firstcases\testcase1_022.py", line 214, in <module>

    element = getElememt(driver, "new UiSelector().resourceId(\"com.github.quarck.calnotify:id/event_location\").className(\"android.widget.EditText\")")

  File "C:\Users\yifeiLu\Documents\TestingProjectHome\calenderNotification\testcase\firstcases\testcase1_022.py", line 34, in getElememt

    element = driver.find_element_by_android_uiautomator(str)

  File "C:\Python27\lib\site-packages\appium\webdriver\webdriver.py", line 327, in find_element_by_android_uiautomator

    return self.find_element(by=By.ANDROID_UIAUTOMATOR, value=uia_string)

  File "C:\Python27\lib\site-packages\appium\webdriver\webdriver.py", line 219, in find_element

    'value': value})['value']

  File "C:\Python27\lib\site-packages\selenium\webdriver\remote\webdriver.py", line 321, in execute

    self.error_handler.check_response(response)

  File "C:\Python27\lib\site-packages\appium\webdriver\errorhandler.py", line 29, in check_response

    raise wde

NoSuchElementException: Message: An element could not be located on the page using the given search parameters.





consumed time: 27.248000145 s

jacoco time: 5.00300002098 s

firsttestcase 1_022 end

firsttestcase 1_023 start:
cmd:[python, C:\Users\yifeiLu\Documents\TestingProjectHome\calenderNotification\testcase\firstcases\testcase1_023.py]

OK

consumed time: 78.2580001354 s

jacoco time: 5.00300002098 s

firsttestcase 1_023 end

firsttestcase 1_024 start:
cmd:[python, C:\Users\yifeiLu\Documents\TestingProjectHome\calenderNotification\testcase\firstcases\testcase1_024.py]

FAIL

str(e):		Message: An element could not be located on the page using the given search parameters.



repr(e):	NoSuchElementException()

Traceback (most recent call last):

  File "C:\Users\yifeiLu\Documents\TestingProjectHome\calenderNotification\testcase\firstcases\testcase1_024.py", line 226, in <module>

    element = getElememt(driver, "new UiSelector().resourceId(\"com.github.quarck.calnotify:id/snooze_view_menu\").className(\"android.widget.ImageView\")")

  File "C:\Users\yifeiLu\Documents\TestingProjectHome\calenderNotification\testcase\firstcases\testcase1_024.py", line 34, in getElememt

    element = driver.find_element_by_android_uiautomator(str)

  File "C:\Python27\lib\site-packages\appium\webdriver\webdriver.py", line 327, in find_element_by_android_uiautomator

    return self.find_element(by=By.ANDROID_UIAUTOMATOR, value=uia_string)

  File "C:\Python27\lib\site-packages\appium\webdriver\webdriver.py", line 219, in find_element

    'value': value})['value']

  File "C:\Python27\lib\site-packages\selenium\webdriver\remote\webdriver.py", line 321, in execute

    self.error_handler.check_response(response)

  File "C:\Python27\lib\site-packages\appium\webdriver\errorhandler.py", line 29, in check_response

    raise wde

NoSuchElementException: Message: An element could not be located on the page using the given search parameters.





consumed time: 45.5799999237 s

jacoco time: 5.00200009346 s

firsttestcase 1_024 end

firsttestcase 1_025 start:
cmd:[python, C:\Users\yifeiLu\Documents\TestingProjectHome\calenderNotification\testcase\firstcases\testcase1_025.py]

FAIL

str(e):		Message: An element could not be located on the page using the given search parameters.



repr(e):	NoSuchElementException()

Traceback (most recent call last):

  File "C:\Users\yifeiLu\Documents\TestingProjectHome\calenderNotification\testcase\firstcases\testcase1_025.py", line 204, in <module>

    element = getElememt(driver, "new UiSelector().resourceId(\"android:id/numberpicker_input\").className(\"android.widget.EditText\")")

  File "C:\Users\yifeiLu\Documents\TestingProjectHome\calenderNotification\testcase\firstcases\testcase1_025.py", line 34, in getElememt

    element = driver.find_element_by_android_uiautomator(str)

  File "C:\Python27\lib\site-packages\appium\webdriver\webdriver.py", line 327, in find_element_by_android_uiautomator

    return self.find_element(by=By.ANDROID_UIAUTOMATOR, value=uia_string)

  File "C:\Python27\lib\site-packages\appium\webdriver\webdriver.py", line 219, in find_element

    'value': value})['value']

  File "C:\Python27\lib\site-packages\selenium\webdriver\remote\webdriver.py", line 321, in execute

    self.error_handler.check_response(response)

  File "C:\Python27\lib\site-packages\appium\webdriver\errorhandler.py", line 29, in check_response

    raise wde

NoSuchElementException: Message: An element could not be located on the page using the given search parameters.





consumed time: 17.8280000687 s

jacoco time: 5.00300002098 s

firsttestcase 1_025 end

firsttestcase 1_026 start:
cmd:[python, C:\Users\yifeiLu\Documents\TestingProjectHome\calenderNotification\testcase\firstcases\testcase1_026.py]

OK

consumed time: 60.7730000019 s

jacoco time: 5.00400018692 s

firsttestcase 1_026 end

firsttestcase 1_027 start:
cmd:[python, C:\Users\yifeiLu\Documents\TestingProjectHome\calenderNotification\testcase\firstcases\testcase1_027.py]

FAIL

str(e):		Message: An element could not be located on the page using the given search parameters.



repr(e):	NoSuchElementException()

Traceback (most recent call last):

  File "C:\Users\yifeiLu\Documents\TestingProjectHome\calenderNotification\testcase\firstcases\testcase1_027.py", line 204, in <module>

    element = getElememtBack(driver, "new UiSelector().text(\"Jan\")", "new UiSelector().className(\"android.widget.Button\")")

  File "C:\Users\yifeiLu\Documents\TestingProjectHome\calenderNotification\testcase\firstcases\testcase1_027.py", line 53, in getElememtBack

    element = driver.find_element_by_android_uiautomator(str2)

  File "C:\Python27\lib\site-packages\appium\webdriver\webdriver.py", line 327, in find_element_by_android_uiautomator

    return self.find_element(by=By.ANDROID_UIAUTOMATOR, value=uia_string)

  File "C:\Python27\lib\site-packages\appium\webdriver\webdriver.py", line 219, in find_element

    'value': value})['value']

  File "C:\Python27\lib\site-packages\selenium\webdriver\remote\webdriver.py", line 321, in execute

    self.error_handler.check_response(response)

  File "C:\Python27\lib\site-packages\appium\webdriver\errorhandler.py", line 29, in check_response

    raise wde

NoSuchElementException: Message: An element could not be located on the page using the given search parameters.





consumed time: 19.5690000057 s

jacoco time: 5.00300002098 s

firsttestcase 1_027 end

firsttestcase 1_028 start:
cmd:[python, C:\Users\yifeiLu\Documents\TestingProjectHome\calenderNotification\testcase\firstcases\testcase1_028.py]

OK

consumed time: 16.486000061 s

jacoco time: 5.00300002098 s

firsttestcase 1_028 end

firsttestcase 1_029 start:
cmd:[python, C:\Users\yifeiLu\Documents\TestingProjectHome\calenderNotification\testcase\firstcases\testcase1_029.py]

FAIL

str(e):		Message: An element could not be located on the page using the given search parameters.



repr(e):	NoSuchElementException()

Traceback (most recent call last):

  File "C:\Users\yifeiLu\Documents\TestingProjectHome\calenderNotification\testcase\firstcases\testcase1_029.py", line 206, in <module>

    element = getElememt(driver, "new UiSelector().resourceId(\"com.github.quarck.calnotify:id/snooze_view_menu\").className(\"android.widget.ImageView\")")

  File "C:\Users\yifeiLu\Documents\TestingProjectHome\calenderNotification\testcase\firstcases\testcase1_029.py", line 34, in getElememt

    element = driver.find_element_by_android_uiautomator(str)

  File "C:\Python27\lib\site-packages\appium\webdriver\webdriver.py", line 327, in find_element_by_android_uiautomator

    return self.find_element(by=By.ANDROID_UIAUTOMATOR, value=uia_string)

  File "C:\Python27\lib\site-packages\appium\webdriver\webdriver.py", line 219, in find_element

    'value': value})['value']

  File "C:\Python27\lib\site-packages\selenium\webdriver\remote\webdriver.py", line 321, in execute

    self.error_handler.check_response(response)

  File "C:\Python27\lib\site-packages\appium\webdriver\errorhandler.py", line 29, in check_response

    raise wde

NoSuchElementException: Message: An element could not be located on the page using the given search parameters.





consumed time: 21.4160001278 s

jacoco time: 5.00299978256 s

firsttestcase 1_029 end

firsttestcase 2_000 start:
cmd:[python, C:\Users\yifeiLu\Documents\TestingProjectHome\calenderNotification\testcase\firstcases\testcase2_000.py]

OK

consumed time: 82.6749999523 s

jacoco time: 5.00499987602 s

firsttestcase 2_000 end

firsttestcase 2_001 start:
cmd:[python, C:\Users\yifeiLu\Documents\TestingProjectHome\calenderNotification\testcase\firstcases\testcase2_001.py]

FAIL

str(e):		Message: An element could not be located on the page using the given search parameters.



repr(e):	NoSuchElementException()

Traceback (most recent call last):

  File "C:\Users\yifeiLu\Documents\TestingProjectHome\calenderNotification\testcase\firstcases\testcase2_001.py", line 208, in <module>

    element = getElememtBack(driver, "new UiSelector().text(\"OK\")", "new UiSelector().className(\"android.widget.Button\").instance(1)")

  File "C:\Users\yifeiLu\Documents\TestingProjectHome\calenderNotification\testcase\firstcases\testcase2_001.py", line 53, in getElememtBack

    element = driver.find_element_by_android_uiautomator(str2)

  File "C:\Python27\lib\site-packages\appium\webdriver\webdriver.py", line 327, in find_element_by_android_uiautomator

    return self.find_element(by=By.ANDROID_UIAUTOMATOR, value=uia_string)

  File "C:\Python27\lib\site-packages\appium\webdriver\webdriver.py", line 219, in find_element

    'value': value})['value']

  File "C:\Python27\lib\site-packages\selenium\webdriver\remote\webdriver.py", line 321, in execute

    self.error_handler.check_response(response)

  File "C:\Python27\lib\site-packages\appium\webdriver\errorhandler.py", line 29, in check_response

    raise wde

NoSuchElementException: Message: An element could not be located on the page using the given search parameters.





consumed time: 24.8090000153 s

jacoco time: 5.0039999485 s

firsttestcase 2_001 end

firsttestcase 2_002 start:
cmd:[python, C:\Users\yifeiLu\Documents\TestingProjectHome\calenderNotification\testcase\firstcases\testcase2_002.py]

OK

consumed time: 21.4020001888 s

jacoco time: 5.0039999485 s

firsttestcase 2_002 end

firsttestcase 2_003 start:
cmd:[python, C:\Users\yifeiLu\Documents\TestingProjectHome\calenderNotification\testcase\firstcases\testcase2_003.py]

OK

consumed time: 68.8199999332 s

jacoco time: 5.0039999485 s

firsttestcase 2_003 end

firsttestcase 2_004 start:
cmd:[python, C:\Users\yifeiLu\Documents\TestingProjectHome\calenderNotification\testcase\firstcases\testcase2_004.py]

OK

consumed time: 15.513999939 s

jacoco time: 5.00300002098 s

firsttestcase 2_004 end

firsttestcase 2_005 start:
cmd:[python, C:\Users\yifeiLu\Documents\TestingProjectHome\calenderNotification\testcase\firstcases\testcase2_005.py]

FAIL

str(e):		Message: An element could not be located on the page using the given search parameters.



repr(e):	NoSuchElementException()

Traceback (most recent call last):

  File "C:\Users\yifeiLu\Documents\TestingProjectHome\calenderNotification\testcase\firstcases\testcase2_005.py", line 206, in <module>

    element = getElememtBack(driver, "new UiSelector().text(\"For a custom period\")", "new UiSelector().className(\"android.widget.TextView\").instance(15)")

  File "C:\Users\yifeiLu\Documents\TestingProjectHome\calenderNotification\testcase\firstcases\testcase2_005.py", line 53, in getElememtBack

    element = driver.find_element_by_android_uiautomator(str2)

  File "C:\Python27\lib\site-packages\appium\webdriver\webdriver.py", line 327, in find_element_by_android_uiautomator

    return self.find_element(by=By.ANDROID_UIAUTOMATOR, value=uia_string)

  File "C:\Python27\lib\site-packages\appium\webdriver\webdriver.py", line 219, in find_element

    'value': value})['value']

  File "C:\Python27\lib\site-packages\selenium\webdriver\remote\webdriver.py", line 321, in execute

    self.error_handler.check_response(response)

  File "C:\Python27\lib\site-packages\appium\webdriver\errorhandler.py", line 29, in check_response

    raise wde

NoSuchElementException: Message: An element could not be located on the page using the given search parameters.





consumed time: 23.8120000362 s

jacoco time: 5.0039999485 s

firsttestcase 2_005 end

firsttestcase 2_006 start:
cmd:[python, C:\Users\yifeiLu\Documents\TestingProjectHome\calenderNotification\testcase\firstcases\testcase2_006.py]

FAIL

str(e):		Message: An element could not be located on the page using the given search parameters.



repr(e):	NoSuchElementException()

Traceback (most recent call last):

  File "C:\Users\yifeiLu\Documents\TestingProjectHome\calenderNotification\testcase\firstcases\testcase2_006.py", line 224, in <module>

    element = getElememt(driver, "new UiSelector().resourceId(\"com.github.quarck.calnotify:id/card_view_event_name\").className(\"android.widget.TextView\")")

  File "C:\Users\yifeiLu\Documents\TestingProjectHome\calenderNotification\testcase\firstcases\testcase2_006.py", line 34, in getElememt

    element = driver.find_element_by_android_uiautomator(str)

  File "C:\Python27\lib\site-packages\appium\webdriver\webdriver.py", line 327, in find_element_by_android_uiautomator

    return self.find_element(by=By.ANDROID_UIAUTOMATOR, value=uia_string)

  File "C:\Python27\lib\site-packages\appium\webdriver\webdriver.py", line 219, in find_element

    'value': value})['value']

  File "C:\Python27\lib\site-packages\selenium\webdriver\remote\webdriver.py", line 321, in execute

    self.error_handler.check_response(response)

  File "C:\Python27\lib\site-packages\appium\webdriver\errorhandler.py", line 29, in check_response

    raise wde

NoSuchElementException: Message: An element could not be located on the page using the given search parameters.





consumed time: 56.7109999657 s

jacoco time: 5.00200009346 s

firsttestcase 2_006 end

firsttestcase 2_007 start:
cmd:[python, C:\Users\yifeiLu\Documents\TestingProjectHome\calenderNotification\testcase\firstcases\testcase2_007.py]

FAIL

str(e):		Message: An element could not be located on the page using the given search parameters.



repr(e):	NoSuchElementException()

Traceback (most recent call last):

  File "C:\Users\yifeiLu\Documents\TestingProjectHome\calenderNotification\testcase\firstcases\testcase2_007.py", line 208, in <module>

    element = getElememtBack(driver, "new UiSelector().text(\"10:30 PM\")", "new UiSelector().className(\"android.widget.Button\").instance(4)")

  File "C:\Users\yifeiLu\Documents\TestingProjectHome\calenderNotification\testcase\firstcases\testcase2_007.py", line 53, in getElememtBack

    element = driver.find_element_by_android_uiautomator(str2)

  File "C:\Python27\lib\site-packages\appium\webdriver\webdriver.py", line 327, in find_element_by_android_uiautomator

    return self.find_element(by=By.ANDROID_UIAUTOMATOR, value=uia_string)

  File "C:\Python27\lib\site-packages\appium\webdriver\webdriver.py", line 219, in find_element

    'value': value})['value']

  File "C:\Python27\lib\site-packages\selenium\webdriver\remote\webdriver.py", line 321, in execute

    self.error_handler.check_response(response)

  File "C:\Python27\lib\site-packages\appium\webdriver\errorhandler.py", line 29, in check_response

    raise wde

NoSuchElementException: Message: An element could not be located on the page using the given search parameters.





consumed time: 23.9990000725 s

jacoco time: 5.0039999485 s

firsttestcase 2_007 end

firsttestcase 2_008 start:
cmd:[python, C:\Users\yifeiLu\Documents\TestingProjectHome\calenderNotification\testcase\firstcases\testcase2_008.py]

OK

consumed time: 17.0409998894 s

jacoco time: 5.00300002098 s

firsttestcase 2_008 end

firsttestcase 2_009 start:
cmd:[python, C:\Users\yifeiLu\Documents\TestingProjectHome\calenderNotification\testcase\firstcases\testcase2_009.py]

OK

consumed time: 37.760999918 s

jacoco time: 5.0039999485 s

firsttestcase 2_009 end

firsttestcase 2_010 start:
cmd:[python, C:\Users\yifeiLu\Documents\TestingProjectHome\calenderNotification\testcase\firstcases\testcase2_010.py]

FAIL

str(e):		Message: An element could not be located on the page using the given search parameters.



repr(e):	NoSuchElementException()

Traceback (most recent call last):

  File "C:\Users\yifeiLu\Documents\TestingProjectHome\calenderNotification\testcase\firstcases\testcase2_010.py", line 204, in <module>

    element = getElememtBack(driver, "new UiSelector().text(\"2019\")", "new UiSelector().className(\"android.widget.Button\").instance(5)")

  File "C:\Users\yifeiLu\Documents\TestingProjectHome\calenderNotification\testcase\firstcases\testcase2_010.py", line 53, in getElememtBack

    element = driver.find_element_by_android_uiautomator(str2)

  File "C:\Python27\lib\site-packages\appium\webdriver\webdriver.py", line 327, in find_element_by_android_uiautomator

    return self.find_element(by=By.ANDROID_UIAUTOMATOR, value=uia_string)

  File "C:\Python27\lib\site-packages\appium\webdriver\webdriver.py", line 219, in find_element

    'value': value})['value']

  File "C:\Python27\lib\site-packages\selenium\webdriver\remote\webdriver.py", line 321, in execute

    self.error_handler.check_response(response)

  File "C:\Python27\lib\site-packages\appium\webdriver\errorhandler.py", line 29, in check_response

    raise wde

NoSuchElementException: Message: An element could not be located on the page using the given search parameters.





consumed time: 21.9210000038 s

jacoco time: 5.00300002098 s

firsttestcase 2_010 end

firsttestcase 2_011 start:
cmd:[python, C:\Users\yifeiLu\Documents\TestingProjectHome\calenderNotification\testcase\firstcases\testcase2_011.py]

OK

consumed time: 61.0610001087 s

jacoco time: 5.0039999485 s

firsttestcase 2_011 end

firsttestcase 2_012 start:
cmd:[python, C:\Users\yifeiLu\Documents\TestingProjectHome\calenderNotification\testcase\firstcases\testcase2_012.py]

FAIL

str(e):		Message: An element could not be located on the page using the given search parameters.



repr(e):	NoSuchElementException()

Traceback (most recent call last):

  File "C:\Users\yifeiLu\Documents\TestingProjectHome\calenderNotification\testcase\firstcases\testcase2_012.py", line 204, in <module>

    element = getElememtBack(driver, "new UiSelector().text(\"Feb\")", "new UiSelector().className(\"android.widget.Button\")")

  File "C:\Users\yifeiLu\Documents\TestingProjectHome\calenderNotification\testcase\firstcases\testcase2_012.py", line 53, in getElememtBack

    element = driver.find_element_by_android_uiautomator(str2)

  File "C:\Python27\lib\site-packages\appium\webdriver\webdriver.py", line 327, in find_element_by_android_uiautomator

    return self.find_element(by=By.ANDROID_UIAUTOMATOR, value=uia_string)

  File "C:\Python27\lib\site-packages\appium\webdriver\webdriver.py", line 219, in find_element

    'value': value})['value']

  File "C:\Python27\lib\site-packages\selenium\webdriver\remote\webdriver.py", line 321, in execute

    self.error_handler.check_response(response)

  File "C:\Python27\lib\site-packages\appium\webdriver\errorhandler.py", line 29, in check_response

    raise wde

NoSuchElementException: Message: An element could not be located on the page using the given search parameters.





consumed time: 20.7269999981 s

jacoco time: 5.00400018692 s

firsttestcase 2_012 end

firsttestcase 2_013 start:
cmd:[python, C:\Users\yifeiLu\Documents\TestingProjectHome\calenderNotification\testcase\firstcases\testcase2_013.py]

FAIL

str(e):		Message: An element could not be located on the page using the given search parameters.



repr(e):	NoSuchElementException()

Traceback (most recent call last):

  File "C:\Users\yifeiLu\Documents\TestingProjectHome\calenderNotification\testcase\firstcases\testcase2_013.py", line 204, in <module>

    element = getElememtBack(driver, "new UiSelector().text(\"Apr\")", "new UiSelector().className(\"android.widget.Button\").instance(1)")

  File "C:\Users\yifeiLu\Documents\TestingProjectHome\calenderNotification\testcase\firstcases\testcase2_013.py", line 53, in getElememtBack

    element = driver.find_element_by_android_uiautomator(str2)

  File "C:\Python27\lib\site-packages\appium\webdriver\webdriver.py", line 327, in find_element_by_android_uiautomator

    return self.find_element(by=By.ANDROID_UIAUTOMATOR, value=uia_string)

  File "C:\Python27\lib\site-packages\appium\webdriver\webdriver.py", line 219, in find_element

    'value': value})['value']

  File "C:\Python27\lib\site-packages\selenium\webdriver\remote\webdriver.py", line 321, in execute

    self.error_handler.check_response(response)

  File "C:\Python27\lib\site-packages\appium\webdriver\errorhandler.py", line 29, in check_response

    raise wde

NoSuchElementException: Message: An element could not be located on the page using the given search parameters.





consumed time: 21.0729999542 s

jacoco time: 5.00200009346 s

firsttestcase 2_013 end

firsttestcase 2_014 start:
cmd:[python, C:\Users\yifeiLu\Documents\TestingProjectHome\calenderNotification\testcase\firstcases\testcase2_014.py]

OK

consumed time: 27.2059998512 s

jacoco time: 5.00300002098 s

firsttestcase 2_014 end

firsttestcase 2_015 start:
cmd:[python, C:\Users\yifeiLu\Documents\TestingProjectHome\calenderNotification\testcase\firstcases\testcase2_015.py]

FAIL

str(e):		Message: An element could not be located on the page using the given search parameters.



repr(e):	NoSuchElementException()

Traceback (most recent call last):

  File "C:\Users\yifeiLu\Documents\TestingProjectHome\calenderNotification\testcase\firstcases\testcase2_015.py", line 217, in <module>

    element = getElememtBack(driver, "new UiSelector().text(\"4 hours\")", "new UiSelector().className(\"android.widget.TextView\").instance(11)")

  File "C:\Users\yifeiLu\Documents\TestingProjectHome\calenderNotification\testcase\firstcases\testcase2_015.py", line 53, in getElememtBack

    element = driver.find_element_by_android_uiautomator(str2)

  File "C:\Python27\lib\site-packages\appium\webdriver\webdriver.py", line 327, in find_element_by_android_uiautomator

    return self.find_element(by=By.ANDROID_UIAUTOMATOR, value=uia_string)

  File "C:\Python27\lib\site-packages\appium\webdriver\webdriver.py", line 219, in find_element

    'value': value})['value']

  File "C:\Python27\lib\site-packages\selenium\webdriver\remote\webdriver.py", line 321, in execute

    self.error_handler.check_response(response)

  File "C:\Python27\lib\site-packages\appium\webdriver\errorhandler.py", line 29, in check_response

    raise wde

NoSuchElementException: Message: An element could not be located on the page using the given search parameters.





consumed time: 41.629999876 s

jacoco time: 5.00300002098 s

firsttestcase 2_015 end

firsttestcase 2_016 start:
cmd:[python, C:\Users\yifeiLu\Documents\TestingProjectHome\calenderNotification\testcase\firstcases\testcase2_016.py]

OK

consumed time: 20.7350001335 s

jacoco time: 5.0039999485 s

firsttestcase 2_016 end

firsttestcase 2_017 start:
cmd:[python, C:\Users\yifeiLu\Documents\TestingProjectHome\calenderNotification\testcase\firstcases\testcase2_017.py]

FAIL

str(e):		Message: An element could not be located on the page using the given search parameters.



repr(e):	NoSuchElementException()

Traceback (most recent call last):

  File "C:\Users\yifeiLu\Documents\TestingProjectHome\calenderNotification\testcase\firstcases\testcase2_017.py", line 212, in <module>

    element = getElememt(driver, "new UiSelector().className(\"android.widget.ImageButton\").description(\"Navigate up\")")

  File "C:\Users\yifeiLu\Documents\TestingProjectHome\calenderNotification\testcase\firstcases\testcase2_017.py", line 34, in getElememt

    element = driver.find_element_by_android_uiautomator(str)

  File "C:\Python27\lib\site-packages\appium\webdriver\webdriver.py", line 327, in find_element_by_android_uiautomator

    return self.find_element(by=By.ANDROID_UIAUTOMATOR, value=uia_string)

  File "C:\Python27\lib\site-packages\appium\webdriver\webdriver.py", line 219, in find_element

    'value': value})['value']

  File "C:\Python27\lib\site-packages\selenium\webdriver\remote\webdriver.py", line 321, in execute

    self.error_handler.check_response(response)

  File "C:\Python27\lib\site-packages\appium\webdriver\errorhandler.py", line 29, in check_response

    raise wde

NoSuchElementException: Message: An element could not be located on the page using the given search parameters.





consumed time: 28.0420000553 s

jacoco time: 5.00199985504 s

firsttestcase 2_017 end

firsttestcase 2_018 start:
cmd:[python, C:\Users\yifeiLu\Documents\TestingProjectHome\calenderNotification\testcase\firstcases\testcase2_018.py]

FAIL

str(e):		Message: An element could not be located on the page using the given search parameters.



repr(e):	NoSuchElementException()

Traceback (most recent call last):

  File "C:\Users\yifeiLu\Documents\TestingProjectHome\calenderNotification\testcase\firstcases\testcase2_018.py", line 212, in <module>

    element = getElememtBack(driver, "new UiSelector().text(\"Jan\")", "new UiSelector().className(\"android.widget.Button\")")

  File "C:\Users\yifeiLu\Documents\TestingProjectHome\calenderNotification\testcase\firstcases\testcase2_018.py", line 53, in getElememtBack

    element = driver.find_element_by_android_uiautomator(str2)

  File "C:\Python27\lib\site-packages\appium\webdriver\webdriver.py", line 327, in find_element_by_android_uiautomator

    return self.find_element(by=By.ANDROID_UIAUTOMATOR, value=uia_string)

  File "C:\Python27\lib\site-packages\appium\webdriver\webdriver.py", line 219, in find_element

    'value': value})['value']

  File "C:\Python27\lib\site-packages\selenium\webdriver\remote\webdriver.py", line 321, in execute

    self.error_handler.check_response(response)

  File "C:\Python27\lib\site-packages\appium\webdriver\errorhandler.py", line 29, in check_response

    raise wde

NoSuchElementException: Message: An element could not be located on the page using the given search parameters.





consumed time: 31.2219998837 s

jacoco time: 5.00400018692 s

firsttestcase 2_018 end

firsttestcase 2_019 start:
cmd:[python, C:\Users\yifeiLu\Documents\TestingProjectHome\calenderNotification\testcase\firstcases\testcase2_019.py]

FAIL

str(e):		Message: An element could not be located on the page using the given search parameters.



repr(e):	NoSuchElementException()

Traceback (most recent call last):

  File "C:\Users\yifeiLu\Documents\TestingProjectHome\calenderNotification\testcase\firstcases\testcase2_019.py", line 204, in <module>

    element = getElememtBack(driver, "new UiSelector().text(\"Jan\")", "new UiSelector().className(\"android.widget.Button\").instance(1)")

  File "C:\Users\yifeiLu\Documents\TestingProjectHome\calenderNotification\testcase\firstcases\testcase2_019.py", line 53, in getElememtBack

    element = driver.find_element_by_android_uiautomator(str2)

  File "C:\Python27\lib\site-packages\appium\webdriver\webdriver.py", line 327, in find_element_by_android_uiautomator

    return self.find_element(by=By.ANDROID_UIAUTOMATOR, value=uia_string)

  File "C:\Python27\lib\site-packages\appium\webdriver\webdriver.py", line 219, in find_element

    'value': value})['value']

  File "C:\Python27\lib\site-packages\selenium\webdriver\remote\webdriver.py", line 321, in execute

    self.error_handler.check_response(response)

  File "C:\Python27\lib\site-packages\appium\webdriver\errorhandler.py", line 29, in check_response

    raise wde

NoSuchElementException: Message: An element could not be located on the page using the given search parameters.





consumed time: 24.4149999619 s

jacoco time: 5.00400018692 s

firsttestcase 2_019 end

firsttestcase 2_020 start:
cmd:[python, C:\Users\yifeiLu\Documents\TestingProjectHome\calenderNotification\testcase\firstcases\testcase2_020.py]

OK

consumed time: 17.138999939 s

jacoco time: 5.0039999485 s

firsttestcase 2_020 end

firsttestcase 2_021 start:
cmd:[python, C:\Users\yifeiLu\Documents\TestingProjectHome\calenderNotification\testcase\firstcases\testcase2_021.py]

FAIL

str(e):		Message: An element could not be located on the page using the given search parameters.



repr(e):	NoSuchElementException()

Traceback (most recent call last):

  File "C:\Users\yifeiLu\Documents\TestingProjectHome\calenderNotification\testcase\firstcases\testcase2_021.py", line 204, in <module>

    element = getElememtBack(driver, "new UiSelector().text(\"01\")", "new UiSelector().className(\"android.widget.Button\").instance(3)")

  File "C:\Users\yifeiLu\Documents\TestingProjectHome\calenderNotification\testcase\firstcases\testcase2_021.py", line 53, in getElememtBack

    element = driver.find_element_by_android_uiautomator(str2)

  File "C:\Python27\lib\site-packages\appium\webdriver\webdriver.py", line 327, in find_element_by_android_uiautomator

    return self.find_element(by=By.ANDROID_UIAUTOMATOR, value=uia_string)

  File "C:\Python27\lib\site-packages\appium\webdriver\webdriver.py", line 219, in find_element

    'value': value})['value']

  File "C:\Python27\lib\site-packages\selenium\webdriver\remote\webdriver.py", line 321, in execute

    self.error_handler.check_response(response)

  File "C:\Python27\lib\site-packages\appium\webdriver\errorhandler.py", line 29, in check_response

    raise wde

NoSuchElementException: Message: An element could not be located on the page using the given search parameters.





consumed time: 21.7650001049 s

jacoco time: 5.0039999485 s

firsttestcase 2_021 end

firsttestcase 2_022 start:
cmd:[python, C:\Users\yifeiLu\Documents\TestingProjectHome\calenderNotification\testcase\firstcases\testcase2_022.py]

FAIL

str(e):		Message: An element could not be located on the page using the given search parameters.



repr(e):	NoSuchElementException()

Traceback (most recent call last):

  File "C:\Users\yifeiLu\Documents\TestingProjectHome\calenderNotification\testcase\firstcases\testcase2_022.py", line 221, in <module>

    element = getElememtBack(driver, "new UiSelector().text(\"28\")", "new UiSelector().className(\"android.widget.Button\").instance(3)")

  File "C:\Users\yifeiLu\Documents\TestingProjectHome\calenderNotification\testcase\firstcases\testcase2_022.py", line 53, in getElememtBack

    element = driver.find_element_by_android_uiautomator(str2)

  File "C:\Python27\lib\site-packages\appium\webdriver\webdriver.py", line 327, in find_element_by_android_uiautomator

    return self.find_element(by=By.ANDROID_UIAUTOMATOR, value=uia_string)

  File "C:\Python27\lib\site-packages\appium\webdriver\webdriver.py", line 219, in find_element

    'value': value})['value']

  File "C:\Python27\lib\site-packages\selenium\webdriver\remote\webdriver.py", line 321, in execute

    self.error_handler.check_response(response)

  File "C:\Python27\lib\site-packages\appium\webdriver\errorhandler.py", line 29, in check_response

    raise wde

NoSuchElementException: Message: An element could not be located on the page using the given search parameters.





consumed time: 41.7649998665 s

jacoco time: 5.00200009346 s

firsttestcase 2_022 end

firsttestcase 2_023 start:
cmd:[python, C:\Users\yifeiLu\Documents\TestingProjectHome\calenderNotification\testcase\firstcases\testcase2_023.py]

FAIL

str(e):		Message: An element could not be located on the page using the given search parameters.



repr(e):	NoSuchElementException()

Traceback (most recent call last):

  File "C:\Users\yifeiLu\Documents\TestingProjectHome\calenderNotification\testcase\firstcases\testcase2_023.py", line 218, in <module>

    element = getElememt(driver, "new UiSelector().resourceId(\"com.github.quarck.calnotify:id/card_view_event_name\").className(\"android.widget.TextView\")")

  File "C:\Users\yifeiLu\Documents\TestingProjectHome\calenderNotification\testcase\firstcases\testcase2_023.py", line 34, in getElememt

    element = driver.find_element_by_android_uiautomator(str)

  File "C:\Python27\lib\site-packages\appium\webdriver\webdriver.py", line 327, in find_element_by_android_uiautomator

    return self.find_element(by=By.ANDROID_UIAUTOMATOR, value=uia_string)

  File "C:\Python27\lib\site-packages\appium\webdriver\webdriver.py", line 219, in find_element

    'value': value})['value']

  File "C:\Python27\lib\site-packages\selenium\webdriver\remote\webdriver.py", line 321, in execute

    self.error_handler.check_response(response)

  File "C:\Python27\lib\site-packages\appium\webdriver\errorhandler.py", line 29, in check_response

    raise wde

NoSuchElementException: Message: An element could not be located on the page using the given search parameters.





consumed time: 37.9040000439 s

jacoco time: 5.0039999485 s

firsttestcase 2_023 end

firsttestcase 2_024 start:
cmd:[python, C:\Users\yifeiLu\Documents\TestingProjectHome\calenderNotification\testcase\firstcases\testcase2_024.py]

FAIL

str(e):		Message: An element could not be located on the page using the given search parameters.



repr(e):	NoSuchElementException()

Traceback (most recent call last):

  File "C:\Users\yifeiLu\Documents\TestingProjectHome\calenderNotification\testcase\firstcases\testcase2_024.py", line 226, in <module>

    element = getElememtBack(driver, "new UiSelector().text(\"6:30 AM\")", "new UiSelector().className(\"android.widget.Button\").instance(4)")

  File "C:\Users\yifeiLu\Documents\TestingProjectHome\calenderNotification\testcase\firstcases\testcase2_024.py", line 53, in getElememtBack

    element = driver.find_element_by_android_uiautomator(str2)

  File "C:\Python27\lib\site-packages\appium\webdriver\webdriver.py", line 327, in find_element_by_android_uiautomator

    return self.find_element(by=By.ANDROID_UIAUTOMATOR, value=uia_string)

  File "C:\Python27\lib\site-packages\appium\webdriver\webdriver.py", line 219, in find_element

    'value': value})['value']

  File "C:\Python27\lib\site-packages\selenium\webdriver\remote\webdriver.py", line 321, in execute

    self.error_handler.check_response(response)

  File "C:\Python27\lib\site-packages\appium\webdriver\errorhandler.py", line 29, in check_response

    raise wde

NoSuchElementException: Message: An element could not be located on the page using the given search parameters.





consumed time: 41.9809999466 s

jacoco time: 5.00300002098 s

firsttestcase 2_024 end

firsttestcase 2_025 start:
cmd:[python, C:\Users\yifeiLu\Documents\TestingProjectHome\calenderNotification\testcase\firstcases\testcase2_025.py]

FAIL

str(e):		Message: An element could not be located on the page using the given search parameters.



repr(e):	NoSuchElementException()

Traceback (most recent call last):

  File "C:\Users\yifeiLu\Documents\TestingProjectHome\calenderNotification\testcase\firstcases\testcase2_025.py", line 211, in <module>

    element = getElememtBack(driver, "new UiSelector().text(\"OK\")", "new UiSelector().className(\"android.widget.Button\")")

  File "C:\Users\yifeiLu\Documents\TestingProjectHome\calenderNotification\testcase\firstcases\testcase2_025.py", line 53, in getElememtBack

    element = driver.find_element_by_android_uiautomator(str2)

  File "C:\Python27\lib\site-packages\appium\webdriver\webdriver.py", line 327, in find_element_by_android_uiautomator

    return self.find_element(by=By.ANDROID_UIAUTOMATOR, value=uia_string)

  File "C:\Python27\lib\site-packages\appium\webdriver\webdriver.py", line 219, in find_element

    'value': value})['value']

  File "C:\Python27\lib\site-packages\selenium\webdriver\remote\webdriver.py", line 321, in execute

    self.error_handler.check_response(response)

  File "C:\Python27\lib\site-packages\appium\webdriver\errorhandler.py", line 29, in check_response

    raise wde

NoSuchElementException: Message: An element could not be located on the page using the given search parameters.





consumed time: 26.3080000877 s

jacoco time: 5.0039999485 s

firsttestcase 2_025 end

firsttestcase 2_026 start:
cmd:[python, C:\Users\yifeiLu\Documents\TestingProjectHome\calenderNotification\testcase\firstcases\testcase2_026.py]

OK

consumed time: 26.4050002098 s

jacoco time: 5.00299978256 s

firsttestcase 2_026 end

firsttestcase 2_027 start:
cmd:[python, C:\Users\yifeiLu\Documents\TestingProjectHome\calenderNotification\testcase\firstcases\testcase2_027.py]

FAIL

str(e):		Message: An element could not be located on the page using the given search parameters.



repr(e):	NoSuchElementException()

Traceback (most recent call last):

  File "C:\Users\yifeiLu\Documents\TestingProjectHome\calenderNotification\testcase\firstcases\testcase2_027.py", line 210, in <module>

    element = getElememtBack(driver, "new UiSelector().text(\"Report any bugs or suggestions directly to github:\")", "new UiSelector().className(\"android.widget.TextView\").instance(1)")

  File "C:\Users\yifeiLu\Documents\TestingProjectHome\calenderNotification\testcase\firstcases\testcase2_027.py", line 53, in getElememtBack

    element = driver.find_element_by_android_uiautomator(str2)

  File "C:\Python27\lib\site-packages\appium\webdriver\webdriver.py", line 327, in find_element_by_android_uiautomator

    return self.find_element(by=By.ANDROID_UIAUTOMATOR, value=uia_string)

  File "C:\Python27\lib\site-packages\appium\webdriver\webdriver.py", line 219, in find_element

    'value': value})['value']

  File "C:\Python27\lib\site-packages\selenium\webdriver\remote\webdriver.py", line 321, in execute

    self.error_handler.check_response(response)

  File "C:\Python27\lib\site-packages\appium\webdriver\errorhandler.py", line 29, in check_response

    raise wde

NoSuchElementException: Message: An element could not be located on the page using the given search parameters.





consumed time: 27.5740001202 s

jacoco time: 5.00299978256 s

firsttestcase 2_027 end

firsttestcase 2_028 start:
cmd:[python, C:\Users\yifeiLu\Documents\TestingProjectHome\calenderNotification\testcase\firstcases\testcase2_028.py]

OK

consumed time: 83.7990000248 s

jacoco time: 5.00499987602 s

firsttestcase 2_028 end

firsttestcase 2_029 start:
cmd:[python, C:\Users\yifeiLu\Documents\TestingProjectHome\calenderNotification\testcase\firstcases\testcase2_029.py]

FAIL

str(e):		Message: An element could not be located on the page using the given search parameters.



repr(e):	NoSuchElementException()

Traceback (most recent call last):

  File "C:\Users\yifeiLu\Documents\TestingProjectHome\calenderNotification\testcase\firstcases\testcase2_029.py", line 232, in <module>

    element = getElememtBack(driver, "new UiSelector().text(\"15 minutes\")", "new UiSelector().className(\"android.widget.TextView\").instance(6)")

  File "C:\Users\yifeiLu\Documents\TestingProjectHome\calenderNotification\testcase\firstcases\testcase2_029.py", line 53, in getElememtBack

    element = driver.find_element_by_android_uiautomator(str2)

  File "C:\Python27\lib\site-packages\appium\webdriver\webdriver.py", line 327, in find_element_by_android_uiautomator

    return self.find_element(by=By.ANDROID_UIAUTOMATOR, value=uia_string)

  File "C:\Python27\lib\site-packages\appium\webdriver\webdriver.py", line 219, in find_element

    'value': value})['value']

  File "C:\Python27\lib\site-packages\selenium\webdriver\remote\webdriver.py", line 321, in execute

    self.error_handler.check_response(response)

  File "C:\Python27\lib\site-packages\appium\webdriver\errorhandler.py", line 29, in check_response

    raise wde

NoSuchElementException: Message: An element could not be located on the page using the given search parameters.





consumed time: 63.736000061 s

jacoco time: 5.00199985504 s

firsttestcase 2_029 end

firsttestcase 3_000 start:
cmd:[python, C:\Users\yifeiLu\Documents\TestingProjectHome\calenderNotification\testcase\firstcases\testcase3_000.py]

FAIL

str(e):		Message: An element could not be located on the page using the given search parameters.



repr(e):	NoSuchElementException()

Traceback (most recent call last):

  File "C:\Users\yifeiLu\Documents\TestingProjectHome\calenderNotification\testcase\firstcases\testcase3_000.py", line 224, in <module>

    element = getElememt(driver, "new UiSelector().className(\"android.widget.ImageButton\").description(\"Navigate up\")")

  File "C:\Users\yifeiLu\Documents\TestingProjectHome\calenderNotification\testcase\firstcases\testcase3_000.py", line 34, in getElememt

    element = driver.find_element_by_android_uiautomator(str)

  File "C:\Python27\lib\site-packages\appium\webdriver\webdriver.py", line 327, in find_element_by_android_uiautomator

    return self.find_element(by=By.ANDROID_UIAUTOMATOR, value=uia_string)

  File "C:\Python27\lib\site-packages\appium\webdriver\webdriver.py", line 219, in find_element

    'value': value})['value']

  File "C:\Python27\lib\site-packages\selenium\webdriver\remote\webdriver.py", line 321, in execute

    self.error_handler.check_response(response)

  File "C:\Python27\lib\site-packages\appium\webdriver\errorhandler.py", line 29, in check_response

    raise wde

NoSuchElementException: Message: An element could not be located on the page using the given search parameters.





consumed time: 46.8229999542 s

jacoco time: 5.00200009346 s

firsttestcase 3_000 end

firsttestcase 3_001 start:
cmd:[python, C:\Users\yifeiLu\Documents\TestingProjectHome\calenderNotification\testcase\firstcases\testcase3_001.py]

FAIL

str(e):		Message: An element could not be located on the page using the given search parameters.



repr(e):	NoSuchElementException()

Traceback (most recent call last):

  File "C:\Users\yifeiLu\Documents\TestingProjectHome\calenderNotification\testcase\firstcases\testcase3_001.py", line 230, in <module>

    element = getElememtBack(driver, "new UiSelector().text(\"Cancel\")", "new UiSelector().className(\"android.widget.Button\")")

  File "C:\Users\yifeiLu\Documents\TestingProjectHome\calenderNotification\testcase\firstcases\testcase3_001.py", line 53, in getElememtBack

    element = driver.find_element_by_android_uiautomator(str2)

  File "C:\Python27\lib\site-packages\appium\webdriver\webdriver.py", line 327, in find_element_by_android_uiautomator

    return self.find_element(by=By.ANDROID_UIAUTOMATOR, value=uia_string)

  File "C:\Python27\lib\site-packages\appium\webdriver\webdriver.py", line 219, in find_element

    'value': value})['value']

  File "C:\Python27\lib\site-packages\selenium\webdriver\remote\webdriver.py", line 321, in execute

    self.error_handler.check_response(response)

  File "C:\Python27\lib\site-packages\appium\webdriver\errorhandler.py", line 29, in check_response

    raise wde

NoSuchElementException: Message: An element could not be located on the page using the given search parameters.





consumed time: 49.7950000763 s

jacoco time: 5.00300002098 s

firsttestcase 3_001 end

firsttestcase 3_002 start:
cmd:[python, C:\Users\yifeiLu\Documents\TestingProjectHome\calenderNotification\testcase\firstcases\testcase3_002.py]

FAIL

str(e):		Message: An element could not be located on the page using the given search parameters.



repr(e):	NoSuchElementException()

Traceback (most recent call last):

  File "C:\Users\yifeiLu\Documents\TestingProjectHome\calenderNotification\testcase\firstcases\testcase3_002.py", line 212, in <module>

    element = getElememtBack(driver, "new UiSelector().text(\"OK\")", "new UiSelector().className(\"android.widget.Button\").instance(1)")

  File "C:\Users\yifeiLu\Documents\TestingProjectHome\calenderNotification\testcase\firstcases\testcase3_002.py", line 53, in getElememtBack

    element = driver.find_element_by_android_uiautomator(str2)

  File "C:\Python27\lib\site-packages\appium\webdriver\webdriver.py", line 327, in find_element_by_android_uiautomator

    return self.find_element(by=By.ANDROID_UIAUTOMATOR, value=uia_string)

  File "C:\Python27\lib\site-packages\appium\webdriver\webdriver.py", line 219, in find_element

    'value': value})['value']

  File "C:\Python27\lib\site-packages\selenium\webdriver\remote\webdriver.py", line 321, in execute

    self.error_handler.check_response(response)

  File "C:\Python27\lib\site-packages\appium\webdriver\errorhandler.py", line 29, in check_response

    raise wde

NoSuchElementException: Message: An element could not be located on the page using the given search parameters.





consumed time: 23.9570000172 s

jacoco time: 5.00300002098 s

firsttestcase 3_002 end

firsttestcase 3_003 start:
cmd:[python, C:\Users\yifeiLu\Documents\TestingProjectHome\calenderNotification\testcase\firstcases\testcase3_003.py]

OK

consumed time: 60.7660000324 s

jacoco time: 5.00300002098 s

firsttestcase 3_003 end

firsttestcase 3_004 start:
cmd:[python, C:\Users\yifeiLu\Documents\TestingProjectHome\calenderNotification\testcase\firstcases\testcase3_004.py]

FAIL

str(e):		Message: An element could not be located on the page using the given search parameters.



repr(e):	NoSuchElementException()

Traceback (most recent call last):

  File "C:\Users\yifeiLu\Documents\TestingProjectHome\calenderNotification\testcase\firstcases\testcase3_004.py", line 216, in <module>

    element = getElememtBack(driver, "new UiSelector().text(\"For a custom period\")", "new UiSelector().className(\"android.widget.TextView\").instance(14)")

  File "C:\Users\yifeiLu\Documents\TestingProjectHome\calenderNotification\testcase\firstcases\testcase3_004.py", line 53, in getElememtBack

    element = driver.find_element_by_android_uiautomator(str2)

  File "C:\Python27\lib\site-packages\appium\webdriver\webdriver.py", line 327, in find_element_by_android_uiautomator

    return self.find_element(by=By.ANDROID_UIAUTOMATOR, value=uia_string)

  File "C:\Python27\lib\site-packages\appium\webdriver\webdriver.py", line 219, in find_element

    'value': value})['value']

  File "C:\Python27\lib\site-packages\selenium\webdriver\remote\webdriver.py", line 321, in execute

    self.error_handler.check_response(response)

  File "C:\Python27\lib\site-packages\appium\webdriver\errorhandler.py", line 29, in check_response

    raise wde

NoSuchElementException: Message: An element could not be located on the page using the given search parameters.





consumed time: 35.0 s

jacoco time: 5.00300002098 s

firsttestcase 3_004 end

firsttestcase 3_005 start:
cmd:[python, C:\Users\yifeiLu\Documents\TestingProjectHome\calenderNotification\testcase\firstcases\testcase3_005.py]

FAIL

str(e):		Message: An element could not be located on the page using the given search parameters.



repr(e):	NoSuchElementException()

Traceback (most recent call last):

  File "C:\Users\yifeiLu\Documents\TestingProjectHome\calenderNotification\testcase\firstcases\testcase3_005.py", line 210, in <module>

    element = getElememtBack(driver, "new UiSelector().text(\"Until specific time and date\")", "new UiSelector().className(\"android.widget.TextView\").instance(14)")

  File "C:\Users\yifeiLu\Documents\TestingProjectHome\calenderNotification\testcase\firstcases\testcase3_005.py", line 53, in getElememtBack

    element = driver.find_element_by_android_uiautomator(str2)

  File "C:\Python27\lib\site-packages\appium\webdriver\webdriver.py", line 327, in find_element_by_android_uiautomator

    return self.find_element(by=By.ANDROID_UIAUTOMATOR, value=uia_string)

  File "C:\Python27\lib\site-packages\appium\webdriver\webdriver.py", line 219, in find_element

    'value': value})['value']

  File "C:\Python27\lib\site-packages\selenium\webdriver\remote\webdriver.py", line 321, in execute

    self.error_handler.check_response(response)

  File "C:\Python27\lib\site-packages\appium\webdriver\errorhandler.py", line 29, in check_response

    raise wde

NoSuchElementException: Message: An element could not be located on the page using the given search parameters.





consumed time: 25.8529999256 s

jacoco time: 5.0039999485 s

firsttestcase 3_005 end

firsttestcase 3_006 start:
cmd:[python, C:\Users\yifeiLu\Documents\TestingProjectHome\calenderNotification\testcase\firstcases\testcase3_006.py]

FAIL

str(e):		Message: An element could not be located on the page using the given search parameters.



repr(e):	NoSuchElementException()

Traceback (most recent call last):

  File "C:\Users\yifeiLu\Documents\TestingProjectHome\calenderNotification\testcase\firstcases\testcase3_006.py", line 220, in <module>

    element = getElememt(driver, "new UiSelector().resourceId(\"android:id/numberpicker_input\").className(\"android.widget.EditText\")")

  File "C:\Users\yifeiLu\Documents\TestingProjectHome\calenderNotification\testcase\firstcases\testcase3_006.py", line 34, in getElememt

    element = driver.find_element_by_android_uiautomator(str)

  File "C:\Python27\lib\site-packages\appium\webdriver\webdriver.py", line 327, in find_element_by_android_uiautomator

    return self.find_element(by=By.ANDROID_UIAUTOMATOR, value=uia_string)

  File "C:\Python27\lib\site-packages\appium\webdriver\webdriver.py", line 219, in find_element

    'value': value})['value']

  File "C:\Python27\lib\site-packages\selenium\webdriver\remote\webdriver.py", line 321, in execute

    self.error_handler.check_response(response)

  File "C:\Python27\lib\site-packages\appium\webdriver\errorhandler.py", line 29, in check_response

    raise wde

NoSuchElementException: Message: An element could not be located on the page using the given search parameters.





consumed time: 46.4420001507 s

jacoco time: 5.00299978256 s

firsttestcase 3_006 end

firsttestcase 3_007 start:
cmd:[python, C:\Users\yifeiLu\Documents\TestingProjectHome\calenderNotification\testcase\firstcases\testcase3_007.py]

OK

consumed time: 65.753000021 s

jacoco time: 5.00300002098 s

firsttestcase 3_007 end

firsttestcase 3_008 start:
cmd:[python, C:\Users\yifeiLu\Documents\TestingProjectHome\calenderNotification\testcase\firstcases\testcase3_008.py]

OK

consumed time: 12.9010000229 s

jacoco time: 5.0039999485 s

firsttestcase 3_008 end

firsttestcase 3_009 start:
cmd:[python, C:\Users\yifeiLu\Documents\TestingProjectHome\calenderNotification\testcase\firstcases\testcase3_009.py]

OK

consumed time: 59.5889999866 s

jacoco time: 5.00300002098 s

firsttestcase 3_009 end

firsttestcase 3_010 start:
cmd:[python, C:\Users\yifeiLu\Documents\TestingProjectHome\calenderNotification\testcase\firstcases\testcase3_010.py]

OK

consumed time: 29.5310001373 s

jacoco time: 5.00300002098 s

firsttestcase 3_010 end

firsttestcase 3_011 start:
cmd:[python, C:\Users\yifeiLu\Documents\TestingProjectHome\calenderNotification\testcase\firstcases\testcase3_011.py]

OK

consumed time: 15.3759999275 s

jacoco time: 5.0039999485 s

firsttestcase 3_011 end

firsttestcase 3_012 start:
cmd:[python, C:\Users\yifeiLu\Documents\TestingProjectHome\calenderNotification\testcase\firstcases\testcase3_012.py]

FAIL

str(e):		Message: An element could not be located on the page using the given search parameters.



repr(e):	NoSuchElementException()

Traceback (most recent call last):

  File "C:\Users\yifeiLu\Documents\TestingProjectHome\calenderNotification\testcase\firstcases\testcase3_012.py", line 222, in <module>

    element = getElememtBack(driver, "new UiSelector().text(\"2018\")", "new UiSelector().className(\"android.widget.Button\").instance(5)")

  File "C:\Users\yifeiLu\Documents\TestingProjectHome\calenderNotification\testcase\firstcases\testcase3_012.py", line 53, in getElememtBack

    element = driver.find_element_by_android_uiautomator(str2)

  File "C:\Python27\lib\site-packages\appium\webdriver\webdriver.py", line 327, in find_element_by_android_uiautomator

    return self.find_element(by=By.ANDROID_UIAUTOMATOR, value=uia_string)

  File "C:\Python27\lib\site-packages\appium\webdriver\webdriver.py", line 219, in find_element

    'value': value})['value']

  File "C:\Python27\lib\site-packages\selenium\webdriver\remote\webdriver.py", line 321, in execute

    self.error_handler.check_response(response)

  File "C:\Python27\lib\site-packages\appium\webdriver\errorhandler.py", line 29, in check_response

    raise wde

NoSuchElementException: Message: An element could not be located on the page using the given search parameters.





consumed time: 32.4110000134 s

jacoco time: 5.00300002098 s

firsttestcase 3_012 end

firsttestcase 3_013 start:
cmd:[python, C:\Users\yifeiLu\Documents\TestingProjectHome\calenderNotification\testcase\firstcases\testcase3_013.py]

FAIL

str(e):		Message: An element could not be located on the page using the given search parameters.



repr(e):	NoSuchElementException()

Traceback (most recent call last):

  File "C:\Users\yifeiLu\Documents\TestingProjectHome\calenderNotification\testcase\firstcases\testcase3_013.py", line 226, in <module>

    element = getElememtBack(driver, "new UiSelector().text(\"Jan\")", "new UiSelector().className(\"android.widget.Button\").instance(1)")

  File "C:\Users\yifeiLu\Documents\TestingProjectHome\calenderNotification\testcase\firstcases\testcase3_013.py", line 53, in getElememtBack

    element = driver.find_element_by_android_uiautomator(str2)

  File "C:\Python27\lib\site-packages\appium\webdriver\webdriver.py", line 327, in find_element_by_android_uiautomator

    return self.find_element(by=By.ANDROID_UIAUTOMATOR, value=uia_string)

  File "C:\Python27\lib\site-packages\appium\webdriver\webdriver.py", line 219, in find_element

    'value': value})['value']

  File "C:\Python27\lib\site-packages\selenium\webdriver\remote\webdriver.py", line 321, in execute

    self.error_handler.check_response(response)

  File "C:\Python27\lib\site-packages\appium\webdriver\errorhandler.py", line 29, in check_response

    raise wde

NoSuchElementException: Message: An element could not be located on the page using the given search parameters.





consumed time: 55.4130001068 s

jacoco time: 5.00300002098 s

firsttestcase 3_013 end

firsttestcase 3_014 start:
cmd:[python, C:\Users\yifeiLu\Documents\TestingProjectHome\calenderNotification\testcase\firstcases\testcase3_014.py]

FAIL

str(e):		Message: An element could not be located on the page using the given search parameters.



repr(e):	NoSuchElementException()

Traceback (most recent call last):

  File "C:\Users\yifeiLu\Documents\TestingProjectHome\calenderNotification\testcase\firstcases\testcase3_014.py", line 204, in <module>

    element = getElememtBack(driver, "new UiSelector().text(\"Jan\")", "new UiSelector().className(\"android.widget.Button\")")

  File "C:\Users\yifeiLu\Documents\TestingProjectHome\calenderNotification\testcase\firstcases\testcase3_014.py", line 53, in getElememtBack

    element = driver.find_element_by_android_uiautomator(str2)

  File "C:\Python27\lib\site-packages\appium\webdriver\webdriver.py", line 327, in find_element_by_android_uiautomator

    return self.find_element(by=By.ANDROID_UIAUTOMATOR, value=uia_string)

  File "C:\Python27\lib\site-packages\appium\webdriver\webdriver.py", line 219, in find_element

    'value': value})['value']

  File "C:\Python27\lib\site-packages\selenium\webdriver\remote\webdriver.py", line 321, in execute

    self.error_handler.check_response(response)

  File "C:\Python27\lib\site-packages\appium\webdriver\errorhandler.py", line 29, in check_response

    raise wde

NoSuchElementException: Message: An element could not be located on the page using the given search parameters.





consumed time: 20.132999897 s

jacoco time: 5.00200009346 s

firsttestcase 3_014 end

firsttestcase 3_015 start:
cmd:[python, C:\Users\yifeiLu\Documents\TestingProjectHome\calenderNotification\testcase\firstcases\testcase3_015.py]

OK

consumed time: 17.0009999275 s

jacoco time: 5.00300002098 s

firsttestcase 3_015 end

firsttestcase 3_016 start:
cmd:[python, C:\Users\yifeiLu\Documents\TestingProjectHome\calenderNotification\testcase\firstcases\testcase3_016.py]

OK

consumed time: 13.5699999332 s

jacoco time: 5.00300002098 s

firsttestcase 3_016 end

firsttestcase 3_017 start:
cmd:[python, C:\Users\yifeiLu\Documents\TestingProjectHome\calenderNotification\testcase\firstcases\testcase3_017.py]

OK

consumed time: 57.6119999886 s

jacoco time: 5.00300002098 s

firsttestcase 3_017 end

firsttestcase 3_018 start:
cmd:[python, C:\Users\yifeiLu\Documents\TestingProjectHome\calenderNotification\testcase\firstcases\testcase3_018.py]

OK

consumed time: 15.6410000324 s

jacoco time: 5.00300002098 s

firsttestcase 3_018 end

firsttestcase 3_019 start:
cmd:[python, C:\Users\yifeiLu\Documents\TestingProjectHome\calenderNotification\testcase\firstcases\testcase3_019.py]

OK

consumed time: 74.1119999886 s

jacoco time: 5.00300002098 s

firsttestcase 3_019 end

firsttestcase 3_020 start:
cmd:[python, C:\Users\yifeiLu\Documents\TestingProjectHome\calenderNotification\testcase\firstcases\testcase3_020.py]

OK

consumed time: 17.2060000896 s

jacoco time: 5.0039999485 s

firsttestcase 3_020 end

firsttestcase 3_021 start:
cmd:[python, C:\Users\yifeiLu\Documents\TestingProjectHome\calenderNotification\testcase\firstcases\testcase3_021.py]

OK

consumed time: 24.6540000439 s

jacoco time: 5.0039999485 s

firsttestcase 3_021 end

firsttestcase 3_022 start:
cmd:[python, C:\Users\yifeiLu\Documents\TestingProjectHome\calenderNotification\testcase\firstcases\testcase3_022.py]

FAIL

str(e):		Message: An element could not be located on the page using the given search parameters.



repr(e):	NoSuchElementException()

Traceback (most recent call last):

  File "C:\Users\yifeiLu\Documents\TestingProjectHome\calenderNotification\testcase\firstcases\testcase3_022.py", line 204, in <module>

    element = getElememtBack(driver, "new UiSelector().text(\"2019\")", "new UiSelector().className(\"android.widget.Button\").instance(5)")

  File "C:\Users\yifeiLu\Documents\TestingProjectHome\calenderNotification\testcase\firstcases\testcase3_022.py", line 53, in getElememtBack

    element = driver.find_element_by_android_uiautomator(str2)

  File "C:\Python27\lib\site-packages\appium\webdriver\webdriver.py", line 327, in find_element_by_android_uiautomator

    return self.find_element(by=By.ANDROID_UIAUTOMATOR, value=uia_string)

  File "C:\Python27\lib\site-packages\appium\webdriver\webdriver.py", line 219, in find_element

    'value': value})['value']

  File "C:\Python27\lib\site-packages\selenium\webdriver\remote\webdriver.py", line 321, in execute

    self.error_handler.check_response(response)

  File "C:\Python27\lib\site-packages\appium\webdriver\errorhandler.py", line 29, in check_response

    raise wde

NoSuchElementException: Message: An element could not be located on the page using the given search parameters.





consumed time: 19.1800000668 s

jacoco time: 5.0039999485 s

firsttestcase 3_022 end

firsttestcase 3_023 start:
cmd:[python, C:\Users\yifeiLu\Documents\TestingProjectHome\calenderNotification\testcase\firstcases\testcase3_023.py]

OK

consumed time: 46.3099999428 s

jacoco time: 5.0039999485 s

firsttestcase 3_023 end

firsttestcase 3_024 start:
cmd:[python, C:\Users\yifeiLu\Documents\TestingProjectHome\calenderNotification\testcase\firstcases\testcase3_024.py]

OK

consumed time: 77.8080000877 s

jacoco time: 5.00300002098 s

firsttestcase 3_024 end

firsttestcase 3_025 start:
cmd:[python, C:\Users\yifeiLu\Documents\TestingProjectHome\calenderNotification\testcase\firstcases\testcase3_025.py]

FAIL

str(e):		Message: An element could not be located on the page using the given search parameters.



repr(e):	NoSuchElementException()

Traceback (most recent call last):

  File "C:\Users\yifeiLu\Documents\TestingProjectHome\calenderNotification\testcase\firstcases\testcase3_025.py", line 225, in <module>

    element = getElememtBack(driver, "new UiSelector().text(\"Until specific time and date\")", "new UiSelector().className(\"android.widget.TextView\").instance(15)")

  File "C:\Users\yifeiLu\Documents\TestingProjectHome\calenderNotification\testcase\firstcases\testcase3_025.py", line 53, in getElememtBack

    element = driver.find_element_by_android_uiautomator(str2)

  File "C:\Python27\lib\site-packages\appium\webdriver\webdriver.py", line 327, in find_element_by_android_uiautomator

    return self.find_element(by=By.ANDROID_UIAUTOMATOR, value=uia_string)

  File "C:\Python27\lib\site-packages\appium\webdriver\webdriver.py", line 219, in find_element

    'value': value})['value']

  File "C:\Python27\lib\site-packages\selenium\webdriver\remote\webdriver.py", line 321, in execute

    self.error_handler.check_response(response)

  File "C:\Python27\lib\site-packages\appium\webdriver\errorhandler.py", line 29, in check_response

    raise wde

NoSuchElementException: Message: An element could not be located on the page using the given search parameters.





consumed time: 46.4459998608 s

jacoco time: 5.00200009346 s

firsttestcase 3_025 end

firsttestcase 3_026 start:
cmd:[python, C:\Users\yifeiLu\Documents\TestingProjectHome\calenderNotification\testcase\firstcases\testcase3_026.py]

OK

consumed time: 55.1440000534 s

jacoco time: 5.00300002098 s

firsttestcase 3_026 end

firsttestcase 3_027 start:
cmd:[python, C:\Users\yifeiLu\Documents\TestingProjectHome\calenderNotification\testcase\firstcases\testcase3_027.py]

OK

consumed time: 30.5390000343 s

jacoco time: 5.0039999485 s

firsttestcase 3_027 end

firsttestcase 3_028 start:
cmd:[python, C:\Users\yifeiLu\Documents\TestingProjectHome\calenderNotification\testcase\firstcases\testcase3_028.py]

FAIL

str(e):		Message: An element could not be located on the page using the given search parameters.



repr(e):	NoSuchElementException()

Traceback (most recent call last):

  File "C:\Users\yifeiLu\Documents\TestingProjectHome\calenderNotification\testcase\firstcases\testcase3_028.py", line 218, in <module>

    element = getElememtBack(driver, "new UiSelector().text(\"2021\")", "new UiSelector().className(\"android.widget.Button\").instance(5)")

  File "C:\Users\yifeiLu\Documents\TestingProjectHome\calenderNotification\testcase\firstcases\testcase3_028.py", line 53, in getElememtBack

    element = driver.find_element_by_android_uiautomator(str2)

  File "C:\Python27\lib\site-packages\appium\webdriver\webdriver.py", line 327, in find_element_by_android_uiautomator

    return self.find_element(by=By.ANDROID_UIAUTOMATOR, value=uia_string)

  File "C:\Python27\lib\site-packages\appium\webdriver\webdriver.py", line 219, in find_element

    'value': value})['value']

  File "C:\Python27\lib\site-packages\selenium\webdriver\remote\webdriver.py", line 321, in execute

    self.error_handler.check_response(response)

  File "C:\Python27\lib\site-packages\appium\webdriver\errorhandler.py", line 29, in check_response

    raise wde

NoSuchElementException: Message: An element could not be located on the page using the given search parameters.





consumed time: 43.4060001373 s

jacoco time: 5.00300002098 s

firsttestcase 3_028 end

firsttestcase 3_029 start:
cmd:[python, C:\Users\yifeiLu\Documents\TestingProjectHome\calenderNotification\testcase\firstcases\testcase3_029.py]

OK

consumed time: 53.6040000916 s

jacoco time: 5.0039999485 s

firsttestcase 3_029 end

firsttestcase 4_000 start:
cmd:[python, C:\Users\yifeiLu\Documents\TestingProjectHome\calenderNotification\testcase\firstcases\testcase4_000.py]

FAIL

str(e):		Message: An element could not be located on the page using the given search parameters.



repr(e):	NoSuchElementException()

Traceback (most recent call last):

  File "C:\Users\yifeiLu\Documents\TestingProjectHome\calenderNotification\testcase\firstcases\testcase4_000.py", line 204, in <module>

    element = getElememt(driver, "new UiSelector().resourceId(\"android:id/numberpicker_input\").className(\"android.widget.EditText\")")

  File "C:\Users\yifeiLu\Documents\TestingProjectHome\calenderNotification\testcase\firstcases\testcase4_000.py", line 34, in getElememt

    element = driver.find_element_by_android_uiautomator(str)

  File "C:\Python27\lib\site-packages\appium\webdriver\webdriver.py", line 327, in find_element_by_android_uiautomator

    return self.find_element(by=By.ANDROID_UIAUTOMATOR, value=uia_string)

  File "C:\Python27\lib\site-packages\appium\webdriver\webdriver.py", line 219, in find_element

    'value': value})['value']

  File "C:\Python27\lib\site-packages\selenium\webdriver\remote\webdriver.py", line 321, in execute

    self.error_handler.check_response(response)

  File "C:\Python27\lib\site-packages\appium\webdriver\errorhandler.py", line 29, in check_response

    raise wde

NoSuchElementException: Message: An element could not be located on the page using the given search parameters.





consumed time: 17.9839999676 s

jacoco time: 5.00300002098 s

firsttestcase 4_000 end

firsttestcase 4_001 start:
cmd:[python, C:\Users\yifeiLu\Documents\TestingProjectHome\calenderNotification\testcase\firstcases\testcase4_001.py]

OK

consumed time: 17.0700001717 s

jacoco time: 5.00300002098 s

firsttestcase 4_001 end

firsttestcase 4_002 start:
cmd:[python, C:\Users\yifeiLu\Documents\TestingProjectHome\calenderNotification\testcase\firstcases\testcase4_002.py]

OK

consumed time: 65.2279999256 s

jacoco time: 5.0039999485 s

firsttestcase 4_002 end

firsttestcase 4_003 start:
cmd:[python, C:\Users\yifeiLu\Documents\TestingProjectHome\calenderNotification\testcase\firstcases\testcase4_003.py]

FAIL

str(e):		Message: An element could not be located on the page using the given search parameters.



repr(e):	NoSuchElementException()

Traceback (most recent call last):

  File "C:\Users\yifeiLu\Documents\TestingProjectHome\calenderNotification\testcase\firstcases\testcase4_003.py", line 208, in <module>

    element = getElememt(driver, "new UiSelector().className(\"android.widget.ImageButton\").description(\"Navigate up\")")

  File "C:\Users\yifeiLu\Documents\TestingProjectHome\calenderNotification\testcase\firstcases\testcase4_003.py", line 34, in getElememt

    element = driver.find_element_by_android_uiautomator(str)

  File "C:\Python27\lib\site-packages\appium\webdriver\webdriver.py", line 327, in find_element_by_android_uiautomator

    return self.find_element(by=By.ANDROID_UIAUTOMATOR, value=uia_string)

  File "C:\Python27\lib\site-packages\appium\webdriver\webdriver.py", line 219, in find_element

    'value': value})['value']

  File "C:\Python27\lib\site-packages\selenium\webdriver\remote\webdriver.py", line 321, in execute

    self.error_handler.check_response(response)

  File "C:\Python27\lib\site-packages\appium\webdriver\errorhandler.py", line 29, in check_response

    raise wde

NoSuchElementException: Message: An element could not be located on the page using the given search parameters.





consumed time: 21.4049999714 s

jacoco time: 5.00300002098 s

firsttestcase 4_003 end

firsttestcase 4_004 start:
cmd:[python, C:\Users\yifeiLu\Documents\TestingProjectHome\calenderNotification\testcase\firstcases\testcase4_004.py]

FAIL

str(e):		Message: An element could not be located on the page using the given search parameters.



repr(e):	NoSuchElementException()

Traceback (most recent call last):

  File "C:\Users\yifeiLu\Documents\TestingProjectHome\calenderNotification\testcase\firstcases\testcase4_004.py", line 204, in <module>

    element = getElememtBack(driver, "new UiSelector().text(\"2017\")", "new UiSelector().className(\"android.widget.Button\").instance(4)")

  File "C:\Users\yifeiLu\Documents\TestingProjectHome\calenderNotification\testcase\firstcases\testcase4_004.py", line 53, in getElememtBack

    element = driver.find_element_by_android_uiautomator(str2)

  File "C:\Python27\lib\site-packages\appium\webdriver\webdriver.py", line 327, in find_element_by_android_uiautomator

    return self.find_element(by=By.ANDROID_UIAUTOMATOR, value=uia_string)

  File "C:\Python27\lib\site-packages\appium\webdriver\webdriver.py", line 219, in find_element

    'value': value})['value']

  File "C:\Python27\lib\site-packages\selenium\webdriver\remote\webdriver.py", line 321, in execute

    self.error_handler.check_response(response)

  File "C:\Python27\lib\site-packages\appium\webdriver\errorhandler.py", line 29, in check_response

    raise wde

NoSuchElementException: Message: An element could not be located on the page using the given search parameters.





consumed time: 19.9049999714 s

jacoco time: 5.00300002098 s

firsttestcase 4_004 end

firsttestcase 4_005 start:
cmd:[python, C:\Users\yifeiLu\Documents\TestingProjectHome\calenderNotification\testcase\firstcases\testcase4_005.py]

OK

consumed time: 9.5720000267 s

jacoco time: 5.00200009346 s

firsttestcase 4_005 end

firsttestcase 4_006 start:
cmd:[python, C:\Users\yifeiLu\Documents\TestingProjectHome\calenderNotification\testcase\firstcases\testcase4_006.py]

FAIL

str(e):		Message: An element could not be located on the page using the given search parameters.



repr(e):	NoSuchElementException()

Traceback (most recent call last):

  File "C:\Users\yifeiLu\Documents\TestingProjectHome\calenderNotification\testcase\firstcases\testcase4_006.py", line 208, in <module>

    element = getElememtBack(driver, "new UiSelector().text(\"1 hour\")", "new UiSelector().className(\"android.widget.TextView\").instance(7)")

  File "C:\Users\yifeiLu\Documents\TestingProjectHome\calenderNotification\testcase\firstcases\testcase4_006.py", line 53, in getElememtBack

    element = driver.find_element_by_android_uiautomator(str2)

  File "C:\Python27\lib\site-packages\appium\webdriver\webdriver.py", line 327, in find_element_by_android_uiautomator

    return self.find_element(by=By.ANDROID_UIAUTOMATOR, value=uia_string)

  File "C:\Python27\lib\site-packages\appium\webdriver\webdriver.py", line 219, in find_element

    'value': value})['value']

  File "C:\Python27\lib\site-packages\selenium\webdriver\remote\webdriver.py", line 321, in execute

    self.error_handler.check_response(response)

  File "C:\Python27\lib\site-packages\appium\webdriver\errorhandler.py", line 29, in check_response

    raise wde

NoSuchElementException: Message: An element could not be located on the page using the given search parameters.





consumed time: 31.8209998608 s

jacoco time: 5.00400018692 s

firsttestcase 4_006 end

firsttestcase 4_007 start:
cmd:[python, C:\Users\yifeiLu\Documents\TestingProjectHome\calenderNotification\testcase\firstcases\testcase4_007.py]

OK

consumed time: 11.5209999084 s

jacoco time: 5.00500011444 s

firsttestcase 4_007 end

firsttestcase 4_008 start:
cmd:[python, C:\Users\yifeiLu\Documents\TestingProjectHome\calenderNotification\testcase\firstcases\testcase4_008.py]

OK

consumed time: 31.2029998302 s

jacoco time: 5.00500011444 s

firsttestcase 4_008 end

firsttestcase 4_009 start:
cmd:[python, C:\Users\yifeiLu\Documents\TestingProjectHome\calenderNotification\testcase\firstcases\testcase4_009.py]

OK

consumed time: 67.0390000343 s

jacoco time: 5.00300002098 s

firsttestcase 4_009 end

firsttestcase 4_010 start:
cmd:[python, C:\Users\yifeiLu\Documents\TestingProjectHome\calenderNotification\testcase\firstcases\testcase4_010.py]

OK

consumed time: 18.5130000114 s

jacoco time: 5.00299978256 s

firsttestcase 4_010 end

firsttestcase 4_011 start:
cmd:[python, C:\Users\yifeiLu\Documents\TestingProjectHome\calenderNotification\testcase\firstcases\testcase4_011.py]

OK

consumed time: 38.1710000038 s

jacoco time: 5.00300002098 s

firsttestcase 4_011 end

firsttestcase 4_012 start:
cmd:[python, C:\Users\yifeiLu\Documents\TestingProjectHome\calenderNotification\testcase\firstcases\testcase4_012.py]

OK

consumed time: 25.6680002213 s

jacoco time: 5.00299978256 s

firsttestcase 4_012 end

firsttestcase 4_013 start:
cmd:[python, C:\Users\yifeiLu\Documents\TestingProjectHome\calenderNotification\testcase\firstcases\testcase4_013.py]

FAIL

str(e):		Message: UiSelector[CLASS=android.widget.ImageButton, RESOURCE_ID=com.github.quarck.calnotify:id/action_btn_add_event]



repr(e):	NoSuchElementException()

Traceback (most recent call last):

  File "C:\Users\yifeiLu\Documents\TestingProjectHome\calenderNotification\testcase\firstcases\testcase4_013.py", line 223, in <module>

    TouchAction(driver).tap(element).perform()

  File "C:\Python27\lib\site-packages\appium\webdriver\common\touch_action.py", line 96, in perform

    self._driver.execute(Command.TOUCH_ACTION, params)

  File "C:\Python27\lib\site-packages\selenium\webdriver\remote\webdriver.py", line 321, in execute

    self.error_handler.check_response(response)

  File "C:\Python27\lib\site-packages\appium\webdriver\errorhandler.py", line 29, in check_response

    raise wde

NoSuchElementException: Message: UiSelector[CLASS=android.widget.ImageButton, RESOURCE_ID=com.github.quarck.calnotify:id/action_btn_add_event]





consumed time: 50.0530002117 s

jacoco time: 5.00299978256 s

firsttestcase 4_013 end

firsttestcase 4_014 start:
cmd:[python, C:\Users\yifeiLu\Documents\TestingProjectHome\calenderNotification\testcase\firstcases\testcase4_014.py]

OK

consumed time: 78.1500000954 s

jacoco time: 5.00300002098 s

firsttestcase 4_014 end

firsttestcase 4_015 start:
cmd:[python, C:\Users\yifeiLu\Documents\TestingProjectHome\calenderNotification\testcase\firstcases\testcase4_015.py]

FAIL

str(e):		Message: An element could not be located on the page using the given search parameters.



repr(e):	NoSuchElementException()

Traceback (most recent call last):

  File "C:\Users\yifeiLu\Documents\TestingProjectHome\calenderNotification\testcase\firstcases\testcase4_015.py", line 212, in <module>

    element = getElememtBack(driver, "new UiSelector().text(\"4 hours\")", "new UiSelector().className(\"android.widget.TextView\").instance(10)")

  File "C:\Users\yifeiLu\Documents\TestingProjectHome\calenderNotification\testcase\firstcases\testcase4_015.py", line 53, in getElememtBack

    element = driver.find_element_by_android_uiautomator(str2)

  File "C:\Python27\lib\site-packages\appium\webdriver\webdriver.py", line 327, in find_element_by_android_uiautomator

    return self.find_element(by=By.ANDROID_UIAUTOMATOR, value=uia_string)

  File "C:\Python27\lib\site-packages\appium\webdriver\webdriver.py", line 219, in find_element

    'value': value})['value']

  File "C:\Python27\lib\site-packages\selenium\webdriver\remote\webdriver.py", line 321, in execute

    self.error_handler.check_response(response)

  File "C:\Python27\lib\site-packages\appium\webdriver\errorhandler.py", line 29, in check_response

    raise wde

NoSuchElementException: Message: An element could not be located on the page using the given search parameters.





consumed time: 30.3399999142 s

jacoco time: 5.00300002098 s

firsttestcase 4_015 end

firsttestcase 4_016 start:
cmd:[python, C:\Users\yifeiLu\Documents\TestingProjectHome\calenderNotification\testcase\firstcases\testcase4_016.py]

FAIL

str(e):		Message: An element could not be located on the page using the given search parameters.



repr(e):	NoSuchElementException()

Traceback (most recent call last):

  File "C:\Users\yifeiLu\Documents\TestingProjectHome\calenderNotification\testcase\firstcases\testcase4_016.py", line 230, in <module>

    element = getElememtBack(driver, "new UiSelector().text(\"Cancel\")", "new UiSelector().className(\"android.widget.Button\")")

  File "C:\Users\yifeiLu\Documents\TestingProjectHome\calenderNotification\testcase\firstcases\testcase4_016.py", line 53, in getElememtBack

    element = driver.find_element_by_android_uiautomator(str2)

  File "C:\Python27\lib\site-packages\appium\webdriver\webdriver.py", line 327, in find_element_by_android_uiautomator

    return self.find_element(by=By.ANDROID_UIAUTOMATOR, value=uia_string)

  File "C:\Python27\lib\site-packages\appium\webdriver\webdriver.py", line 219, in find_element

    'value': value})['value']

  File "C:\Python27\lib\site-packages\selenium\webdriver\remote\webdriver.py", line 321, in execute

    self.error_handler.check_response(response)

  File "C:\Python27\lib\site-packages\appium\webdriver\errorhandler.py", line 29, in check_response

    raise wde

NoSuchElementException: Message: An element could not be located on the page using the given search parameters.





consumed time: 38.9449999332 s

jacoco time: 5.00200009346 s

firsttestcase 4_016 end

firsttestcase 4_017 start:
cmd:[python, C:\Users\yifeiLu\Documents\TestingProjectHome\calenderNotification\testcase\firstcases\testcase4_017.py]

FAIL

str(e):		Message: An element could not be located on the page using the given search parameters.



repr(e):	NoSuchElementException()

Traceback (most recent call last):

  File "C:\Users\yifeiLu\Documents\TestingProjectHome\calenderNotification\testcase\firstcases\testcase4_017.py", line 204, in <module>

    element = getElememtBack(driver, "new UiSelector().text(\"Mar\")", "new UiSelector().className(\"android.widget.Button\").instance(1)")

  File "C:\Users\yifeiLu\Documents\TestingProjectHome\calenderNotification\testcase\firstcases\testcase4_017.py", line 53, in getElememtBack

    element = driver.find_element_by_android_uiautomator(str2)

  File "C:\Python27\lib\site-packages\appium\webdriver\webdriver.py", line 327, in find_element_by_android_uiautomator

    return self.find_element(by=By.ANDROID_UIAUTOMATOR, value=uia_string)

  File "C:\Python27\lib\site-packages\appium\webdriver\webdriver.py", line 219, in find_element

    'value': value})['value']

  File "C:\Python27\lib\site-packages\selenium\webdriver\remote\webdriver.py", line 321, in execute

    self.error_handler.check_response(response)

  File "C:\Python27\lib\site-packages\appium\webdriver\errorhandler.py", line 29, in check_response

    raise wde

NoSuchElementException: Message: An element could not be located on the page using the given search parameters.





consumed time: 23.1370000839 s

jacoco time: 5.0039999485 s

firsttestcase 4_017 end

firsttestcase 4_018 start:
cmd:[python, C:\Users\yifeiLu\Documents\TestingProjectHome\calenderNotification\testcase\firstcases\testcase4_018.py]

FAIL

str(e):		Message: An element could not be located on the page using the given search parameters.



repr(e):	NoSuchElementException()

Traceback (most recent call last):

  File "C:\Users\yifeiLu\Documents\TestingProjectHome\calenderNotification\testcase\firstcases\testcase4_018.py", line 236, in <module>

    element = getElememtBack(driver, "new UiSelector().text(\"Feb\")", "new UiSelector().className(\"android.widget.Button\")")

  File "C:\Users\yifeiLu\Documents\TestingProjectHome\calenderNotification\testcase\firstcases\testcase4_018.py", line 53, in getElememtBack

    element = driver.find_element_by_android_uiautomator(str2)

  File "C:\Python27\lib\site-packages\appium\webdriver\webdriver.py", line 327, in find_element_by_android_uiautomator

    return self.find_element(by=By.ANDROID_UIAUTOMATOR, value=uia_string)

  File "C:\Python27\lib\site-packages\appium\webdriver\webdriver.py", line 219, in find_element

    'value': value})['value']

  File "C:\Python27\lib\site-packages\selenium\webdriver\remote\webdriver.py", line 321, in execute

    self.error_handler.check_response(response)

  File "C:\Python27\lib\site-packages\appium\webdriver\errorhandler.py", line 29, in check_response

    raise wde

NoSuchElementException: Message: An element could not be located on the page using the given search parameters.





consumed time: 82.3169999123 s

jacoco time: 5.00200009346 s

firsttestcase 4_018 end

firsttestcase 4_019 start:
cmd:[python, C:\Users\yifeiLu\Documents\TestingProjectHome\calenderNotification\testcase\firstcases\testcase4_019.py]

OK

consumed time: 82.7149999142 s

jacoco time: 5.00400018692 s

firsttestcase 4_019 end

firsttestcase 4_020 start:
cmd:[python, C:\Users\yifeiLu\Documents\TestingProjectHome\calenderNotification\testcase\firstcases\testcase4_020.py]

FAIL

str(e):		Message: UiSelector[CLASS=android.widget.ImageView, RESOURCE_ID=com.github.quarck.calnotify:id/imageview_is_muted_indicator]



repr(e):	NoSuchElementException()

Traceback (most recent call last):

  File "C:\Users\yifeiLu\Documents\TestingProjectHome\calenderNotification\testcase\firstcases\testcase4_020.py", line 212, in <module>

    TouchAction(driver).tap(element).perform()

  File "C:\Python27\lib\site-packages\appium\webdriver\common\touch_action.py", line 96, in perform

    self._driver.execute(Command.TOUCH_ACTION, params)

  File "C:\Python27\lib\site-packages\selenium\webdriver\remote\webdriver.py", line 321, in execute

    self.error_handler.check_response(response)

  File "C:\Python27\lib\site-packages\appium\webdriver\errorhandler.py", line 29, in check_response

    raise wde

NoSuchElementException: Message: UiSelector[CLASS=android.widget.ImageView, RESOURCE_ID=com.github.quarck.calnotify:id/imageview_is_muted_indicator]





consumed time: 27.6679999828 s

jacoco time: 5.00400018692 s

firsttestcase 4_020 end

firsttestcase 4_021 start:
cmd:[python, C:\Users\yifeiLu\Documents\TestingProjectHome\calenderNotification\testcase\firstcases\testcase4_021.py]

OK

consumed time: 64.5739998817 s

jacoco time: 5.0039999485 s

firsttestcase 4_021 end

firsttestcase 4_022 start:
cmd:[python, C:\Users\yifeiLu\Documents\TestingProjectHome\calenderNotification\testcase\firstcases\testcase4_022.py]

OK

consumed time: 22.5620000362 s

jacoco time: 5.00300002098 s

firsttestcase 4_022 end

firsttestcase 4_023 start:
cmd:[python, C:\Users\yifeiLu\Documents\TestingProjectHome\calenderNotification\testcase\firstcases\testcase4_023.py]

OK

consumed time: 61.9480001926 s

jacoco time: 5.0039999485 s

firsttestcase 4_023 end

firsttestcase 4_024 start:
cmd:[python, C:\Users\yifeiLu\Documents\TestingProjectHome\calenderNotification\testcase\firstcases\testcase4_024.py]

OK

consumed time: 55.0700001717 s

jacoco time: 5.00300002098 s

firsttestcase 4_024 end

firsttestcase 4_025 start:
cmd:[python, C:\Users\yifeiLu\Documents\TestingProjectHome\calenderNotification\testcase\firstcases\testcase4_025.py]

FAIL

str(e):		Message: An element could not be located on the page using the given search parameters.



repr(e):	NoSuchElementException()

Traceback (most recent call last):

  File "C:\Users\yifeiLu\Documents\TestingProjectHome\calenderNotification\testcase\firstcases\testcase4_025.py", line 232, in <module>

    element = getElememtBack(driver, "new UiSelector().text(\"Oct\")", "new UiSelector().className(\"android.widget.Button\").instance(1)")

  File "C:\Users\yifeiLu\Documents\TestingProjectHome\calenderNotification\testcase\firstcases\testcase4_025.py", line 53, in getElememtBack

    element = driver.find_element_by_android_uiautomator(str2)

  File "C:\Python27\lib\site-packages\appium\webdriver\webdriver.py", line 327, in find_element_by_android_uiautomator

    return self.find_element(by=By.ANDROID_UIAUTOMATOR, value=uia_string)

  File "C:\Python27\lib\site-packages\appium\webdriver\webdriver.py", line 219, in find_element

    'value': value})['value']

  File "C:\Python27\lib\site-packages\selenium\webdriver\remote\webdriver.py", line 321, in execute

    self.error_handler.check_response(response)

  File "C:\Python27\lib\site-packages\appium\webdriver\errorhandler.py", line 29, in check_response

    raise wde

NoSuchElementException: Message: An element could not be located on the page using the given search parameters.





consumed time: 59.1569998264 s

jacoco time: 5.00400018692 s

firsttestcase 4_025 end

firsttestcase 4_026 start:
cmd:[python, C:\Users\yifeiLu\Documents\TestingProjectHome\calenderNotification\testcase\firstcases\testcase4_026.py]

OK

consumed time: 47.9830000401 s

jacoco time: 5.00499987602 s

firsttestcase 4_026 end

firsttestcase 4_027 start:
cmd:[python, C:\Users\yifeiLu\Documents\TestingProjectHome\calenderNotification\testcase\firstcases\testcase4_027.py]

OK

consumed time: 80.9350001812 s

jacoco time: 5.00300002098 s

firsttestcase 4_027 end

firsttestcase 4_028 start:
cmd:[python, C:\Users\yifeiLu\Documents\TestingProjectHome\calenderNotification\testcase\firstcases\testcase4_028.py]

FAIL

str(e):		Message: An element could not be located on the page using the given search parameters.



repr(e):	NoSuchElementException()

Traceback (most recent call last):

  File "C:\Users\yifeiLu\Documents\TestingProjectHome\calenderNotification\testcase\firstcases\testcase4_028.py", line 226, in <module>

    element = getElememt(driver, "new UiSelector().className(\"android.widget.ImageButton\").instance(2)")

  File "C:\Users\yifeiLu\Documents\TestingProjectHome\calenderNotification\testcase\firstcases\testcase4_028.py", line 34, in getElememt

    element = driver.find_element_by_android_uiautomator(str)

  File "C:\Python27\lib\site-packages\appium\webdriver\webdriver.py", line 327, in find_element_by_android_uiautomator

    return self.find_element(by=By.ANDROID_UIAUTOMATOR, value=uia_string)

  File "C:\Python27\lib\site-packages\appium\webdriver\webdriver.py", line 219, in find_element

    'value': value})['value']

  File "C:\Python27\lib\site-packages\selenium\webdriver\remote\webdriver.py", line 321, in execute

    self.error_handler.check_response(response)

  File "C:\Python27\lib\site-packages\appium\webdriver\errorhandler.py", line 29, in check_response

    raise wde

NoSuchElementException: Message: An element could not be located on the page using the given search parameters.





consumed time: 39.9099998474 s

jacoco time: 5.00300002098 s

firsttestcase 4_028 end

firsttestcase 4_029 start:
cmd:[python, C:\Users\yifeiLu\Documents\TestingProjectHome\calenderNotification\testcase\firstcases\testcase4_029.py]

OK

consumed time: 74.7529997826 s

jacoco time: 5.00400018692 s

firsttestcase 4_029 end

firsttestcase 5_000 start:
cmd:[python, C:\Users\yifeiLu\Documents\TestingProjectHome\calenderNotification\testcase\firstcases\testcase5_000.py]

FAIL

str(e):		Message: An element could not be located on the page using the given search parameters.



repr(e):	NoSuchElementException()

Traceback (most recent call last):

  File "C:\Users\yifeiLu\Documents\TestingProjectHome\calenderNotification\testcase\firstcases\testcase5_000.py", line 233, in <module>

    element = getElememtBack(driver, "new UiSelector().text(\"Until specific time and date\")", "new UiSelector().className(\"android.widget.TextView\").instance(15)")

  File "C:\Users\yifeiLu\Documents\TestingProjectHome\calenderNotification\testcase\firstcases\testcase5_000.py", line 53, in getElememtBack

    element = driver.find_element_by_android_uiautomator(str2)

  File "C:\Python27\lib\site-packages\appium\webdriver\webdriver.py", line 327, in find_element_by_android_uiautomator

    return self.find_element(by=By.ANDROID_UIAUTOMATOR, value=uia_string)

  File "C:\Python27\lib\site-packages\appium\webdriver\webdriver.py", line 219, in find_element

    'value': value})['value']

  File "C:\Python27\lib\site-packages\selenium\webdriver\remote\webdriver.py", line 321, in execute

    self.error_handler.check_response(response)

  File "C:\Python27\lib\site-packages\appium\webdriver\errorhandler.py", line 29, in check_response

    raise wde

NoSuchElementException: Message: An element could not be located on the page using the given search parameters.





consumed time: 45.6970000267 s

jacoco time: 5.00300002098 s

firsttestcase 5_000 end

firsttestcase 5_001 start:
cmd:[python, C:\Users\yifeiLu\Documents\TestingProjectHome\calenderNotification\testcase\firstcases\testcase5_001.py]

OK

consumed time: 31.4760000706 s

jacoco time: 5.00200009346 s

firsttestcase 5_001 end

firsttestcase 5_002 start:
cmd:[python, C:\Users\yifeiLu\Documents\TestingProjectHome\calenderNotification\testcase\firstcases\testcase5_002.py]

OK

consumed time: 33.3949999809 s

jacoco time: 5.0039999485 s

firsttestcase 5_002 end

firsttestcase 5_003 start:
cmd:[python, C:\Users\yifeiLu\Documents\TestingProjectHome\calenderNotification\testcase\firstcases\testcase5_003.py]

OK

consumed time: 58.632999897 s

jacoco time: 5.0039999485 s

firsttestcase 5_003 end

firsttestcase 5_004 start:
cmd:[python, C:\Users\yifeiLu\Documents\TestingProjectHome\calenderNotification\testcase\firstcases\testcase5_004.py]

OK

consumed time: 16.3519999981 s

jacoco time: 5.00400018692 s

firsttestcase 5_004 end

firsttestcase 5_005 start:
cmd:[python, C:\Users\yifeiLu\Documents\TestingProjectHome\calenderNotification\testcase\firstcases\testcase5_005.py]

OK

consumed time: 73.6059999466 s

jacoco time: 5.0039999485 s

firsttestcase 5_005 end

firsttestcase 5_006 start:
cmd:[python, C:\Users\yifeiLu\Documents\TestingProjectHome\calenderNotification\testcase\firstcases\testcase5_006.py]

OK

consumed time: 85.5949997902 s

jacoco time: 5.00300002098 s

firsttestcase 5_006 end

firsttestcase 5_007 start:
cmd:[python, C:\Users\yifeiLu\Documents\TestingProjectHome\calenderNotification\testcase\firstcases\testcase5_007.py]

OK

consumed time: 60.9189999104 s

jacoco time: 5.00300002098 s

firsttestcase 5_007 end

firsttestcase 5_008 start:
cmd:[python, C:\Users\yifeiLu\Documents\TestingProjectHome\calenderNotification\testcase\firstcases\testcase5_008.py]

FAIL

str(e):		Message: An element could not be located on the page using the given search parameters.



repr(e):	NoSuchElementException()

Traceback (most recent call last):

  File "C:\Users\yifeiLu\Documents\TestingProjectHome\calenderNotification\testcase\firstcases\testcase5_008.py", line 238, in <module>

    element = getElememtBack(driver, "new UiSelector().text(\"OK\")", "new UiSelector().className(\"android.widget.Button\").instance(1)")

  File "C:\Users\yifeiLu\Documents\TestingProjectHome\calenderNotification\testcase\firstcases\testcase5_008.py", line 53, in getElememtBack

    element = driver.find_element_by_android_uiautomator(str2)

  File "C:\Python27\lib\site-packages\appium\webdriver\webdriver.py", line 327, in find_element_by_android_uiautomator

    return self.find_element(by=By.ANDROID_UIAUTOMATOR, value=uia_string)

  File "C:\Python27\lib\site-packages\appium\webdriver\webdriver.py", line 219, in find_element

    'value': value})['value']

  File "C:\Python27\lib\site-packages\selenium\webdriver\remote\webdriver.py", line 321, in execute

    self.error_handler.check_response(response)

  File "C:\Python27\lib\site-packages\appium\webdriver\errorhandler.py", line 29, in check_response

    raise wde

NoSuchElementException: Message: An element could not be located on the page using the given search parameters.





consumed time: 60.6059999466 s

jacoco time: 5.00200009346 s

firsttestcase 5_008 end

firsttestcase 5_009 start:
cmd:[python, C:\Users\yifeiLu\Documents\TestingProjectHome\calenderNotification\testcase\firstcases\testcase5_009.py]

FAIL

str(e):		Message: An element could not be located on the page using the given search parameters.



repr(e):	NoSuchElementException()

Traceback (most recent call last):

  File "C:\Users\yifeiLu\Documents\TestingProjectHome\calenderNotification\testcase\firstcases\testcase5_009.py", line 204, in <module>

    element = getElememt(driver, "new UiSelector().resourceId(\"android:id/numberpicker_input\").className(\"android.widget.EditText\")")

  File "C:\Users\yifeiLu\Documents\TestingProjectHome\calenderNotification\testcase\firstcases\testcase5_009.py", line 34, in getElememt

    element = driver.find_element_by_android_uiautomator(str)

  File "C:\Python27\lib\site-packages\appium\webdriver\webdriver.py", line 327, in find_element_by_android_uiautomator

    return self.find_element(by=By.ANDROID_UIAUTOMATOR, value=uia_string)

  File "C:\Python27\lib\site-packages\appium\webdriver\webdriver.py", line 219, in find_element

    'value': value})['value']

  File "C:\Python27\lib\site-packages\selenium\webdriver\remote\webdriver.py", line 321, in execute

    self.error_handler.check_response(response)

  File "C:\Python27\lib\site-packages\appium\webdriver\errorhandler.py", line 29, in check_response

    raise wde

NoSuchElementException: Message: An element could not be located on the page using the given search parameters.





consumed time: 17.8440001011 s

jacoco time: 5.00300002098 s

firsttestcase 5_009 end

firsttestcase 5_010 start:
cmd:[python, C:\Users\yifeiLu\Documents\TestingProjectHome\calenderNotification\testcase\firstcases\testcase5_010.py]

FAIL

str(e):		Message: An element could not be located on the page using the given search parameters.



repr(e):	NoSuchElementException()

Traceback (most recent call last):

  File "C:\Users\yifeiLu\Documents\TestingProjectHome\calenderNotification\testcase\firstcases\testcase5_010.py", line 210, in <module>

    element = getElememt(driver, "new UiSelector().resourceId(\"com.github.quarck.calnotify:id/snooze_view_menu\").className(\"android.widget.ImageView\")")

  File "C:\Users\yifeiLu\Documents\TestingProjectHome\calenderNotification\testcase\firstcases\testcase5_010.py", line 34, in getElememt

    element = driver.find_element_by_android_uiautomator(str)

  File "C:\Python27\lib\site-packages\appium\webdriver\webdriver.py", line 327, in find_element_by_android_uiautomator

    return self.find_element(by=By.ANDROID_UIAUTOMATOR, value=uia_string)

  File "C:\Python27\lib\site-packages\appium\webdriver\webdriver.py", line 219, in find_element

    'value': value})['value']

  File "C:\Python27\lib\site-packages\selenium\webdriver\remote\webdriver.py", line 321, in execute

    self.error_handler.check_response(response)

  File "C:\Python27\lib\site-packages\appium\webdriver\errorhandler.py", line 29, in check_response

    raise wde

NoSuchElementException: Message: An element could not be located on the page using the given search parameters.





consumed time: 25.3759999275 s

jacoco time: 5.00300002098 s

firsttestcase 5_010 end

firsttestcase 5_011 start:
cmd:[python, C:\Users\yifeiLu\Documents\TestingProjectHome\calenderNotification\testcase\firstcases\testcase5_011.py]

OK

consumed time: 10.8180000782 s

jacoco time: 5.0039999485 s

firsttestcase 5_011 end

firsttestcase 5_012 start:
cmd:[python, C:\Users\yifeiLu\Documents\TestingProjectHome\calenderNotification\testcase\firstcases\testcase5_012.py]

FAIL

str(e):		Message: An element could not be located on the page using the given search parameters.



repr(e):	NoSuchElementException()

Traceback (most recent call last):

  File "C:\Users\yifeiLu\Documents\TestingProjectHome\calenderNotification\testcase\firstcases\testcase5_012.py", line 219, in <module>

    element = getElememt(driver, "new UiSelector().resourceId(\"com.github.quarck.calnotify:id/floating_edit_button\").className(\"android.widget.ImageButton\")")

  File "C:\Users\yifeiLu\Documents\TestingProjectHome\calenderNotification\testcase\firstcases\testcase5_012.py", line 34, in getElememt

    element = driver.find_element_by_android_uiautomator(str)

  File "C:\Python27\lib\site-packages\appium\webdriver\webdriver.py", line 327, in find_element_by_android_uiautomator

    return self.find_element(by=By.ANDROID_UIAUTOMATOR, value=uia_string)

  File "C:\Python27\lib\site-packages\appium\webdriver\webdriver.py", line 219, in find_element

    'value': value})['value']

  File "C:\Python27\lib\site-packages\selenium\webdriver\remote\webdriver.py", line 321, in execute

    self.error_handler.check_response(response)

  File "C:\Python27\lib\site-packages\appium\webdriver\errorhandler.py", line 29, in check_response

    raise wde

NoSuchElementException: Message: An element could not be located on the page using the given search parameters.





consumed time: 32.4229998589 s

jacoco time: 5.00300002098 s

firsttestcase 5_012 end

firsttestcase 5_013 start:
cmd:[python, C:\Users\yifeiLu\Documents\TestingProjectHome\calenderNotification\testcase\firstcases\testcase5_013.py]

OK

consumed time: 18.5269999504 s

jacoco time: 5.0039999485 s

firsttestcase 5_013 end

firsttestcase 5_014 start:
cmd:[python, C:\Users\yifeiLu\Documents\TestingProjectHome\calenderNotification\testcase\firstcases\testcase5_014.py]

OK

consumed time: 61.9389998913 s

jacoco time: 5.00300002098 s

firsttestcase 5_014 end

firsttestcase 5_015 start:
cmd:[python, C:\Users\yifeiLu\Documents\TestingProjectHome\calenderNotification\testcase\firstcases\testcase5_015.py]

OK

consumed time: 82.635999918 s

jacoco time: 5.00500011444 s

firsttestcase 5_015 end

firsttestcase 5_016 start:
cmd:[python, C:\Users\yifeiLu\Documents\TestingProjectHome\calenderNotification\testcase\firstcases\testcase5_016.py]

FAIL

str(e):		Message: An element could not be located on the page using the given search parameters.



repr(e):	NoSuchElementException()

Traceback (most recent call last):

  File "C:\Users\yifeiLu\Documents\TestingProjectHome\calenderNotification\testcase\firstcases\testcase5_016.py", line 206, in <module>

    element = getElememt(driver, "new UiSelector().className(\"android.widget.ImageView\").description(\"navigate back\")")

  File "C:\Users\yifeiLu\Documents\TestingProjectHome\calenderNotification\testcase\firstcases\testcase5_016.py", line 34, in getElememt

    element = driver.find_element_by_android_uiautomator(str)

  File "C:\Python27\lib\site-packages\appium\webdriver\webdriver.py", line 327, in find_element_by_android_uiautomator

    return self.find_element(by=By.ANDROID_UIAUTOMATOR, value=uia_string)

  File "C:\Python27\lib\site-packages\appium\webdriver\webdriver.py", line 219, in find_element

    'value': value})['value']

  File "C:\Python27\lib\site-packages\selenium\webdriver\remote\webdriver.py", line 321, in execute

    self.error_handler.check_response(response)

  File "C:\Python27\lib\site-packages\appium\webdriver\errorhandler.py", line 29, in check_response

    raise wde

NoSuchElementException: Message: An element could not be located on the page using the given search parameters.





consumed time: 20.7309999466 s

jacoco time: 5.00300002098 s

firsttestcase 5_016 end

firsttestcase 5_017 start:
cmd:[python, C:\Users\yifeiLu\Documents\TestingProjectHome\calenderNotification\testcase\firstcases\testcase5_017.py]

FAIL

str(e):		Message: An element could not be located on the page using the given search parameters.



repr(e):	NoSuchElementException()

Traceback (most recent call last):

  File "C:\Users\yifeiLu\Documents\TestingProjectHome\calenderNotification\testcase\firstcases\testcase5_017.py", line 208, in <module>

    element = getElememtBack(driver, "new UiSelector().text(\"Cancel\")", "new UiSelector().className(\"android.widget.Button\")")

  File "C:\Users\yifeiLu\Documents\TestingProjectHome\calenderNotification\testcase\firstcases\testcase5_017.py", line 53, in getElememtBack

    element = driver.find_element_by_android_uiautomator(str2)

  File "C:\Python27\lib\site-packages\appium\webdriver\webdriver.py", line 327, in find_element_by_android_uiautomator

    return self.find_element(by=By.ANDROID_UIAUTOMATOR, value=uia_string)

  File "C:\Python27\lib\site-packages\appium\webdriver\webdriver.py", line 219, in find_element

    'value': value})['value']

  File "C:\Python27\lib\site-packages\selenium\webdriver\remote\webdriver.py", line 321, in execute

    self.error_handler.check_response(response)

  File "C:\Python27\lib\site-packages\appium\webdriver\errorhandler.py", line 29, in check_response

    raise wde

NoSuchElementException: Message: An element could not be located on the page using the given search parameters.





consumed time: 20.126999855 s

jacoco time: 5.00300002098 s

firsttestcase 5_017 end

firsttestcase 5_018 start:
cmd:[python, C:\Users\yifeiLu\Documents\TestingProjectHome\calenderNotification\testcase\firstcases\testcase5_018.py]

OK

consumed time: 72.736000061 s

jacoco time: 5.00300002098 s

firsttestcase 5_018 end

firsttestcase 5_019 start:
cmd:[python, C:\Users\yifeiLu\Documents\TestingProjectHome\calenderNotification\testcase\firstcases\testcase5_019.py]

OK

consumed time: 10.8989999294 s

jacoco time: 5.00300002098 s

firsttestcase 5_019 end

firsttestcase 5_020 start:
cmd:[python, C:\Users\yifeiLu\Documents\TestingProjectHome\calenderNotification\testcase\firstcases\testcase5_020.py]

OK

consumed time: 63.6530001163 s

jacoco time: 5.00300002098 s

firsttestcase 5_020 end

firsttestcase 5_021 start:
cmd:[python, C:\Users\yifeiLu\Documents\TestingProjectHome\calenderNotification\testcase\firstcases\testcase5_021.py]

OK

consumed time: 14.5110001564 s

jacoco time: 5.00199985504 s

firsttestcase 5_021 end

firsttestcase 5_022 start:
cmd:[python, C:\Users\yifeiLu\Documents\TestingProjectHome\calenderNotification\testcase\firstcases\testcase5_022.py]

FAIL

str(e):		Message: An element could not be located on the page using the given search parameters.



repr(e):	NoSuchElementException()

Traceback (most recent call last):

  File "C:\Users\yifeiLu\Documents\TestingProjectHome\calenderNotification\testcase\firstcases\testcase5_022.py", line 204, in <module>

    element = getElememt(driver, "new UiSelector().resourceId(\"com.github.quarck.calnotify:id/imageview_is_alarm_indicator\").className(\"android.widget.ImageView\")")

  File "C:\Users\yifeiLu\Documents\TestingProjectHome\calenderNotification\testcase\firstcases\testcase5_022.py", line 34, in getElememt

    element = driver.find_element_by_android_uiautomator(str)

  File "C:\Python27\lib\site-packages\appium\webdriver\webdriver.py", line 327, in find_element_by_android_uiautomator

    return self.find_element(by=By.ANDROID_UIAUTOMATOR, value=uia_string)

  File "C:\Python27\lib\site-packages\appium\webdriver\webdriver.py", line 219, in find_element

    'value': value})['value']

  File "C:\Python27\lib\site-packages\selenium\webdriver\remote\webdriver.py", line 321, in execute

    self.error_handler.check_response(response)

  File "C:\Python27\lib\site-packages\appium\webdriver\errorhandler.py", line 29, in check_response

    raise wde

NoSuchElementException: Message: An element could not be located on the page using the given search parameters.





consumed time: 15.5620000362 s

jacoco time: 5.0039999485 s

firsttestcase 5_022 end

firsttestcase 5_023 start:
cmd:[python, C:\Users\yifeiLu\Documents\TestingProjectHome\calenderNotification\testcase\firstcases\testcase5_023.py]

FAIL

str(e):		Message: An element could not be located on the page using the given search parameters.



repr(e):	NoSuchElementException()

Traceback (most recent call last):

  File "C:\Users\yifeiLu\Documents\TestingProjectHome\calenderNotification\testcase\firstcases\testcase5_023.py", line 224, in <module>

    element = getElememtBack(driver, "new UiSelector().text(\"Thursday\")", "new UiSelector().className(\"android.widget.CheckedTextView\").instance(3)")

  File "C:\Users\yifeiLu\Documents\TestingProjectHome\calenderNotification\testcase\firstcases\testcase5_023.py", line 53, in getElememtBack

    element = driver.find_element_by_android_uiautomator(str2)

  File "C:\Python27\lib\site-packages\appium\webdriver\webdriver.py", line 327, in find_element_by_android_uiautomator

    return self.find_element(by=By.ANDROID_UIAUTOMATOR, value=uia_string)

  File "C:\Python27\lib\site-packages\appium\webdriver\webdriver.py", line 219, in find_element

    'value': value})['value']

  File "C:\Python27\lib\site-packages\selenium\webdriver\remote\webdriver.py", line 321, in execute

    self.error_handler.check_response(response)

  File "C:\Python27\lib\site-packages\appium\webdriver\errorhandler.py", line 29, in check_response

    raise wde

NoSuchElementException: Message: An element could not be located on the page using the given search parameters.





consumed time: 36.4470000267 s

jacoco time: 5.00300002098 s

firsttestcase 5_023 end

firsttestcase 5_024 start:
cmd:[python, C:\Users\yifeiLu\Documents\TestingProjectHome\calenderNotification\testcase\firstcases\testcase5_024.py]

FAIL

str(e):		Message: An element could not be located on the page using the given search parameters.



repr(e):	NoSuchElementException()

Traceback (most recent call last):

  File "C:\Users\yifeiLu\Documents\TestingProjectHome\calenderNotification\testcase\firstcases\testcase5_024.py", line 229, in <module>

    element = getElememt(driver, "new UiSelector().resourceId(\"android:id/numberpicker_input\").className(\"android.widget.EditText\")")

  File "C:\Users\yifeiLu\Documents\TestingProjectHome\calenderNotification\testcase\firstcases\testcase5_024.py", line 34, in getElememt

    element = driver.find_element_by_android_uiautomator(str)

  File "C:\Python27\lib\site-packages\appium\webdriver\webdriver.py", line 327, in find_element_by_android_uiautomator

    return self.find_element(by=By.ANDROID_UIAUTOMATOR, value=uia_string)

  File "C:\Python27\lib\site-packages\appium\webdriver\webdriver.py", line 219, in find_element

    'value': value})['value']

  File "C:\Python27\lib\site-packages\selenium\webdriver\remote\webdriver.py", line 321, in execute

    self.error_handler.check_response(response)

  File "C:\Python27\lib\site-packages\appium\webdriver\errorhandler.py", line 29, in check_response

    raise wde

NoSuchElementException: Message: An element could not be located on the page using the given search parameters.





consumed time: 56.8029999733 s

jacoco time: 5.00199985504 s

firsttestcase 5_024 end

firsttestcase 5_025 start:
cmd:[python, C:\Users\yifeiLu\Documents\TestingProjectHome\calenderNotification\testcase\firstcases\testcase5_025.py]

OK

consumed time: 75.246999979 s

jacoco time: 5.00199985504 s

firsttestcase 5_025 end

firsttestcase 5_026 start:
cmd:[python, C:\Users\yifeiLu\Documents\TestingProjectHome\calenderNotification\testcase\firstcases\testcase5_026.py]

OK

consumed time: 86.4879999161 s

jacoco time: 5.00300002098 s

firsttestcase 5_026 end

firsttestcase 5_027 start:
cmd:[python, C:\Users\yifeiLu\Documents\TestingProjectHome\calenderNotification\testcase\firstcases\testcase5_027.py]

OK

consumed time: 62.7649998665 s

jacoco time: 5.00200009346 s

firsttestcase 5_027 end

firsttestcase 5_028 start:
cmd:[python, C:\Users\yifeiLu\Documents\TestingProjectHome\calenderNotification\testcase\firstcases\testcase5_028.py]

FAIL

str(e):		Message: An element could not be located on the page using the given search parameters.



repr(e):	NoSuchElementException()

Traceback (most recent call last):

  File "C:\Users\yifeiLu\Documents\TestingProjectHome\calenderNotification\testcase\firstcases\testcase5_028.py", line 204, in <module>

    element = getElememtBack(driver, "new UiSelector().text(\"29\")", "new UiSelector().className(\"android.widget.Button\").instance(2)")

  File "C:\Users\yifeiLu\Documents\TestingProjectHome\calenderNotification\testcase\firstcases\testcase5_028.py", line 53, in getElememtBack

    element = driver.find_element_by_android_uiautomator(str2)

  File "C:\Python27\lib\site-packages\appium\webdriver\webdriver.py", line 327, in find_element_by_android_uiautomator

    return self.find_element(by=By.ANDROID_UIAUTOMATOR, value=uia_string)

  File "C:\Python27\lib\site-packages\appium\webdriver\webdriver.py", line 219, in find_element

    'value': value})['value']

  File "C:\Python27\lib\site-packages\selenium\webdriver\remote\webdriver.py", line 321, in execute

    self.error_handler.check_response(response)

  File "C:\Python27\lib\site-packages\appium\webdriver\errorhandler.py", line 29, in check_response

    raise wde

NoSuchElementException: Message: An element could not be located on the page using the given search parameters.





consumed time: 19.6919999123 s

jacoco time: 5.00300002098 s

firsttestcase 5_028 end

firsttestcase 5_029 start:
cmd:[python, C:\Users\yifeiLu\Documents\TestingProjectHome\calenderNotification\testcase\firstcases\testcase5_029.py]

OK

consumed time: 27.7259998322 s

jacoco time: 5.00400018692 s

firsttestcase 5_029 end

firsttestcase 6_000 start:
cmd:[python, C:\Users\yifeiLu\Documents\TestingProjectHome\calenderNotification\testcase\firstcases\testcase6_000.py]

FAIL

str(e):		Message: An element could not be located on the page using the given search parameters.



repr(e):	NoSuchElementException()

Traceback (most recent call last):

  File "C:\Users\yifeiLu\Documents\TestingProjectHome\calenderNotification\testcase\firstcases\testcase6_000.py", line 207, in <module>

    element = getElememtBack(driver, "new UiSelector().text(\"OK\")", "new UiSelector().className(\"android.widget.Button\").instance(1)")

  File "C:\Users\yifeiLu\Documents\TestingProjectHome\calenderNotification\testcase\firstcases\testcase6_000.py", line 53, in getElememtBack

    element = driver.find_element_by_android_uiautomator(str2)

  File "C:\Python27\lib\site-packages\appium\webdriver\webdriver.py", line 327, in find_element_by_android_uiautomator

    return self.find_element(by=By.ANDROID_UIAUTOMATOR, value=uia_string)

  File "C:\Python27\lib\site-packages\appium\webdriver\webdriver.py", line 219, in find_element

    'value': value})['value']

  File "C:\Python27\lib\site-packages\selenium\webdriver\remote\webdriver.py", line 321, in execute

    self.error_handler.check_response(response)

  File "C:\Python27\lib\site-packages\appium\webdriver\errorhandler.py", line 29, in check_response

    raise wde

NoSuchElementException: Message: An element could not be located on the page using the given search parameters.





consumed time: 21.5869998932 s

jacoco time: 5.00300002098 s

firsttestcase 6_000 end

firsttestcase 6_001 start:
cmd:[python, C:\Users\yifeiLu\Documents\TestingProjectHome\calenderNotification\testcase\firstcases\testcase6_001.py]

FAIL

str(e):		Message: An element could not be located on the page using the given search parameters.



repr(e):	NoSuchElementException()

Traceback (most recent call last):

  File "C:\Users\yifeiLu\Documents\TestingProjectHome\calenderNotification\testcase\firstcases\testcase6_001.py", line 212, in <module>

    element = getElememtBack(driver, "new UiSelector().text(\"1 day\")", "new UiSelector().className(\"android.widget.TextView\").instance(12)")

  File "C:\Users\yifeiLu\Documents\TestingProjectHome\calenderNotification\testcase\firstcases\testcase6_001.py", line 53, in getElememtBack

    element = driver.find_element_by_android_uiautomator(str2)

  File "C:\Python27\lib\site-packages\appium\webdriver\webdriver.py", line 327, in find_element_by_android_uiautomator

    return self.find_element(by=By.ANDROID_UIAUTOMATOR, value=uia_string)

  File "C:\Python27\lib\site-packages\appium\webdriver\webdriver.py", line 219, in find_element

    'value': value})['value']

  File "C:\Python27\lib\site-packages\selenium\webdriver\remote\webdriver.py", line 321, in execute

    self.error_handler.check_response(response)

  File "C:\Python27\lib\site-packages\appium\webdriver\errorhandler.py", line 29, in check_response

    raise wde

NoSuchElementException: Message: An element could not be located on the page using the given search parameters.





consumed time: 29.2130000591 s

jacoco time: 5.0039999485 s

firsttestcase 6_001 end

firsttestcase 6_002 start:
cmd:[python, C:\Users\yifeiLu\Documents\TestingProjectHome\calenderNotification\testcase\firstcases\testcase6_002.py]

FAIL

str(e):		Message: An element could not be located on the page using the given search parameters.



repr(e):	NoSuchElementException()

Traceback (most recent call last):

  File "C:\Users\yifeiLu\Documents\TestingProjectHome\calenderNotification\testcase\firstcases\testcase6_002.py", line 222, in <module>

    element = getElememtBack(driver, "new UiSelector().text(\"2020\")", "new UiSelector().className(\"android.widget.Button\").instance(4)")

  File "C:\Users\yifeiLu\Documents\TestingProjectHome\calenderNotification\testcase\firstcases\testcase6_002.py", line 53, in getElememtBack

    element = driver.find_element_by_android_uiautomator(str2)

  File "C:\Python27\lib\site-packages\appium\webdriver\webdriver.py", line 327, in find_element_by_android_uiautomator

    return self.find_element(by=By.ANDROID_UIAUTOMATOR, value=uia_string)

  File "C:\Python27\lib\site-packages\appium\webdriver\webdriver.py", line 219, in find_element

    'value': value})['value']

  File "C:\Python27\lib\site-packages\selenium\webdriver\remote\webdriver.py", line 321, in execute

    self.error_handler.check_response(response)

  File "C:\Python27\lib\site-packages\appium\webdriver\errorhandler.py", line 29, in check_response

    raise wde

NoSuchElementException: Message: An element could not be located on the page using the given search parameters.





consumed time: 44.7990000248 s

jacoco time: 5.00400018692 s

firsttestcase 6_002 end

firsttestcase 6_003 start:
cmd:[python, C:\Users\yifeiLu\Documents\TestingProjectHome\calenderNotification\testcase\firstcases\testcase6_003.py]

OK

consumed time: 30.3830001354 s

jacoco time: 5.00300002098 s

firsttestcase 6_003 end

firsttestcase 6_004 start:
cmd:[python, C:\Users\yifeiLu\Documents\TestingProjectHome\calenderNotification\testcase\firstcases\testcase6_004.py]

OK

consumed time: 18.9790000916 s

jacoco time: 5.00300002098 s

firsttestcase 6_004 end

firsttestcase 6_005 start:
cmd:[python, C:\Users\yifeiLu\Documents\TestingProjectHome\calenderNotification\testcase\firstcases\testcase6_005.py]

OK

consumed time: 64.0590000153 s

jacoco time: 5.00300002098 s

firsttestcase 6_005 end

firsttestcase 6_006 start:
cmd:[python, C:\Users\yifeiLu\Documents\TestingProjectHome\calenderNotification\testcase\firstcases\testcase6_006.py]

OK

consumed time: 76.121999979 s

jacoco time: 5.0039999485 s

firsttestcase 6_006 end

firsttestcase 6_007 start:
cmd:[python, C:\Users\yifeiLu\Documents\TestingProjectHome\calenderNotification\testcase\firstcases\testcase6_007.py]

OK

consumed time: 84.3150000572 s

jacoco time: 5.00300002098 s

firsttestcase 6_007 end

firsttestcase 6_008 start:
cmd:[python, C:\Users\yifeiLu\Documents\TestingProjectHome\calenderNotification\testcase\firstcases\testcase6_008.py]

OK

consumed time: 86.7980000973 s

jacoco time: 5.0039999485 s

firsttestcase 6_008 end

firsttestcase 6_009 start:
cmd:[python, C:\Users\yifeiLu\Documents\TestingProjectHome\calenderNotification\testcase\firstcases\testcase6_009.py]

OK

consumed time: 43.1400001049 s

jacoco time: 5.0039999485 s

firsttestcase 6_009 end

firsttestcase 6_010 start:
cmd:[python, C:\Users\yifeiLu\Documents\TestingProjectHome\calenderNotification\testcase\firstcases\testcase6_010.py]

OK

consumed time: 20.8619999886 s

jacoco time: 5.00300002098 s

firsttestcase 6_010 end

firsttestcase 6_011 start:
cmd:[python, C:\Users\yifeiLu\Documents\TestingProjectHome\calenderNotification\testcase\firstcases\testcase6_011.py]

FAIL

str(e):		Message: An element could not be located on the page using the given search parameters.



repr(e):	NoSuchElementException()

Traceback (most recent call last):

  File "C:\Users\yifeiLu\Documents\TestingProjectHome\calenderNotification\testcase\firstcases\testcase6_011.py", line 206, in <module>

    element = getElememt(driver, "new UiSelector().resourceId(\"com.github.quarck.calnotify:id/snooze_view_menu\").className(\"android.widget.ImageView\")")

  File "C:\Users\yifeiLu\Documents\TestingProjectHome\calenderNotification\testcase\firstcases\testcase6_011.py", line 34, in getElememt

    element = driver.find_element_by_android_uiautomator(str)

  File "C:\Python27\lib\site-packages\appium\webdriver\webdriver.py", line 327, in find_element_by_android_uiautomator

    return self.find_element(by=By.ANDROID_UIAUTOMATOR, value=uia_string)

  File "C:\Python27\lib\site-packages\appium\webdriver\webdriver.py", line 219, in find_element

    'value': value})['value']

  File "C:\Python27\lib\site-packages\selenium\webdriver\remote\webdriver.py", line 321, in execute

    self.error_handler.check_response(response)

  File "C:\Python27\lib\site-packages\appium\webdriver\errorhandler.py", line 29, in check_response

    raise wde

NoSuchElementException: Message: An element could not be located on the page using the given search parameters.





consumed time: 20.5409998894 s

jacoco time: 5.00300002098 s

firsttestcase 6_011 end

firsttestcase 6_012 start:
cmd:[python, C:\Users\yifeiLu\Documents\TestingProjectHome\calenderNotification\testcase\firstcases\testcase6_012.py]

FAIL

str(e):		Message: An element could not be located on the page using the given search parameters.



repr(e):	NoSuchElementException()

Traceback (most recent call last):

  File "C:\Users\yifeiLu\Documents\TestingProjectHome\calenderNotification\testcase\firstcases\testcase6_012.py", line 204, in <module>

    element = getElememtBack(driver, "new UiSelector().text(\"26\")", "new UiSelector().className(\"android.widget.Button\").instance(2)")

  File "C:\Users\yifeiLu\Documents\TestingProjectHome\calenderNotification\testcase\firstcases\testcase6_012.py", line 53, in getElememtBack

    element = driver.find_element_by_android_uiautomator(str2)

  File "C:\Python27\lib\site-packages\appium\webdriver\webdriver.py", line 327, in find_element_by_android_uiautomator

    return self.find_element(by=By.ANDROID_UIAUTOMATOR, value=uia_string)

  File "C:\Python27\lib\site-packages\appium\webdriver\webdriver.py", line 219, in find_element

    'value': value})['value']

  File "C:\Python27\lib\site-packages\selenium\webdriver\remote\webdriver.py", line 321, in execute

    self.error_handler.check_response(response)

  File "C:\Python27\lib\site-packages\appium\webdriver\errorhandler.py", line 29, in check_response

    raise wde

NoSuchElementException: Message: An element could not be located on the page using the given search parameters.





consumed time: 19.6220002174 s

jacoco time: 5.00199985504 s

firsttestcase 6_012 end

firsttestcase 6_013 start:
cmd:[python, C:\Users\yifeiLu\Documents\TestingProjectHome\calenderNotification\testcase\firstcases\testcase6_013.py]

FAIL

str(e):		Message: An element could not be located on the page using the given search parameters.



repr(e):	NoSuchElementException()

Traceback (most recent call last):

  File "C:\Users\yifeiLu\Documents\TestingProjectHome\calenderNotification\testcase\firstcases\testcase6_013.py", line 206, in <module>

    element = getElememtBack(driver, "new UiSelector().text(\"4 hours\")", "new UiSelector().className(\"android.widget.TextView\").instance(11)")

  File "C:\Users\yifeiLu\Documents\TestingProjectHome\calenderNotification\testcase\firstcases\testcase6_013.py", line 53, in getElememtBack

    element = driver.find_element_by_android_uiautomator(str2)

  File "C:\Python27\lib\site-packages\appium\webdriver\webdriver.py", line 327, in find_element_by_android_uiautomator

    return self.find_element(by=By.ANDROID_UIAUTOMATOR, value=uia_string)

  File "C:\Python27\lib\site-packages\appium\webdriver\webdriver.py", line 219, in find_element

    'value': value})['value']

  File "C:\Python27\lib\site-packages\selenium\webdriver\remote\webdriver.py", line 321, in execute

    self.error_handler.check_response(response)

  File "C:\Python27\lib\site-packages\appium\webdriver\errorhandler.py", line 29, in check_response

    raise wde

NoSuchElementException: Message: An element could not be located on the page using the given search parameters.





consumed time: 23.501999855 s

jacoco time: 5.00200009346 s

firsttestcase 6_013 end

firsttestcase 6_014 start:
cmd:[python, C:\Users\yifeiLu\Documents\TestingProjectHome\calenderNotification\testcase\firstcases\testcase6_014.py]

OK

consumed time: 10.5559999943 s

jacoco time: 5.00499987602 s

firsttestcase 6_014 end

firsttestcase 6_015 start:
cmd:[python, C:\Users\yifeiLu\Documents\TestingProjectHome\calenderNotification\testcase\firstcases\testcase6_015.py]

OK

consumed time: 13.8470001221 s

jacoco time: 5.00300002098 s

firsttestcase 6_015 end

firsttestcase 6_016 start:
cmd:[python, C:\Users\yifeiLu\Documents\TestingProjectHome\calenderNotification\testcase\firstcases\testcase6_016.py]

FAIL

str(e):		Message: An element could not be located on the page using the given search parameters.



repr(e):	NoSuchElementException()

Traceback (most recent call last):

  File "C:\Users\yifeiLu\Documents\TestingProjectHome\calenderNotification\testcase\firstcases\testcase6_016.py", line 208, in <module>

    element = getElememtBack(driver, "new UiSelector().text(\"Wed, Nov 20, 2019\")", "new UiSelector().className(\"android.widget.Button\").instance(3)")

  File "C:\Users\yifeiLu\Documents\TestingProjectHome\calenderNotification\testcase\firstcases\testcase6_016.py", line 53, in getElememtBack

    element = driver.find_element_by_android_uiautomator(str2)

  File "C:\Python27\lib\site-packages\appium\webdriver\webdriver.py", line 327, in find_element_by_android_uiautomator

    return self.find_element(by=By.ANDROID_UIAUTOMATOR, value=uia_string)

  File "C:\Python27\lib\site-packages\appium\webdriver\webdriver.py", line 219, in find_element

    'value': value})['value']

  File "C:\Python27\lib\site-packages\selenium\webdriver\remote\webdriver.py", line 321, in execute

    self.error_handler.check_response(response)

  File "C:\Python27\lib\site-packages\appium\webdriver\errorhandler.py", line 29, in check_response

    raise wde

NoSuchElementException: Message: An element could not be located on the page using the given search parameters.





consumed time: 24.4879999161 s

jacoco time: 5.00300002098 s

firsttestcase 6_016 end

firsttestcase 6_017 start:
cmd:[python, C:\Users\yifeiLu\Documents\TestingProjectHome\calenderNotification\testcase\firstcases\testcase6_017.py]

OK

consumed time: 62.7279999256 s

jacoco time: 5.00200009346 s

firsttestcase 6_017 end

firsttestcase 6_018 start:
cmd:[python, C:\Users\yifeiLu\Documents\TestingProjectHome\calenderNotification\testcase\firstcases\testcase6_018.py]

FAIL

str(e):		Message: An element could not be located on the page using the given search parameters.



repr(e):	NoSuchElementException()

Traceback (most recent call last):

  File "C:\Users\yifeiLu\Documents\TestingProjectHome\calenderNotification\testcase\firstcases\testcase6_018.py", line 216, in <module>

    element = getElememtBack(driver, "new UiSelector().text(\"Snoozed until 6:32 AM\")", "new UiSelector().className(\"android.widget.TextView\").instance(8)")

  File "C:\Users\yifeiLu\Documents\TestingProjectHome\calenderNotification\testcase\firstcases\testcase6_018.py", line 53, in getElememtBack

    element = driver.find_element_by_android_uiautomator(str2)

  File "C:\Python27\lib\site-packages\appium\webdriver\webdriver.py", line 327, in find_element_by_android_uiautomator

    return self.find_element(by=By.ANDROID_UIAUTOMATOR, value=uia_string)

  File "C:\Python27\lib\site-packages\appium\webdriver\webdriver.py", line 219, in find_element

    'value': value})['value']

  File "C:\Python27\lib\site-packages\selenium\webdriver\remote\webdriver.py", line 321, in execute

    self.error_handler.check_response(response)

  File "C:\Python27\lib\site-packages\appium\webdriver\errorhandler.py", line 29, in check_response

    raise wde

NoSuchElementException: Message: An element could not be located on the page using the given search parameters.





consumed time: 29.868999958 s

jacoco time: 5.00300002098 s

firsttestcase 6_018 end

firsttestcase 6_019 start:
cmd:[python, C:\Users\yifeiLu\Documents\TestingProjectHome\calenderNotification\testcase\firstcases\testcase6_019.py]

firsttestcase 1_000 start:
cmd:[python, C:\Users\yifeiLu\Documents\TestingProjectHome\calenderNotification\testcase\firstcases\testcase1_000.py]

firsttestcase 6_011 start:
cmd:[python, C:\Users\yifeiLu\Documents\TestingProjectHome\calenderNotification\testcase\firstcases\testcase6_011.py]

FAIL

str(e):		Message: An element could not be located on the page using the given search parameters.



repr(e):	NoSuchElementException()

Traceback (most recent call last):

  File "C:\Users\yifeiLu\Documents\TestingProjectHome\calenderNotification\testcase\firstcases\testcase6_011.py", line 204, in <module>

    element = getElememtBack(driver, "new UiSelector().text(\"12 #mute #task #alarm\")", "new UiSelector().className(\"android.widget.TextView\").instance(8)")

  File "C:\Users\yifeiLu\Documents\TestingProjectHome\calenderNotification\testcase\firstcases\testcase6_011.py", line 53, in getElememtBack

    element = driver.find_element_by_android_uiautomator(str2)

  File "C:\Python27\lib\site-packages\appium\webdriver\webdriver.py", line 327, in find_element_by_android_uiautomator

    return self.find_element(by=By.ANDROID_UIAUTOMATOR, value=uia_string)

  File "C:\Python27\lib\site-packages\appium\webdriver\webdriver.py", line 219, in find_element

    'value': value})['value']

  File "C:\Python27\lib\site-packages\selenium\webdriver\remote\webdriver.py", line 321, in execute

    self.error_handler.check_response(response)

  File "C:\Python27\lib\site-packages\appium\webdriver\errorhandler.py", line 29, in check_response

    raise wde

NoSuchElementException: Message: An element could not be located on the page using the given search parameters.





consumed time: 18.1749999523 s

jacoco time: 5.00500011444 s

firsttestcase 6_011 end

firsttestcase 6_012 start:
cmd:[python, C:\Users\yifeiLu\Documents\TestingProjectHome\calenderNotification\testcase\firstcases\testcase6_012.py]

OK

consumed time: 85.1720001698 s

jacoco time: 5.00300002098 s

firsttestcase 6_012 end

firsttestcase 6_013 start:
cmd:[python, C:\Users\yifeiLu\Documents\TestingProjectHome\calenderNotification\testcase\firstcases\testcase6_013.py]

FAIL

str(e):		Message: An element could not be located on the page using the given search parameters.



repr(e):	NoSuchElementException()

Traceback (most recent call last):

  File "C:\Users\yifeiLu\Documents\TestingProjectHome\calenderNotification\testcase\firstcases\testcase6_013.py", line 206, in <module>

    element = getElememtBack(driver, "new UiSelector().text(\"4 hours\")", "new UiSelector().className(\"android.widget.TextView\").instance(11)")

  File "C:\Users\yifeiLu\Documents\TestingProjectHome\calenderNotification\testcase\firstcases\testcase6_013.py", line 53, in getElememtBack

    element = driver.find_element_by_android_uiautomator(str2)

  File "C:\Python27\lib\site-packages\appium\webdriver\webdriver.py", line 327, in find_element_by_android_uiautomator

    return self.find_element(by=By.ANDROID_UIAUTOMATOR, value=uia_string)

  File "C:\Python27\lib\site-packages\appium\webdriver\webdriver.py", line 219, in find_element

    'value': value})['value']

  File "C:\Python27\lib\site-packages\selenium\webdriver\remote\webdriver.py", line 321, in execute

    self.error_handler.check_response(response)

  File "C:\Python27\lib\site-packages\appium\webdriver\errorhandler.py", line 29, in check_response

    raise wde

NoSuchElementException: Message: An element could not be located on the page using the given search parameters.





consumed time: 23.8180000782 s

jacoco time: 5.0039999485 s

firsttestcase 6_013 end

firsttestcase 6_014 start:
cmd:[python, C:\Users\yifeiLu\Documents\TestingProjectHome\calenderNotification\testcase\firstcases\testcase6_014.py]

OK

consumed time: 10.5840001106 s

jacoco time: 5.00499987602 s

firsttestcase 6_014 end

firsttestcase 6_015 start:
cmd:[python, C:\Users\yifeiLu\Documents\TestingProjectHome\calenderNotification\testcase\firstcases\testcase6_015.py]

OK

consumed time: 14.0789999962 s

jacoco time: 5.00600004196 s

firsttestcase 6_015 end

firsttestcase 6_016 start:
cmd:[python, C:\Users\yifeiLu\Documents\TestingProjectHome\calenderNotification\testcase\firstcases\testcase6_016.py]

FAIL

str(e):		Message: An element could not be located on the page using the given search parameters.



repr(e):	NoSuchElementException()

Traceback (most recent call last):

  File "C:\Users\yifeiLu\Documents\TestingProjectHome\calenderNotification\testcase\firstcases\testcase6_016.py", line 208, in <module>

    element = getElememtBack(driver, "new UiSelector().text(\"Wed, Nov 20, 2019\")", "new UiSelector().className(\"android.widget.Button\").instance(3)")

  File "C:\Users\yifeiLu\Documents\TestingProjectHome\calenderNotification\testcase\firstcases\testcase6_016.py", line 53, in getElememtBack

    element = driver.find_element_by_android_uiautomator(str2)

  File "C:\Python27\lib\site-packages\appium\webdriver\webdriver.py", line 327, in find_element_by_android_uiautomator

    return self.find_element(by=By.ANDROID_UIAUTOMATOR, value=uia_string)

  File "C:\Python27\lib\site-packages\appium\webdriver\webdriver.py", line 219, in find_element

    'value': value})['value']

  File "C:\Python27\lib\site-packages\selenium\webdriver\remote\webdriver.py", line 321, in execute

    self.error_handler.check_response(response)

  File "C:\Python27\lib\site-packages\appium\webdriver\errorhandler.py", line 29, in check_response

    raise wde

NoSuchElementException: Message: An element could not be located on the page using the given search parameters.





consumed time: 23.9149999619 s

jacoco time: 5.0039999485 s

firsttestcase 6_016 end

firsttestcase 6_017 start:
cmd:[python, C:\Users\yifeiLu\Documents\TestingProjectHome\calenderNotification\testcase\firstcases\testcase6_017.py]

OK

consumed time: 62.6830000877 s

jacoco time: 5.00500011444 s

firsttestcase 6_017 end

firsttestcase 6_018 start:
cmd:[python, C:\Users\yifeiLu\Documents\TestingProjectHome\calenderNotification\testcase\firstcases\testcase6_018.py]

FAIL

str(e):		Message: An element could not be located on the page using the given search parameters.



repr(e):	NoSuchElementException()

Traceback (most recent call last):

  File "C:\Users\yifeiLu\Documents\TestingProjectHome\calenderNotification\testcase\firstcases\testcase6_018.py", line 216, in <module>

    element = getElememtBack(driver, "new UiSelector().text(\"Snoozed until 6:32 AM\")", "new UiSelector().className(\"android.widget.TextView\").instance(8)")

  File "C:\Users\yifeiLu\Documents\TestingProjectHome\calenderNotification\testcase\firstcases\testcase6_018.py", line 53, in getElememtBack

    element = driver.find_element_by_android_uiautomator(str2)

  File "C:\Python27\lib\site-packages\appium\webdriver\webdriver.py", line 327, in find_element_by_android_uiautomator

    return self.find_element(by=By.ANDROID_UIAUTOMATOR, value=uia_string)

  File "C:\Python27\lib\site-packages\appium\webdriver\webdriver.py", line 219, in find_element

    'value': value})['value']

  File "C:\Python27\lib\site-packages\selenium\webdriver\remote\webdriver.py", line 321, in execute

    self.error_handler.check_response(response)

  File "C:\Python27\lib\site-packages\appium\webdriver\errorhandler.py", line 29, in check_response

    raise wde

NoSuchElementException: Message: An element could not be located on the page using the given search parameters.





consumed time: 30.001999855 s

jacoco time: 5.0039999485 s

firsttestcase 6_018 end

firsttestcase 6_019 start:
cmd:[python, C:\Users\yifeiLu\Documents\TestingProjectHome\calenderNotification\testcase\firstcases\testcase6_019.py]

FAIL

str(e):		Message: An element could not be located on the page using the given search parameters.



repr(e):	NoSuchElementException()

Traceback (most recent call last):

  File "C:\Users\yifeiLu\Documents\TestingProjectHome\calenderNotification\testcase\firstcases\testcase6_019.py", line 208, in <module>

    element = getElememtBack(driver, "new UiSelector().text(\"4 hours\")", "new UiSelector().className(\"android.widget.TextView\").instance(9)")

  File "C:\Users\yifeiLu\Documents\TestingProjectHome\calenderNotification\testcase\firstcases\testcase6_019.py", line 53, in getElememtBack

    element = driver.find_element_by_android_uiautomator(str2)

  File "C:\Python27\lib\site-packages\appium\webdriver\webdriver.py", line 327, in find_element_by_android_uiautomator

    return self.find_element(by=By.ANDROID_UIAUTOMATOR, value=uia_string)

  File "C:\Python27\lib\site-packages\appium\webdriver\webdriver.py", line 219, in find_element

    'value': value})['value']

  File "C:\Python27\lib\site-packages\selenium\webdriver\remote\webdriver.py", line 321, in execute

    self.error_handler.check_response(response)

  File "C:\Python27\lib\site-packages\appium\webdriver\errorhandler.py", line 29, in check_response

    raise wde

NoSuchElementException: Message: An element could not be located on the page using the given search parameters.





consumed time: 28.6970000267 s

jacoco time: 5.00300002098 s

firsttestcase 6_019 end

firsttestcase 6_020 start:
cmd:[python, C:\Users\yifeiLu\Documents\TestingProjectHome\calenderNotification\testcase\firstcases\testcase6_020.py]

FAIL

str(e):		Message: An element could not be located on the page using the given search parameters.



repr(e):	NoSuchElementException()

Traceback (most recent call last):

  File "C:\Users\yifeiLu\Documents\TestingProjectHome\calenderNotification\testcase\firstcases\testcase6_020.py", line 210, in <module>

    element = getElememtBack(driver, "new UiSelector().text(\"Cancel\")", "new UiSelector().className(\"android.widget.Button\")")

  File "C:\Users\yifeiLu\Documents\TestingProjectHome\calenderNotification\testcase\firstcases\testcase6_020.py", line 53, in getElememtBack

    element = driver.find_element_by_android_uiautomator(str2)

  File "C:\Python27\lib\site-packages\appium\webdriver\webdriver.py", line 327, in find_element_by_android_uiautomator

    return self.find_element(by=By.ANDROID_UIAUTOMATOR, value=uia_string)

  File "C:\Python27\lib\site-packages\appium\webdriver\webdriver.py", line 219, in find_element

    'value': value})['value']

  File "C:\Python27\lib\site-packages\selenium\webdriver\remote\webdriver.py", line 321, in execute

    self.error_handler.check_response(response)

  File "C:\Python27\lib\site-packages\appium\webdriver\errorhandler.py", line 29, in check_response

    raise wde

NoSuchElementException: Message: An element could not be located on the page using the given search parameters.





consumed time: 22.9490001202 s

jacoco time: 5.0039999485 s

firsttestcase 6_020 end

firsttestcase 6_021 start:
cmd:[python, C:\Users\yifeiLu\Documents\TestingProjectHome\calenderNotification\testcase\firstcases\testcase6_021.py]

OK

consumed time: 47.0149998665 s

jacoco time: 5.00500011444 s

firsttestcase 6_021 end

firsttestcase 6_022 start:
cmd:[python, C:\Users\yifeiLu\Documents\TestingProjectHome\calenderNotification\testcase\firstcases\testcase6_022.py]

FAIL

str(e):		Message: An element could not be located on the page using the given search parameters.



repr(e):	NoSuchElementException()

Traceback (most recent call last):

  File "C:\Users\yifeiLu\Documents\TestingProjectHome\calenderNotification\testcase\firstcases\testcase6_022.py", line 206, in <module>

    element = getElememt(driver, "new UiSelector().resourceId(\"com.github.quarck.calnotify:id/floating_edit_button\").className(\"android.widget.ImageButton\")")

  File "C:\Users\yifeiLu\Documents\TestingProjectHome\calenderNotification\testcase\firstcases\testcase6_022.py", line 34, in getElememt

    element = driver.find_element_by_android_uiautomator(str)

  File "C:\Python27\lib\site-packages\appium\webdriver\webdriver.py", line 327, in find_element_by_android_uiautomator

    return self.find_element(by=By.ANDROID_UIAUTOMATOR, value=uia_string)

  File "C:\Python27\lib\site-packages\appium\webdriver\webdriver.py", line 219, in find_element

    'value': value})['value']

  File "C:\Python27\lib\site-packages\selenium\webdriver\remote\webdriver.py", line 321, in execute

    self.error_handler.check_response(response)

  File "C:\Python27\lib\site-packages\appium\webdriver\errorhandler.py", line 29, in check_response

    raise wde

NoSuchElementException: Message: An element could not be located on the page using the given search parameters.





consumed time: 23.5969998837 s

jacoco time: 5.0039999485 s

firsttestcase 6_022 end

firsttestcase 6_023 start:
cmd:[python, C:\Users\yifeiLu\Documents\TestingProjectHome\calenderNotification\testcase\firstcases\testcase6_023.py]

FAIL

str(e):		Message: An element could not be located on the page using the given search parameters.



repr(e):	NoSuchElementException()

Traceback (most recent call last):

  File "C:\Users\yifeiLu\Documents\TestingProjectHome\calenderNotification\testcase\firstcases\testcase6_023.py", line 212, in <module>

    element = getElememt(driver, "new UiSelector().resourceId(\"com.github.quarck.calnotify:id/snooze_view_menu\").className(\"android.widget.ImageView\")")

  File "C:\Users\yifeiLu\Documents\TestingProjectHome\calenderNotification\testcase\firstcases\testcase6_023.py", line 34, in getElememt

    element = driver.find_element_by_android_uiautomator(str)

  File "C:\Python27\lib\site-packages\appium\webdriver\webdriver.py", line 327, in find_element_by_android_uiautomator

    return self.find_element(by=By.ANDROID_UIAUTOMATOR, value=uia_string)

  File "C:\Python27\lib\site-packages\appium\webdriver\webdriver.py", line 219, in find_element

    'value': value})['value']

  File "C:\Python27\lib\site-packages\selenium\webdriver\remote\webdriver.py", line 321, in execute

    self.error_handler.check_response(response)

  File "C:\Python27\lib\site-packages\appium\webdriver\errorhandler.py", line 29, in check_response

    raise wde

NoSuchElementException: Message: An element could not be located on the page using the given search parameters.





consumed time: 25.4190001488 s

jacoco time: 5.00499987602 s

firsttestcase 6_023 end

firsttestcase 6_024 start:
cmd:[python, C:\Users\yifeiLu\Documents\TestingProjectHome\calenderNotification\testcase\firstcases\testcase6_024.py]

OK

consumed time: 16.6109998226 s

jacoco time: 5.00500011444 s

firsttestcase 6_024 end

firsttestcase 6_025 start:
cmd:[python, C:\Users\yifeiLu\Documents\TestingProjectHome\calenderNotification\testcase\firstcases\testcase6_025.py]

FAIL

str(e):		Message: An element could not be located on the page using the given search parameters.



repr(e):	NoSuchElementException()

Traceback (most recent call last):

  File "C:\Users\yifeiLu\Documents\TestingProjectHome\calenderNotification\testcase\firstcases\testcase6_025.py", line 204, in <module>

    element = getElememtBack(driver, "new UiSelector().text(\"Mar\")", "new UiSelector().className(\"android.widget.Button\").instance(1)")

  File "C:\Users\yifeiLu\Documents\TestingProjectHome\calenderNotification\testcase\firstcases\testcase6_025.py", line 53, in getElememtBack

    element = driver.find_element_by_android_uiautomator(str2)

  File "C:\Python27\lib\site-packages\appium\webdriver\webdriver.py", line 327, in find_element_by_android_uiautomator

    return self.find_element(by=By.ANDROID_UIAUTOMATOR, value=uia_string)

  File "C:\Python27\lib\site-packages\appium\webdriver\webdriver.py", line 219, in find_element

    'value': value})['value']

  File "C:\Python27\lib\site-packages\selenium\webdriver\remote\webdriver.py", line 321, in execute

    self.error_handler.check_response(response)

  File "C:\Python27\lib\site-packages\appium\webdriver\errorhandler.py", line 29, in check_response

    raise wde

NoSuchElementException: Message: An element could not be located on the page using the given search parameters.





consumed time: 19.7789998055 s

jacoco time: 5.00400018692 s

firsttestcase 6_025 end

firsttestcase 6_026 start:
cmd:[python, C:\Users\yifeiLu\Documents\TestingProjectHome\calenderNotification\testcase\firstcases\testcase6_026.py]

FAIL

str(e):		Message: An element could not be located on the page using the given search parameters.



repr(e):	NoSuchElementException()

Traceback (most recent call last):

  File "C:\Users\yifeiLu\Documents\TestingProjectHome\calenderNotification\testcase\firstcases\testcase6_026.py", line 212, in <module>

    element = getElememt(driver, "new UiSelector().resourceId(\"com.github.quarck.calnotify:id/imageview_is_alarm_indicator\").className(\"android.widget.ImageView\")")

  File "C:\Users\yifeiLu\Documents\TestingProjectHome\calenderNotification\testcase\firstcases\testcase6_026.py", line 34, in getElememt

    element = driver.find_element_by_android_uiautomator(str)

  File "C:\Python27\lib\site-packages\appium\webdriver\webdriver.py", line 327, in find_element_by_android_uiautomator

    return self.find_element(by=By.ANDROID_UIAUTOMATOR, value=uia_string)

  File "C:\Python27\lib\site-packages\appium\webdriver\webdriver.py", line 219, in find_element

    'value': value})['value']

  File "C:\Python27\lib\site-packages\selenium\webdriver\remote\webdriver.py", line 321, in execute

    self.error_handler.check_response(response)

  File "C:\Python27\lib\site-packages\appium\webdriver\errorhandler.py", line 29, in check_response

    raise wde

NoSuchElementException: Message: An element could not be located on the page using the given search parameters.





consumed time: 21.8650000095 s

jacoco time: 5.0039999485 s

firsttestcase 6_026 end

firsttestcase 6_027 start:
cmd:[python, C:\Users\yifeiLu\Documents\TestingProjectHome\calenderNotification\testcase\firstcases\testcase6_027.py]

OK

consumed time: 70.0379998684 s

jacoco time: 5.00300002098 s

firsttestcase 6_027 end

firsttestcase 6_028 start:
cmd:[python, C:\Users\yifeiLu\Documents\TestingProjectHome\calenderNotification\testcase\firstcases\testcase6_028.py]

OK

consumed time: 18.6079998016 s

jacoco time: 5.00300002098 s

firsttestcase 6_028 end

firsttestcase 6_029 start:
cmd:[python, C:\Users\yifeiLu\Documents\TestingProjectHome\calenderNotification\testcase\firstcases\testcase6_029.py]

OK

consumed time: 46.6500000954 s

jacoco time: 5.00300002098 s

firsttestcase 6_029 end

firsttestcase 7_000 start:
cmd:[python, C:\Users\yifeiLu\Documents\TestingProjectHome\calenderNotification\testcase\firstcases\testcase7_000.py]

FAIL

str(e):		Message: An element could not be located on the page using the given search parameters.



repr(e):	NoSuchElementException()

Traceback (most recent call last):

  File "C:\Users\yifeiLu\Documents\TestingProjectHome\calenderNotification\testcase\firstcases\testcase7_000.py", line 204, in <module>

    element = getElememtBack(driver, "new UiSelector().text(\"6 hours\")", "new UiSelector().className(\"android.widget.TextView\").instance(8)")

  File "C:\Users\yifeiLu\Documents\TestingProjectHome\calenderNotification\testcase\firstcases\testcase7_000.py", line 53, in getElememtBack

    element = driver.find_element_by_android_uiautomator(str2)

  File "C:\Python27\lib\site-packages\appium\webdriver\webdriver.py", line 327, in find_element_by_android_uiautomator

    return self.find_element(by=By.ANDROID_UIAUTOMATOR, value=uia_string)

  File "C:\Python27\lib\site-packages\appium\webdriver\webdriver.py", line 219, in find_element

    'value': value})['value']

  File "C:\Python27\lib\site-packages\selenium\webdriver\remote\webdriver.py", line 321, in execute

    self.error_handler.check_response(response)

  File "C:\Python27\lib\site-packages\appium\webdriver\errorhandler.py", line 29, in check_response

    raise wde

NoSuchElementException: Message: An element could not be located on the page using the given search parameters.





consumed time: 19.4800000191 s

jacoco time: 5.0039999485 s

firsttestcase 7_000 end

firsttestcase 7_001 start:
cmd:[python, C:\Users\yifeiLu\Documents\TestingProjectHome\calenderNotification\testcase\firstcases\testcase7_001.py]

OK

consumed time: 55.2679998875 s

jacoco time: 5.00500011444 s

firsttestcase 7_001 end

firsttestcase 7_002 start:
cmd:[python, C:\Users\yifeiLu\Documents\TestingProjectHome\calenderNotification\testcase\firstcases\testcase7_002.py]

FAIL

str(e):		Message: An element could not be located on the page using the given search parameters.



repr(e):	NoSuchElementException()

Traceback (most recent call last):

  File "C:\Users\yifeiLu\Documents\TestingProjectHome\calenderNotification\testcase\firstcases\testcase7_002.py", line 210, in <module>

    element = getElememt(driver, "new UiSelector().className(\"android.widget.ImageView\").description(\"navigate back\")")

  File "C:\Users\yifeiLu\Documents\TestingProjectHome\calenderNotification\testcase\firstcases\testcase7_002.py", line 34, in getElememt

    element = driver.find_element_by_android_uiautomator(str)

  File "C:\Python27\lib\site-packages\appium\webdriver\webdriver.py", line 327, in find_element_by_android_uiautomator

    return self.find_element(by=By.ANDROID_UIAUTOMATOR, value=uia_string)

  File "C:\Python27\lib\site-packages\appium\webdriver\webdriver.py", line 219, in find_element

    'value': value})['value']

  File "C:\Python27\lib\site-packages\selenium\webdriver\remote\webdriver.py", line 321, in execute

    self.error_handler.check_response(response)

  File "C:\Python27\lib\site-packages\appium\webdriver\errorhandler.py", line 29, in check_response

    raise wde

NoSuchElementException: Message: An element could not be located on the page using the given search parameters.





consumed time: 22.5940001011 s

jacoco time: 5.00499987602 s

firsttestcase 7_002 end

firsttestcase 7_003 start:
cmd:[python, C:\Users\yifeiLu\Documents\TestingProjectHome\calenderNotification\testcase\firstcases\testcase7_003.py]

FAIL

str(e):		Message: An element could not be located on the page using the given search parameters.



repr(e):	NoSuchElementException()

Traceback (most recent call last):

  File "C:\Users\yifeiLu\Documents\TestingProjectHome\calenderNotification\testcase\firstcases\testcase7_003.py", line 211, in <module>

    element = getElememtBack(driver, "new UiSelector().text(\"Sep\")", "new UiSelector().className(\"android.widget.Button\")")

  File "C:\Users\yifeiLu\Documents\TestingProjectHome\calenderNotification\testcase\firstcases\testcase7_003.py", line 53, in getElememtBack

    element = driver.find_element_by_android_uiautomator(str2)

  File "C:\Python27\lib\site-packages\appium\webdriver\webdriver.py", line 327, in find_element_by_android_uiautomator

    return self.find_element(by=By.ANDROID_UIAUTOMATOR, value=uia_string)

  File "C:\Python27\lib\site-packages\appium\webdriver\webdriver.py", line 219, in find_element

    'value': value})['value']

  File "C:\Python27\lib\site-packages\selenium\webdriver\remote\webdriver.py", line 321, in execute

    self.error_handler.check_response(response)

  File "C:\Python27\lib\site-packages\appium\webdriver\errorhandler.py", line 29, in check_response

    raise wde

NoSuchElementException: Message: An element could not be located on the page using the given search parameters.





consumed time: 28.4319999218 s

jacoco time: 5.00400018692 s

firsttestcase 7_003 end

firsttestcase 7_004 start:
cmd:[python, C:\Users\yifeiLu\Documents\TestingProjectHome\calenderNotification\testcase\firstcases\testcase7_004.py]

OK

consumed time: 17.754999876 s

jacoco time: 5.00500011444 s

firsttestcase 7_004 end

firsttestcase 7_005 start:
cmd:[python, C:\Users\yifeiLu\Documents\TestingProjectHome\calenderNotification\testcase\firstcases\testcase7_005.py]

OK

consumed time: 71.3400001526 s

jacoco time: 5.0039999485 s

firsttestcase 7_005 end

firsttestcase 7_006 start:
cmd:[python, C:\Users\yifeiLu\Documents\TestingProjectHome\calenderNotification\testcase\firstcases\testcase7_006.py]

OK

consumed time: 18.6570000648 s

jacoco time: 5.00499987602 s

firsttestcase 7_006 end

firsttestcase 7_007 start:
cmd:[python, C:\Users\yifeiLu\Documents\TestingProjectHome\calenderNotification\testcase\firstcases\testcase7_007.py]

OK

consumed time: 67.0850000381 s

jacoco time: 5.0039999485 s

firsttestcase 7_007 end

firsttestcase 7_008 start:
cmd:[python, C:\Users\yifeiLu\Documents\TestingProjectHome\calenderNotification\testcase\firstcases\testcase7_008.py]

OK

consumed time: 65.6660001278 s

jacoco time: 5.0039999485 s

firsttestcase 7_008 end

firsttestcase 7_009 start:
cmd:[python, C:\Users\yifeiLu\Documents\TestingProjectHome\calenderNotification\testcase\firstcases\testcase7_009.py]

FAIL

str(e):		Message: An element could not be located on the page using the given search parameters.



repr(e):	NoSuchElementException()

Traceback (most recent call last):

  File "C:\Users\yifeiLu\Documents\TestingProjectHome\calenderNotification\testcase\firstcases\testcase7_009.py", line 204, in <module>

    element = getElememtBack(driver, "new UiSelector().text(\"12 #mute #task #alarm\")", "new UiSelector().className(\"android.widget.TextView\").instance(8)")

  File "C:\Users\yifeiLu\Documents\TestingProjectHome\calenderNotification\testcase\firstcases\testcase7_009.py", line 53, in getElememtBack

    element = driver.find_element_by_android_uiautomator(str2)

  File "C:\Python27\lib\site-packages\appium\webdriver\webdriver.py", line 327, in find_element_by_android_uiautomator

    return self.find_element(by=By.ANDROID_UIAUTOMATOR, value=uia_string)

  File "C:\Python27\lib\site-packages\appium\webdriver\webdriver.py", line 219, in find_element

    'value': value})['value']

  File "C:\Python27\lib\site-packages\selenium\webdriver\remote\webdriver.py", line 321, in execute

    self.error_handler.check_response(response)

  File "C:\Python27\lib\site-packages\appium\webdriver\errorhandler.py", line 29, in check_response

    raise wde

NoSuchElementException: Message: An element could not be located on the page using the given search parameters.





consumed time: 17.5909998417 s

jacoco time: 5.0039999485 s

firsttestcase 7_009 end

firsttestcase 7_010 start:
cmd:[python, C:\Users\yifeiLu\Documents\TestingProjectHome\calenderNotification\testcase\firstcases\testcase7_010.py]

FAIL

str(e):		Message: An element could not be located on the page using the given search parameters.



repr(e):	NoSuchElementException()

Traceback (most recent call last):

  File "C:\Users\yifeiLu\Documents\TestingProjectHome\calenderNotification\testcase\firstcases\testcase7_010.py", line 204, in <module>

    element = getElememtBack(driver, "new UiSelector().text(\"Jan\")", "new UiSelector().className(\"android.widget.Button\").instance(1)")

  File "C:\Users\yifeiLu\Documents\TestingProjectHome\calenderNotification\testcase\firstcases\testcase7_010.py", line 53, in getElememtBack

    element = driver.find_element_by_android_uiautomator(str2)

  File "C:\Python27\lib\site-packages\appium\webdriver\webdriver.py", line 327, in find_element_by_android_uiautomator

    return self.find_element(by=By.ANDROID_UIAUTOMATOR, value=uia_string)

  File "C:\Python27\lib\site-packages\appium\webdriver\webdriver.py", line 219, in find_element

    'value': value})['value']

  File "C:\Python27\lib\site-packages\selenium\webdriver\remote\webdriver.py", line 321, in execute

    self.error_handler.check_response(response)

  File "C:\Python27\lib\site-packages\appium\webdriver\errorhandler.py", line 29, in check_response

    raise wde

NoSuchElementException: Message: An element could not be located on the page using the given search parameters.





consumed time: 19.8480000496 s

jacoco time: 5.0039999485 s

firsttestcase 7_010 end

firsttestcase 7_011 start:
cmd:[python, C:\Users\yifeiLu\Documents\TestingProjectHome\calenderNotification\testcase\firstcases\testcase7_011.py]

FAIL

str(e):		Message: An element could not be located on the page using the given search parameters.



repr(e):	NoSuchElementException()

Traceback (most recent call last):

  File "C:\Users\yifeiLu\Documents\TestingProjectHome\calenderNotification\testcase\firstcases\testcase7_011.py", line 204, in <module>

    element = getElememt(driver, "new UiSelector().resourceId(\"com.github.quarck.calnotify:id/imageview_is_alarm_indicator\").className(\"android.widget.ImageView\")")

  File "C:\Users\yifeiLu\Documents\TestingProjectHome\calenderNotification\testcase\firstcases\testcase7_011.py", line 34, in getElememt

    element = driver.find_element_by_android_uiautomator(str)

  File "C:\Python27\lib\site-packages\appium\webdriver\webdriver.py", line 327, in find_element_by_android_uiautomator

    return self.find_element(by=By.ANDROID_UIAUTOMATOR, value=uia_string)

  File "C:\Python27\lib\site-packages\appium\webdriver\webdriver.py", line 219, in find_element

    'value': value})['value']

  File "C:\Python27\lib\site-packages\selenium\webdriver\remote\webdriver.py", line 321, in execute

    self.error_handler.check_response(response)

  File "C:\Python27\lib\site-packages\appium\webdriver\errorhandler.py", line 29, in check_response

    raise wde

NoSuchElementException: Message: An element could not be located on the page using the given search parameters.





consumed time: 15.2070000172 s

jacoco time: 5.0039999485 s

firsttestcase 7_011 end

firsttestcase 7_012 start:
cmd:[python, C:\Users\yifeiLu\Documents\TestingProjectHome\calenderNotification\testcase\firstcases\testcase7_012.py]

OK

consumed time: 101.771999836 s

jacoco time: 5.00300002098 s

firsttestcase 7_012 end

firsttestcase 7_013 start:
cmd:[python, C:\Users\yifeiLu\Documents\TestingProjectHome\calenderNotification\testcase\firstcases\testcase7_013.py]

OK

consumed time: 76.7249999046 s

jacoco time: 5.00500011444 s

firsttestcase 7_013 end

firsttestcase 7_014 start:
cmd:[python, C:\Users\yifeiLu\Documents\TestingProjectHome\calenderNotification\testcase\firstcases\testcase7_014.py]

OK

consumed time: 10.7539999485 s

jacoco time: 5.0039999485 s

firsttestcase 7_014 end

firsttestcase 7_015 start:
cmd:[python, C:\Users\yifeiLu\Documents\TestingProjectHome\calenderNotification\testcase\firstcases\testcase7_015.py]

OK

consumed time: 10.5699999332 s

jacoco time: 5.00600004196 s

firsttestcase 7_015 end

firsttestcase 7_016 start:
cmd:[python, C:\Users\yifeiLu\Documents\TestingProjectHome\calenderNotification\testcase\firstcases\testcase7_016.py]

OK

consumed time: 10.5329999924 s

jacoco time: 5.0039999485 s

firsttestcase 7_016 end

firsttestcase 7_017 start:
cmd:[python, C:\Users\yifeiLu\Documents\TestingProjectHome\calenderNotification\testcase\firstcases\testcase7_017.py]

OK

consumed time: 46.0810000896 s

jacoco time: 5.00499987602 s

firsttestcase 7_017 end

firsttestcase 7_018 start:
cmd:[python, C:\Users\yifeiLu\Documents\TestingProjectHome\calenderNotification\testcase\firstcases\testcase7_018.py]

OK

consumed time: 47.4109997749 s

jacoco time: 5.00500011444 s

firsttestcase 7_018 end

firsttestcase 7_019 start:
cmd:[python, C:\Users\yifeiLu\Documents\TestingProjectHome\calenderNotification\testcase\firstcases\testcase7_019.py]

FAIL

str(e):		Message: An element could not be located on the page using the given search parameters.



repr(e):	NoSuchElementException()

Traceback (most recent call last):

  File "C:\Users\yifeiLu\Documents\TestingProjectHome\calenderNotification\testcase\firstcases\testcase7_019.py", line 218, in <module>

    element = getElememtBack(driver, "new UiSelector().text(\"Nov\")", "new UiSelector().className(\"android.widget.Button\").instance(1)")

  File "C:\Users\yifeiLu\Documents\TestingProjectHome\calenderNotification\testcase\firstcases\testcase7_019.py", line 53, in getElememtBack

    element = driver.find_element_by_android_uiautomator(str2)

  File "C:\Python27\lib\site-packages\appium\webdriver\webdriver.py", line 327, in find_element_by_android_uiautomator

    return self.find_element(by=By.ANDROID_UIAUTOMATOR, value=uia_string)

  File "C:\Python27\lib\site-packages\appium\webdriver\webdriver.py", line 219, in find_element

    'value': value})['value']

  File "C:\Python27\lib\site-packages\selenium\webdriver\remote\webdriver.py", line 321, in execute

    self.error_handler.check_response(response)

  File "C:\Python27\lib\site-packages\appium\webdriver\errorhandler.py", line 29, in check_response

    raise wde

NoSuchElementException: Message: An element could not be located on the page using the given search parameters.





consumed time: 33.6240000725 s

jacoco time: 5.0039999485 s

firsttestcase 7_019 end

firsttestcase 7_020 start:
cmd:[python, C:\Users\yifeiLu\Documents\TestingProjectHome\calenderNotification\testcase\firstcases\testcase7_020.py]

OK

consumed time: 29.489000082 s

jacoco time: 5.00499987602 s

firsttestcase 7_020 end

firsttestcase 7_021 start:
cmd:[python, C:\Users\yifeiLu\Documents\TestingProjectHome\calenderNotification\testcase\firstcases\testcase7_021.py]

OK

consumed time: 16.5609998703 s

jacoco time: 5.00400018692 s

firsttestcase 7_021 end

firsttestcase 7_022 start:
cmd:[python, C:\Users\yifeiLu\Documents\TestingProjectHome\calenderNotification\testcase\firstcases\testcase7_022.py]

FAIL

str(e):		Message: An element could not be located on the page using the given search parameters.



repr(e):	NoSuchElementException()

Traceback (most recent call last):

  File "C:\Users\yifeiLu\Documents\TestingProjectHome\calenderNotification\testcase\firstcases\testcase7_022.py", line 215, in <module>

    element = getElememtBack(driver, "new UiSelector().text(\"OK\")", "new UiSelector().className(\"android.widget.Button\").instance(1)")

  File "C:\Users\yifeiLu\Documents\TestingProjectHome\calenderNotification\testcase\firstcases\testcase7_022.py", line 53, in getElememtBack

    element = driver.find_element_by_android_uiautomator(str2)

  File "C:\Python27\lib\site-packages\appium\webdriver\webdriver.py", line 327, in find_element_by_android_uiautomator

    return self.find_element(by=By.ANDROID_UIAUTOMATOR, value=uia_string)

  File "C:\Python27\lib\site-packages\appium\webdriver\webdriver.py", line 219, in find_element

    'value': value})['value']

  File "C:\Python27\lib\site-packages\selenium\webdriver\remote\webdriver.py", line 321, in execute

    self.error_handler.check_response(response)

  File "C:\Python27\lib\site-packages\appium\webdriver\errorhandler.py", line 29, in check_response

    raise wde

NoSuchElementException: Message: An element could not be located on the page using the given search parameters.





consumed time: 28.8320000172 s

jacoco time: 5.0039999485 s

firsttestcase 7_022 end

firsttestcase 7_023 start:
cmd:[python, C:\Users\yifeiLu\Documents\TestingProjectHome\calenderNotification\testcase\firstcases\testcase7_023.py]

OK

consumed time: 49.8280000687 s

jacoco time: 5.00500011444 s

firsttestcase 7_023 end

firsttestcase 7_024 start:
cmd:[python, C:\Users\yifeiLu\Documents\TestingProjectHome\calenderNotification\testcase\firstcases\testcase7_024.py]

FAIL

str(e):		Message: An element could not be located on the page using the given search parameters.



repr(e):	NoSuchElementException()

Traceback (most recent call last):

  File "C:\Users\yifeiLu\Documents\TestingProjectHome\calenderNotification\testcase\firstcases\testcase7_024.py", line 212, in <module>

    element = getElememtBack(driver, "new UiSelector().text(\"5:006:30 AM\")", "new UiSelector().className(\"android.widget.TextView\").instance(6)")

  File "C:\Users\yifeiLu\Documents\TestingProjectHome\calenderNotification\testcase\firstcases\testcase7_024.py", line 53, in getElememtBack

    element = driver.find_element_by_android_uiautomator(str2)

  File "C:\Python27\lib\site-packages\appium\webdriver\webdriver.py", line 327, in find_element_by_android_uiautomator

    return self.find_element(by=By.ANDROID_UIAUTOMATOR, value=uia_string)

  File "C:\Python27\lib\site-packages\appium\webdriver\webdriver.py", line 219, in find_element

    'value': value})['value']

  File "C:\Python27\lib\site-packages\selenium\webdriver\remote\webdriver.py", line 321, in execute

    self.error_handler.check_response(response)

  File "C:\Python27\lib\site-packages\appium\webdriver\errorhandler.py", line 29, in check_response

    raise wde

NoSuchElementException: Message: An element could not be located on the page using the given search parameters.





consumed time: 25.5209999084 s

jacoco time: 5.0039999485 s

firsttestcase 7_024 end

firsttestcase 7_025 start:
cmd:[python, C:\Users\yifeiLu\Documents\TestingProjectHome\calenderNotification\testcase\firstcases\testcase7_025.py]

FAIL

str(e):		Message: An element could not be located on the page using the given search parameters.



repr(e):	NoSuchElementException()

Traceback (most recent call last):

  File "C:\Users\yifeiLu\Documents\TestingProjectHome\calenderNotification\testcase\firstcases\testcase7_025.py", line 223, in <module>

    element = getElememt(driver, "new UiSelector().className(\"android.widget.ImageButton\").description(\"Navigate up\")")

  File "C:\Users\yifeiLu\Documents\TestingProjectHome\calenderNotification\testcase\firstcases\testcase7_025.py", line 34, in getElememt

    element = driver.find_element_by_android_uiautomator(str)

  File "C:\Python27\lib\site-packages\appium\webdriver\webdriver.py", line 327, in find_element_by_android_uiautomator

    return self.find_element(by=By.ANDROID_UIAUTOMATOR, value=uia_string)

  File "C:\Python27\lib\site-packages\appium\webdriver\webdriver.py", line 219, in find_element

    'value': value})['value']

  File "C:\Python27\lib\site-packages\selenium\webdriver\remote\webdriver.py", line 321, in execute

    self.error_handler.check_response(response)

  File "C:\Python27\lib\site-packages\appium\webdriver\errorhandler.py", line 29, in check_response

    raise wde

NoSuchElementException: Message: An element could not be located on the page using the given search parameters.





consumed time: 35.6779999733 s

jacoco time: 5.0039999485 s

firsttestcase 7_025 end

firsttestcase 7_026 start:
cmd:[python, C:\Users\yifeiLu\Documents\TestingProjectHome\calenderNotification\testcase\firstcases\testcase7_026.py]

FAIL

str(e):		Message: An element could not be located on the page using the given search parameters.



repr(e):	NoSuchElementException()

Traceback (most recent call last):

  File "C:\Users\yifeiLu\Documents\TestingProjectHome\calenderNotification\testcase\firstcases\testcase7_026.py", line 204, in <module>

    element = getElememt(driver, "new UiSelector().resourceId(\"com.github.quarck.calnotify:id/imageview_is_alarm_indicator\").className(\"android.widget.ImageView\")")

  File "C:\Users\yifeiLu\Documents\TestingProjectHome\calenderNotification\testcase\firstcases\testcase7_026.py", line 34, in getElememt

    element = driver.find_element_by_android_uiautomator(str)

  File "C:\Python27\lib\site-packages\appium\webdriver\webdriver.py", line 327, in find_element_by_android_uiautomator

    return self.find_element(by=By.ANDROID_UIAUTOMATOR, value=uia_string)

  File "C:\Python27\lib\site-packages\appium\webdriver\webdriver.py", line 219, in find_element

    'value': value})['value']

  File "C:\Python27\lib\site-packages\selenium\webdriver\remote\webdriver.py", line 321, in execute

    self.error_handler.check_response(response)

  File "C:\Python27\lib\site-packages\appium\webdriver\errorhandler.py", line 29, in check_response

    raise wde

NoSuchElementException: Message: An element could not be located on the page using the given search parameters.





consumed time: 15.6460001469 s

jacoco time: 5.0039999485 s

firsttestcase 7_026 end

firsttestcase 7_027 start:
cmd:[python, C:\Users\yifeiLu\Documents\TestingProjectHome\calenderNotification\testcase\firstcases\testcase7_027.py]

FAIL

str(e):		Message: An element could not be located on the page using the given search parameters.



repr(e):	NoSuchElementException()

Traceback (most recent call last):

  File "C:\Users\yifeiLu\Documents\TestingProjectHome\calenderNotification\testcase\firstcases\testcase7_027.py", line 204, in <module>

    element = getElememt(driver, "new UiSelector().resourceId(\"android:id/numberpicker_input\").className(\"android.widget.EditText\")")

  File "C:\Users\yifeiLu\Documents\TestingProjectHome\calenderNotification\testcase\firstcases\testcase7_027.py", line 34, in getElememt

    element = driver.find_element_by_android_uiautomator(str)

  File "C:\Python27\lib\site-packages\appium\webdriver\webdriver.py", line 327, in find_element_by_android_uiautomator

    return self.find_element(by=By.ANDROID_UIAUTOMATOR, value=uia_string)

  File "C:\Python27\lib\site-packages\appium\webdriver\webdriver.py", line 219, in find_element

    'value': value})['value']

  File "C:\Python27\lib\site-packages\selenium\webdriver\remote\webdriver.py", line 321, in execute

    self.error_handler.check_response(response)

  File "C:\Python27\lib\site-packages\appium\webdriver\errorhandler.py", line 29, in check_response

    raise wde

NoSuchElementException: Message: An element could not be located on the page using the given search parameters.





consumed time: 18.3020000458 s

jacoco time: 5.00500011444 s

firsttestcase 7_027 end

firsttestcase 7_028 start:
cmd:[python, C:\Users\yifeiLu\Documents\TestingProjectHome\calenderNotification\testcase\firstcases\testcase7_028.py]

FAIL

str(e):		Message: An element could not be located on the page using the given search parameters.



repr(e):	NoSuchElementException()

Traceback (most recent call last):

  File "C:\Users\yifeiLu\Documents\TestingProjectHome\calenderNotification\testcase\firstcases\testcase7_028.py", line 204, in <module>

    element = getElememt(driver, "new UiSelector().resourceId(\"com.github.quarck.calnotify:id/imageview_is_alarm_indicator\").className(\"android.widget.ImageView\")")

  File "C:\Users\yifeiLu\Documents\TestingProjectHome\calenderNotification\testcase\firstcases\testcase7_028.py", line 34, in getElememt

    element = driver.find_element_by_android_uiautomator(str)

  File "C:\Python27\lib\site-packages\appium\webdriver\webdriver.py", line 327, in find_element_by_android_uiautomator

    return self.find_element(by=By.ANDROID_UIAUTOMATOR, value=uia_string)

  File "C:\Python27\lib\site-packages\appium\webdriver\webdriver.py", line 219, in find_element

    'value': value})['value']

  File "C:\Python27\lib\site-packages\selenium\webdriver\remote\webdriver.py", line 321, in execute

    self.error_handler.check_response(response)

  File "C:\Python27\lib\site-packages\appium\webdriver\errorhandler.py", line 29, in check_response

    raise wde

NoSuchElementException: Message: An element could not be located on the page using the given search parameters.





consumed time: 15.3499999046 s

jacoco time: 5.00499987602 s

firsttestcase 7_028 end

firsttestcase 7_029 start:
cmd:[python, C:\Users\yifeiLu\Documents\TestingProjectHome\calenderNotification\testcase\firstcases\testcase7_029.py]

FAIL

str(e):		Message: An element could not be located on the page using the given search parameters.



repr(e):	NoSuchElementException()

Traceback (most recent call last):

  File "C:\Users\yifeiLu\Documents\TestingProjectHome\calenderNotification\testcase\firstcases\testcase7_029.py", line 206, in <module>

    element = getElememtBack(driver, "new UiSelector().text(\"1 hour\")", "new UiSelector().className(\"android.widget.TextView\").instance(9)")

  File "C:\Users\yifeiLu\Documents\TestingProjectHome\calenderNotification\testcase\firstcases\testcase7_029.py", line 53, in getElememtBack

    element = driver.find_element_by_android_uiautomator(str2)

  File "C:\Python27\lib\site-packages\appium\webdriver\webdriver.py", line 327, in find_element_by_android_uiautomator

    return self.find_element(by=By.ANDROID_UIAUTOMATOR, value=uia_string)

  File "C:\Python27\lib\site-packages\appium\webdriver\webdriver.py", line 219, in find_element

    'value': value})['value']

  File "C:\Python27\lib\site-packages\selenium\webdriver\remote\webdriver.py", line 321, in execute

    self.error_handler.check_response(response)

  File "C:\Python27\lib\site-packages\appium\webdriver\errorhandler.py", line 29, in check_response

    raise wde

NoSuchElementException: Message: An element could not be located on the page using the given search parameters.





consumed time: 23.5569999218 s

jacoco time: 5.0039999485 s

firsttestcase 7_029 end

firsttestcase 8_000 start:
cmd:[python, C:\Users\yifeiLu\Documents\TestingProjectHome\calenderNotification\testcase\firstcases\testcase8_000.py]

OK

consumed time: 15.7520000935 s

jacoco time: 5.00499987602 s

firsttestcase 8_000 end

firsttestcase 8_001 start:
cmd:[python, C:\Users\yifeiLu\Documents\TestingProjectHome\calenderNotification\testcase\firstcases\testcase8_001.py]

OK

consumed time: 76.1689999104 s

jacoco time: 5.0039999485 s

firsttestcase 8_001 end

firsttestcase 8_002 start:
cmd:[python, C:\Users\yifeiLu\Documents\TestingProjectHome\calenderNotification\testcase\firstcases\testcase8_002.py]

OK

consumed time: 67.7939999104 s

jacoco time: 5.0039999485 s

firsttestcase 8_002 end

firsttestcase 8_003 start:
cmd:[python, C:\Users\yifeiLu\Documents\TestingProjectHome\calenderNotification\testcase\firstcases\testcase8_003.py]

FAIL

str(e):		Message: An element could not be located on the page using the given search parameters.



repr(e):	NoSuchElementException()

Traceback (most recent call last):

  File "C:\Users\yifeiLu\Documents\TestingProjectHome\calenderNotification\testcase\firstcases\testcase8_003.py", line 218, in <module>

    element = getElememtBack(driver, "new UiSelector().text(\"For a custom period\")", "new UiSelector().className(\"android.widget.TextView\").instance(15)")

  File "C:\Users\yifeiLu\Documents\TestingProjectHome\calenderNotification\testcase\firstcases\testcase8_003.py", line 53, in getElememtBack

    element = driver.find_element_by_android_uiautomator(str2)

  File "C:\Python27\lib\site-packages\appium\webdriver\webdriver.py", line 327, in find_element_by_android_uiautomator

    return self.find_element(by=By.ANDROID_UIAUTOMATOR, value=uia_string)

  File "C:\Python27\lib\site-packages\appium\webdriver\webdriver.py", line 219, in find_element

    'value': value})['value']

  File "C:\Python27\lib\site-packages\selenium\webdriver\remote\webdriver.py", line 321, in execute

    self.error_handler.check_response(response)

  File "C:\Python27\lib\site-packages\appium\webdriver\errorhandler.py", line 29, in check_response

    raise wde

NoSuchElementException: Message: An element could not be located on the page using the given search parameters.





consumed time: 36.4149999619 s

jacoco time: 5.00499987602 s

firsttestcase 8_003 end

firsttestcase 8_004 start:
cmd:[python, C:\Users\yifeiLu\Documents\TestingProjectHome\calenderNotification\testcase\firstcases\testcase8_004.py]

FAIL

str(e):		Message: An element could not be located on the page using the given search parameters.



repr(e):	NoSuchElementException()

Traceback (most recent call last):

  File "C:\Users\yifeiLu\Documents\TestingProjectHome\calenderNotification\testcase\firstcases\testcase8_004.py", line 208, in <module>

    element = getElememtBack(driver, "new UiSelector().text(\"OK\")", "new UiSelector().className(\"android.widget.Button\").instance(1)")

  File "C:\Users\yifeiLu\Documents\TestingProjectHome\calenderNotification\testcase\firstcases\testcase8_004.py", line 53, in getElememtBack

    element = driver.find_element_by_android_uiautomator(str2)

  File "C:\Python27\lib\site-packages\appium\webdriver\webdriver.py", line 327, in find_element_by_android_uiautomator

    return self.find_element(by=By.ANDROID_UIAUTOMATOR, value=uia_string)

  File "C:\Python27\lib\site-packages\appium\webdriver\webdriver.py", line 219, in find_element

    'value': value})['value']

  File "C:\Python27\lib\site-packages\selenium\webdriver\remote\webdriver.py", line 321, in execute

    self.error_handler.check_response(response)

  File "C:\Python27\lib\site-packages\appium\webdriver\errorhandler.py", line 29, in check_response

    raise wde

NoSuchElementException: Message: An element could not be located on the page using the given search parameters.





consumed time: 19.9779999256 s

jacoco time: 5.00500011444 s

firsttestcase 8_004 end

firsttestcase 8_005 start:
cmd:[python, C:\Users\yifeiLu\Documents\TestingProjectHome\calenderNotification\testcase\firstcases\testcase8_005.py]

OK

consumed time: 28.3759999275 s

jacoco time: 5.00300002098 s

firsttestcase 8_005 end

firsttestcase 8_006 start:
cmd:[python, C:\Users\yifeiLu\Documents\TestingProjectHome\calenderNotification\testcase\firstcases\testcase8_006.py]

OK

consumed time: 15.8550000191 s

jacoco time: 5.007999897 s

firsttestcase 8_006 end

firsttestcase 8_007 start:
cmd:[python, C:\Users\yifeiLu\Documents\TestingProjectHome\calenderNotification\testcase\firstcases\testcase8_007.py]

OK

consumed time: 77.0390000343 s

jacoco time: 5.00500011444 s

firsttestcase 8_007 end

firsttestcase 8_008 start:
cmd:[python, C:\Users\yifeiLu\Documents\TestingProjectHome\calenderNotification\testcase\firstcases\testcase8_008.py]

OK

consumed time: 79.3020000458 s

jacoco time: 5.0039999485 s

firsttestcase 8_008 end

firsttestcase 8_009 start:
cmd:[python, C:\Users\yifeiLu\Documents\TestingProjectHome\calenderNotification\testcase\firstcases\testcase8_009.py]

OK

consumed time: 16.6749999523 s

jacoco time: 5.00300002098 s

firsttestcase 8_009 end

firsttestcase 8_010 start:
cmd:[python, C:\Users\yifeiLu\Documents\TestingProjectHome\calenderNotification\testcase\firstcases\testcase8_010.py]

FAIL

str(e):		Message: An element could not be located on the page using the given search parameters.



repr(e):	NoSuchElementException()

Traceback (most recent call last):

  File "C:\Users\yifeiLu\Documents\TestingProjectHome\calenderNotification\testcase\firstcases\testcase8_010.py", line 204, in <module>

    element = getElememtBack(driver, "new UiSelector().text(\"28\")", "new UiSelector().className(\"android.widget.Button\").instance(2)")

  File "C:\Users\yifeiLu\Documents\TestingProjectHome\calenderNotification\testcase\firstcases\testcase8_010.py", line 53, in getElememtBack

    element = driver.find_element_by_android_uiautomator(str2)

  File "C:\Python27\lib\site-packages\appium\webdriver\webdriver.py", line 327, in find_element_by_android_uiautomator

    return self.find_element(by=By.ANDROID_UIAUTOMATOR, value=uia_string)

  File "C:\Python27\lib\site-packages\appium\webdriver\webdriver.py", line 219, in find_element

    'value': value})['value']

  File "C:\Python27\lib\site-packages\selenium\webdriver\remote\webdriver.py", line 321, in execute

    self.error_handler.check_response(response)

  File "C:\Python27\lib\site-packages\appium\webdriver\errorhandler.py", line 29, in check_response

    raise wde

NoSuchElementException: Message: An element could not be located on the page using the given search parameters.





consumed time: 23.117000103 s

jacoco time: 5.0039999485 s

firsttestcase 8_010 end

firsttestcase 8_011 start:
cmd:[python, C:\Users\yifeiLu\Documents\TestingProjectHome\calenderNotification\testcase\firstcases\testcase8_011.py]

FAIL

str(e):		Message: An element could not be located on the page using the given search parameters.



repr(e):	NoSuchElementException()

Traceback (most recent call last):

  File "C:\Users\yifeiLu\Documents\TestingProjectHome\calenderNotification\testcase\firstcases\testcase8_011.py", line 208, in <module>

    element = getElememtBack(driver, "new UiSelector().text(\"OK\")", "new UiSelector().className(\"android.widget.Button\").instance(1)")

  File "C:\Users\yifeiLu\Documents\TestingProjectHome\calenderNotification\testcase\firstcases\testcase8_011.py", line 53, in getElememtBack

    element = driver.find_element_by_android_uiautomator(str2)

  File "C:\Python27\lib\site-packages\appium\webdriver\webdriver.py", line 327, in find_element_by_android_uiautomator

    return self.find_element(by=By.ANDROID_UIAUTOMATOR, value=uia_string)

  File "C:\Python27\lib\site-packages\appium\webdriver\webdriver.py", line 219, in find_element

    'value': value})['value']

  File "C:\Python27\lib\site-packages\selenium\webdriver\remote\webdriver.py", line 321, in execute

    self.error_handler.check_response(response)

  File "C:\Python27\lib\site-packages\appium\webdriver\errorhandler.py", line 29, in check_response

    raise wde

NoSuchElementException: Message: An element could not be located on the page using the given search parameters.





consumed time: 21.2220001221 s

jacoco time: 5.00299978256 s

firsttestcase 8_011 end

firsttestcase 8_012 start:
cmd:[python, C:\Users\yifeiLu\Documents\TestingProjectHome\calenderNotification\testcase\firstcases\testcase8_012.py]

FAIL

str(e):		Message: An element could not be located on the page using the given search parameters.



repr(e):	NoSuchElementException()

Traceback (most recent call last):

  File "C:\Users\yifeiLu\Documents\TestingProjectHome\calenderNotification\testcase\firstcases\testcase8_012.py", line 208, in <module>

    element = getElememtBack(driver, "new UiSelector().text(\"1:57 AM\")", "new UiSelector().className(\"android.widget.Button\").instance(2)")

  File "C:\Users\yifeiLu\Documents\TestingProjectHome\calenderNotification\testcase\firstcases\testcase8_012.py", line 53, in getElememtBack

    element = driver.find_element_by_android_uiautomator(str2)

  File "C:\Python27\lib\site-packages\appium\webdriver\webdriver.py", line 327, in find_element_by_android_uiautomator

    return self.find_element(by=By.ANDROID_UIAUTOMATOR, value=uia_string)

  File "C:\Python27\lib\site-packages\appium\webdriver\webdriver.py", line 219, in find_element

    'value': value})['value']

  File "C:\Python27\lib\site-packages\selenium\webdriver\remote\webdriver.py", line 321, in execute

    self.error_handler.check_response(response)

  File "C:\Python27\lib\site-packages\appium\webdriver\errorhandler.py", line 29, in check_response

    raise wde

NoSuchElementException: Message: An element could not be located on the page using the given search parameters.





consumed time: 23.5299999714 s

jacoco time: 5.00500011444 s

firsttestcase 8_012 end

firsttestcase 8_013 start:
cmd:[python, C:\Users\yifeiLu\Documents\TestingProjectHome\calenderNotification\testcase\firstcases\testcase8_013.py]

OK

consumed time: 59.5670001507 s

jacoco time: 5.00599980354 s

firsttestcase 8_013 end

firsttestcase 8_014 start:
cmd:[python, C:\Users\yifeiLu\Documents\TestingProjectHome\calenderNotification\testcase\firstcases\testcase8_014.py]

OK

consumed time: 56.3550000191 s

jacoco time: 5.00499987602 s

firsttestcase 8_014 end

firsttestcase 8_015 start:
cmd:[python, C:\Users\yifeiLu\Documents\TestingProjectHome\calenderNotification\testcase\firstcases\testcase8_015.py]

OK

consumed time: 57.5589997768 s

jacoco time: 5.00400018692 s

firsttestcase 8_015 end

firsttestcase 8_016 start:
cmd:[python, C:\Users\yifeiLu\Documents\TestingProjectHome\calenderNotification\testcase\firstcases\testcase8_016.py]

OK

consumed time: 89.1360001564 s

jacoco time: 5.00299978256 s

firsttestcase 8_016 end

firsttestcase 8_017 start:
cmd:[python, C:\Users\yifeiLu\Documents\TestingProjectHome\calenderNotification\testcase\firstcases\testcase8_017.py]

OK

consumed time: 44.8359999657 s

jacoco time: 5.00500011444 s

firsttestcase 8_017 end

firsttestcase 8_018 start:
cmd:[python, C:\Users\yifeiLu\Documents\TestingProjectHome\calenderNotification\testcase\firstcases\testcase8_018.py]

OK

consumed time: 44.7880001068 s

jacoco time: 5.00499987602 s

firsttestcase 8_018 end

firsttestcase 8_019 start:
cmd:[python, C:\Users\yifeiLu\Documents\TestingProjectHome\calenderNotification\testcase\firstcases\testcase8_019.py]

OK

consumed time: 16.8289999962 s

jacoco time: 5.00500011444 s

firsttestcase 8_019 end

firsttestcase 8_020 start:
cmd:[python, C:\Users\yifeiLu\Documents\TestingProjectHome\calenderNotification\testcase\firstcases\testcase8_020.py]

OK

consumed time: 54.7790000439 s

jacoco time: 5.00500011444 s

firsttestcase 8_020 end

firsttestcase 8_021 start:
cmd:[python, C:\Users\yifeiLu\Documents\TestingProjectHome\calenderNotification\testcase\firstcases\testcase8_021.py]

FAIL

str(e):		Message: An element could not be located on the page using the given search parameters.



repr(e):	NoSuchElementException()

Traceback (most recent call last):

  File "C:\Users\yifeiLu\Documents\TestingProjectHome\calenderNotification\testcase\firstcases\testcase8_021.py", line 208, in <module>

    element = getElememtBack(driver, "new UiSelector().text(\"28\")", "new UiSelector().className(\"android.widget.Button\").instance(2)")

  File "C:\Users\yifeiLu\Documents\TestingProjectHome\calenderNotification\testcase\firstcases\testcase8_021.py", line 53, in getElememtBack

    element = driver.find_element_by_android_uiautomator(str2)

  File "C:\Python27\lib\site-packages\appium\webdriver\webdriver.py", line 327, in find_element_by_android_uiautomator

    return self.find_element(by=By.ANDROID_UIAUTOMATOR, value=uia_string)

  File "C:\Python27\lib\site-packages\appium\webdriver\webdriver.py", line 219, in find_element

    'value': value})['value']

  File "C:\Python27\lib\site-packages\selenium\webdriver\remote\webdriver.py", line 321, in execute

    self.error_handler.check_response(response)

  File "C:\Python27\lib\site-packages\appium\webdriver\errorhandler.py", line 29, in check_response

    raise wde

NoSuchElementException: Message: An element could not be located on the page using the given search parameters.





consumed time: 23.7150001526 s

jacoco time: 5.00299978256 s

firsttestcase 8_021 end

firsttestcase 8_022 start:
cmd:[python, C:\Users\yifeiLu\Documents\TestingProjectHome\calenderNotification\testcase\firstcases\testcase8_022.py]

OK

consumed time: 10.9929997921 s

jacoco time: 5.00400018692 s

firsttestcase 8_022 end

firsttestcase 8_023 start:
cmd:[python, C:\Users\yifeiLu\Documents\TestingProjectHome\calenderNotification\testcase\firstcases\testcase8_023.py]

OK

consumed time: 20.8080000877 s

jacoco time: 5.00500011444 s

firsttestcase 8_023 end

firsttestcase 8_024 start:
cmd:[python, C:\Users\yifeiLu\Documents\TestingProjectHome\calenderNotification\testcase\firstcases\testcase8_024.py]

OK

consumed time: 90.7829999924 s

jacoco time: 5.00400018692 s

firsttestcase 8_024 end

firsttestcase 8_025 start:
cmd:[python, C:\Users\yifeiLu\Documents\TestingProjectHome\calenderNotification\testcase\firstcases\testcase8_025.py]

OK

consumed time: 63.129999876 s

jacoco time: 5.00500011444 s

firsttestcase 8_025 end

firsttestcase 8_026 start:
cmd:[python, C:\Users\yifeiLu\Documents\TestingProjectHome\calenderNotification\testcase\firstcases\testcase8_026.py]

OK

consumed time: 46.3569998741 s

jacoco time: 5.00500011444 s

firsttestcase 8_026 end

firsttestcase 8_027 start:
cmd:[python, C:\Users\yifeiLu\Documents\TestingProjectHome\calenderNotification\testcase\firstcases\testcase8_027.py]

FAIL

str(e):		Message: An element could not be located on the page using the given search parameters.



repr(e):	NoSuchElementException()

Traceback (most recent call last):

  File "C:\Users\yifeiLu\Documents\TestingProjectHome\calenderNotification\testcase\firstcases\testcase8_027.py", line 214, in <module>

    element = getElememtBack(driver, "new UiSelector().text(\"Cancel\")", "new UiSelector().className(\"android.widget.Button\")")

  File "C:\Users\yifeiLu\Documents\TestingProjectHome\calenderNotification\testcase\firstcases\testcase8_027.py", line 53, in getElememtBack

    element = driver.find_element_by_android_uiautomator(str2)

  File "C:\Python27\lib\site-packages\appium\webdriver\webdriver.py", line 327, in find_element_by_android_uiautomator

    return self.find_element(by=By.ANDROID_UIAUTOMATOR, value=uia_string)

  File "C:\Python27\lib\site-packages\appium\webdriver\webdriver.py", line 219, in find_element

    'value': value})['value']

  File "C:\Python27\lib\site-packages\selenium\webdriver\remote\webdriver.py", line 321, in execute

    self.error_handler.check_response(response)

  File "C:\Python27\lib\site-packages\appium\webdriver\errorhandler.py", line 29, in check_response

    raise wde

NoSuchElementException: Message: An element could not be located on the page using the given search parameters.





consumed time: 24.9600000381 s

jacoco time: 5.00400018692 s

firsttestcase 8_027 end

firsttestcase 8_028 start:
cmd:[python, C:\Users\yifeiLu\Documents\TestingProjectHome\calenderNotification\testcase\firstcases\testcase8_028.py]

FAIL

str(e):		Message: An element could not be located on the page using the given search parameters.



repr(e):	NoSuchElementException()

Traceback (most recent call last):

  File "C:\Users\yifeiLu\Documents\TestingProjectHome\calenderNotification\testcase\firstcases\testcase8_028.py", line 215, in <module>

    element = getElememt(driver, "new UiSelector().resourceId(\"com.github.quarck.calnotify:id/snooze_view_menu\").className(\"android.widget.ImageView\")")

  File "C:\Users\yifeiLu\Documents\TestingProjectHome\calenderNotification\testcase\firstcases\testcase8_028.py", line 34, in getElememt

    element = driver.find_element_by_android_uiautomator(str)

  File "C:\Python27\lib\site-packages\appium\webdriver\webdriver.py", line 327, in find_element_by_android_uiautomator

    return self.find_element(by=By.ANDROID_UIAUTOMATOR, value=uia_string)

  File "C:\Python27\lib\site-packages\appium\webdriver\webdriver.py", line 219, in find_element

    'value': value})['value']

  File "C:\Python27\lib\site-packages\selenium\webdriver\remote\webdriver.py", line 321, in execute

    self.error_handler.check_response(response)

  File "C:\Python27\lib\site-packages\appium\webdriver\errorhandler.py", line 29, in check_response

    raise wde

NoSuchElementException: Message: An element could not be located on the page using the given search parameters.





consumed time: 31.2070000172 s

jacoco time: 5.00300002098 s

firsttestcase 8_028 end

firsttestcase 8_029 start:
cmd:[python, C:\Users\yifeiLu\Documents\TestingProjectHome\calenderNotification\testcase\firstcases\testcase8_029.py]

OK

consumed time: 90.0020000935 s

jacoco time: 5.0039999485 s

firsttestcase 8_029 end

execution end: 32 failed

