This exploration took time: 76s
current preference, name:datePickerUseDecade, value:1
current preference, name:mapsForgeEnabled, value:1
current preference, name:mediaUpdateStrategy, value:jpg file only
current preference, name:xmp_file_schema_long, value:1
current preference, name:renamePrivateJpg, value:1
current preference, name:clearSelectionAfterCommand, value:0
current preference, name:debugEnabledSql, value:1
current preference, name:debugEnabledViewItem, value:1
current preference, name:debugEnabledMap, value:1
current preference, name:debugEnabledMemory, value:1
current preference, name:debugEnabledJpg, value:1
current preference, name:debugEnabledJpgMetaIo, value:1
current preference, name:debugEnableLibs, value:1
current preference, name:debugEnabled, value:1
current preference, name:datePickerUseDecade, value:0
current preference, name:mapsForgeEnabled, value:0
current preference, name:mediaUpdateStrategy, value:jpg and xmp (Create if not found)
current preference, name:xmp_file_schema_long, value:0
current preference, name:renamePrivateJpg, value:0
current preference, name:clearSelectionAfterCommand, value:1
current preference, name:debugEnabledSql, value:0
current preference, name:debugEnabledViewItem, value:0
current preference, name:debugEnabledMap, value:0
current preference, name:debugEnabledMemory, value:0
current preference, name:debugEnabledJpg, value:0
current preference, name:debugEnabledJpgMetaIo, value:0
current preference, name:debugEnableLibs, value:0
current preference, name:debugEnabled, value:0
  interestcase preference_pre_reverse start:
cmd:[python, C:\Users\yifeiLu\Documents\TestingProjectHome\aphotomanager\testcase\allpreferencecases\precase_log.py]

OK

consumed time: 86.6100001335 s

jacoco time: 5.0039999485 s

interestcase preference_pre_reverse end

  interestcase preference_pre_default start:
cmd:[python, C:\Users\yifeiLu\Documents\TestingProjectHome\aphotomanager\testcase\allpreferencecases\defaultprecase_log.py]

OK

consumed time: 79.6979999542 s

jacoco time: 5.00499987602 s

interestcase preference_pre_default end

NO.0 Scene:
discovered in ineration NO. 0
origin branch is: 2962-5200 ,target branch is: 2962-5201
interests are:
debugEnabled      1    25     Diagnostics
discovered tags are : 5_022 3_027 2_027 1_026 5_027 
--------------------------------
NO.1 Scene:
discovered in ineration NO. 0
origin branch is: 2231-3932 ,target branch is: 2231-3933
interests are:
debugEnabled      1    25     Diagnostics
discovered tags are : 3_015 3_004 2_017 2_029 2_008 1_022 5_005 5_016 1_001 2_022 
--------------------------------
NO.2 Scene:
discovered in ineration NO. 0
origin branch is: 1485-2646 ,target branch is: 1485-2647
interests are:
debugEnabledViewItem      1    19     Diagnostics
discovered tags are : 2_027 2_028 2_029 2_023 2_024 2_025 2_026 2_020 2_021 2_022 2_016 2_017 2_018 2_019 2_012 2_013 2_014 2_015 2_010 2_011 5_000 5_001 5_008 5_009 5_006 5_007 5_004 5_005 5_002 5_003 2_009 2_005 2_006 2_007 2_008 2_001 2_002 2_003 2_004 2_000 5_011 5_012 5_010 5_019 5_017 5_018 5_015 5_016 5_013 5_014 5_022 5_023 5_020 5_021 5_028 5_029 5_026 5_027 5_024 5_025 3_028 3_029 3_026 3_027 1_019 1_017 1_018 1_015 3_020 1_016 3_021 1_013 1_014 1_011 3_024 1_012 3_025 3_022 1_010 3_023 4_003 4_004 4_005 4_006 4_007 4_008 4_009 4_000 4_001 4_002 3_017 3_018 3_015 3_016 1_028 3_019 1_029 1_026 1_027 3_010 1_024 1_025 1_022 3_013 1_023 3_014 1_020 3_011 1_021 3_012 4_014 4_015 4_016 4_017 4_018 4_019 4_010 4_011 4_012 4_013 3_006 3_007 3_004 3_005 3_008 3_009 3_002 3_003 3_000 3_001 4_025 4_026 4_027 4_028 4_029 4_020 4_021 4_022 4_023 4_024 1_008 1_009 1_006 1_007 1_004 1_005 1_002 1_003 1_000 1_001 
--------------------------------
NO.3 Scene:
discovered in ineration NO. 0
origin branch is: 589-1006 ,target branch is: 589-1007
interests are:
debugEnabledMemory      1    21     Diagnostics
discovered tags are : 2_027 2_028 2_029 2_023 2_024 2_025 2_026 2_020 2_021 2_022 2_016 2_017 2_018 2_019 2_012 2_013 2_014 2_015 2_010 2_011 5_000 5_001 5_008 5_009 5_006 5_007 5_004 5_005 5_002 5_003 2_009 2_005 2_006 2_007 2_008 2_001 2_002 2_003 2_004 2_000 5_011 5_012 5_010 5_019 5_017 5_018 5_015 5_016 5_013 5_014 5_022 5_023 5_020 5_021 5_028 5_029 5_026 5_027 5_024 5_025 3_028 3_029 3_026 3_027 1_019 1_017 1_018 1_015 3_020 1_016 3_021 1_013 1_014 1_011 3_024 1_012 3_025 3_022 1_010 3_023 4_003 4_004 4_005 4_006 4_007 4_008 4_009 4_000 4_001 4_002 3_017 3_018 3_015 3_016 1_028 3_019 1_029 1_026 1_027 3_010 1_024 1_025 1_022 3_013 1_023 3_014 1_020 3_011 1_021 3_012 4_014 4_015 4_016 4_017 4_018 4_019 4_010 4_011 4_012 4_013 3_006 3_007 3_004 3_005 3_008 3_009 3_002 3_003 3_000 3_001 4_025 4_026 4_027 4_028 4_029 4_020 4_021 4_022 4_023 4_024 1_008 1_009 1_006 1_007 1_004 1_005 1_002 1_003 1_000 1_001 
--------------------------------
NO.4 Scene:
discovered in ineration NO. 0
origin branch is: 2743_0 ,target branch is: 2743_0
interests are:
actionBarHideTimeInMilliSecs          4     Photos
discovered tags are : 1_013 
--------------------------------
NO.5 Scene:
discovered in ineration NO. 0
origin branch is: 3110-5544 ,target branch is: 3110-5545
interests are:
debugEnabledJpg      1    22     Diagnostics
discovered tags are : 5_022 4_009 5_027 
--------------------------------
NO.6 Scene:
discovered in ineration NO. 0
origin branch is: 628-1076 ,target branch is: 628-1077
interests are:
debugEnabled      1    25     Diagnostics
discovered tags are : 2_027 2_023 3_027 1_015 1_013 1_011 1_010 3_023 4_003 2_016 4_007 4_009 2_013 2_014 4_000 2_010 5_000 5_001 3_018 3_016 3_019 1_029 1_026 5_009 5_002 1_020 1_021 2_009 4_016 4_017 4_018 4_019 2_007 2_003 3_007 5_010 3_008 3_009 5_015 3_003 5_013 3_000 4_025 4_026 4_027 4_028 4_029 4_020 4_021 4_022 4_023 4_024 5_022 5_020 1_007 1_004 5_029 1_000 5_027 
--------------------------------
NO.7 Scene:
discovered in ineration NO. 0
origin branch is: 565-967_1 ,target branch is: 565-967_1
interests are:
actionBarHideTimeInMilliSecs          4     Photos
discovered tags are : 2_027 2_023 3_027 1_015 1_013 1_011 1_010 3_023 4_003 2_016 4_007 4_009 2_013 2_014 4_000 2_010 5_000 5_001 3_018 3_016 3_019 1_029 1_026 5_009 5_002 1_020 1_021 2_009 4_016 4_017 4_018 4_019 2_007 2_003 3_007 5_010 3_008 3_009 5_015 3_003 5_013 3_000 4_025 4_026 4_027 4_028 4_029 4_020 4_021 4_022 4_023 4_024 5_022 5_020 1_007 1_004 5_029 1_000 5_027 
--------------------------------
NO.8 Scene:
discovered in ineration NO. 0
origin branch is: 2299-4051 ,target branch is: 2299-4052
interests are:
debugEnabled      1    25     Diagnostics
discovered tags are : 2_027 2_028 2_029 2_023 2_024 2_025 2_026 2_020 2_021 2_022 2_016 2_017 2_018 2_019 2_012 2_013 2_014 2_015 2_010 2_011 5_000 5_001 5_008 5_009 5_006 5_007 5_004 5_005 5_002 5_003 2_009 2_005 2_006 2_007 2_008 2_001 2_002 2_003 2_004 2_000 5_011 5_012 5_010 5_019 5_017 5_018 5_015 5_016 5_013 5_014 5_022 5_023 5_020 5_021 5_028 5_029 5_026 5_027 5_024 5_025 3_028 3_029 3_026 3_027 1_019 1_017 1_018 1_015 3_020 1_016 3_021 1_013 1_014 1_011 3_024 1_012 3_025 3_022 1_010 3_023 4_003 4_004 4_005 4_006 4_007 4_008 4_009 4_000 4_001 4_002 3_017 3_018 3_015 3_016 1_028 3_019 1_029 1_026 1_027 3_010 1_024 1_025 1_022 3_013 1_023 3_014 1_020 3_011 1_021 3_012 4_014 4_015 4_016 4_017 4_018 4_019 4_010 4_011 4_012 4_013 3_006 3_007 3_004 3_005 3_008 3_009 3_002 3_003 3_000 3_001 4_025 4_026 4_027 4_028 4_029 4_020 4_021 4_022 4_023 4_024 1_008 1_009 1_006 1_007 1_004 1_005 1_002 1_003 1_000 1_001 
--------------------------------
NO.9 Scene:
discovered in ineration NO. 0
origin branch is: 1360-2437 ,target branch is: 1360-2438
interests are:
debugEnabled      1    25     Diagnostics
discovered tags are : 2_027 2_028 2_029 2_023 2_024 2_025 2_026 2_020 2_021 2_022 2_016 2_017 2_018 2_019 2_012 2_013 2_014 2_015 2_010 2_011 5_000 5_001 5_008 5_009 5_006 5_007 5_004 5_005 5_002 5_003 2_009 2_005 2_006 2_007 2_008 2_001 2_002 2_003 2_004 2_000 5_011 5_012 5_010 5_019 5_017 5_018 5_015 5_016 5_013 5_014 5_022 5_023 5_020 5_021 5_028 5_029 5_026 5_027 5_024 5_025 3_028 3_029 3_026 3_027 1_019 1_017 1_018 1_015 3_020 1_016 3_021 1_013 1_014 1_011 3_024 1_012 3_025 3_022 1_010 3_023 4_003 4_004 4_005 4_006 4_007 4_008 4_009 4_000 4_001 4_002 3_017 3_018 3_015 3_016 1_028 3_019 1_029 1_026 1_027 3_010 1_024 1_025 1_022 3_013 1_023 3_014 1_020 3_011 1_021 3_012 4_014 4_015 4_016 4_017 4_018 4_019 4_010 4_011 4_012 4_013 3_006 3_007 3_004 3_005 3_008 3_009 3_002 3_003 3_000 3_001 4_025 4_026 4_027 4_028 4_029 4_020 4_021 4_022 4_023 4_024 1_008 1_009 1_006 1_007 1_004 1_005 1_002 1_003 1_000 1_001 
--------------------------------
NO.10 Scene:
discovered in ineration NO. 0
origin branch is: 636-1093 ,target branch is: 636-1094
interests are:
debugEnabledMemory      1    21     Diagnostics
discovered tags are : 2_027 2_023 3_027 1_015 1_013 1_011 1_010 3_023 4_003 2_016 4_007 4_009 2_013 2_014 4_000 2_010 5_000 5_001 3_018 3_016 3_019 1_029 1_026 5_009 5_002 1_020 1_021 2_009 4_016 4_017 4_018 4_019 2_007 2_003 3_007 5_010 3_008 3_009 5_015 3_003 5_013 3_000 4_025 4_026 4_027 4_028 4_029 4_020 4_021 4_022 4_023 4_024 5_022 5_020 1_007 1_004 5_029 1_000 5_027 
--------------------------------
NO.11 Scene:
discovered in ineration NO. 0
origin branch is: 1518_2 ,target branch is: 1518_2
interests are:
actionBarHideTimeInMilliSecs          4     Photos
discovered tags are : 1_013 
--------------------------------
NO.12 Scene:
discovered in ineration NO. 0
origin branch is: 2007-3579 ,target branch is: 2007-3580
interests are:
debugEnabled      1    25     Diagnostics
discovered tags are : 2_027 2_028 2_024 2_002 2_025 2_003 2_026 3_027 1_019 1_016 3_021 5_017 1_014 5_013 3_022 3_000 4_006 2_012 4_001 2_011 5_023 3_018 1_009 1_027 3_010 5_028 1_003 5_026 5_024 
--------------------------------
NO.13 Scene:
discovered in ineration NO. 0
origin branch is: 2477-4334 ,target branch is: 2477-4335
interests are:
debugEnabled      1    25     Diagnostics
discovered tags are : 4_014 4_004 2_005 2_006 2_018 2_019 2_020 4_011 5_011 5_021 3_005 1_017 1_006 5_008 1_024 1_002 1_025 5_004 3_024 3_013 1_012 3_025 3_014 
--------------------------------
NO.14 Scene:
discovered in ineration NO. 0
origin branch is: 962-1692 ,target branch is: 962-1693
interests are:
debugEnabled      1    25     Diagnostics
discovered tags are : 3_015 3_004 2_017 2_029 2_008 1_022 5_005 5_016 1_001 2_022 
--------------------------------
NO.15 Scene:
discovered in ineration NO. 0
origin branch is: 706-1252 ,target branch is: 706-1253
interests are:
debugEnabledMemory      1    21     Diagnostics
discovered tags are : 2_027 2_023 3_027 1_015 1_013 1_011 1_010 3_023 4_003 2_016 4_007 4_009 2_013 2_014 4_000 2_010 5_000 5_001 3_018 3_016 3_019 1_029 1_026 5_009 5_002 1_020 1_021 2_009 4_016 4_017 4_018 4_019 2_007 2_003 3_007 5_010 3_008 3_009 5_015 3_003 5_013 3_000 4_025 4_026 4_027 4_028 4_029 4_020 4_021 4_022 4_023 4_024 5_022 5_020 1_007 1_004 5_029 1_000 5_027 
--------------------------------
NO.16 Scene:
discovered in ineration NO. 0
origin branch is: 3168-5681 ,target branch is: 3168-5682
interests are:
debugEnabled      1    25     Diagnostics
discovered tags are : 3_015 3_004 2_017 2_029 2_008 1_022 5_005 5_016 1_001 2_022 
--------------------------------
NO.17 Scene:
discovered in ineration NO. 0
origin branch is: 1304-2354 ,target branch is: 1304-2355
interests are:
debugEnabled      1    25     Diagnostics
discovered tags are : 2_027 2_028 2_029 2_023 2_024 2_025 2_026 2_020 2_021 2_022 2_016 2_017 2_018 2_019 2_012 2_013 2_014 2_015 2_010 2_011 5_000 5_001 5_008 5_009 5_006 5_007 5_004 5_005 5_002 5_003 2_009 2_005 2_006 2_007 2_008 2_001 2_002 2_003 2_004 2_000 5_011 5_012 5_010 5_019 5_017 5_018 5_015 5_016 5_013 5_014 5_022 5_023 5_020 5_021 5_028 5_029 5_026 5_027 5_024 5_025 3_028 3_029 3_026 3_027 1_019 1_017 1_018 1_015 3_020 1_016 3_021 1_013 1_014 1_011 3_024 1_012 3_025 3_022 1_010 3_023 4_003 4_004 4_005 4_006 4_007 4_008 4_009 4_000 4_001 4_002 3_017 3_018 3_015 3_016 1_028 3_019 1_029 1_026 1_027 3_010 1_024 1_025 1_022 3_013 1_023 3_014 1_020 3_011 1_021 3_012 4_014 4_015 4_016 4_017 4_018 4_019 4_010 4_011 4_012 4_013 3_006 3_007 3_004 3_005 3_008 3_009 3_002 3_003 3_000 3_001 4_025 4_026 4_027 4_028 4_029 4_020 4_021 4_022 4_023 4_024 1_008 1_009 1_006 1_007 1_004 1_005 1_002 1_003 1_000 1_001 
--------------------------------
NO.18 Scene:
discovered in ineration NO. 0
origin branch is: 3333-6011 ,target branch is: 3333-6010
interests are:
debugEnableLibs      0    24     Diagnostics
discovered tags are : 2_027 2_028 2_029 2_023 2_024 2_025 2_026 2_020 2_021 2_022 2_016 2_017 2_018 2_019 2_012 2_013 2_014 2_015 2_010 2_011 5_000 5_001 5_008 5_009 5_006 5_007 5_004 5_005 5_002 5_003 2_009 2_005 2_006 2_007 2_008 2_001 2_002 2_003 2_004 2_000 5_011 5_012 5_010 5_019 5_017 5_018 5_015 5_016 5_013 5_014 5_022 5_023 5_020 5_021 5_028 5_029 5_026 5_027 5_024 5_025 3_028 3_029 3_026 3_027 1_019 1_017 1_018 1_015 3_020 1_016 3_021 1_013 1_014 1_011 3_024 1_012 3_025 3_022 1_010 3_023 4_003 4_004 4_005 4_006 4_007 4_008 4_009 4_000 4_001 4_002 3_017 3_018 3_015 3_016 1_028 3_019 1_029 1_026 1_027 3_010 1_024 1_025 1_022 3_013 1_023 3_014 1_020 3_011 1_021 3_012 4_014 4_015 4_016 4_017 4_018 4_019 4_010 4_011 4_012 4_013 3_006 3_007 3_004 3_005 3_008 3_009 3_002 3_003 3_000 3_001 4_025 4_026 4_027 4_028 4_029 4_020 4_021 4_022 4_023 4_024 1_008 1_009 1_006 1_007 1_004 1_005 1_002 1_003 1_000 1_001 
--------------------------------
NO.19 Scene:
discovered in ineration NO. 0
origin branch is: 2167-3842 ,target branch is: 2167-3841
interests are:
debugEnabled      1    25     Diagnostics
discovered tags are : 3_015 3_004 2_017 2_029 2_008 1_022 5_005 5_016 1_001 2_022 
--------------------------------
NO.20 Scene:
discovered in ineration NO. 0
origin branch is: 357-589_3 ,target branch is: 357-589_3
interests are:
actionBarHideTimeInMilliSecs          4     Photos
discovered tags are : 1_013 
--------------------------------
NO.21 Scene:
discovered in ineration NO. 0
origin branch is: 1813-3289 ,target branch is: 1813-3290
interests are:
debugEnabled      1    25     Diagnostics
discovered tags are : 3_006 3_026 2_029 4_009 1_001 4_012 2_022 
--------------------------------
NO.22 Scene:
discovered in ineration NO. 0
origin branch is: 1464-2609 ,target branch is: 1464-2610
interests are:
debugEnabled      1    25     Diagnostics
discovered tags are : 2_027 2_028 2_029 2_023 2_024 2_025 2_026 2_020 2_021 2_022 2_016 2_017 2_018 2_019 2_012 2_013 2_014 2_015 2_010 2_011 5_000 5_001 5_008 5_009 5_006 5_007 5_004 5_005 5_002 5_003 2_009 2_005 2_006 2_007 2_008 2_001 2_002 2_003 2_004 2_000 5_011 5_012 5_010 5_019 5_017 5_018 5_015 5_016 5_013 5_014 5_022 5_023 5_020 5_021 5_028 5_029 5_026 5_027 5_024 5_025 3_028 3_029 3_026 3_027 1_019 1_017 1_018 1_015 3_020 1_016 3_021 1_013 1_014 1_011 3_024 1_012 3_025 3_022 1_010 3_023 4_003 4_004 4_005 4_006 4_007 4_008 4_009 4_000 4_001 4_002 3_017 3_018 3_015 3_016 1_028 3_019 1_029 1_026 1_027 3_010 1_024 1_025 1_022 3_013 1_023 3_014 1_020 3_011 1_021 3_012 4_014 4_015 4_016 4_017 4_018 4_019 4_010 4_011 4_012 4_013 3_006 3_007 3_004 3_005 3_008 3_009 3_002 3_003 3_000 3_001 4_025 4_026 4_027 4_028 4_029 4_020 4_021 4_022 4_023 4_024 1_008 1_009 1_006 1_007 1_004 1_005 1_002 1_003 1_000 1_001 
--------------------------------
NO.23 Scene:
discovered in ineration NO. 0
origin branch is: 91-121 ,target branch is: 91-122
interests are:
debugEnabled      1    25     Diagnostics
discovered tags are : 3_006 3_026 2_029 4_009 1_001 4_012 2_022 
--------------------------------
NO.24 Scene:
discovered in ineration NO. 0
origin branch is: 1942-3484_4 ,target branch is: 1942-3484_4
interests are:
thumbCacheRoot          6     Photos
discovered tags are : 2_027 2_028 2_029 2_023 2_024 2_025 2_026 2_020 2_021 2_022 2_016 2_017 2_018 2_019 2_012 2_013 2_014 2_015 2_010 2_011 5_000 5_001 5_008 5_009 5_006 5_007 5_004 5_005 5_002 5_003 2_009 2_005 2_006 2_007 2_008 2_001 2_002 2_003 2_004 2_000 5_011 5_012 5_010 5_019 5_017 5_018 5_015 5_016 5_013 5_014 5_022 5_023 5_020 5_021 5_028 5_029 5_026 5_027 5_024 5_025 3_028 3_029 3_026 3_027 1_019 1_017 1_018 1_015 3_020 1_016 3_021 1_013 1_014 1_011 3_024 1_012 3_025 3_022 1_010 3_023 4_003 4_004 4_005 4_006 4_007 4_008 4_009 4_000 4_001 4_002 3_017 3_018 3_015 3_016 1_028 3_019 1_029 1_026 1_027 3_010 1_024 1_025 1_022 3_013 1_023 3_014 1_020 3_011 1_021 3_012 4_014 4_015 4_016 4_017 4_018 4_019 4_010 4_011 4_012 4_013 3_006 3_007 3_004 3_005 3_008 3_009 3_002 3_003 3_000 3_001 4_025 4_026 4_027 4_028 4_029 4_020 4_021 4_022 4_023 4_024 1_008 1_009 1_006 1_007 1_004 1_005 1_002 1_003 1_000 1_001 
--------------------------------
NO.25 Scene:
discovered in ineration NO. 0
origin branch is: 2028-3633 ,target branch is: 2028-3634
interests are:
debugEnabledViewItem      1    19     Diagnostics
discovered tags are : 2_027 2_028 2_029 2_023 2_024 2_025 2_026 2_020 2_021 2_022 3_006 3_007 3_004 3_005 3_008 3_009 3_020 3_021 3_002 3_003 3_022 3_000 3_023 3_001 2_016 2_017 2_018 2_019 3_017 3_018 3_015 3_016 3_019 3_010 3_013 1_000 3_014 3_011 3_012 
--------------------------------
NO.26 Scene:
discovered in ineration NO. 0
origin branch is: 2930-5132 ,target branch is: 2930-5131
interests are:
debugEnabled      1    25     Diagnostics
discovered tags are : 3_026 2_029 1_001 4_012 2_022 
--------------------------------
NO.27 Scene:
discovered in ineration NO. 0
origin branch is: 3581-6411_5 ,target branch is: 3581-6411_5
interests are:
pickHistoryMax          16     Edit
discovered tags are : 3_000 
--------------------------------
NO.28 Scene:
discovered in ineration NO. 0
origin branch is: 1528-2718 ,target branch is: 1528-2719
interests are:
debugEnabledMemory      1    21     Diagnostics
discovered tags are : 2_027 2_028 2_029 2_023 2_024 2_025 2_026 2_020 2_021 2_022 2_016 2_017 2_018 2_019 2_012 2_013 2_014 2_015 2_010 2_011 5_000 5_001 5_008 5_009 5_006 5_007 5_004 5_005 5_002 5_003 2_009 2_005 2_006 2_007 2_008 2_001 2_002 2_003 2_004 2_000 5_011 5_012 5_010 5_019 5_017 5_018 5_015 5_016 5_013 5_014 5_022 5_023 5_020 5_021 5_028 5_029 5_026 5_027 5_024 5_025 3_028 3_029 3_026 3_027 1_019 1_017 1_018 1_015 3_020 1_016 3_021 1_013 1_014 1_011 3_024 1_012 3_025 3_022 1_010 3_023 4_003 4_004 4_005 4_006 4_007 4_008 4_009 4_000 4_001 4_002 3_017 3_018 3_015 3_016 1_028 3_019 1_029 1_026 1_027 3_010 1_024 1_025 1_022 3_013 1_023 3_014 1_020 3_011 1_021 3_012 4_014 4_015 4_016 4_017 4_018 4_019 4_010 4_011 4_012 4_013 3_006 3_007 3_004 3_005 3_008 3_009 3_002 3_003 3_000 3_001 4_025 4_026 4_027 4_028 4_029 4_020 4_021 4_022 4_023 4_024 1_008 1_009 1_006 1_007 1_004 1_005 1_002 1_003 1_000 1_001 
--------------------------------
NO.29 Scene:
discovered in ineration NO. 0
origin branch is: 551-943_6 ,target branch is: 551-943_6
interests are:
pickHistoryMax          16     Edit
discovered tags are : 3_000 
--------------------------------
NO.30 Scene:
discovered in ineration NO. 0
origin branch is: 1351-2421 ,target branch is: 1351-2422
interests are:
debugEnabled      1    25     Diagnostics
discovered tags are : 5_012 3_002 5_025 4_013 
--------------------------------
NO.31 Scene:
discovered in ineration NO. 0
origin branch is: 288-446 ,target branch is: 288-447
interests are:
debugEnabled      1    25     Diagnostics
discovered tags are : 3_006 3_026 2_029 4_009 1_001 4_012 2_022 
--------------------------------
NO.32 Scene:
discovered in ineration NO. 0
origin branch is: 2929-5129 ,target branch is: 2929-5128
interests are:
debugEnabledSql      1    18     Diagnostics
discovered tags are : 3_026 2_029 1_001 4_012 2_022 
--------------------------------
NO.33 Scene:
discovered in ineration NO. 0
origin branch is: 929-1626 ,target branch is: 929-1625
interests are:
debugEnabled      1    25     Diagnostics
discovered tags are : 3_028 3_017 3_029 1_028 1_018 2_015 2_004 4_010 2_021 
--------------------------------
NO.34 Scene:
discovered in ineration NO. 0
origin branch is: 3629_7 ,target branch is: 3629_7
interests are:
pickHistoryMax          16     Edit
discovered tags are : 3_000 
--------------------------------
NO.35 Scene:
discovered in ineration NO. 0
origin branch is: 2006-3577 ,target branch is: 2006-3578
interests are:
debugEnabled      1    25     Diagnostics
discovered tags are : 2_027 2_028 2_024 2_002 2_025 2_003 2_026 3_027 1_019 1_016 3_021 5_017 1_014 5_013 3_022 3_000 4_006 2_012 4_001 2_011 5_023 3_018 1_009 1_027 3_010 5_028 1_003 5_026 5_024 
--------------------------------
NO.36 Scene:
discovered in ineration NO. 0
origin branch is: 304-472 ,target branch is: 304-473
interests are:
debugEnabled      1    25     Diagnostics
discovered tags are : 3_006 3_026 2_029 4_009 1_001 4_012 2_022 
--------------------------------
NO.37 Scene:
discovered in ineration NO. 0
origin branch is: 3185-5749 ,target branch is: 3185-5750
interests are:
debugEnabled      1    25     Diagnostics
discovered tags are : 2_027 2_028 2_029 2_023 2_024 2_025 2_026 2_020 2_021 2_022 2_016 2_017 2_018 2_019 2_012 2_013 2_014 2_015 2_010 2_011 5_000 5_001 5_008 5_009 5_006 5_007 5_004 5_005 5_002 5_003 2_009 2_005 2_006 2_007 2_008 2_001 2_002 2_003 2_004 2_000 5_011 5_012 5_010 5_019 5_017 5_018 5_015 5_016 5_013 5_014 5_022 5_023 5_020 5_021 5_028 5_029 5_026 5_027 5_024 5_025 3_028 3_029 3_026 3_027 1_019 1_017 1_018 1_015 3_020 1_016 3_021 1_013 1_014 1_011 3_024 1_012 3_025 3_022 1_010 3_023 4_003 4_004 4_005 4_006 4_007 4_008 4_009 4_000 4_001 4_002 3_017 3_018 3_015 3_016 1_028 3_019 1_029 1_026 1_027 3_010 1_024 1_025 1_022 3_013 1_023 3_014 1_020 3_011 1_021 3_012 4_014 4_015 4_016 4_017 4_018 4_019 4_010 4_011 4_012 4_013 3_006 3_007 3_004 3_005 3_008 3_009 3_002 3_003 3_000 3_001 4_025 4_026 4_027 4_028 4_029 4_020 4_021 4_022 4_023 4_024 1_008 1_009 1_006 1_007 1_004 1_005 1_002 1_003 1_000 1_001 
--------------------------------
NO.38 Scene:
discovered in ineration NO. 0
origin branch is: 2217-3909 ,target branch is: 2217-3908
interests are:
debugEnabledMap      1    20     Diagnostics
discovered tags are : 3_015 3_004 2_017 2_029 2_008 1_022 5_005 5_016 1_001 2_022 
--------------------------------
NO.39 Scene:
discovered in ineration NO. 0
origin branch is: 1607-2909 ,target branch is: 1607-2910
interests are:
debugEnabledMemory      1    21     Diagnostics
discovered tags are : 2_027 2_028 2_029 2_023 2_024 2_025 2_026 2_020 2_021 2_022 2_016 2_017 2_018 2_019 2_012 2_013 2_014 2_015 2_010 2_011 5_000 5_001 5_008 5_009 5_006 5_007 5_004 5_005 5_002 5_003 2_009 2_005 2_006 2_007 2_008 2_001 2_002 2_003 2_004 2_000 5_011 5_012 5_010 5_019 5_017 5_018 5_015 5_016 5_013 5_014 5_022 5_023 5_020 5_021 5_028 5_029 5_026 5_027 5_024 5_025 3_028 3_029 3_026 3_027 1_019 1_017 1_018 1_015 3_020 1_016 3_021 1_013 1_014 1_011 3_024 1_012 3_025 3_022 1_010 3_023 4_003 4_004 4_005 4_006 4_007 4_008 4_009 4_000 4_001 4_002 3_017 3_018 3_015 3_016 1_028 3_019 1_029 1_026 1_027 3_010 1_024 1_025 1_022 3_013 1_023 3_014 1_020 3_011 1_021 3_012 4_014 4_015 4_016 4_017 4_018 4_019 4_010 4_011 4_012 4_013 3_006 3_007 3_004 3_005 3_008 3_009 3_002 3_003 3_000 3_001 4_025 4_026 4_027 4_028 4_029 4_020 4_021 4_022 4_023 4_024 1_008 1_009 1_006 1_007 1_004 1_005 1_002 1_003 1_000 1_001 
--------------------------------
NO.40 Scene:
discovered in ineration NO. 0
origin branch is: 2247-3959 ,target branch is: 2247-3960
interests are:
debugEnabledMap      1    20     Diagnostics
discovered tags are : 3_015 3_004 2_017 2_029 2_008 1_022 5_005 5_016 1_001 2_022 
--------------------------------
NO.41 Scene:
discovered in ineration NO. 0
origin branch is: 3109-5543 ,target branch is: 3109-5542
interests are:
debugEnabledSql      1    18     Diagnostics
discovered tags are : 5_022 4_009 5_027 
--------------------------------
NO.42 Scene:
discovered in ineration NO. 0
origin branch is: 2027-3631 ,target branch is: 2027-3630
interests are:
debugEnableLibs      0    24     Diagnostics
discovered tags are : 2_027 2_028 2_029 2_023 2_024 2_025 2_026 2_020 2_021 2_022 3_006 3_007 3_004 3_005 3_008 3_009 3_020 3_021 3_002 3_003 3_022 3_000 3_023 3_001 2_016 2_017 2_018 2_019 3_017 3_018 3_015 3_016 3_019 3_010 3_013 1_000 3_014 3_011 3_012 
--------------------------------
NO.43 Scene:
discovered in ineration NO. 0
origin branch is: 2213-3900 ,target branch is: 2213-3899
interests are:
debugEnabledSql      1    18     Diagnostics
discovered tags are : 3_015 3_004 2_017 2_029 2_008 1_022 5_005 5_016 1_001 2_022 
--------------------------------
NO.44 Scene:
discovered in ineration NO. 0
origin branch is: 1119-2043 ,target branch is: 1119-2042
interests are:
debugEnabledSql      1    18     Diagnostics
discovered tags are : 2_027 2_028 2_029 2_023 2_024 2_025 2_026 2_020 2_021 2_022 2_016 2_017 2_018 2_019 2_012 2_013 2_014 2_015 2_010 2_011 5_000 5_001 5_008 5_009 5_006 5_007 5_004 5_005 5_002 5_003 2_009 2_005 2_006 2_007 2_008 2_001 2_002 2_003 2_004 2_000 5_011 5_012 5_010 5_019 5_017 5_018 5_015 5_016 5_013 5_014 5_022 5_023 5_020 5_021 5_028 5_029 5_026 5_027 5_024 5_025 3_028 3_029 3_026 3_027 1_019 1_017 1_018 1_015 3_020 1_016 3_021 1_013 1_014 1_011 3_024 1_012 3_025 3_022 1_010 3_023 4_003 4_004 4_005 4_006 4_007 4_008 4_009 4_000 4_001 4_002 3_017 3_018 3_015 3_016 1_028 3_019 1_029 1_026 1_027 3_010 1_024 1_025 1_022 3_013 1_023 3_014 1_020 3_011 1_021 3_012 4_014 4_015 4_016 4_017 4_018 4_019 4_010 4_011 4_012 4_013 3_006 3_007 3_004 3_005 3_008 3_009 3_002 3_003 3_000 3_001 4_025 4_026 4_027 4_028 4_029 4_020 4_021 4_022 4_023 4_024 1_008 1_009 1_006 1_007 1_004 1_005 1_002 1_003 1_000 1_001 
--------------------------------
NO.45 Scene:
discovered in ineration NO. 0
origin branch is: 3439-6167_8 ,target branch is: 3439-6167_8
interests are:
pickHistoryMax          16     Edit
discovered tags are : 3_027 3_016 5_019 2_013 1_005 5_006 
--------------------------------
NO.46 Scene:
discovered in ineration NO. 0
origin branch is: 1476-2632 ,target branch is: 1476-2633
interests are:
debugEnabledViewItem      1    19     Diagnostics
discovered tags are : 2_027 2_028 2_029 2_023 2_024 2_025 2_026 2_020 2_021 2_022 2_016 2_017 2_018 2_019 2_012 2_013 2_014 2_015 2_010 2_011 5_000 5_001 5_008 5_009 5_006 5_007 5_004 5_005 5_002 5_003 2_009 2_005 2_006 2_007 2_008 2_001 2_002 2_003 2_004 2_000 5_011 5_012 5_010 5_019 5_017 5_018 5_015 5_016 5_013 5_014 5_022 5_023 5_020 5_021 5_028 5_029 5_026 5_027 5_024 5_025 3_028 3_029 3_026 3_027 1_019 1_017 1_018 1_015 3_020 1_016 3_021 1_013 1_014 1_011 3_024 1_012 3_025 3_022 1_010 3_023 4_003 4_004 4_005 4_006 4_007 4_008 4_009 4_000 4_001 4_002 3_017 3_018 3_015 3_016 1_028 3_019 1_029 1_026 1_027 3_010 1_024 1_025 1_022 3_013 1_023 3_014 1_020 3_011 1_021 3_012 4_014 4_015 4_016 4_017 4_018 4_019 4_010 4_011 4_012 4_013 3_006 3_007 3_004 3_005 3_008 3_009 3_002 3_003 3_000 3_001 4_025 4_026 4_027 4_028 4_029 4_020 4_021 4_022 4_023 4_024 1_008 1_009 1_006 1_007 1_004 1_005 1_002 1_003 1_000 1_001 
--------------------------------
NO.47 Scene:
discovered in ineration NO. 0
origin branch is: 2933-5134 ,target branch is: 2933-5135
interests are:
debugEnabledJpgMetaIo      1    23     Diagnostics
discovered tags are : 5_022 3_027 2_027 1_026 5_027 
--------------------------------
NO.48 Scene:
discovered in ineration NO. 0
origin branch is: 2283-4024 ,target branch is: 2283-4023
interests are:
debugEnabled      1    25     Diagnostics
discovered tags are : 3_015 3_004 2_017 2_029 2_008 1_022 5_005 5_016 1_001 2_022 
--------------------------------
NO.49 Scene:
discovered in ineration NO. 0
origin branch is: 2286-4030 ,target branch is: 2286-4031
interests are:
debugEnabledMap      1    20     Diagnostics
discovered tags are : 3_015 3_004 2_017 2_029 2_008 1_022 5_005 5_016 1_001 2_022 
--------------------------------
NO.50 Scene:
discovered in ineration NO. 0
origin branch is: 275-424 ,target branch is: 275-425
interests are:
debugEnabled      1    25     Diagnostics
discovered tags are : 3_006 3_026 2_029 4_009 1_001 4_012 2_022 
--------------------------------
NO.51 Scene:
discovered in ineration NO. 0
origin branch is: 1564-2787 ,target branch is: 1564-2788
interests are:
debugEnabledMemory      1    21     Diagnostics
discovered tags are : 5_012 3_002 5_025 4_013 
--------------------------------
NO.52 Scene:
discovered in ineration NO. 0
origin branch is: 3477-6231 ,target branch is: 3477-6232
interests are:
debugEnabled      1    25     Diagnostics
discovered tags are : 3_027 3_016 5_019 2_013 1_005 5_006 
--------------------------------
NO.53 Scene:
discovered in ineration NO. 0
origin branch is: 1121-2047 ,target branch is: 1121-2048
interests are:
debugEnabled      1    25     Diagnostics
discovered tags are : 2_027 2_028 2_029 2_023 2_024 2_025 2_026 2_020 2_021 2_022 2_016 2_017 2_018 2_019 2_012 2_013 2_014 2_015 2_010 2_011 5_000 5_001 5_008 5_009 5_006 5_007 5_004 5_005 5_002 5_003 2_009 2_005 2_006 2_007 2_008 2_001 2_002 2_003 2_004 2_000 5_011 5_012 5_010 5_019 5_017 5_018 5_015 5_016 5_013 5_014 5_022 5_023 5_020 5_021 5_028 5_029 5_026 5_027 5_024 5_025 3_028 3_029 3_026 3_027 1_019 1_017 1_018 1_015 3_020 1_016 3_021 1_013 1_014 1_011 3_024 1_012 3_025 3_022 1_010 3_023 4_003 4_004 4_005 4_006 4_007 4_008 4_009 4_000 4_001 4_002 3_017 3_018 3_015 3_016 1_028 3_019 1_029 1_026 1_027 3_010 1_024 1_025 1_022 3_013 1_023 3_014 1_020 3_011 1_021 3_012 4_014 4_015 4_016 4_017 4_018 4_019 4_010 4_011 4_012 4_013 3_006 3_007 3_004 3_005 3_008 3_009 3_002 3_003 3_000 3_001 4_025 4_026 4_027 4_028 4_029 4_020 4_021 4_022 4_023 4_024 1_008 1_009 1_006 1_007 1_004 1_005 1_002 1_003 1_000 1_001 
--------------------------------
NO.54 Scene:
discovered in ineration NO. 0
origin branch is: 565-966_9 ,target branch is: 565-966_9
interests are:
actionBarHideTimeInMilliSecs          4     Photos
discovered tags are : 2_027 2_023 3_027 1_015 1_013 1_011 1_010 3_023 4_003 2_016 4_007 4_009 2_013 2_014 4_000 2_010 5_000 5_001 3_018 3_016 3_019 1_029 1_026 5_009 5_002 1_020 1_021 2_009 4_016 4_017 4_018 4_019 2_007 2_003 3_007 5_010 3_008 3_009 5_015 3_003 5_013 3_000 4_025 4_026 4_027 4_028 4_029 4_020 4_021 4_022 4_023 4_024 5_022 5_020 1_007 1_004 5_029 1_000 5_027 
--------------------------------
NO.55 Scene:
discovered in ineration NO. 0
origin branch is: 976-1713 ,target branch is: 976-1714
interests are:
debugEnabledViewItem      1    19     Diagnostics
discovered tags are : 3_015 3_004 2_017 2_029 2_008 1_022 5_005 5_016 1_001 2_022 
--------------------------------
NO.56 Scene:
discovered in ineration NO. 0
origin branch is: 1940-3477_10 ,target branch is: 1940-3477_10
interests are:
maxSelectionMarkersInMap          11     Show in map
discovered tags are : 2_027 2_028 2_029 2_023 2_024 2_025 2_026 2_020 2_021 2_022 2_016 2_017 2_018 2_019 2_012 2_013 2_014 2_015 2_010 2_011 5_000 5_001 5_008 5_009 5_006 5_007 5_004 5_005 5_002 5_003 2_009 2_005 2_006 2_007 2_008 2_001 2_002 2_003 2_004 2_000 5_011 5_012 5_010 5_019 5_017 5_018 5_015 5_016 5_013 5_014 5_022 5_023 5_020 5_021 5_028 5_029 5_026 5_027 5_024 5_025 3_028 3_029 3_026 3_027 1_019 1_017 1_018 1_015 3_020 1_016 3_021 1_013 1_014 1_011 3_024 1_012 3_025 3_022 1_010 3_023 4_003 4_004 4_005 4_006 4_007 4_008 4_009 4_000 4_001 4_002 3_017 3_018 3_015 3_016 1_028 3_019 1_029 1_026 1_027 3_010 1_024 1_025 1_022 3_013 1_023 3_014 1_020 3_011 1_021 3_012 4_014 4_015 4_016 4_017 4_018 4_019 4_010 4_011 4_012 4_013 3_006 3_007 3_004 3_005 3_008 3_009 3_002 3_003 3_000 3_001 4_025 4_026 4_027 4_028 4_029 4_020 4_021 4_022 4_023 4_024 1_008 1_009 1_006 1_007 1_004 1_005 1_002 1_003 1_000 1_001 
--------------------------------
NO.57 Scene:
discovered in ineration NO. 0
origin branch is: 2865-4995 ,target branch is: 2865-4994
interests are:
debugEnabledSql      1    18     Diagnostics
discovered tags are : 2_027 2_028 2_029 2_023 2_024 2_025 2_026 2_020 2_021 2_022 2_016 2_017 2_018 2_019 2_012 2_013 2_014 2_015 2_010 2_011 5_000 5_001 5_008 5_009 5_006 5_007 5_004 5_005 5_002 5_003 2_009 2_005 2_006 2_007 2_008 2_001 2_002 2_003 2_004 2_000 5_011 5_012 5_010 5_019 5_017 5_018 5_015 5_016 5_013 5_014 5_022 5_023 5_020 5_021 5_028 5_029 5_026 5_027 5_024 5_025 3_028 3_029 3_026 3_027 1_019 1_017 1_018 1_015 3_020 1_016 3_021 1_013 1_014 1_011 3_024 1_012 3_025 3_022 1_010 3_023 4_003 4_004 4_005 4_006 4_007 4_008 4_009 4_000 4_001 4_002 3_017 3_018 3_015 3_016 1_028 3_019 1_029 1_026 1_027 3_010 1_024 1_025 1_022 3_013 1_023 3_014 1_020 3_011 1_021 3_012 4_014 4_015 4_016 4_017 4_018 4_019 4_010 4_011 4_012 4_013 3_006 3_007 3_004 3_005 3_008 3_009 3_002 3_003 3_000 3_001 4_025 4_026 4_027 4_028 4_029 4_020 4_021 4_022 4_023 4_024 1_008 1_009 1_006 1_007 1_004 1_005 1_002 1_003 1_000 1_001 
--------------------------------
NO.58 Scene:
discovered in ineration NO. 0
origin branch is: 2248-3961 ,target branch is: 2248-3962
interests are:
debugEnabledMap      1    20     Diagnostics
discovered tags are : 3_015 3_004 2_017 2_029 2_008 1_022 5_005 5_016 1_001 2_022 
--------------------------------
NO.59 Scene:
discovered in ineration NO. 0
origin branch is: 1456-2597 ,target branch is: 1456-2598
interests are:
debugEnabled      1    25     Diagnostics
discovered tags are : 2_027 2_028 2_029 2_023 2_024 2_025 2_026 2_020 2_021 2_022 2_016 2_017 2_018 2_019 2_012 2_013 2_014 2_015 2_010 2_011 5_000 5_001 5_008 5_009 5_006 5_007 5_004 5_005 5_002 5_003 2_009 2_005 2_006 2_007 2_008 2_001 2_002 2_003 2_004 2_000 5_011 5_012 5_010 5_019 5_017 5_018 5_015 5_016 5_013 5_014 5_022 5_023 5_020 5_021 5_028 5_029 5_026 5_027 5_024 5_025 3_028 3_029 3_026 3_027 1_019 1_017 1_018 1_015 3_020 1_016 3_021 1_013 1_014 1_011 3_024 1_012 3_025 3_022 1_010 3_023 4_003 4_004 4_005 4_006 4_007 4_008 4_009 4_000 4_001 4_002 3_017 3_018 3_015 3_016 1_028 3_019 1_029 1_026 1_027 3_010 1_024 1_025 1_022 3_013 1_023 3_014 1_020 3_011 1_021 3_012 4_014 4_015 4_016 4_017 4_018 4_019 4_010 4_011 4_012 4_013 3_006 3_007 3_004 3_005 3_008 3_009 3_002 3_003 3_000 3_001 4_025 4_026 4_027 4_028 4_029 4_020 4_021 4_022 4_023 4_024 1_008 1_009 1_006 1_007 1_004 1_005 1_002 1_003 1_000 1_001 
--------------------------------
NO.60 Scene:
discovered in ineration NO. 0
origin branch is: 3586-6418 ,target branch is: 3586-6419
interests are:
debugEnabledViewItem      1    19     Diagnostics
discovered tags are : 2_027 2_023 3_027 1_015 1_013 1_011 1_010 3_023 4_003 2_016 4_007 4_009 2_013 2_014 4_000 2_010 5_000 5_001 3_018 3_016 3_019 1_029 1_026 5_009 5_002 1_020 1_021 2_009 4_016 4_017 4_018 4_019 2_007 2_003 3_007 5_010 3_008 3_009 5_015 3_003 5_013 3_000 4_025 4_026 4_027 4_028 4_029 4_020 4_021 4_022 4_023 4_024 5_022 5_020 1_007 1_004 5_029 1_000 5_027 
--------------------------------
NO.61 Scene:
discovered in ineration NO. 0
origin branch is: 2209-3892 ,target branch is: 2209-3893
interests are:
debugEnabled      1    25     Diagnostics
discovered tags are : 3_015 3_004 2_017 2_029 2_008 1_022 5_005 5_016 1_001 2_022 
--------------------------------
NO.62 Scene:
discovered in ineration NO. 0
origin branch is: 3458-6201 ,target branch is: 3458-6202
interests are:
debugEnabled      1    25     Diagnostics
discovered tags are : 3_027 3_016 5_019 2_013 1_005 5_006 
--------------------------------
NO.63 Scene:
discovered in ineration NO. 0
origin branch is: 2324-4091 ,target branch is: 2324-4092
interests are:
mapsForgeEnabled      1    9     Show in map
discovered tags are : 3_015 3_004 2_017 2_029 2_008 1_022 5_005 5_016 1_001 2_022 
--------------------------------
NO.64 Scene:
discovered in ineration NO. 0
origin branch is: 446-774 ,target branch is: 446-775
interests are:
debugEnabledSql      1    18     Diagnostics
discovered tags are : 2_027 2_023 3_027 1_015 1_013 1_011 1_010 3_023 4_003 2_016 4_007 4_009 2_013 2_014 4_000 2_010 5_000 5_001 3_018 3_016 3_019 1_029 1_026 5_009 5_002 1_020 1_021 2_009 4_016 4_017 4_018 4_019 2_007 2_003 3_007 5_010 3_008 3_009 5_015 3_003 5_013 3_000 4_025 4_026 4_027 4_028 4_029 4_020 4_021 4_022 4_023 4_024 5_022 5_020 1_007 1_004 5_029 1_000 5_027 
--------------------------------
NO.65 Scene:
discovered in ineration NO. 0
origin branch is: 3590-6426 ,target branch is: 3590-6427
interests are:
debugEnabledViewItem      1    19     Diagnostics
discovered tags are : 2_027 2_023 3_027 1_015 1_013 1_011 1_010 3_023 4_003 2_016 4_007 4_009 2_013 2_014 4_000 2_010 5_000 5_001 3_018 3_016 3_019 1_029 1_026 5_009 5_002 1_020 1_021 2_009 4_016 4_017 4_018 4_019 2_007 2_003 3_007 5_010 3_008 3_009 5_015 3_003 5_013 3_000 4_025 4_026 4_027 4_028 4_029 4_020 4_021 4_022 4_023 4_024 5_022 5_020 1_007 1_004 5_029 1_000 5_027 
--------------------------------
NO.66 Scene:
discovered in ineration NO. 0
origin branch is: 3601-6443 ,target branch is: 3601-6444
interests are:
debugEnabled      1    25     Diagnostics
discovered tags are : 2_027 2_023 3_027 1_015 1_013 1_011 1_010 3_023 4_003 2_016 4_007 4_009 2_013 2_014 4_000 2_010 5_000 5_001 3_018 3_016 3_019 1_029 1_026 5_009 5_002 1_020 1_021 2_009 4_016 4_017 4_018 4_019 2_007 2_003 3_007 5_010 3_008 3_009 5_015 3_003 5_013 3_000 4_025 4_026 4_027 4_028 4_029 4_020 4_021 4_022 4_023 4_024 5_022 5_020 1_007 1_004 5_029 1_000 5_027 
--------------------------------
NO.67 Scene:
discovered in ineration NO. 0
origin branch is: 613_11 ,target branch is: 613_11
interests are:
actionBarHideTimeInMilliSecs          4     Photos
discovered tags are : 5_022 3_027 1_026 
--------------------------------
NO.68 Scene:
discovered in ineration NO. 0
origin branch is: 904-1599 ,target branch is: 904-1600
interests are:
debugEnabled      1    25     Diagnostics
discovered tags are : 3_028 3_017 3_029 1_028 1_018 2_015 2_004 4_010 2_021 
--------------------------------
NO.69 Scene:
discovered in ineration NO. 0
origin branch is: 2228-3928 ,target branch is: 2228-3929
interests are:
debugEnabledMap      1    20     Diagnostics
discovered tags are : 3_015 3_004 2_017 2_029 2_008 1_022 5_005 5_016 1_001 2_022 
--------------------------------
NO.70 Scene:
discovered in ineration NO. 0
origin branch is: 2337-4113 ,target branch is: 2337-4114
interests are:
debugEnabled      1    25     Diagnostics
discovered tags are : 3_015 3_004 2_017 2_029 2_008 1_022 5_005 5_016 1_001 2_022 
--------------------------------
NO.71 Scene:
discovered in ineration NO. 0
origin branch is: 1704-3069 ,target branch is: 1704-3068
interests are:
renamePrivateJpg      0    14     Edit
discovered tags are : 5_022 4_009 5_027 
--------------------------------
NO.72 Scene:
discovered in ineration NO. 0
origin branch is: 2667-4633 ,target branch is: 2667-4634
interests are:
debugEnabled      1    25     Diagnostics
discovered tags are : 4_014 4_004 2_005 2_006 2_018 2_019 2_020 4_011 5_011 5_021 3_005 1_017 1_006 5_008 1_024 1_002 1_025 5_004 3_024 3_013 1_012 3_025 3_014 
--------------------------------
NO.73 Scene:
discovered in ineration NO. 0
origin branch is: 3575-6400 ,target branch is: 3575-6401
interests are:
debugEnabled      1    25     Diagnostics
discovered tags are : 2_027 2_023 3_027 1_015 1_013 1_011 1_010 3_023 4_003 2_016 4_007 4_009 2_013 2_014 4_000 2_010 5_000 5_001 3_018 3_016 3_019 1_029 1_026 5_009 5_002 1_020 1_021 2_009 4_016 4_017 4_018 4_019 2_007 2_003 3_007 5_010 3_008 3_009 5_015 3_003 5_013 3_000 4_025 4_026 4_027 4_028 4_029 4_020 4_021 4_022 4_023 4_024 5_022 5_020 1_007 1_004 5_029 1_000 5_027 
--------------------------------
NO.74 Scene:
discovered in ineration NO. 0
origin branch is: 567-971 ,target branch is: 567-972
interests are:
debugEnabled      1    25     Diagnostics
discovered tags are : 2_009 4_016 4_017 2_027 4_018 4_019 2_023 5_010 3_009 1_013 5_015 1_011 3_003 3_000 1_010 3_023 4_003 4_025 4_026 4_027 4_028 2_016 4_029 4_009 2_014 4_020 4_021 4_022 2_010 4_023 4_024 5_000 5_022 5_001 5_020 3_016 3_019 1_004 5_009 1_000 5_027 5_002 1_020 1_021 
--------------------------------
NO.75 Scene:
discovered in ineration NO. 0
origin branch is: 2240-3945 ,target branch is: 2240-3946
interests are:
debugEnabledSql      1    18     Diagnostics
discovered tags are : 2_027 2_023 3_027 1_015 1_013 1_011 1_010 3_023 4_003 2_016 4_007 4_009 2_013 2_014 4_000 2_010 5_000 5_001 3_018 3_016 3_019 1_029 1_026 5_009 5_002 1_020 1_021 2_009 4_016 4_017 4_018 4_019 2_007 2_003 3_007 5_010 3_008 3_009 5_015 3_003 5_013 3_000 4_025 4_026 4_027 4_028 4_029 4_020 4_021 4_022 4_023 4_024 5_022 5_020 1_007 1_004 5_029 1_000 5_027 
--------------------------------
NO.76 Scene:
discovered in ineration NO. 0
origin branch is: 1946_12 ,target branch is: 1946_12
interests are:
imageDetailThumbnailIfBiggerThan          5     Photos
discovered tags are : 4_015 2_027 2_028 2_024 2_002 2_025 2_003 2_026 3_027 1_019 1_016 3_021 5_017 1_014 5_013 3_022 3_000 4_006 2_012 4_001 2_011 5_023 3_018 1_009 1_027 3_010 5_028 1_003 5_026 5_024 5_003 
--------------------------------
NO.77 Scene:
discovered in ineration NO. 0
origin branch is: 3211-5812 ,target branch is: 3211-5813
interests are:
mapsForgeEnabled      0    9     Show in map
discovered tags are : 3_000 
--------------------------------
NO.78 Scene:
discovered in ineration NO. 0
origin branch is: 1542-2746 ,target branch is: 1542-2747
interests are:
debugEnabled      1    25     Diagnostics
discovered tags are : 2_027 2_028 2_029 2_023 2_024 2_025 2_026 2_020 2_021 2_022 2_016 2_017 2_018 2_019 2_012 2_013 2_014 2_015 2_010 2_011 5_000 5_001 5_008 5_009 5_006 5_007 5_004 5_005 5_002 5_003 2_009 2_005 2_006 2_007 2_008 2_001 2_002 2_003 2_004 2_000 5_011 5_012 5_010 5_019 5_017 5_018 5_015 5_016 5_013 5_014 5_022 5_023 5_020 5_021 5_028 5_029 5_026 5_027 5_024 5_025 3_028 3_029 3_026 3_027 1_019 1_017 1_018 1_015 3_020 1_016 3_021 1_013 1_014 1_011 3_024 1_012 3_025 3_022 1_010 3_023 4_003 4_004 4_005 4_006 4_007 4_008 4_009 4_000 4_001 4_002 3_017 3_018 3_015 3_016 1_028 3_019 1_029 1_026 1_027 3_010 1_024 1_025 1_022 3_013 1_023 3_014 1_020 3_011 1_021 3_012 4_014 4_015 4_016 4_017 4_018 4_019 4_010 4_011 4_012 4_013 3_006 3_007 3_004 3_005 3_008 3_009 3_002 3_003 3_000 3_001 4_025 4_026 4_027 4_028 4_029 4_020 4_021 4_022 4_023 4_024 1_008 1_009 1_006 1_007 1_004 1_005 1_002 1_003 1_000 1_001 
--------------------------------
NO.79 Scene:
discovered in ineration NO. 0
origin branch is: 2168-3844 ,target branch is: 2168-3845
interests are:
debugEnabledMap      1    20     Diagnostics
discovered tags are : 3_015 3_004 2_017 2_029 2_008 1_022 5_005 5_016 1_001 2_022 
--------------------------------
NO.80 Scene:
discovered in ineration NO. 0
origin branch is: 3599-6438_13 ,target branch is: 3599-6438_13
interests are:
pickHistoryMax          16     Edit
discovered tags are : 3_000 
--------------------------------
NO.81 Scene:
discovered in ineration NO. 0
origin branch is: 2252-3967 ,target branch is: 2252-3968
interests are:
debugEnabledSql      1    18     Diagnostics
discovered tags are : 2_027 2_023 3_027 1_015 1_013 1_011 1_010 3_023 4_003 2_016 4_007 4_009 2_013 2_014 4_000 2_010 5_000 5_001 3_018 3_016 3_019 1_029 1_026 5_009 5_002 1_020 1_021 2_009 4_016 4_017 4_018 4_019 2_007 2_003 3_007 5_010 3_008 3_009 5_015 3_003 5_013 3_000 4_025 4_026 4_027 4_028 4_029 4_020 4_021 4_022 4_023 4_024 5_022 5_020 1_007 1_004 5_029 1_000 5_027 
--------------------------------
NO.82 Scene:
discovered in ineration NO. 0
origin branch is: 1849-3346 ,target branch is: 1849-3347
interests are:
debugEnabled      1    25     Diagnostics
discovered tags are : 2_027 2_023 3_027 1_015 1_013 1_011 1_010 3_023 4_003 2_016 4_007 4_009 2_014 4_000 2_010 5_000 5_001 3_018 3_016 3_019 1_026 5_009 5_002 1_020 1_021 2_009 4_016 4_017 4_018 4_019 2_007 2_003 5_010 3_009 5_015 3_003 5_013 3_000 4_025 4_026 4_027 4_028 4_029 4_020 4_021 4_022 4_023 4_024 5_022 5_020 1_004 1_000 5_027 
--------------------------------
NO.83 Scene:
discovered in ineration NO. 0
origin branch is: 2341-4119 ,target branch is: 2341-4120
interests are:
debugEnabledMap      1    20     Diagnostics
discovered tags are : 3_015 3_004 2_017 2_029 2_008 1_022 5_005 5_016 1_001 2_022 
--------------------------------
NO.84 Scene:
discovered in ineration NO. 0
origin branch is: 961-1690 ,target branch is: 961-1689
interests are:
debugEnabledSql      1    18     Diagnostics
discovered tags are : 3_015 3_004 2_017 2_029 2_008 1_022 5_005 5_016 1_001 2_022 
--------------------------------
NO.85 Scene:
discovered in ineration NO. 0
origin branch is: 2306-4064 ,target branch is: 2306-4065
interests are:
debugEnabled      1    25     Diagnostics
discovered tags are : 5_012 3_002 5_025 4_013 
--------------------------------
NO.86 Scene:
discovered in ineration NO. 0
origin branch is: 2750-4758 ,target branch is: 2750-4759
interests are:
debugEnabled      1    25     Diagnostics
discovered tags are : 2_027 2_028 2_029 2_023 2_024 2_025 2_026 2_020 2_021 2_022 2_016 2_017 2_018 2_019 2_012 2_013 2_014 2_015 2_010 2_011 5_000 5_001 5_008 5_009 5_006 5_007 5_004 5_005 5_002 5_003 2_009 2_005 2_006 2_007 2_008 2_001 2_002 2_003 2_004 2_000 5_011 5_012 5_010 5_019 5_017 5_018 5_015 5_016 5_013 5_014 5_022 5_023 5_020 5_021 5_028 5_029 5_026 5_027 5_024 5_025 3_028 3_029 3_026 3_027 1_019 1_017 1_018 1_015 3_020 1_016 3_021 1_013 1_014 1_011 3_024 1_012 3_025 3_022 1_010 3_023 4_003 4_004 4_005 4_006 4_007 4_008 4_009 4_000 4_001 4_002 3_017 3_018 3_015 3_016 1_028 3_019 1_029 1_026 1_027 3_010 1_024 1_025 1_022 3_013 1_023 3_014 1_020 3_011 1_021 3_012 4_014 4_015 4_016 4_017 4_018 4_019 4_010 4_011 4_012 4_013 3_006 3_007 3_004 3_005 3_008 3_009 3_002 3_003 3_000 3_001 4_025 4_026 4_027 4_028 4_029 4_020 4_021 4_022 4_023 4_024 1_008 1_009 1_006 1_007 1_004 1_005 1_002 1_003 1_000 1_001 
--------------------------------
NO.87 Scene:
discovered in ineration NO. 0
origin branch is: 3046-5408 ,target branch is: 3046-5409
interests are:
debugEnabled      1    25     Diagnostics
discovered tags are : 5_027 
--------------------------------
NO.88 Scene:
discovered in ineration NO. 0
origin branch is: 2294-4041 ,target branch is: 2294-4042
interests are:
debugEnabledSql      1    18     Diagnostics
discovered tags are : 2_027 2_028 2_029 2_023 2_024 2_025 2_026 2_020 2_021 2_022 2_016 2_017 2_018 2_019 2_012 2_013 2_014 2_015 2_010 2_011 5_000 5_001 5_008 5_009 5_006 5_007 5_004 5_005 5_002 5_003 2_009 2_005 2_006 2_007 2_008 2_001 2_002 2_003 2_004 2_000 5_011 5_012 5_010 5_019 5_017 5_018 5_015 5_016 5_013 5_014 5_022 5_023 5_020 5_021 5_028 5_029 5_026 5_027 5_024 5_025 3_028 3_029 3_026 3_027 1_019 1_017 1_018 1_015 3_020 1_016 3_021 1_013 1_014 1_011 3_024 1_012 3_025 3_022 1_010 3_023 4_003 4_004 4_005 4_006 4_007 4_008 4_009 4_000 4_001 4_002 3_017 3_018 3_015 3_016 1_028 3_019 1_029 1_026 1_027 3_010 1_024 1_025 1_022 3_013 1_023 3_014 1_020 3_011 1_021 3_012 4_014 4_015 4_016 4_017 4_018 4_019 4_010 4_011 4_012 4_013 3_006 3_007 3_004 3_005 3_008 3_009 3_002 3_003 3_000 3_001 4_025 4_026 4_027 4_028 4_029 4_020 4_021 4_022 4_023 4_024 1_008 1_009 1_006 1_007 1_004 1_005 1_002 1_003 1_000 1_001 
--------------------------------
index.1,  interestcase 2_029 start:
tagetlogs are:[962-1693, 2028-3634, 304-473, 1304-2355, 3168-5682, 1360-2438, 1940-3477_10, 1542-2747, 589-1007, 2299-4052, 2750-4759, 2930-5131, 2209-3893, 2865-4994, 2168-3845, 2324-4092, 1485-2647, 2217-3908, 1121-2048, 288-447, 3333-6010, 2248-3962, 1119-2042, 1464-2610, 961-1689, 2283-4023, 2294-4042, 2341-4120, 1476-2633, 2337-4114, 2929-5128, 976-1714, 2213-3899, 1607-2910, 1528-2719, 1942-3484_4, 2247-3960, 2286-4031, 2228-3929, 275-425, 2231-3933, 2027-3630, 3185-5750, 91-122, 2167-3841, 1456-2598, 1813-3290]
current preference, name:thumbCacheRoot, value:
current preference, name:mapsForgeEnabled, value:1
current preference, name:maxSelectionMarkersInMap, value:
current preference, name:debugEnabledSql, value:1
current preference, name:debugEnabledViewItem, value:1
current preference, name:debugEnabledMap, value:1
current preference, name:debugEnabledMemory, value:1
current preference, name:debugEnableLibs, value:0
current preference, name:debugEnabled, value:1
cmd:[python, C:\Users\yifeiLu\Documents\TestingProjectHome\aphotomanager\testcase\interestcases\testcase0_1_2_029.py]

OK

consumed time: 75.2879998684 s

jacoco time: 5.00500011444 s

FAIL

str(e):		Message: An element could not be located on the page using the given search parameters.



repr(e):	NoSuchElementException()

Traceback (most recent call last):

  File "C:\Users\yifeiLu\Documents\TestingProjectHome\aphotomanager\testcase\interestcases\testcase0_1_2_029.py", line 220, in <module>

    element = getElememt(driver, "new UiSelector().resourceId(\"de.k3b.android.androFotoFinder:id/bookmark\").className(\"android.widget.ImageView\")")

  File "C:\Users\yifeiLu\Documents\TestingProjectHome\aphotomanager\testcase\interestcases\testcase0_1_2_029.py", line 34, in getElememt

    element = driver.find_element_by_android_uiautomator(str)

  File "C:\Python27\lib\site-packages\appium\webdriver\webdriver.py", line 327, in find_element_by_android_uiautomator

    return self.find_element(by=By.ANDROID_UIAUTOMATOR, value=uia_string)

  File "C:\Python27\lib\site-packages\appium\webdriver\webdriver.py", line 219, in find_element

    'value': value})['value']

  File "C:\Python27\lib\site-packages\selenium\webdriver\remote\webdriver.py", line 321, in execute

    self.error_handler.check_response(response)

  File "C:\Python27\lib\site-packages\appium\webdriver\errorhandler.py", line 29, in check_response

    raise wde

NoSuchElementException: Message: An element could not be located on the page using the given search parameters.





consumed time: 49.1139998436 s

jacoco time: 5.0039999485 s

covered targets are: [304-473, 1304-2355, 3168-5682, 1360-2438, 1940-3477_10, 1542-2747, 589-1007, 2299-4052, 2750-4759, 2209-3893, 2865-4994, 2324-4092, 1485-2647, 288-447, 3333-6010, 2248-3962, 1119-2042, 1464-2610, 961-1689, 2283-4023, 2294-4042, 2341-4120, 1476-2633, 2337-4114, 2929-5128, 976-1714, 2213-3899, 1607-2910, 1528-2719, 1942-3484_4, 2247-3960, 2228-3929, 275-425, 2231-3933, 3185-5750, 91-122, 2167-3841, 1456-2598, 1813-3290]
uncovered targets are: [962-1693, 2028-3634, 2930-5131, 2168-3845, 2217-3908, 1121-2048, 2286-4031, 2027-3630]
interestcase 0_1_2_029 end

index.2,  interestcase 2_022 start:
tagetlogs are:[962-1693, 2028-3634, 2930-5131, 2168-3845, 2217-3908, 1121-2048, 2286-4031, 2027-3630]
current preference, name:debugEnabledViewItem, value:1
current preference, name:debugEnabledMap, value:1
current preference, name:debugEnableLibs, value:0
current preference, name:debugEnabled, value:1
cmd:[python, C:\Users\yifeiLu\Documents\TestingProjectHome\aphotomanager\testcase\interestcases\testcase0_2_2_022.py]

OK

consumed time: 42.7680001259 s

jacoco time: 5.007999897 s

FAIL

str(e):		Message: An element could not be located on the page using the given search parameters.



repr(e):	NoSuchElementException()

Traceback (most recent call last):

  File "C:\Users\yifeiLu\Documents\TestingProjectHome\aphotomanager\testcase\interestcases\testcase0_2_2_022.py", line 189, in <module>

    element = getElememtBack(driver, "new UiSelector().text(\"sbin \")", "new UiSelector().className(\"android.widget.Button\")")

  File "C:\Users\yifeiLu\Documents\TestingProjectHome\aphotomanager\testcase\interestcases\testcase0_2_2_022.py", line 53, in getElememtBack

    element = driver.find_element_by_android_uiautomator(str2)

  File "C:\Python27\lib\site-packages\appium\webdriver\webdriver.py", line 327, in find_element_by_android_uiautomator

    return self.find_element(by=By.ANDROID_UIAUTOMATOR, value=uia_string)

  File "C:\Python27\lib\site-packages\appium\webdriver\webdriver.py", line 219, in find_element

    'value': value})['value']

  File "C:\Python27\lib\site-packages\selenium\webdriver\remote\webdriver.py", line 321, in execute

    self.error_handler.check_response(response)

  File "C:\Python27\lib\site-packages\appium\webdriver\errorhandler.py", line 29, in check_response

    raise wde

NoSuchElementException: Message: An element could not be located on the page using the given search parameters.





consumed time: 22.7859997749 s

jacoco time: 5.00400018692 s

covered targets are: []
uncovered targets are: [962-1693, 2028-3634, 2930-5131, 2168-3845, 2217-3908, 1121-2048, 2286-4031, 2027-3630]
target: 962-1693 uncovered, added to then retrial list!
target: 2028-3634 uncovered, added to then retrial list!
target: 2930-5131 uncovered, added to then retrial list!
target: 2168-3845 uncovered, added to then retrial list!
target: 2217-3908 uncovered, added to then retrial list!
target: 1121-2048 uncovered, added to then retrial list!
target: 2286-4031 uncovered, added to then retrial list!
target: 2027-3630 uncovered, added to then retrial list!
interestcase 0_2_2_022 end

index.3,  interestcase 5_027 start:
tagetlogs are:[565-966_9, 3046-5409, 706-1253, 3575-6401, 3590-6427, 446-775, 3110-5545, 636-1094, 3601-6444, 565-967_1, 2240-3946, 1704-3068, 567-972, 1849-3347, 2933-5135, 2962-5201, 3586-6419, 628-1077, 3109-5542, 2252-3968]
current preference, name:actionBarHideTimeInMilliSecs, value:
current preference, name:renamePrivateJpg, value:0
current preference, name:debugEnabledSql, value:1
current preference, name:debugEnabledViewItem, value:1
current preference, name:debugEnabledMemory, value:1
current preference, name:debugEnabledJpg, value:1
current preference, name:debugEnabledJpgMetaIo, value:1
current preference, name:debugEnabled, value:1
cmd:[python, C:\Users\yifeiLu\Documents\TestingProjectHome\aphotomanager\testcase\interestcases\testcase0_3_5_027.py]

OK

consumed time: 70.4700000286 s

jacoco time: 5.0039999485 s

FAIL

str(e):		Message: An element could not be located on the page using the given search parameters.



repr(e):	NoSuchElementException()

Traceback (most recent call last):

  File "C:\Users\yifeiLu\Documents\TestingProjectHome\aphotomanager\testcase\interestcases\testcase0_3_5_027.py", line 209, in <module>

    element = getElememt(driver, "new UiSelector().className(\"android.widget.ImageButton\").description(\"Mais opes\")")

  File "C:\Users\yifeiLu\Documents\TestingProjectHome\aphotomanager\testcase\interestcases\testcase0_3_5_027.py", line 34, in getElememt

    element = driver.find_element_by_android_uiautomator(str)

  File "C:\Python27\lib\site-packages\appium\webdriver\webdriver.py", line 327, in find_element_by_android_uiautomator

    return self.find_element(by=By.ANDROID_UIAUTOMATOR, value=uia_string)

  File "C:\Python27\lib\site-packages\appium\webdriver\webdriver.py", line 219, in find_element

    'value': value})['value']

  File "C:\Python27\lib\site-packages\selenium\webdriver\remote\webdriver.py", line 321, in execute

    self.error_handler.check_response(response)

  File "C:\Python27\lib\site-packages\appium\webdriver\errorhandler.py", line 29, in check_response

    raise wde

NoSuchElementException: Message: An element could not be located on the page using the given search parameters.





consumed time: 39.129999876 s

jacoco time: 5.00300002098 s

covered targets are: [565-966_9, 3046-5409, 706-1253, 3575-6401, 3590-6427, 446-775, 636-1094, 3601-6444, 565-967_1, 2240-3946, 1704-3068, 567-972, 1849-3347, 2933-5135, 2962-5201, 3586-6419, 628-1077, 3109-5542, 2252-3968]
uncovered targets are: [3110-5545]
interestcase 0_3_5_027 end

index.4,  interestcase 5_012 start:
tagetlogs are:[1564-2788, 2306-4065, 1351-2422]
current preference, name:debugEnabledMemory, value:1
current preference, name:debugEnabled, value:1
cmd:[python, C:\Users\yifeiLu\Documents\TestingProjectHome\aphotomanager\testcase\interestcases\testcase0_4_5_012.py]

OK

consumed time: 29.3299999237 s

jacoco time: 5.0039999485 s

FAIL

str(e):		Message: An element could not be located on the page using the given search parameters.



repr(e):	NoSuchElementException()

Traceback (most recent call last):

  File "C:\Users\yifeiLu\Documents\TestingProjectHome\aphotomanager\testcase\interestcases\testcase0_4_5_012.py", line 197, in <module>

    element = getElememtBack(driver, "new UiSelector().text(\"Cancelar\")", "new UiSelector().resourceId(\"de.k3b.android.androFotoFinder:id/chkUpdateAffectedPhotos\").className(\"android.widget.Button\")")

  File "C:\Users\yifeiLu\Documents\TestingProjectHome\aphotomanager\testcase\interestcases\testcase0_4_5_012.py", line 53, in getElememtBack

    element = driver.find_element_by_android_uiautomator(str2)

  File "C:\Python27\lib\site-packages\appium\webdriver\webdriver.py", line 327, in find_element_by_android_uiautomator

    return self.find_element(by=By.ANDROID_UIAUTOMATOR, value=uia_string)

  File "C:\Python27\lib\site-packages\appium\webdriver\webdriver.py", line 219, in find_element

    'value': value})['value']

  File "C:\Python27\lib\site-packages\selenium\webdriver\remote\webdriver.py", line 321, in execute

    self.error_handler.check_response(response)

  File "C:\Python27\lib\site-packages\appium\webdriver\errorhandler.py", line 29, in check_response

    raise wde

NoSuchElementException: Message: An element could not be located on the page using the given search parameters.





consumed time: 36.0479998589 s

jacoco time: 5.0039999485 s

covered targets are: []
uncovered targets are: [1564-2788, 2306-4065, 1351-2422]
target: 1564-2788 uncovered, added to then retrial list!
target: 2306-4065 uncovered, added to then retrial list!
target: 1351-2422 uncovered, added to then retrial list!
interestcase 0_4_5_012 end

index.5,  interestcase 3_027 start:
tagetlogs are:[3458-6202, 613_11, 1946_12, 3477-6232, 2007-3580, 3439-6167_8, 2006-3578]
current preference, name:actionBarHideTimeInMilliSecs, value:
current preference, name:imageDetailThumbnailIfBiggerThan, value:
current preference, name:pickHistoryMax, value:
current preference, name:debugEnabled, value:1
cmd:[python, C:\Users\yifeiLu\Documents\TestingProjectHome\aphotomanager\testcase\interestcases\testcase0_5_3_027.py]

OK

consumed time: 61.1039998531 s

jacoco time: 5.00400018692 s

OK

consumed time: 64.8039999008 s

jacoco time: 5.00300002098 s

covered targets are: [3458-6202, 613_11, 1946_12, 3477-6232, 2007-3580, 3439-6167_8, 2006-3578]
uncovered targets are: []
interestcase 0_5_3_027 end

index.6,  interestcase 3_000 start:
tagetlogs are:[3211-5813, 551-943_6, 3581-6411_5, 3629_7, 3599-6438_13]
current preference, name:mapsForgeEnabled, value:0
current preference, name:pickHistoryMax, value:
cmd:[python, C:\Users\yifeiLu\Documents\TestingProjectHome\aphotomanager\testcase\interestcases\testcase0_6_3_000.py]

OK

consumed time: 30.6440000534 s

jacoco time: 5.0039999485 s

FAIL

str(e):		Message: An element could not be located on the page using the given search parameters.



repr(e):	NoSuchElementException()

Traceback (most recent call last):

  File "C:\Users\yifeiLu\Documents\TestingProjectHome\aphotomanager\testcase\interestcases\testcase0_6_3_000.py", line 200, in <module>

    element = getElememt(driver, "new UiSelector().resourceId(\"de.k3b.android.androFotoFinder:id/add\").className(\"android.widget.ImageView\")")

  File "C:\Users\yifeiLu\Documents\TestingProjectHome\aphotomanager\testcase\interestcases\testcase0_6_3_000.py", line 34, in getElememt

    element = driver.find_element_by_android_uiautomator(str)

  File "C:\Python27\lib\site-packages\appium\webdriver\webdriver.py", line 327, in find_element_by_android_uiautomator

    return self.find_element(by=By.ANDROID_UIAUTOMATOR, value=uia_string)

  File "C:\Python27\lib\site-packages\appium\webdriver\webdriver.py", line 219, in find_element

    'value': value})['value']

  File "C:\Python27\lib\site-packages\selenium\webdriver\remote\webdriver.py", line 321, in execute

    self.error_handler.check_response(response)

  File "C:\Python27\lib\site-packages\appium\webdriver\errorhandler.py", line 29, in check_response

    raise wde

NoSuchElementException: Message: An element could not be located on the page using the given search parameters.





consumed time: 48.0859999657 s

jacoco time: 5.0039999485 s

covered targets are: [3211-5813, 551-943_6, 3581-6411_5, 3629_7, 3599-6438_13]
uncovered targets are: []
interestcase 0_6_3_000 end

index.7,  interestcase 4_014 start:
tagetlogs are:[2477-4335, 2667-4634]
current preference, name:debugEnabled, value:1
cmd:[python, C:\Users\yifeiLu\Documents\TestingProjectHome\aphotomanager\testcase\interestcases\testcase0_7_4_014.py]

OK

consumed time: 25.1050000191 s

jacoco time: 5.00500011444 s

OK

consumed time: 47.9739999771 s

jacoco time: 5.0039999485 s

covered targets are: [2477-4335, 2667-4634]
uncovered targets are: []
interestcase 0_7_4_014 end

index.8,  interestcase 1_013 start:
tagetlogs are:[1518_2, 2743_0, 357-589_3]
current preference, name:actionBarHideTimeInMilliSecs, value:
cmd:[python, C:\Users\yifeiLu\Documents\TestingProjectHome\aphotomanager\testcase\interestcases\testcase0_8_1_013.py]

OK

consumed time: 21.0619997978 s

jacoco time: 5.00400018692 s

OK

consumed time: 102.416000128 s

jacoco time: 5.00599980354 s

covered targets are: [1518_2, 2743_0, 357-589_3]
uncovered targets are: []
interestcase 0_8_1_013 end

index.9,  interestcase 3_028 start:
tagetlogs are:[904-1600, 929-1625]
current preference, name:debugEnabled, value:1
cmd:[python, C:\Users\yifeiLu\Documents\TestingProjectHome\aphotomanager\testcase\interestcases\testcase0_9_3_028.py]

OK

consumed time: 25.995000124 s

jacoco time: 5.00499987602 s

FAIL

str(e):		Message: An element could not be located on the page using the given search parameters.



repr(e):	NoSuchElementException()

Traceback (most recent call last):

  File "C:\Users\yifeiLu\Documents\TestingProjectHome\aphotomanager\testcase\interestcases\testcase0_9_3_028.py", line 191, in <module>

    element = getElememt(driver, "new UiSelector().resourceId(\"de.k3b.android.androFotoFinder:id/action_edit\").className(\"android.widget.TextView\")")

  File "C:\Users\yifeiLu\Documents\TestingProjectHome\aphotomanager\testcase\interestcases\testcase0_9_3_028.py", line 34, in getElememt

    element = driver.find_element_by_android_uiautomator(str)

  File "C:\Python27\lib\site-packages\appium\webdriver\webdriver.py", line 327, in find_element_by_android_uiautomator

    return self.find_element(by=By.ANDROID_UIAUTOMATOR, value=uia_string)

  File "C:\Python27\lib\site-packages\appium\webdriver\webdriver.py", line 219, in find_element

    'value': value})['value']

  File "C:\Python27\lib\site-packages\selenium\webdriver\remote\webdriver.py", line 321, in execute

    self.error_handler.check_response(response)

  File "C:\Python27\lib\site-packages\appium\webdriver\errorhandler.py", line 29, in check_response

    raise wde

NoSuchElementException: Message: An element could not be located on the page using the given search parameters.





consumed time: 36.9059998989 s

jacoco time: 5.00300002098 s

covered targets are: [904-1600, 929-1625]
uncovered targets are: []
interestcase 0_9_3_028 end

index.10,  interestcase 5_022 start:
tagetlogs are:[3110-5545]
current preference, name:debugEnabledJpg, value:1
cmd:[python, C:\Users\yifeiLu\Documents\TestingProjectHome\aphotomanager\testcase\interestcases\testcase0_10_5_022.py]

OK

consumed time: 23.0859999657 s

jacoco time: 5.00300002098 s

FAIL

str(e):		Message: An element could not be located on the page using the given search parameters.



repr(e):	NoSuchElementException()

Traceback (most recent call last):

  File "C:\Users\yifeiLu\Documents\TestingProjectHome\aphotomanager\testcase\interestcases\testcase0_10_5_022.py", line 206, in <module>

    element = getElememt(driver, "new UiSelector().resourceId(\"de.k3b.android.androFotoFinder:id/add\").className(\"android.widget.ImageView\")")

  File "C:\Users\yifeiLu\Documents\TestingProjectHome\aphotomanager\testcase\interestcases\testcase0_10_5_022.py", line 34, in getElememt

    element = driver.find_element_by_android_uiautomator(str)

  File "C:\Python27\lib\site-packages\appium\webdriver\webdriver.py", line 327, in find_element_by_android_uiautomator

    return self.find_element(by=By.ANDROID_UIAUTOMATOR, value=uia_string)

  File "C:\Python27\lib\site-packages\appium\webdriver\webdriver.py", line 219, in find_element

    'value': value})['value']

  File "C:\Python27\lib\site-packages\selenium\webdriver\remote\webdriver.py", line 321, in execute

    self.error_handler.check_response(response)

  File "C:\Python27\lib\site-packages\appium\webdriver\errorhandler.py", line 29, in check_response

    raise wde

NoSuchElementException: Message: An element could not be located on the page using the given search parameters.





consumed time: 67.5479998589 s

jacoco time: 5.00500011444 s

covered targets are: []
uncovered targets are: [3110-5545]
target: 3110-5545 uncovered, added to then retrial list!
interestcase 0_10_5_022 end

index.11,  interestcase 4_009 start:
tagetlogs are:[3110-5545]
current preference, name:renamePrivateJpg, value:1
current preference, name:debugEnabledSql, value:0
current preference, name:debugEnabledViewItem, value:0
current preference, name:debugEnabledMemory, value:0
current preference, name:debugEnabledJpg, value:1
current preference, name:debugEnableLibs, value:1
current preference, name:debugEnabled, value:0
cmd:[python, C:\Users\yifeiLu\Documents\TestingProjectHome\aphotomanager\testcase\interestcases\testcase0_11_4_009.py]

OK

consumed time: 56.864000082 s

jacoco time: 5.00500011444 s

FAIL

str(e):		Message: UiSelector[CLASS=android.widget.TextView]



repr(e):	NoSuchElementException()

Traceback (most recent call last):

  File "C:\Users\yifeiLu\Documents\TestingProjectHome\aphotomanager\testcase\interestcases\testcase0_11_4_009.py", line 197, in <module>

    TouchAction(driver).tap(element).perform()

  File "C:\Python27\lib\site-packages\appium\webdriver\common\touch_action.py", line 96, in perform

    self._driver.execute(Command.TOUCH_ACTION, params)

  File "C:\Python27\lib\site-packages\selenium\webdriver\remote\webdriver.py", line 321, in execute

    self.error_handler.check_response(response)

  File "C:\Python27\lib\site-packages\appium\webdriver\errorhandler.py", line 29, in check_response

    raise wde

NoSuchElementException: Message: UiSelector[CLASS=android.widget.TextView]





consumed time: 30.2779998779 s

jacoco time: 5.00500011444 s

covered targets are: []
uncovered targets are: [3110-5545]
loclog: 3110-5545 uncovered after retrial, deleted!
interestcase 0_11_4_009 end

index.12,  interestcase 3_002 start:
tagetlogs are:[1351-2422]
current preference, name:debugEnabledSql, value:0
current preference, name:debugEnabledViewItem, value:0
current preference, name:debugEnabledMemory, value:0
current preference, name:debugEnableLibs, value:1
current preference, name:debugEnabled, value:0
cmd:[python, C:\Users\yifeiLu\Documents\TestingProjectHome\aphotomanager\testcase\interestcases\testcase0_12_3_002.py]

OK

consumed time: 49.6740000248 s

jacoco time: 5.00300002098 s

FAIL

str(e):		Message: An element could not be located on the page using the given search parameters.



repr(e):	NoSuchElementException()

Traceback (most recent call last):

  File "C:\Users\yifeiLu\Documents\TestingProjectHome\aphotomanager\testcase\interestcases\testcase0_12_3_002.py", line 195, in <module>

    element = getElememtBack(driver, "new UiSelector().text(\"Slideshow interval in millisecs\")", "new UiSelector().className(\"android.widget.TextView\").instance(8)")

  File "C:\Users\yifeiLu\Documents\TestingProjectHome\aphotomanager\testcase\interestcases\testcase0_12_3_002.py", line 53, in getElememtBack

    element = driver.find_element_by_android_uiautomator(str2)

  File "C:\Python27\lib\site-packages\appium\webdriver\webdriver.py", line 327, in find_element_by_android_uiautomator

    return self.find_element(by=By.ANDROID_UIAUTOMATOR, value=uia_string)

  File "C:\Python27\lib\site-packages\appium\webdriver\webdriver.py", line 219, in find_element

    'value': value})['value']

  File "C:\Python27\lib\site-packages\selenium\webdriver\remote\webdriver.py", line 321, in execute

    self.error_handler.check_response(response)

  File "C:\Python27\lib\site-packages\appium\webdriver\errorhandler.py", line 29, in check_response

    raise wde

NoSuchElementException: Message: An element could not be located on the page using the given search parameters.





consumed time: 31.506000042 s

jacoco time: 5.0039999485 s

covered targets are: []
uncovered targets are: [1351-2422]
loclog: 1351-2422 uncovered after retrial, deleted!
interestcase 0_12_3_002 end

index.13,  interestcase 5_025 start:
tagetlogs are:[2306-4065]
current preference, name:debugEnabledSql, value:0
current preference, name:debugEnabledViewItem, value:0
current preference, name:debugEnabledMemory, value:0
current preference, name:debugEnableLibs, value:1
current preference, name:debugEnabled, value:0
cmd:[python, C:\Users\yifeiLu\Documents\TestingProjectHome\aphotomanager\testcase\interestcases\testcase0_13_5_025.py]

OK

consumed time: 50.5829999447 s

jacoco time: 5.00500011444 s

FAIL

str(e):		Message: An element could not be located on the page using the given search parameters.



repr(e):	NoSuchElementException()

Traceback (most recent call last):

  File "C:\Users\yifeiLu\Documents\TestingProjectHome\aphotomanager\testcase\interestcases\testcase0_13_5_025.py", line 196, in <module>

    element = getElememtBack(driver, "new UiSelector().text(\"Cancelar\")", "new UiSelector().resourceId(\"de.k3b.android.androFotoFinder:id/chkUpdateAffectedPhotos\").className(\"android.widget.Button\")")

  File "C:\Users\yifeiLu\Documents\TestingProjectHome\aphotomanager\testcase\interestcases\testcase0_13_5_025.py", line 53, in getElememtBack

    element = driver.find_element_by_android_uiautomator(str2)

  File "C:\Python27\lib\site-packages\appium\webdriver\webdriver.py", line 327, in find_element_by_android_uiautomator

    return self.find_element(by=By.ANDROID_UIAUTOMATOR, value=uia_string)

  File "C:\Python27\lib\site-packages\appium\webdriver\webdriver.py", line 219, in find_element

    'value': value})['value']

  File "C:\Python27\lib\site-packages\selenium\webdriver\remote\webdriver.py", line 321, in execute

    self.error_handler.check_response(response)

  File "C:\Python27\lib\site-packages\appium\webdriver\errorhandler.py", line 29, in check_response

    raise wde

NoSuchElementException: Message: An element could not be located on the page using the given search parameters.





consumed time: 27.978000164 s

jacoco time: 5.0039999485 s

covered targets are: []
uncovered targets are: [2306-4065]
loclog: 2306-4065 uncovered after retrial, deleted!
interestcase 0_13_5_025 end

index.14,  interestcase 4_013 start:
tagetlogs are:[1564-2788]
current preference, name:debugEnabledSql, value:0
current preference, name:debugEnabledViewItem, value:0
current preference, name:debugEnabledMemory, value:0
current preference, name:debugEnableLibs, value:1
current preference, name:debugEnabled, value:0
cmd:[python, C:\Users\yifeiLu\Documents\TestingProjectHome\aphotomanager\testcase\interestcases\testcase0_14_4_013.py]

OK

consumed time: 50.5329999924 s

jacoco time: 5.00600004196 s

FAIL

str(e):		Message: UiSelector[CLASS=android.widget.ImageView, RESOURCE_ID=android:id/home]



repr(e):	NoSuchElementException()

Traceback (most recent call last):

  File "C:\Users\yifeiLu\Documents\TestingProjectHome\aphotomanager\testcase\interestcases\testcase0_14_4_013.py", line 194, in <module>

    TouchAction(driver).tap(element).perform()

  File "C:\Python27\lib\site-packages\appium\webdriver\common\touch_action.py", line 96, in perform

    self._driver.execute(Command.TOUCH_ACTION, params)

  File "C:\Python27\lib\site-packages\selenium\webdriver\remote\webdriver.py", line 321, in execute

    self.error_handler.check_response(response)

  File "C:\Python27\lib\site-packages\appium\webdriver\errorhandler.py", line 29, in check_response

    raise wde

NoSuchElementException: Message: UiSelector[CLASS=android.widget.ImageView, RESOURCE_ID=android:id/home]





consumed time: 23.9009997845 s

jacoco time: 5.00500011444 s

covered targets are: []
uncovered targets are: [1564-2788]
loclog: 1564-2788 uncovered after retrial, deleted!
interestcase 0_14_4_013 end

index.15,  interestcase 2_027 start:
tagetlogs are:[2027-3630]
current preference, name:debugEnabledSql, value:0
current preference, name:debugEnabledViewItem, value:0
current preference, name:debugEnabledMemory, value:0
current preference, name:debugEnableLibs, value:0
current preference, name:debugEnabled, value:0
cmd:[python, C:\Users\yifeiLu\Documents\TestingProjectHome\aphotomanager\testcase\interestcases\testcase0_15_2_027.py]

OK

consumed time: 48.8580000401 s

jacoco time: 5.00500011444 s

OK

consumed time: 58.4659998417 s

jacoco time: 5.00500011444 s

covered targets are: []
uncovered targets are: [2027-3630]
loclog: 2027-3630 uncovered after retrial, deleted!
interestcase 0_15_2_027 end

index.16,  interestcase 3_015 start:
tagetlogs are:[2286-4031]
current preference, name:debugEnabledSql, value:0
current preference, name:debugEnabledViewItem, value:0
current preference, name:debugEnabledMap, value:0
current preference, name:debugEnabledMemory, value:0
current preference, name:debugEnableLibs, value:1
current preference, name:debugEnabled, value:0
cmd:[python, C:\Users\yifeiLu\Documents\TestingProjectHome\aphotomanager\testcase\interestcases\testcase0_16_3_015.py]

OK

consumed time: 55.1560001373 s

jacoco time: 5.00299978256 s

FAIL

str(e):		Message: An element could not be located on the page using the given search parameters.



repr(e):	NoSuchElementException()

Traceback (most recent call last):

  File "C:\Users\yifeiLu\Documents\TestingProjectHome\aphotomanager\testcase\interestcases\testcase0_16_3_015.py", line 196, in <module>

    element = getElememtBack(driver, "new UiSelector().text(\"Recortar\")", "new UiSelector().className(\"android.widget.TextView\").instance(3)")

  File "C:\Users\yifeiLu\Documents\TestingProjectHome\aphotomanager\testcase\interestcases\testcase0_16_3_015.py", line 53, in getElememtBack

    element = driver.find_element_by_android_uiautomator(str2)

  File "C:\Python27\lib\site-packages\appium\webdriver\webdriver.py", line 327, in find_element_by_android_uiautomator

    return self.find_element(by=By.ANDROID_UIAUTOMATOR, value=uia_string)

  File "C:\Python27\lib\site-packages\appium\webdriver\webdriver.py", line 219, in find_element

    'value': value})['value']

  File "C:\Python27\lib\site-packages\selenium\webdriver\remote\webdriver.py", line 321, in execute

    self.error_handler.check_response(response)

  File "C:\Python27\lib\site-packages\appium\webdriver\errorhandler.py", line 29, in check_response

    raise wde

NoSuchElementException: Message: An element could not be located on the page using the given search parameters.





consumed time: 24.3540000916 s

jacoco time: 5.0039999485 s

covered targets are: []
uncovered targets are: [2286-4031]
loclog: 2286-4031 uncovered after retrial, deleted!
interestcase 0_16_3_015 end

index.17,  interestcase 2_028 start:
tagetlogs are:[1121-2048]
current preference, name:debugEnabledSql, value:0
current preference, name:debugEnabledMemory, value:0
current preference, name:debugEnabled, value:0
cmd:[python, C:\Users\yifeiLu\Documents\TestingProjectHome\aphotomanager\testcase\interestcases\testcase0_17_2_028.py]

OK

consumed time: 38.3129999638 s

jacoco time: 5.0039999485 s

FAIL

str(e):		Message: An element could not be located on the page using the given search parameters.



repr(e):	NoSuchElementException()

Traceback (most recent call last):

  File "C:\Users\yifeiLu\Documents\TestingProjectHome\aphotomanager\testcase\interestcases\testcase0_17_2_028.py", line 193, in <module>

    element = getElememtBack(driver, "new UiSelector().text(\"/storage/sdcard/pic4.jpg\")", "new UiSelector().className(\"android.widget.TextView\").instance(7)")

  File "C:\Users\yifeiLu\Documents\TestingProjectHome\aphotomanager\testcase\interestcases\testcase0_17_2_028.py", line 53, in getElememtBack

    element = driver.find_element_by_android_uiautomator(str2)

  File "C:\Python27\lib\site-packages\appium\webdriver\webdriver.py", line 327, in find_element_by_android_uiautomator

    return self.find_element(by=By.ANDROID_UIAUTOMATOR, value=uia_string)

  File "C:\Python27\lib\site-packages\appium\webdriver\webdriver.py", line 219, in find_element

    'value': value})['value']

  File "C:\Python27\lib\site-packages\selenium\webdriver\remote\webdriver.py", line 321, in execute

    self.error_handler.check_response(response)

  File "C:\Python27\lib\site-packages\appium\webdriver\errorhandler.py", line 29, in check_response

    raise wde

NoSuchElementException: Message: An element could not be located on the page using the given search parameters.





consumed time: 31.3350000381 s

jacoco time: 5.0039999485 s

covered targets are: []
uncovered targets are: [1121-2048]
loclog: 1121-2048 uncovered after retrial, deleted!
interestcase 0_17_2_028 end

index.18,  interestcase 3_004 start:
tagetlogs are:[2217-3908]
current preference, name:mapsForgeEnabled, value:0
current preference, name:debugEnabledSql, value:0
current preference, name:debugEnabledViewItem, value:0
current preference, name:debugEnabledMap, value:0
current preference, name:debugEnabledMemory, value:0
current preference, name:debugEnableLibs, value:1
current preference, name:debugEnabled, value:0
cmd:[python, C:\Users\yifeiLu\Documents\TestingProjectHome\aphotomanager\testcase\interestcases\testcase0_18_3_004.py]

OK

consumed time: 59.5980000496 s

jacoco time: 5.0039999485 s

FAIL

str(e):		Message: An element could not be located on the page using the given search parameters.



repr(e):	NoSuchElementException()

Traceback (most recent call last):

  File "C:\Users\yifeiLu\Documents\TestingProjectHome\aphotomanager\testcase\interestcases\testcase0_18_3_004.py", line 198, in <module>

    element = getElememtBack(driver, "new UiSelector().text(\"Show in new gallery\")", "new UiSelector().className(\"android.widget.TextView\").instance(5)")

  File "C:\Users\yifeiLu\Documents\TestingProjectHome\aphotomanager\testcase\interestcases\testcase0_18_3_004.py", line 53, in getElememtBack

    element = driver.find_element_by_android_uiautomator(str2)

  File "C:\Python27\lib\site-packages\appium\webdriver\webdriver.py", line 327, in find_element_by_android_uiautomator

    return self.find_element(by=By.ANDROID_UIAUTOMATOR, value=uia_string)

  File "C:\Python27\lib\site-packages\appium\webdriver\webdriver.py", line 219, in find_element

    'value': value})['value']

  File "C:\Python27\lib\site-packages\selenium\webdriver\remote\webdriver.py", line 321, in execute

    self.error_handler.check_response(response)

  File "C:\Python27\lib\site-packages\appium\webdriver\errorhandler.py", line 29, in check_response

    raise wde

NoSuchElementException: Message: An element could not be located on the page using the given search parameters.





consumed time: 25.2990000248 s

jacoco time: 5.00499987602 s

covered targets are: []
uncovered targets are: [2217-3908]
loclog: 2217-3908 uncovered after retrial, deleted!
interestcase 0_18_3_004 end

index.19,  interestcase 2_017 start:
tagetlogs are:[2168-3845]
current preference, name:debugEnabledSql, value:0
current preference, name:debugEnabledViewItem, value:0
current preference, name:debugEnabledMap, value:1
current preference, name:debugEnabledMemory, value:0
current preference, name:debugEnableLibs, value:1
current preference, name:debugEnabled, value:0
cmd:[python, C:\Users\yifeiLu\Documents\TestingProjectHome\aphotomanager\testcase\interestcases\testcase0_19_2_017.py]

OK

consumed time: 54.3069999218 s

jacoco time: 5.00300002098 s

FAIL

str(e):		Message: An element could not be located on the page using the given search parameters.



repr(e):	NoSuchElementException()

Traceback (most recent call last):

  File "C:\Users\yifeiLu\Documents\TestingProjectHome\aphotomanager\testcase\interestcases\testcase0_19_2_017.py", line 197, in <module>

    element = getElememtBack(driver, "new UiSelector().text(\"Copiar\")", "new UiSelector().className(\"android.widget.TextView\").instance(4)")

  File "C:\Users\yifeiLu\Documents\TestingProjectHome\aphotomanager\testcase\interestcases\testcase0_19_2_017.py", line 53, in getElememtBack

    element = driver.find_element_by_android_uiautomator(str2)

  File "C:\Python27\lib\site-packages\appium\webdriver\webdriver.py", line 327, in find_element_by_android_uiautomator

    return self.find_element(by=By.ANDROID_UIAUTOMATOR, value=uia_string)

  File "C:\Python27\lib\site-packages\appium\webdriver\webdriver.py", line 219, in find_element

    'value': value})['value']

  File "C:\Python27\lib\site-packages\selenium\webdriver\remote\webdriver.py", line 321, in execute

    self.error_handler.check_response(response)

  File "C:\Python27\lib\site-packages\appium\webdriver\errorhandler.py", line 29, in check_response

    raise wde

NoSuchElementException: Message: An element could not be located on the page using the given search parameters.





consumed time: 26.0340001583 s

jacoco time: 5.0039999485 s

covered targets are: [2168-3845]
uncovered targets are: []
target: 2168-3845 covered after retrial!
interestcase 0_19_2_017 end

index.20,  interestcase 3_026 start:
tagetlogs are:[2930-5131]
current preference, name:debugEnabledSql, value:0
current preference, name:debugEnabledViewItem, value:0
current preference, name:debugEnabledMemory, value:0
current preference, name:debugEnableLibs, value:1
current preference, name:debugEnabled, value:0
cmd:[python, C:\Users\yifeiLu\Documents\TestingProjectHome\aphotomanager\testcase\interestcases\testcase0_20_3_026.py]

OK

consumed time: 51.9420001507 s

jacoco time: 5.0039999485 s

FAIL

str(e):		Message: An element could not be located on the page using the given search parameters.



repr(e):	NoSuchElementException()

Traceback (most recent call last):

  File "C:\Users\yifeiLu\Documents\TestingProjectHome\aphotomanager\testcase\interestcases\testcase0_20_3_026.py", line 198, in <module>

    element = getElememt(driver, "new UiSelector().resourceId(\"de.k3b.android.androFotoFinder:id/action_edit\").className(\"android.widget.TextView\")")

  File "C:\Users\yifeiLu\Documents\TestingProjectHome\aphotomanager\testcase\interestcases\testcase0_20_3_026.py", line 34, in getElememt

    element = driver.find_element_by_android_uiautomator(str)

  File "C:\Python27\lib\site-packages\appium\webdriver\webdriver.py", line 327, in find_element_by_android_uiautomator

    return self.find_element(by=By.ANDROID_UIAUTOMATOR, value=uia_string)

  File "C:\Python27\lib\site-packages\appium\webdriver\webdriver.py", line 219, in find_element

    'value': value})['value']

  File "C:\Python27\lib\site-packages\selenium\webdriver\remote\webdriver.py", line 321, in execute

    self.error_handler.check_response(response)

  File "C:\Python27\lib\site-packages\appium\webdriver\errorhandler.py", line 29, in check_response

    raise wde

NoSuchElementException: Message: An element could not be located on the page using the given search parameters.





consumed time: 28.6229999065 s

jacoco time: 5.0039999485 s

covered targets are: []
uncovered targets are: [2930-5131]
loclog: 2930-5131 uncovered after retrial, deleted!
interestcase 0_20_3_026 end

index.21,  interestcase 2_023 start:
tagetlogs are:[2028-3634]
current preference, name:debugEnabledSql, value:0
current preference, name:debugEnabledViewItem, value:0
current preference, name:debugEnabledMemory, value:0
current preference, name:debugEnableLibs, value:1
current preference, name:debugEnabled, value:0
cmd:[python, C:\Users\yifeiLu\Documents\TestingProjectHome\aphotomanager\testcase\interestcases\testcase0_21_2_023.py]

OK

consumed time: 49.9280002117 s

jacoco time: 5.00499987602 s

FAIL

str(e):		Message: An element could not be located on the page using the given search parameters.



repr(e):	NoSuchElementException()

Traceback (most recent call last):

  File "C:\Users\yifeiLu\Documents\TestingProjectHome\aphotomanager\testcase\interestcases\testcase0_21_2_023.py", line 191, in <module>

    element = getElememt(driver, "new UiSelector().className(\"android.widget.ImageButton\").description(\"Mais opes\")")

  File "C:\Users\yifeiLu\Documents\TestingProjectHome\aphotomanager\testcase\interestcases\testcase0_21_2_023.py", line 34, in getElememt

    element = driver.find_element_by_android_uiautomator(str)

  File "C:\Python27\lib\site-packages\appium\webdriver\webdriver.py", line 327, in find_element_by_android_uiautomator

    return self.find_element(by=By.ANDROID_UIAUTOMATOR, value=uia_string)

  File "C:\Python27\lib\site-packages\appium\webdriver\webdriver.py", line 219, in find_element

    'value': value})['value']

  File "C:\Python27\lib\site-packages\selenium\webdriver\remote\webdriver.py", line 321, in execute

    self.error_handler.check_response(response)

  File "C:\Python27\lib\site-packages\appium\webdriver\errorhandler.py", line 29, in check_response

    raise wde

NoSuchElementException: Message: An element could not be located on the page using the given search parameters.





consumed time: 20.7109999657 s

jacoco time: 5.0039999485 s

covered targets are: []
uncovered targets are: [2028-3634]
loclog: 2028-3634 uncovered after retrial, deleted!
interestcase 0_21_2_023 end

index.22,  interestcase 2_008 start:
tagetlogs are:[962-1693]
current preference, name:mapsForgeEnabled, value:0
current preference, name:debugEnabledSql, value:0
current preference, name:debugEnabledViewItem, value:0
current preference, name:debugEnabledMap, value:0
current preference, name:debugEnabledMemory, value:0
current preference, name:debugEnableLibs, value:1
current preference, name:debugEnabled, value:0
cmd:[python, C:\Users\yifeiLu\Documents\TestingProjectHome\aphotomanager\testcase\interestcases\testcase0_22_2_008.py]

OK

consumed time: 59.5510001183 s

jacoco time: 5.0039999485 s

FAIL

str(e):		Message: An element could not be located on the page using the given search parameters.



repr(e):	NoSuchElementException()

Traceback (most recent call last):

  File "C:\Users\yifeiLu\Documents\TestingProjectHome\aphotomanager\testcase\interestcases\testcase0_22_2_008.py", line 198, in <module>

    element = getElememtBack(driver, "new UiSelector().text(\"Recortar\")", "new UiSelector().className(\"android.widget.TextView\").instance(3)")

  File "C:\Users\yifeiLu\Documents\TestingProjectHome\aphotomanager\testcase\interestcases\testcase0_22_2_008.py", line 53, in getElememtBack

    element = driver.find_element_by_android_uiautomator(str2)

  File "C:\Python27\lib\site-packages\appium\webdriver\webdriver.py", line 327, in find_element_by_android_uiautomator

    return self.find_element(by=By.ANDROID_UIAUTOMATOR, value=uia_string)

  File "C:\Python27\lib\site-packages\appium\webdriver\webdriver.py", line 219, in find_element

    'value': value})['value']

  File "C:\Python27\lib\site-packages\selenium\webdriver\remote\webdriver.py", line 321, in execute

    self.error_handler.check_response(response)

  File "C:\Python27\lib\site-packages\appium\webdriver\errorhandler.py", line 29, in check_response

    raise wde

NoSuchElementException: Message: An element could not be located on the page using the given search parameters.





consumed time: 26.1599998474 s

jacoco time: 5.00500011444 s

covered targets are: []
uncovered targets are: [962-1693]
loclog: 962-1693 uncovered after retrial, deleted!
interestcase 0_22_2_008 end

NO.0 Scene:
discovered in ineration NO. 1
origin branch is: 1942-3484_0 ,target branch is: 1942-3484_0
interests are:
reportDir      random    7     Photos
discovered tags are : 0_2_2_022 0_11_4_009 0_3_5_027 0_12_3_002 0_6_3_000 0_18_3_004 0_9_3_028 0_15_2_027 0_21_2_023 0_13_5_025 0_7_4_014 0_19_2_017 0_20_3_026 0_8_1_013 0_1_2_029 0_5_3_027 0_4_5_012 0_16_3_015 0_10_5_022 0_14_4_013 0_17_2_028 0_22_2_008 
--------------------------------
NO.1 Scene:
discovered in ineration NO. 1
origin branch is: 2743_1 ,target branch is: 2743_1
interests are:
actionBarHideTimeInMilliSecs      random    4     Photos
discovered tags are : 0_11_4_009 
--------------------------------
NO.2 Scene:
discovered in ineration NO. 1
origin branch is: 3465-6213 ,target branch is: 3465-6212
interests are:
debugEnabled      0    25     Diagnostics
discovered tags are : 0_7_4_014 0_8_1_013 0_2_2_022 0_11_4_009 0_3_5_027 0_5_3_027 0_4_5_012 0_6_3_000 0_10_5_022 0_9_3_028 
--------------------------------
NO.3 Scene:
discovered in ineration NO. 1
origin branch is: 1946_2 ,target branch is: 1946_2
interests are:
imageDetailThumbnailIfBiggerThan      random    5     Photos
discovered tags are : 0_2_2_022 0_11_4_009 0_3_5_027 0_12_3_002 0_6_3_000 0_18_3_004 0_9_3_028 0_15_2_027 0_21_2_023 0_13_5_025 0_7_4_014 0_19_2_017 0_20_3_026 0_8_1_013 0_1_2_029 0_5_3_027 0_4_5_012 0_16_3_015 0_10_5_022 0_14_4_013 0_17_2_028 0_22_2_008 
--------------------------------
NO.4 Scene:
discovered in ineration NO. 1
origin branch is: 565-966_3 ,target branch is: 565-966_3
interests are:
actionBarHideTimeInMilliSecs      random    4     Photos
discovered tags are : 0_11_4_009 0_5_3_027 0_4_5_012 0_6_3_000 0_10_5_022 0_15_2_027 0_21_2_023 
--------------------------------
NO.5 Scene:
discovered in ineration NO. 1
origin branch is: 1940-3477_4 ,target branch is: 1940-3477_4
interests are:
imageDetailThumbnailIfBiggerThan          5     Photos
discovered tags are : 0_2_2_022 0_11_4_009 0_3_5_027 0_12_3_002 0_6_3_000 0_18_3_004 0_9_3_028 0_15_2_027 0_21_2_023 0_13_5_025 0_7_4_014 0_19_2_017 0_20_3_026 0_8_1_013 0_1_2_029 0_5_3_027 0_4_5_012 0_16_3_015 0_10_5_022 0_14_4_013 0_17_2_028 0_22_2_008 
--------------------------------
NO.6 Scene:
discovered in ineration NO. 1
origin branch is: 565-967_5 ,target branch is: 565-967_5
interests are:
actionBarHideTimeInMilliSecs      random    4     Photos
discovered tags are : 0_11_4_009 0_5_3_027 0_4_5_012 0_6_3_000 0_10_5_022 0_15_2_027 0_21_2_023 
--------------------------------
NO.7 Scene:
discovered in ineration NO. 1
origin branch is: 3016-5302 ,target branch is: 3016-5303
interests are:
debugEnabledSql      0    18     Diagnostics
discovered tags are : 0_20_3_026 0_1_2_029 
--------------------------------
NO.8 Scene:
discovered in ineration NO. 1
origin branch is: 1518_6 ,target branch is: 1518_6
interests are:
actionBarHideTimeInMilliSecs      random    4     Photos
discovered tags are : 0_11_4_009 
--------------------------------
NO.9 Scene:
discovered in ineration NO. 1
origin branch is: 3499-6264 ,target branch is: 3499-6265
interests are:
debugEnabledSql      0    18     Diagnostics
discovered tags are : 0_1_2_029 
--------------------------------
NO.10 Scene:
discovered in ineration NO. 1
origin branch is: 613_7 ,target branch is: 613_7
interests are:
actionBarHideTimeInMilliSecs      random    4     Photos
discovered tags are : 0_5_3_027 0_10_5_022 
--------------------------------
NO.11 Scene:
discovered in ineration NO. 1
origin branch is: 3466-6216 ,target branch is: 3466-6215
interests are:
debugEnabled      0    25     Diagnostics
discovered tags are : 0_7_4_014 0_8_1_013 0_2_2_022 0_11_4_009 0_3_5_027 0_5_3_027 0_4_5_012 0_6_3_000 0_10_5_022 0_9_3_028 
--------------------------------
NO.12 Scene:
discovered in ineration NO. 1
origin branch is: 357-589_8 ,target branch is: 357-589_8
interests are:
actionBarHideTimeInMilliSecs      random    4     Photos
discovered tags are : 0_11_4_009 
--------------------------------
index.1,  interestcase 0_7_4_014 start:
tagetlogs are:[3465-6212]
current preference, name:debugEnabled, value:0
cmd:[python, C:\Users\yifeiLu\Documents\TestingProjectHome\aphotomanager\testcase\interestcases\testcase1_1_0_7_4_014.py]

OK

consumed time: 24.5809998512 s

jacoco time: 5.00400018692 s

OK

consumed time: 48.4479999542 s

jacoco time: 5.00500011444 s

covered targets are: []
uncovered targets are: [3465-6212]
loclog: 3465-6212 uncovered after retrial, deleted!
interestcase 1_1_0_7_4_014 end

index.2,  interestcase 0_1_2_029 start:
tagetlogs are:[3499-6265]
current preference, name:thumbCacheRoot, value:
current preference, name:mapsForgeEnabled, value:1
current preference, name:maxSelectionMarkersInMap, value:
current preference, name:debugEnabledSql, value:0
current preference, name:debugEnabledViewItem, value:1
current preference, name:debugEnabledMap, value:1
current preference, name:debugEnabledMemory, value:1
current preference, name:debugEnableLibs, value:0
current preference, name:debugEnabled, value:1
cmd:[python, C:\Users\yifeiLu\Documents\TestingProjectHome\aphotomanager\testcase\interestcases\testcase1_2_0_1_2_029.py]

OK

consumed time: 75.495000124 s

jacoco time: 5.0039999485 s

FAIL

str(e):		Message: An element could not be located on the page using the given search parameters.



repr(e):	NoSuchElementException()

Traceback (most recent call last):

  File "C:\Users\yifeiLu\Documents\TestingProjectHome\aphotomanager\testcase\interestcases\testcase1_2_0_1_2_029.py", line 220, in <module>

    element = getElememt(driver, "new UiSelector().resourceId(\"de.k3b.android.androFotoFinder:id/bookmark\").className(\"android.widget.ImageView\")")

  File "C:\Users\yifeiLu\Documents\TestingProjectHome\aphotomanager\testcase\interestcases\testcase1_2_0_1_2_029.py", line 34, in getElememt

    element = driver.find_element_by_android_uiautomator(str)

  File "C:\Python27\lib\site-packages\appium\webdriver\webdriver.py", line 327, in find_element_by_android_uiautomator

    return self.find_element(by=By.ANDROID_UIAUTOMATOR, value=uia_string)

  File "C:\Python27\lib\site-packages\appium\webdriver\webdriver.py", line 219, in find_element

    'value': value})['value']

  File "C:\Python27\lib\site-packages\selenium\webdriver\remote\webdriver.py", line 321, in execute

    self.error_handler.check_response(response)

  File "C:\Python27\lib\site-packages\appium\webdriver\errorhandler.py", line 29, in check_response

    raise wde

NoSuchElementException: Message: An element could not be located on the page using the given search parameters.





consumed time: 44.5520000458 s

jacoco time: 5.00300002098 s

covered targets are: [3499-6265]
uncovered targets are: []
target: 3499-6265 covered after retrial!
interestcase 1_2_0_1_2_029 end

index.3,  interestcase 0_11_4_009 start:
tagetlogs are:[1518_6]
current preference, name:actionBarHideTimeInMilliSecs, value:random
current preference, name:renamePrivateJpg, value:1
current preference, name:debugEnabledSql, value:0
current preference, name:debugEnabledViewItem, value:0
current preference, name:debugEnabledMemory, value:0
current preference, name:debugEnabledJpg, value:1
current preference, name:debugEnableLibs, value:1
current preference, name:debugEnabled, value:0
cmd:[python, C:\Users\yifeiLu\Documents\TestingProjectHome\aphotomanager\testcase\interestcases\testcase1_3_0_11_4_009.py]

OK

consumed time: 67.0369999409 s

jacoco time: 5.0039999485 s

FAIL

str(e):		Message: UiSelector[CLASS=android.widget.TextView]



repr(e):	NoSuchElementException()

Traceback (most recent call last):

  File "C:\Users\yifeiLu\Documents\TestingProjectHome\aphotomanager\testcase\interestcases\testcase1_3_0_11_4_009.py", line 199, in <module>

    TouchAction(driver).tap(element).perform()

  File "C:\Python27\lib\site-packages\appium\webdriver\common\touch_action.py", line 96, in perform

    self._driver.execute(Command.TOUCH_ACTION, params)

  File "C:\Python27\lib\site-packages\selenium\webdriver\remote\webdriver.py", line 321, in execute

    self.error_handler.check_response(response)

  File "C:\Python27\lib\site-packages\appium\webdriver\errorhandler.py", line 29, in check_response

    raise wde

NoSuchElementException: Message: UiSelector[CLASS=android.widget.TextView]





consumed time: 30.2550001144 s

jacoco time: 5.0039999485 s

covered targets are: [1518_6]
uncovered targets are: []
target: 1518_6 covered after retrial!
interestcase 1_3_0_11_4_009 end

index.4,  interestcase 0_11_4_009 start:
tagetlogs are:[357-589_8]
current preference, name:actionBarHideTimeInMilliSecs, value:random
current preference, name:renamePrivateJpg, value:1
current preference, name:debugEnabledSql, value:0
current preference, name:debugEnabledViewItem, value:0
current preference, name:debugEnabledMemory, value:0
current preference, name:debugEnabledJpg, value:1
current preference, name:debugEnableLibs, value:1
current preference, name:debugEnabled, value:0
cmd:[python, C:\Users\yifeiLu\Documents\TestingProjectHome\aphotomanager\testcase\interestcases\testcase1_4_0_11_4_009.py]

OK

consumed time: 73.743999958 s

jacoco time: 5.00500011444 s

FAIL

str(e):		Message: UiSelector[CLASS=android.widget.TextView]



repr(e):	NoSuchElementException()

Traceback (most recent call last):

  File "C:\Users\yifeiLu\Documents\TestingProjectHome\aphotomanager\testcase\interestcases\testcase1_4_0_11_4_009.py", line 199, in <module>

    TouchAction(driver).tap(element).perform()

  File "C:\Python27\lib\site-packages\appium\webdriver\common\touch_action.py", line 96, in perform

    self._driver.execute(Command.TOUCH_ACTION, params)

  File "C:\Python27\lib\site-packages\selenium\webdriver\remote\webdriver.py", line 321, in execute

    self.error_handler.check_response(response)

  File "C:\Python27\lib\site-packages\appium\webdriver\errorhandler.py", line 29, in check_response

    raise wde

NoSuchElementException: Message: UiSelector[CLASS=android.widget.TextView]





consumed time: 39.1340000629 s

jacoco time: 5.00500011444 s

covered targets are: [357-589_8]
uncovered targets are: []
target: 357-589_8 covered after retrial!
interestcase 1_4_0_11_4_009 end

index.5,  interestcase 0_5_3_027 start:
tagetlogs are:[565-966_3]
current preference, name:actionBarHideTimeInMilliSecs, value:random
current preference, name:imageDetailThumbnailIfBiggerThan, value:
current preference, name:pickHistoryMax, value:
current preference, name:debugEnabled, value:1
cmd:[python, C:\Users\yifeiLu\Documents\TestingProjectHome\aphotomanager\testcase\interestcases\testcase1_5_0_5_3_027.py]

OK

consumed time: 65.0749998093 s

jacoco time: 5.00500011444 s

OK

consumed time: 64.4700000286 s

jacoco time: 5.00600004196 s

covered targets are: [565-966_3]
uncovered targets are: []
target: 565-966_3 covered after retrial!
interestcase 1_5_0_5_3_027 end

index.6,  interestcase 0_2_2_022 start:
tagetlogs are:[1942-3484_0]
current preference, name:reportDir, value:random
current preference, name:debugEnabledViewItem, value:1
current preference, name:debugEnabledMap, value:1
current preference, name:debugEnableLibs, value:0
current preference, name:debugEnabled, value:1
cmd:[python, C:\Users\yifeiLu\Documents\TestingProjectHome\aphotomanager\testcase\interestcases\testcase1_6_0_2_2_022.py]

OK

consumed time: 53.8070001602 s

jacoco time: 5.00599980354 s

FAIL

str(e):		Message: An element could not be located on the page using the given search parameters.



repr(e):	NoSuchElementException()

Traceback (most recent call last):

  File "C:\Users\yifeiLu\Documents\TestingProjectHome\aphotomanager\testcase\interestcases\testcase1_6_0_2_2_022.py", line 198, in <module>

    element = getElememt(driver, "new UiSelector().resourceId(\"de.k3b.android.androFotoFinder:id/image\").className(\"android.widget.ImageView\")")

  File "C:\Users\yifeiLu\Documents\TestingProjectHome\aphotomanager\testcase\interestcases\testcase1_6_0_2_2_022.py", line 34, in getElememt

    element = driver.find_element_by_android_uiautomator(str)

  File "C:\Python27\lib\site-packages\appium\webdriver\webdriver.py", line 327, in find_element_by_android_uiautomator

    return self.find_element(by=By.ANDROID_UIAUTOMATOR, value=uia_string)

  File "C:\Python27\lib\site-packages\appium\webdriver\webdriver.py", line 219, in find_element

    'value': value})['value']

  File "C:\Python27\lib\site-packages\selenium\webdriver\remote\webdriver.py", line 321, in execute

    self.error_handler.check_response(response)

  File "C:\Python27\lib\site-packages\appium\webdriver\errorhandler.py", line 29, in check_response

    raise wde

NoSuchElementException: Message: An element could not be located on the page using the given search parameters.





consumed time: 28.3079998493 s

jacoco time: 5.00300002098 s

covered targets are: [1942-3484_0]
uncovered targets are: []
target: 1942-3484_0 covered after retrial!
interestcase 1_6_0_2_2_022 end

index.7,  interestcase 0_4_5_012 start:
tagetlogs are:[565-967_5]
current preference, name:actionBarHideTimeInMilliSecs, value:random
current preference, name:debugEnabledMemory, value:1
current preference, name:debugEnabled, value:1
cmd:[python, C:\Users\yifeiLu\Documents\TestingProjectHome\aphotomanager\testcase\interestcases\testcase1_7_0_4_5_012.py]

OK

consumed time: 41.0629999638 s

jacoco time: 5.00400018692 s

FAIL

str(e):		Message: An element could not be located on the page using the given search parameters.



repr(e):	NoSuchElementException()

Traceback (most recent call last):

  File "C:\Users\yifeiLu\Documents\TestingProjectHome\aphotomanager\testcase\interestcases\testcase1_7_0_4_5_012.py", line 188, in <module>

    element = getElememt(driver, "new UiSelector().resourceId(\"android:id/home\").className(\"android.widget.ImageView\")")

  File "C:\Users\yifeiLu\Documents\TestingProjectHome\aphotomanager\testcase\interestcases\testcase1_7_0_4_5_012.py", line 34, in getElememt

    element = driver.find_element_by_android_uiautomator(str)

  File "C:\Python27\lib\site-packages\appium\webdriver\webdriver.py", line 327, in find_element_by_android_uiautomator

    return self.find_element(by=By.ANDROID_UIAUTOMATOR, value=uia_string)

  File "C:\Python27\lib\site-packages\appium\webdriver\webdriver.py", line 219, in find_element

    'value': value})['value']

  File "C:\Python27\lib\site-packages\selenium\webdriver\remote\webdriver.py", line 321, in execute

    self.error_handler.check_response(response)

  File "C:\Python27\lib\site-packages\appium\webdriver\errorhandler.py", line 29, in check_response

    raise wde

NoSuchElementException: Message: An element could not be located on the page using the given search parameters.





consumed time: 18.3580000401 s

jacoco time: 5.00300002098 s

covered targets are: []
uncovered targets are: [565-967_5]
loclog: 565-967_5 uncovered after retrial, deleted!
interestcase 1_7_0_4_5_012 end

index.8,  interestcase 0_3_5_027 start:
tagetlogs are:[1940-3477_4]
current preference, name:actionBarHideTimeInMilliSecs, value:
current preference, name:imageDetailThumbnailIfBiggerThan, value:
current preference, name:renamePrivateJpg, value:0
current preference, name:debugEnabledSql, value:1
current preference, name:debugEnabledViewItem, value:1
current preference, name:debugEnabledMemory, value:1
current preference, name:debugEnabledJpg, value:1
current preference, name:debugEnabledJpgMetaIo, value:1
current preference, name:debugEnabled, value:1
cmd:[python, C:\Users\yifeiLu\Documents\TestingProjectHome\aphotomanager\testcase\interestcases\testcase1_8_0_3_5_027.py]

OK

consumed time: 81.9030001163 s

jacoco time: 5.00300002098 s

FAIL

str(e):		Message: An element could not be located on the page using the given search parameters.



repr(e):	NoSuchElementException()

Traceback (most recent call last):

  File "C:\Users\yifeiLu\Documents\TestingProjectHome\aphotomanager\testcase\interestcases\testcase1_8_0_3_5_027.py", line 211, in <module>

    element = getElememt(driver, "new UiSelector().className(\"android.widget.ImageButton\").description(\"Mais opes\")")

  File "C:\Users\yifeiLu\Documents\TestingProjectHome\aphotomanager\testcase\interestcases\testcase1_8_0_3_5_027.py", line 34, in getElememt

    element = driver.find_element_by_android_uiautomator(str)

  File "C:\Python27\lib\site-packages\appium\webdriver\webdriver.py", line 327, in find_element_by_android_uiautomator

    return self.find_element(by=By.ANDROID_UIAUTOMATOR, value=uia_string)

  File "C:\Python27\lib\site-packages\appium\webdriver\webdriver.py", line 219, in find_element

    'value': value})['value']

  File "C:\Python27\lib\site-packages\selenium\webdriver\remote\webdriver.py", line 321, in execute

    self.error_handler.check_response(response)

  File "C:\Python27\lib\site-packages\appium\webdriver\errorhandler.py", line 29, in check_response

    raise wde

NoSuchElementException: Message: An element could not be located on the page using the given search parameters.





consumed time: 37.3919999599 s

jacoco time: 5.00400018692 s

covered targets are: [1940-3477_4]
uncovered targets are: []
target: 1940-3477_4 covered after retrial!
interestcase 1_8_0_3_5_027 end

index.9,  interestcase 0_20_3_026 start:
tagetlogs are:[3016-5303]
current preference, name:debugEnabledSql, value:0
current preference, name:debugEnabledViewItem, value:0
current preference, name:debugEnabledMemory, value:0
current preference, name:debugEnableLibs, value:1
current preference, name:debugEnabled, value:0
cmd:[python, C:\Users\yifeiLu\Documents\TestingProjectHome\aphotomanager\testcase\interestcases\testcase1_9_0_20_3_026.py]

OK

consumed time: 44.9019999504 s

jacoco time: 5.00500011444 s

FAIL

str(e):		Message: An element could not be located on the page using the given search parameters.



repr(e):	NoSuchElementException()

Traceback (most recent call last):

  File "C:\Users\yifeiLu\Documents\TestingProjectHome\aphotomanager\testcase\interestcases\testcase1_9_0_20_3_026.py", line 198, in <module>

    element = getElememt(driver, "new UiSelector().resourceId(\"de.k3b.android.androFotoFinder:id/action_edit\").className(\"android.widget.TextView\")")

  File "C:\Users\yifeiLu\Documents\TestingProjectHome\aphotomanager\testcase\interestcases\testcase1_9_0_20_3_026.py", line 34, in getElememt

    element = driver.find_element_by_android_uiautomator(str)

  File "C:\Python27\lib\site-packages\appium\webdriver\webdriver.py", line 327, in find_element_by_android_uiautomator

    return self.find_element(by=By.ANDROID_UIAUTOMATOR, value=uia_string)

  File "C:\Python27\lib\site-packages\appium\webdriver\webdriver.py", line 219, in find_element

    'value': value})['value']

  File "C:\Python27\lib\site-packages\selenium\webdriver\remote\webdriver.py", line 321, in execute

    self.error_handler.check_response(response)

  File "C:\Python27\lib\site-packages\appium\webdriver\errorhandler.py", line 29, in check_response

    raise wde

NoSuchElementException: Message: An element could not be located on the page using the given search parameters.





consumed time: 30.4900000095 s

jacoco time: 5.00400018692 s

covered targets are: []
uncovered targets are: [3016-5303]
loclog: 3016-5303 uncovered after retrial, deleted!
interestcase 1_9_0_20_3_026 end

index.10,  interestcase 0_11_4_009 start:
tagetlogs are:[2743_1]
current preference, name:actionBarHideTimeInMilliSecs, value:random
current preference, name:renamePrivateJpg, value:1
current preference, name:debugEnabledSql, value:0
current preference, name:debugEnabledViewItem, value:0
current preference, name:debugEnabledMemory, value:0
current preference, name:debugEnabledJpg, value:1
current preference, name:debugEnableLibs, value:1
current preference, name:debugEnabled, value:0
cmd:[python, C:\Users\yifeiLu\Documents\TestingProjectHome\aphotomanager\testcase\interestcases\testcase1_10_0_11_4_009.py]

OK

consumed time: 72.6419999599 s

jacoco time: 5.0039999485 s

FAIL

str(e):		Message: UiSelector[CLASS=android.widget.TextView]



repr(e):	NoSuchElementException()

Traceback (most recent call last):

  File "C:\Users\yifeiLu\Documents\TestingProjectHome\aphotomanager\testcase\interestcases\testcase1_10_0_11_4_009.py", line 199, in <module>

    TouchAction(driver).tap(element).perform()

  File "C:\Python27\lib\site-packages\appium\webdriver\common\touch_action.py", line 96, in perform

    self._driver.execute(Command.TOUCH_ACTION, params)

  File "C:\Python27\lib\site-packages\selenium\webdriver\remote\webdriver.py", line 321, in execute

    self.error_handler.check_response(response)

  File "C:\Python27\lib\site-packages\appium\webdriver\errorhandler.py", line 29, in check_response

    raise wde

NoSuchElementException: Message: UiSelector[CLASS=android.widget.TextView]





consumed time: 30.5730001926 s

jacoco time: 5.0039999485 s

covered targets are: [2743_1]
uncovered targets are: []
target: 2743_1 covered after retrial!
interestcase 1_10_0_11_4_009 end

index.11,  interestcase 0_8_1_013 start:
tagetlogs are:[3466-6215]
current preference, name:actionBarHideTimeInMilliSecs, value:
current preference, name:debugEnabled, value:0
cmd:[python, C:\Users\yifeiLu\Documents\TestingProjectHome\aphotomanager\testcase\interestcases\testcase1_11_0_8_1_013.py]

OK

consumed time: 35.8020000458 s

jacoco time: 5.0039999485 s

OK

consumed time: 109.343000174 s

jacoco time: 5.00300002098 s

covered targets are: []
uncovered targets are: [3466-6215]
loclog: 3466-6215 uncovered after retrial, deleted!
interestcase 1_11_0_8_1_013 end

index.12,  interestcase 0_12_3_002 start:
tagetlogs are:[1946_2]
current preference, name:imageDetailThumbnailIfBiggerThan, value:random
current preference, name:debugEnabledSql, value:0
current preference, name:debugEnabledViewItem, value:0
current preference, name:debugEnabledMemory, value:0
current preference, name:debugEnableLibs, value:1
current preference, name:debugEnabled, value:0
cmd:[python, C:\Users\yifeiLu\Documents\TestingProjectHome\aphotomanager\testcase\interestcases\testcase1_12_0_12_3_002.py]

OK

consumed time: 63.393999815 s

jacoco time: 5.00400018692 s

FAIL

str(e):		Message: An element could not be located on the page using the given search parameters.



repr(e):	NoSuchElementException()

Traceback (most recent call last):

  File "C:\Users\yifeiLu\Documents\TestingProjectHome\aphotomanager\testcase\interestcases\testcase1_12_0_12_3_002.py", line 210, in <module>

    element = getElememtBack(driver, "new UiSelector().text(\"    \")", "new UiSelector().className(\"android.widget.TextView\").instance(8)")

  File "C:\Users\yifeiLu\Documents\TestingProjectHome\aphotomanager\testcase\interestcases\testcase1_12_0_12_3_002.py", line 53, in getElememtBack

    element = driver.find_element_by_android_uiautomator(str2)

  File "C:\Python27\lib\site-packages\appium\webdriver\webdriver.py", line 327, in find_element_by_android_uiautomator

    return self.find_element(by=By.ANDROID_UIAUTOMATOR, value=uia_string)

  File "C:\Python27\lib\site-packages\appium\webdriver\webdriver.py", line 219, in find_element

    'value': value})['value']

  File "C:\Python27\lib\site-packages\selenium\webdriver\remote\webdriver.py", line 321, in execute

    self.error_handler.check_response(response)

  File "C:\Python27\lib\site-packages\appium\webdriver\errorhandler.py", line 29, in check_response

    raise wde

NoSuchElementException: Message: An element could not be located on the page using the given search parameters.





consumed time: 53.2829999924 s

jacoco time: 5.00300002098 s

covered targets are: [1946_2]
uncovered targets are: []
target: 1946_2 covered after retrial!
interestcase 1_12_0_12_3_002 end

index.13,  interestcase 0_10_5_022 start:
tagetlogs are:[613_7]
current preference, name:actionBarHideTimeInMilliSecs, value:random
current preference, name:debugEnabledJpg, value:1
cmd:[python, C:\Users\yifeiLu\Documents\TestingProjectHome\aphotomanager\testcase\interestcases\testcase1_13_0_10_5_022.py]

OK

consumed time: 36.859000206 s

jacoco time: 5.0039999485 s

FAIL

str(e):		Message: An element could not be located on the page using the given search parameters.



repr(e):	NoSuchElementException()

Traceback (most recent call last):

  File "C:\Users\yifeiLu\Documents\TestingProjectHome\aphotomanager\testcase\interestcases\testcase1_13_0_10_5_022.py", line 208, in <module>

    element = getElememt(driver, "new UiSelector().resourceId(\"de.k3b.android.androFotoFinder:id/add\").className(\"android.widget.ImageView\")")

  File "C:\Users\yifeiLu\Documents\TestingProjectHome\aphotomanager\testcase\interestcases\testcase1_13_0_10_5_022.py", line 34, in getElememt

    element = driver.find_element_by_android_uiautomator(str)

  File "C:\Python27\lib\site-packages\appium\webdriver\webdriver.py", line 327, in find_element_by_android_uiautomator

    return self.find_element(by=By.ANDROID_UIAUTOMATOR, value=uia_string)

  File "C:\Python27\lib\site-packages\appium\webdriver\webdriver.py", line 219, in find_element

    'value': value})['value']

  File "C:\Python27\lib\site-packages\selenium\webdriver\remote\webdriver.py", line 321, in execute

    self.error_handler.check_response(response)

  File "C:\Python27\lib\site-packages\appium\webdriver\errorhandler.py", line 29, in check_response

    raise wde

NoSuchElementException: Message: An element could not be located on the page using the given search parameters.





consumed time: 65.0690000057 s

jacoco time: 5.0039999485 s

covered targets are: [613_7]
uncovered targets are: []
target: 613_7 covered after retrial!
interestcase 1_13_0_10_5_022 end

NO.0 Scene:
discovered in ineration NO. 2
origin branch is: 1942-3484_0 ,target branch is: 1942-3484_0
interests are:
thumbCacheRoot      random    6     Photos
discovered tags are : 1_13_0_10_5_022 1_12_0_12_3_002 1_6_0_2_2_022 1_8_0_3_5_027 1_3_0_11_4_009 1_7_0_4_5_012 1_5_0_5_3_027 1_2_0_1_2_029 1_10_0_11_4_009 1_11_0_8_1_013 1_9_0_20_3_026 1_1_0_7_4_014 
--------------------------------
NO.1 Scene:
discovered in ineration NO. 2
origin branch is: 3017-5305 ,target branch is: 3017-5304
interests are:
debugEnabled      0    25     Diagnostics
discovered tags are : 1_6_0_2_2_022 1_2_0_1_2_029 
--------------------------------
NO.2 Scene:
discovered in ineration NO. 2
origin branch is: 1946_1 ,target branch is: 1946_1
interests are:
actionBarHideTimeInMilliSecs          4     Photos
discovered tags are : 1_13_0_10_5_022 1_12_0_12_3_002 1_6_0_2_2_022 1_3_0_11_4_009 1_7_0_4_5_012 1_2_0_1_2_029 1_10_0_11_4_009 1_9_0_20_3_026 1_1_0_7_4_014 
--------------------------------
NO.3 Scene:
discovered in ineration NO. 2
origin branch is: 1940-3477_2 ,target branch is: 1940-3477_2
interests are:
imageDetailThumbnailIfBiggerThan      random    5     Photos
discovered tags are : 1_13_0_10_5_022 1_12_0_12_3_002 1_8_0_3_5_027 1_7_0_4_5_012 1_11_0_8_1_013 1_9_0_20_3_026 1_6_0_2_2_022 1_4_0_11_4_009 1_3_0_11_4_009 1_5_0_5_3_027 1_2_0_1_2_029 1_10_0_11_4_009 1_1_0_7_4_014 
--------------------------------
index.1,  interestcase 1_13_0_10_5_022 start:
tagetlogs are:[1942-3484_0]
current preference, name:actionBarHideTimeInMilliSecs, value:random
current preference, name:thumbCacheRoot, value:random
current preference, name:debugEnabledJpg, value:1
cmd:[python, C:\Users\yifeiLu\Documents\TestingProjectHome\aphotomanager\testcase\interestcases\testcase2_1_1_13_0_10_5_022.py]

OK

consumed time: 51.7180001736 s

jacoco time: 5.0039999485 s

FAIL

str(e):		Message: An element could not be located on the page using the given search parameters.



repr(e):	NoSuchElementException()

Traceback (most recent call last):

  File "C:\Users\yifeiLu\Documents\TestingProjectHome\aphotomanager\testcase\interestcases\testcase2_1_1_13_0_10_5_022.py", line 210, in <module>

    element = getElememt(driver, "new UiSelector().resourceId(\"de.k3b.android.androFotoFinder:id/add\").className(\"android.widget.ImageView\")")

  File "C:\Users\yifeiLu\Documents\TestingProjectHome\aphotomanager\testcase\interestcases\testcase2_1_1_13_0_10_5_022.py", line 34, in getElememt

    element = driver.find_element_by_android_uiautomator(str)

  File "C:\Python27\lib\site-packages\appium\webdriver\webdriver.py", line 327, in find_element_by_android_uiautomator

    return self.find_element(by=By.ANDROID_UIAUTOMATOR, value=uia_string)

  File "C:\Python27\lib\site-packages\appium\webdriver\webdriver.py", line 219, in find_element

    'value': value})['value']

  File "C:\Python27\lib\site-packages\selenium\webdriver\remote\webdriver.py", line 321, in execute

    self.error_handler.check_response(response)

  File "C:\Python27\lib\site-packages\appium\webdriver\errorhandler.py", line 29, in check_response

    raise wde

NoSuchElementException: Message: An element could not be located on the page using the given search parameters.





consumed time: 62.4679999352 s

jacoco time: 5.00300002098 s

covered targets are: [1942-3484_0]
uncovered targets are: []
target: 1942-3484_0 covered after retrial!
interestcase 2_1_1_13_0_10_5_022 end

index.2,  interestcase 1_12_0_12_3_002 start:
tagetlogs are:[1940-3477_2]
current preference, name:imageDetailThumbnailIfBiggerThan, value:random
current preference, name:debugEnabledSql, value:0
current preference, name:debugEnabledViewItem, value:0
current preference, name:debugEnabledMemory, value:0
current preference, name:debugEnableLibs, value:1
current preference, name:debugEnabled, value:0
cmd:[python, C:\Users\yifeiLu\Documents\TestingProjectHome\aphotomanager\testcase\interestcases\testcase2_2_1_12_0_12_3_002.py]

OK

consumed time: 62.9739999771 s

jacoco time: 5.00400018692 s

OK

consumed time: 84.6050000191 s

jacoco time: 5.0039999485 s

covered targets are: [1940-3477_2]
uncovered targets are: []
target: 1940-3477_2 covered after retrial!
interestcase 2_2_1_12_0_12_3_002 end

index.3,  interestcase 1_6_0_2_2_022 start:
tagetlogs are:[1946_1]
current preference, name:actionBarHideTimeInMilliSecs, value:
current preference, name:reportDir, value:random
current preference, name:debugEnabledViewItem, value:1
current preference, name:debugEnabledMap, value:1
current preference, name:debugEnableLibs, value:0
current preference, name:debugEnabled, value:1
cmd:[python, C:\Users\yifeiLu\Documents\TestingProjectHome\aphotomanager\testcase\interestcases\testcase2_3_1_6_0_2_2_022.py]

OK

consumed time: 63.3989999294 s

jacoco time: 5.00500011444 s

FAIL

str(e):		Message: An element could not be located on the page using the given search parameters.



repr(e):	NoSuchElementException()

Traceback (most recent call last):

  File "C:\Users\yifeiLu\Documents\TestingProjectHome\aphotomanager\testcase\interestcases\testcase2_3_1_6_0_2_2_022.py", line 200, in <module>

    element = getElememt(driver, "new UiSelector().resourceId(\"de.k3b.android.androFotoFinder:id/image\").className(\"android.widget.ImageView\")")

  File "C:\Users\yifeiLu\Documents\TestingProjectHome\aphotomanager\testcase\interestcases\testcase2_3_1_6_0_2_2_022.py", line 34, in getElememt

    element = driver.find_element_by_android_uiautomator(str)

  File "C:\Python27\lib\site-packages\appium\webdriver\webdriver.py", line 327, in find_element_by_android_uiautomator

    return self.find_element(by=By.ANDROID_UIAUTOMATOR, value=uia_string)

  File "C:\Python27\lib\site-packages\appium\webdriver\webdriver.py", line 219, in find_element

    'value': value})['value']

  File "C:\Python27\lib\site-packages\selenium\webdriver\remote\webdriver.py", line 321, in execute

    self.error_handler.check_response(response)

  File "C:\Python27\lib\site-packages\appium\webdriver\errorhandler.py", line 29, in check_response

    raise wde

NoSuchElementException: Message: An element could not be located on the page using the given search parameters.





consumed time: 28.3659999371 s

jacoco time: 5.00300002098 s

covered targets are: [1946_1]
uncovered targets are: []
target: 1946_1 covered after retrial!
interestcase 2_3_1_6_0_2_2_022 end

index.4,  interestcase 1_2_0_1_2_029 start:
tagetlogs are:[3017-5304]
current preference, name:thumbCacheRoot, value:
current preference, name:mapsForgeEnabled, value:1
current preference, name:maxSelectionMarkersInMap, value:
current preference, name:debugEnabledSql, value:0
current preference, name:debugEnabledViewItem, value:1
current preference, name:debugEnabledMap, value:1
current preference, name:debugEnabledMemory, value:1
current preference, name:debugEnableLibs, value:0
current preference, name:debugEnabled, value:0
cmd:[python, C:\Users\yifeiLu\Documents\TestingProjectHome\aphotomanager\testcase\interestcases\testcase2_4_1_2_0_1_2_029.py]

OK

consumed time: 78.7430000305 s

jacoco time: 5.00500011444 s

FAIL

str(e):		Message: An element could not be located on the page using the given search parameters.



repr(e):	NoSuchElementException()

Traceback (most recent call last):

  File "C:\Users\yifeiLu\Documents\TestingProjectHome\aphotomanager\testcase\interestcases\testcase2_4_1_2_0_1_2_029.py", line 220, in <module>

    element = getElememt(driver, "new UiSelector().resourceId(\"de.k3b.android.androFotoFinder:id/bookmark\").className(\"android.widget.ImageView\")")

  File "C:\Users\yifeiLu\Documents\TestingProjectHome\aphotomanager\testcase\interestcases\testcase2_4_1_2_0_1_2_029.py", line 34, in getElememt

    element = driver.find_element_by_android_uiautomator(str)

  File "C:\Python27\lib\site-packages\appium\webdriver\webdriver.py", line 327, in find_element_by_android_uiautomator

    return self.find_element(by=By.ANDROID_UIAUTOMATOR, value=uia_string)

  File "C:\Python27\lib\site-packages\appium\webdriver\webdriver.py", line 219, in find_element

    'value': value})['value']

  File "C:\Python27\lib\site-packages\selenium\webdriver\remote\webdriver.py", line 321, in execute

    self.error_handler.check_response(response)

  File "C:\Python27\lib\site-packages\appium\webdriver\errorhandler.py", line 29, in check_response

    raise wde

NoSuchElementException: Message: An element could not be located on the page using the given search parameters.





consumed time: 44.2599999905 s

jacoco time: 5.00499987602 s

covered targets are: []
uncovered targets are: [3017-5304]
loclog: 3017-5304 uncovered after retrial, deleted!
interestcase 2_4_1_2_0_1_2_029 end

NO.0 Scene:
discovered in ineration NO. 3
origin branch is: 1942-3484_0 ,target branch is: 1942-3484_0
interests are:
reportDir          7     Photos
discovered tags are : 2_2_1_12_0_12_3_002 2_3_1_6_0_2_2_022 2_4_1_2_0_1_2_029 2_1_1_13_0_10_5_022 
--------------------------------
NO.1 Scene:
discovered in ineration NO. 3
origin branch is: 1946_1 ,target branch is: 1946_1
interests are:
maxSelectionMarkersInMap          11     Show in map
discovered tags are : 2_2_1_12_0_12_3_002 2_3_1_6_0_2_2_022 2_4_1_2_0_1_2_029 2_1_1_13_0_10_5_022 
--------------------------------
NO.2 Scene:
discovered in ineration NO. 3
origin branch is: 1940-3477_2 ,target branch is: 1940-3477_2
interests are:
maxSelectionMarkersInMap      random    11     Show in map
discovered tags are : 2_2_1_12_0_12_3_002 2_3_1_6_0_2_2_022 2_4_1_2_0_1_2_029 2_1_1_13_0_10_5_022 
--------------------------------
index.1,  interestcase 2_2_1_12_0_12_3_002 start:
tagetlogs are:[1942-3484_0]
current preference, name:imageDetailThumbnailIfBiggerThan, value:random
current preference, name:reportDir, value:
current preference, name:debugEnabledSql, value:0
current preference, name:debugEnabledViewItem, value:0
current preference, name:debugEnabledMemory, value:0
current preference, name:debugEnableLibs, value:1
current preference, name:debugEnabled, value:0
cmd:[python, C:\Users\yifeiLu\Documents\TestingProjectHome\aphotomanager\testcase\interestcases\testcase3_1_2_2_1_12_0_12_3_002.py]

OK

consumed time: 72.6480000019 s

jacoco time: 5.0039999485 s

FAIL

str(e):		Message: An element could not be located on the page using the given search parameters.



repr(e):	NoSuchElementException()

Traceback (most recent call last):

  File "C:\Users\yifeiLu\Documents\TestingProjectHome\aphotomanager\testcase\interestcases\testcase3_1_2_2_1_12_0_12_3_002.py", line 214, in <module>

    element = getElememt(driver, "new UiSelector().resourceId(\"android:id/edit\").className(\"android.widget.EditText\")")

  File "C:\Users\yifeiLu\Documents\TestingProjectHome\aphotomanager\testcase\interestcases\testcase3_1_2_2_1_12_0_12_3_002.py", line 34, in getElememt

    element = driver.find_element_by_android_uiautomator(str)

  File "C:\Python27\lib\site-packages\appium\webdriver\webdriver.py", line 327, in find_element_by_android_uiautomator

    return self.find_element(by=By.ANDROID_UIAUTOMATOR, value=uia_string)

  File "C:\Python27\lib\site-packages\appium\webdriver\webdriver.py", line 219, in find_element

    'value': value})['value']

  File "C:\Python27\lib\site-packages\selenium\webdriver\remote\webdriver.py", line 321, in execute

    self.error_handler.check_response(response)

  File "C:\Python27\lib\site-packages\appium\webdriver\errorhandler.py", line 29, in check_response

    raise wde

NoSuchElementException: Message: An element could not be located on the page using the given search parameters.





consumed time: 72.8379998207 s

jacoco time: 5.00400018692 s

covered targets are: [1942-3484_0]
uncovered targets are: []
target: 1942-3484_0 covered after retrial!
interestcase 3_1_2_2_1_12_0_12_3_002 end

index.2,  interestcase 2_3_1_6_0_2_2_022 start:
tagetlogs are:[1940-3477_2]
current preference, name:actionBarHideTimeInMilliSecs, value:
current preference, name:reportDir, value:random
current preference, name:maxSelectionMarkersInMap, value:random
current preference, name:debugEnabledViewItem, value:1
current preference, name:debugEnabledMap, value:1
current preference, name:debugEnableLibs, value:0
current preference, name:debugEnabled, value:1
cmd:[python, C:\Users\yifeiLu\Documents\TestingProjectHome\aphotomanager\testcase\interestcases\testcase3_2_2_3_1_6_0_2_2_022.py]

OK

consumed time: 73.3150000572 s

jacoco time: 5.0039999485 s

FAIL

str(e):		Message: An element could not be located on the page using the given search parameters.



repr(e):	NoSuchElementException()

Traceback (most recent call last):

  File "C:\Users\yifeiLu\Documents\TestingProjectHome\aphotomanager\testcase\interestcases\testcase3_2_2_3_1_6_0_2_2_022.py", line 202, in <module>

    element = getElememt(driver, "new UiSelector().resourceId(\"de.k3b.android.androFotoFinder:id/image\").className(\"android.widget.ImageView\")")

  File "C:\Users\yifeiLu\Documents\TestingProjectHome\aphotomanager\testcase\interestcases\testcase3_2_2_3_1_6_0_2_2_022.py", line 34, in getElememt

    element = driver.find_element_by_android_uiautomator(str)

  File "C:\Python27\lib\site-packages\appium\webdriver\webdriver.py", line 327, in find_element_by_android_uiautomator

    return self.find_element(by=By.ANDROID_UIAUTOMATOR, value=uia_string)

  File "C:\Python27\lib\site-packages\appium\webdriver\webdriver.py", line 219, in find_element

    'value': value})['value']

  File "C:\Python27\lib\site-packages\selenium\webdriver\remote\webdriver.py", line 321, in execute

    self.error_handler.check_response(response)

  File "C:\Python27\lib\site-packages\appium\webdriver\errorhandler.py", line 29, in check_response

    raise wde

NoSuchElementException: Message: An element could not be located on the page using the given search parameters.





consumed time: 28.6159999371 s

jacoco time: 5.00400018692 s

covered targets are: [1940-3477_2]
uncovered targets are: []
target: 1940-3477_2 covered after retrial!
interestcase 3_2_2_3_1_6_0_2_2_022 end

index.3,  interestcase 2_4_1_2_0_1_2_029 start:
tagetlogs are:[1946_1]
current preference, name:thumbCacheRoot, value:
current preference, name:mapsForgeEnabled, value:1
current preference, name:maxSelectionMarkersInMap, value:
current preference, name:debugEnabledSql, value:0
current preference, name:debugEnabledViewItem, value:1
current preference, name:debugEnabledMap, value:1
current preference, name:debugEnabledMemory, value:1
current preference, name:debugEnableLibs, value:0
current preference, name:debugEnabled, value:0
cmd:[python, C:\Users\yifeiLu\Documents\TestingProjectHome\aphotomanager\testcase\interestcases\testcase3_3_2_4_1_2_0_1_2_029.py]

OK

consumed time: 77.4869999886 s

jacoco time: 5.0039999485 s

FAIL

str(e):		Message: An element could not be located on the page using the given search parameters.



repr(e):	NoSuchElementException()

Traceback (most recent call last):

  File "C:\Users\yifeiLu\Documents\TestingProjectHome\aphotomanager\testcase\interestcases\testcase3_3_2_4_1_2_0_1_2_029.py", line 220, in <module>

    element = getElememt(driver, "new UiSelector().resourceId(\"de.k3b.android.androFotoFinder:id/bookmark\").className(\"android.widget.ImageView\")")

  File "C:\Users\yifeiLu\Documents\TestingProjectHome\aphotomanager\testcase\interestcases\testcase3_3_2_4_1_2_0_1_2_029.py", line 34, in getElememt

    element = driver.find_element_by_android_uiautomator(str)

  File "C:\Python27\lib\site-packages\appium\webdriver\webdriver.py", line 327, in find_element_by_android_uiautomator

    return self.find_element(by=By.ANDROID_UIAUTOMATOR, value=uia_string)

  File "C:\Python27\lib\site-packages\appium\webdriver\webdriver.py", line 219, in find_element

    'value': value})['value']

  File "C:\Python27\lib\site-packages\selenium\webdriver\remote\webdriver.py", line 321, in execute

    self.error_handler.check_response(response)

  File "C:\Python27\lib\site-packages\appium\webdriver\errorhandler.py", line 29, in check_response

    raise wde

NoSuchElementException: Message: An element could not be located on the page using the given search parameters.





consumed time: 44.643999815 s

jacoco time: 5.00400018692 s

covered targets are: [1946_1]
uncovered targets are: []
target: 1946_1 covered after retrial!
interestcase 3_3_2_4_1_2_0_1_2_029 end

NO.0 Scene:
discovered in ineration NO. 4
origin branch is: 1942-3484_0 ,target branch is: 1942-3484_0
interests are:
logCatDir      random    28     Diagnostics
discovered tags are : 3_2_2_3_1_6_0_2_2_022 3_1_2_2_1_12_0_12_3_002 3_3_2_4_1_2_0_1_2_029 
--------------------------------
NO.1 Scene:
discovered in ineration NO. 4
origin branch is: 1946_1 ,target branch is: 1946_1
interests are:
pickHistoryMax          16     Edit
discovered tags are : 3_2_2_3_1_6_0_2_2_022 3_1_2_2_1_12_0_12_3_002 3_3_2_4_1_2_0_1_2_029 
--------------------------------
NO.2 Scene:
discovered in ineration NO. 4
origin branch is: 1940-3477_2 ,target branch is: 1940-3477_2
interests are:
actionBarHideTimeInMilliSecs          4     Photos
discovered tags are : 3_2_2_3_1_6_0_2_2_022 3_1_2_2_1_12_0_12_3_002 3_3_2_4_1_2_0_1_2_029 
--------------------------------
index.1,  interestcase 3_2_2_3_1_6_0_2_2_022 start:
tagetlogs are:[1942-3484_0]
current preference, name:actionBarHideTimeInMilliSecs, value:
current preference, name:reportDir, value:random
current preference, name:maxSelectionMarkersInMap, value:random
current preference, name:debugEnabledViewItem, value:1
current preference, name:debugEnabledMap, value:1
current preference, name:debugEnableLibs, value:0
current preference, name:debugEnabled, value:1
current preference, name:logCatDir, value:random
cmd:[python, C:\Users\yifeiLu\Documents\TestingProjectHome\aphotomanager\testcase\interestcases\testcase4_1_3_2_2_3_1_6_0_2_2_022.py]

OK

consumed time: 92.0699999332 s

jacoco time: 5.00300002098 s

FAIL

str(e):		Message: An element could not be located on the page using the given search parameters.



repr(e):	NoSuchElementException()

Traceback (most recent call last):

  File "C:\Users\yifeiLu\Documents\TestingProjectHome\aphotomanager\testcase\interestcases\testcase4_1_3_2_2_3_1_6_0_2_2_022.py", line 204, in <module>

    element = getElememt(driver, "new UiSelector().resourceId(\"de.k3b.android.androFotoFinder:id/image\").className(\"android.widget.ImageView\")")

  File "C:\Users\yifeiLu\Documents\TestingProjectHome\aphotomanager\testcase\interestcases\testcase4_1_3_2_2_3_1_6_0_2_2_022.py", line 34, in getElememt

    element = driver.find_element_by_android_uiautomator(str)

  File "C:\Python27\lib\site-packages\appium\webdriver\webdriver.py", line 327, in find_element_by_android_uiautomator

    return self.find_element(by=By.ANDROID_UIAUTOMATOR, value=uia_string)

  File "C:\Python27\lib\site-packages\appium\webdriver\webdriver.py", line 219, in find_element

    'value': value})['value']

  File "C:\Python27\lib\site-packages\selenium\webdriver\remote\webdriver.py", line 321, in execute

    self.error_handler.check_response(response)

  File "C:\Python27\lib\site-packages\appium\webdriver\errorhandler.py", line 29, in check_response

    raise wde

NoSuchElementException: Message: An element could not be located on the page using the given search parameters.





consumed time: 28.6150000095 s

jacoco time: 5.00400018692 s

covered targets are: [1942-3484_0]
uncovered targets are: []
target: 1942-3484_0 covered after retrial!
interestcase 4_1_3_2_2_3_1_6_0_2_2_022 end

index.2,  interestcase 3_1_2_2_1_12_0_12_3_002 start:
tagetlogs are:[1940-3477_2]
current preference, name:actionBarHideTimeInMilliSecs, value:
current preference, name:imageDetailThumbnailIfBiggerThan, value:random
current preference, name:reportDir, value:
current preference, name:debugEnabledSql, value:0
current preference, name:debugEnabledViewItem, value:0
current preference, name:debugEnabledMemory, value:0
current preference, name:debugEnableLibs, value:1
current preference, name:debugEnabled, value:0
cmd:[python, C:\Users\yifeiLu\Documents\TestingProjectHome\aphotomanager\testcase\interestcases\testcase4_2_3_1_2_2_1_12_0_12_3_002.py]

OK

consumed time: 83.6289999485 s

jacoco time: 5.0039999485 s

FAIL

str(e):		Message: An element could not be located on the page using the given search parameters.



repr(e):	NoSuchElementException()

Traceback (most recent call last):

  File "C:\Users\yifeiLu\Documents\TestingProjectHome\aphotomanager\testcase\interestcases\testcase4_2_3_1_2_2_1_12_0_12_3_002.py", line 201, in <module>

    element = getElememtBack(driver, "new UiSelector().text(\"Slideshow interval in millisecs\")", "new UiSelector().className(\"android.widget.TextView\").instance(8)")

  File "C:\Users\yifeiLu\Documents\TestingProjectHome\aphotomanager\testcase\interestcases\testcase4_2_3_1_2_2_1_12_0_12_3_002.py", line 53, in getElememtBack

    element = driver.find_element_by_android_uiautomator(str2)

  File "C:\Python27\lib\site-packages\appium\webdriver\webdriver.py", line 327, in find_element_by_android_uiautomator

    return self.find_element(by=By.ANDROID_UIAUTOMATOR, value=uia_string)

  File "C:\Python27\lib\site-packages\appium\webdriver\webdriver.py", line 219, in find_element

    'value': value})['value']

  File "C:\Python27\lib\site-packages\selenium\webdriver\remote\webdriver.py", line 321, in execute

    self.error_handler.check_response(response)

  File "C:\Python27\lib\site-packages\appium\webdriver\errorhandler.py", line 29, in check_response

    raise wde

NoSuchElementException: Message: An element could not be located on the page using the given search parameters.





consumed time: 31.4670000076 s

jacoco time: 5.00500011444 s

covered targets are: [1940-3477_2]
uncovered targets are: []
target: 1940-3477_2 covered after retrial!
interestcase 4_2_3_1_2_2_1_12_0_12_3_002 end

index.3,  interestcase 3_3_2_4_1_2_0_1_2_029 start:
tagetlogs are:[1946_1]
current preference, name:thumbCacheRoot, value:
current preference, name:mapsForgeEnabled, value:1
current preference, name:maxSelectionMarkersInMap, value:
current preference, name:pickHistoryMax, value:
current preference, name:debugEnabledSql, value:0
current preference, name:debugEnabledViewItem, value:1
current preference, name:debugEnabledMap, value:1
current preference, name:debugEnabledMemory, value:1
current preference, name:debugEnableLibs, value:0
current preference, name:debugEnabled, value:0
cmd:[python, C:\Users\yifeiLu\Documents\TestingProjectHome\aphotomanager\testcase\interestcases\testcase4_3_3_3_2_4_1_2_0_1_2_029.py]

OK

consumed time: 86.7699999809 s

jacoco time: 5.00500011444 s

FAIL

str(e):		Message: An element could not be located on the page using the given search parameters.



repr(e):	NoSuchElementException()

Traceback (most recent call last):

  File "C:\Users\yifeiLu\Documents\TestingProjectHome\aphotomanager\testcase\interestcases\testcase4_3_3_3_2_4_1_2_0_1_2_029.py", line 222, in <module>

    element = getElememt(driver, "new UiSelector().resourceId(\"de.k3b.android.androFotoFinder:id/bookmark\").className(\"android.widget.ImageView\")")

  File "C:\Users\yifeiLu\Documents\TestingProjectHome\aphotomanager\testcase\interestcases\testcase4_3_3_3_2_4_1_2_0_1_2_029.py", line 34, in getElememt

    element = driver.find_element_by_android_uiautomator(str)

  File "C:\Python27\lib\site-packages\appium\webdriver\webdriver.py", line 327, in find_element_by_android_uiautomator

    return self.find_element(by=By.ANDROID_UIAUTOMATOR, value=uia_string)

  File "C:\Python27\lib\site-packages\appium\webdriver\webdriver.py", line 219, in find_element

    'value': value})['value']

  File "C:\Python27\lib\site-packages\selenium\webdriver\remote\webdriver.py", line 321, in execute

    self.error_handler.check_response(response)

  File "C:\Python27\lib\site-packages\appium\webdriver\errorhandler.py", line 29, in check_response

    raise wde

NoSuchElementException: Message: An element could not be located on the page using the given search parameters.





consumed time: 43.7250001431 s

jacoco time: 5.00499987602 s

covered targets are: [1946_1]
uncovered targets are: []
target: 1946_1 covered after retrial!
interestcase 4_3_3_3_2_4_1_2_0_1_2_029 end

NO.0 Scene:
discovered in ineration NO. 5
origin branch is: 1942-3484_0 ,target branch is: 1942-3484_0
interests are:
logCatDir          28     Diagnostics
discovered tags are : 4_3_3_3_2_4_1_2_0_1_2_029 4_1_3_2_2_3_1_6_0_2_2_022 
--------------------------------
NO.1 Scene:
discovered in ineration NO. 5
origin branch is: 1946_1 ,target branch is: 1946_1
interests are:
actionBarHideTimeInMilliSecs      random    4     Photos
discovered tags are : 4_3_3_3_2_4_1_2_0_1_2_029 4_1_3_2_2_3_1_6_0_2_2_022 
--------------------------------
NO.2 Scene:
discovered in ineration NO. 5
origin branch is: 1940-3477_2 ,target branch is: 1940-3477_2
interests are:
pickHistoryMax      random    16     Edit
discovered tags are : 4_3_3_3_2_4_1_2_0_1_2_029 4_1_3_2_2_3_1_6_0_2_2_022 
--------------------------------
index.1,  interestcase 4_3_3_3_2_4_1_2_0_1_2_029 start:
tagetlogs are:[1942-3484_0]
current preference, name:thumbCacheRoot, value:
current preference, name:mapsForgeEnabled, value:1
current preference, name:maxSelectionMarkersInMap, value:
current preference, name:pickHistoryMax, value:
current preference, name:debugEnabledSql, value:0
current preference, name:debugEnabledViewItem, value:1
current preference, name:debugEnabledMap, value:1
current preference, name:debugEnabledMemory, value:1
current preference, name:debugEnableLibs, value:0
current preference, name:debugEnabled, value:0
current preference, name:logCatDir, value:
cmd:[python, C:\Users\yifeiLu\Documents\TestingProjectHome\aphotomanager\testcase\interestcases\testcase5_1_4_3_3_3_2_4_1_2_0_1_2_029.py]

OK

consumed time: 103.663000107 s

jacoco time: 5.0039999485 s

FAIL

str(e):		Message: An element could not be located on the page using the given search parameters.



repr(e):	NoSuchElementException()

Traceback (most recent call last):

  File "C:\Users\yifeiLu\Documents\TestingProjectHome\aphotomanager\testcase\interestcases\testcase5_1_4_3_3_3_2_4_1_2_0_1_2_029.py", line 224, in <module>

    element = getElememt(driver, "new UiSelector().resourceId(\"de.k3b.android.androFotoFinder:id/bookmark\").className(\"android.widget.ImageView\")")

  File "C:\Users\yifeiLu\Documents\TestingProjectHome\aphotomanager\testcase\interestcases\testcase5_1_4_3_3_3_2_4_1_2_0_1_2_029.py", line 34, in getElememt

    element = driver.find_element_by_android_uiautomator(str)

  File "C:\Python27\lib\site-packages\appium\webdriver\webdriver.py", line 327, in find_element_by_android_uiautomator

    return self.find_element(by=By.ANDROID_UIAUTOMATOR, value=uia_string)

  File "C:\Python27\lib\site-packages\appium\webdriver\webdriver.py", line 219, in find_element

    'value': value})['value']

  File "C:\Python27\lib\site-packages\selenium\webdriver\remote\webdriver.py", line 321, in execute

    self.error_handler.check_response(response)

  File "C:\Python27\lib\site-packages\appium\webdriver\errorhandler.py", line 29, in check_response

    raise wde

NoSuchElementException: Message: An element could not be located on the page using the given search parameters.





consumed time: 46.8489999771 s

jacoco time: 5.00600004196 s

covered targets are: [1942-3484_0]
uncovered targets are: []
target: 1942-3484_0 covered after retrial!
interestcase 5_1_4_3_3_3_2_4_1_2_0_1_2_029 end

index.2,  interestcase 4_1_3_2_2_3_1_6_0_2_2_022 start:
tagetlogs are:[1940-3477_2]
current preference, name:actionBarHideTimeInMilliSecs, value:
current preference, name:reportDir, value:random
current preference, name:maxSelectionMarkersInMap, value:random
current preference, name:pickHistoryMax, value:random
current preference, name:debugEnabledViewItem, value:1
current preference, name:debugEnabledMap, value:1
current preference, name:debugEnableLibs, value:0
current preference, name:debugEnabled, value:1
current preference, name:logCatDir, value:random
cmd:[python, C:\Users\yifeiLu\Documents\TestingProjectHome\aphotomanager\testcase\interestcases\testcase5_2_4_1_3_2_2_3_1_6_0_2_2_022.py]

OK

consumed time: 101.635999918 s

jacoco time: 5.00500011444 s

FAIL

str(e):		Message: An element could not be located on the page using the given search parameters.



repr(e):	NoSuchElementException()

Traceback (most recent call last):

  File "C:\Users\yifeiLu\Documents\TestingProjectHome\aphotomanager\testcase\interestcases\testcase5_2_4_1_3_2_2_3_1_6_0_2_2_022.py", line 206, in <module>

    element = getElememt(driver, "new UiSelector().resourceId(\"de.k3b.android.androFotoFinder:id/image\").className(\"android.widget.ImageView\")")

  File "C:\Users\yifeiLu\Documents\TestingProjectHome\aphotomanager\testcase\interestcases\testcase5_2_4_1_3_2_2_3_1_6_0_2_2_022.py", line 34, in getElememt

    element = driver.find_element_by_android_uiautomator(str)

  File "C:\Python27\lib\site-packages\appium\webdriver\webdriver.py", line 327, in find_element_by_android_uiautomator

    return self.find_element(by=By.ANDROID_UIAUTOMATOR, value=uia_string)

  File "C:\Python27\lib\site-packages\appium\webdriver\webdriver.py", line 219, in find_element

    'value': value})['value']

  File "C:\Python27\lib\site-packages\selenium\webdriver\remote\webdriver.py", line 321, in execute

    self.error_handler.check_response(response)

  File "C:\Python27\lib\site-packages\appium\webdriver\errorhandler.py", line 29, in check_response

    raise wde

NoSuchElementException: Message: An element could not be located on the page using the given search parameters.





consumed time: 28.6740000248 s

jacoco time: 5.00300002098 s

covered targets are: [1940-3477_2]
uncovered targets are: []
target: 1940-3477_2 covered after retrial!
interestcase 5_2_4_1_3_2_2_3_1_6_0_2_2_022 end

index.3,  interestcase 4_3_3_3_2_4_1_2_0_1_2_029 start:
tagetlogs are:[1946_1]
current preference, name:actionBarHideTimeInMilliSecs, value:random
current preference, name:thumbCacheRoot, value:
current preference, name:mapsForgeEnabled, value:1
current preference, name:maxSelectionMarkersInMap, value:
current preference, name:pickHistoryMax, value:
current preference, name:debugEnabledSql, value:0
current preference, name:debugEnabledViewItem, value:1
current preference, name:debugEnabledMap, value:1
current preference, name:debugEnabledMemory, value:1
current preference, name:debugEnableLibs, value:0
current preference, name:debugEnabled, value:0
cmd:[python, C:\Users\yifeiLu\Documents\TestingProjectHome\aphotomanager\testcase\interestcases\testcase5_3_4_3_3_3_2_4_1_2_0_1_2_029.py]

OK

consumed time: 102.715999842 s

jacoco time: 5.0039999485 s

FAIL

str(e):		Message: An element could not be located on the page using the given search parameters.



repr(e):	NoSuchElementException()

Traceback (most recent call last):

  File "C:\Users\yifeiLu\Documents\TestingProjectHome\aphotomanager\testcase\interestcases\testcase5_3_4_3_3_3_2_4_1_2_0_1_2_029.py", line 224, in <module>

    element = getElememt(driver, "new UiSelector().resourceId(\"de.k3b.android.androFotoFinder:id/bookmark\").className(\"android.widget.ImageView\")")

  File "C:\Users\yifeiLu\Documents\TestingProjectHome\aphotomanager\testcase\interestcases\testcase5_3_4_3_3_3_2_4_1_2_0_1_2_029.py", line 34, in getElememt

    element = driver.find_element_by_android_uiautomator(str)

  File "C:\Python27\lib\site-packages\appium\webdriver\webdriver.py", line 327, in find_element_by_android_uiautomator

    return self.find_element(by=By.ANDROID_UIAUTOMATOR, value=uia_string)

  File "C:\Python27\lib\site-packages\appium\webdriver\webdriver.py", line 219, in find_element

    'value': value})['value']

  File "C:\Python27\lib\site-packages\selenium\webdriver\remote\webdriver.py", line 321, in execute

    self.error_handler.check_response(response)

  File "C:\Python27\lib\site-packages\appium\webdriver\errorhandler.py", line 29, in check_response

    raise wde

NoSuchElementException: Message: An element could not be located on the page using the given search parameters.





consumed time: 44.368999958 s

jacoco time: 5.00500011444 s

covered targets are: [1946_1]
uncovered targets are: []
target: 1946_1 covered after retrial!
interestcase 5_3_4_3_3_3_2_4_1_2_0_1_2_029 end

NO.0 Scene:
discovered in ineration NO. 6
origin branch is: 1942-3484_0 ,target branch is: 1942-3484_0
interests are:
maxSelectionMarkersInMap          11     Show in map
discovered tags are : 5_3_4_3_3_3_2_4_1_2_0_1_2_029 5_2_4_1_3_2_2_3_1_6_0_2_2_022 
--------------------------------
NO.1 Scene:
discovered in ineration NO. 6
origin branch is: 1946_1 ,target branch is: 1946_1
interests are:
maxSelectionMarkersInMap      random    11     Show in map
discovered tags are : 5_1_4_3_3_3_2_4_1_2_0_1_2_029 5_2_4_1_3_2_2_3_1_6_0_2_2_022 
--------------------------------
NO.2 Scene:
discovered in ineration NO. 6
origin branch is: 1940-3477_2 ,target branch is: 1940-3477_2
interests are:
pickHistoryMax          16     Edit
discovered tags are : 5_1_4_3_3_3_2_4_1_2_0_1_2_029 5_2_4_1_3_2_2_3_1_6_0_2_2_022 
--------------------------------
index.1,  interestcase 5_3_4_3_3_3_2_4_1_2_0_1_2_029 start:
tagetlogs are:[1942-3484_0]
current preference, name:actionBarHideTimeInMilliSecs, value:random
current preference, name:thumbCacheRoot, value:
current preference, name:mapsForgeEnabled, value:1
current preference, name:maxSelectionMarkersInMap, value:
current preference, name:pickHistoryMax, value:
current preference, name:debugEnabledSql, value:0
current preference, name:debugEnabledViewItem, value:1
current preference, name:debugEnabledMap, value:1
current preference, name:debugEnabledMemory, value:1
current preference, name:debugEnableLibs, value:0
current preference, name:debugEnabled, value:0
cmd:[python, C:\Users\yifeiLu\Documents\TestingProjectHome\aphotomanager\testcase\interestcases\testcase6_1_5_3_4_3_3_3_2_4_1_2_0_1_2_029.py]

OK

consumed time: 102.493000031 s

jacoco time: 5.0039999485 s

FAIL

str(e):		Message: An element could not be located on the page using the given search parameters.



repr(e):	NoSuchElementException()

Traceback (most recent call last):

  File "C:\Users\yifeiLu\Documents\TestingProjectHome\aphotomanager\testcase\interestcases\testcase6_1_5_3_4_3_3_3_2_4_1_2_0_1_2_029.py", line 224, in <module>

    element = getElememt(driver, "new UiSelector().resourceId(\"de.k3b.android.androFotoFinder:id/bookmark\").className(\"android.widget.ImageView\")")

  File "C:\Users\yifeiLu\Documents\TestingProjectHome\aphotomanager\testcase\interestcases\testcase6_1_5_3_4_3_3_3_2_4_1_2_0_1_2_029.py", line 34, in getElememt

    element = driver.find_element_by_android_uiautomator(str)

  File "C:\Python27\lib\site-packages\appium\webdriver\webdriver.py", line 327, in find_element_by_android_uiautomator

    return self.find_element(by=By.ANDROID_UIAUTOMATOR, value=uia_string)

  File "C:\Python27\lib\site-packages\appium\webdriver\webdriver.py", line 219, in find_element

    'value': value})['value']

  File "C:\Python27\lib\site-packages\selenium\webdriver\remote\webdriver.py", line 321, in execute

    self.error_handler.check_response(response)

  File "C:\Python27\lib\site-packages\appium\webdriver\errorhandler.py", line 29, in check_response

    raise wde

NoSuchElementException: Message: An element could not be located on the page using the given search parameters.





consumed time: 45.0480000973 s

jacoco time: 5.0039999485 s

covered targets are: [1942-3484_0]
uncovered targets are: []
target: 1942-3484_0 covered after retrial!
interestcase 6_1_5_3_4_3_3_3_2_4_1_2_0_1_2_029 end

index.2,  interestcase 5_1_4_3_3_3_2_4_1_2_0_1_2_029 start:
tagetlogs are:[1940-3477_2]
current preference, name:thumbCacheRoot, value:
current preference, name:mapsForgeEnabled, value:1
current preference, name:maxSelectionMarkersInMap, value:
current preference, name:pickHistoryMax, value:
current preference, name:debugEnabledSql, value:0
current preference, name:debugEnabledViewItem, value:1
current preference, name:debugEnabledMap, value:1
current preference, name:debugEnabledMemory, value:1
current preference, name:debugEnableLibs, value:0
current preference, name:debugEnabled, value:0
current preference, name:logCatDir, value:
cmd:[python, C:\Users\yifeiLu\Documents\TestingProjectHome\aphotomanager\testcase\interestcases\testcase6_2_5_1_4_3_3_3_2_4_1_2_0_1_2_029.py]

OK

consumed time: 104.304999828 s

jacoco time: 5.00400018692 s

FAIL

str(e):		Message: An element could not be located on the page using the given search parameters.



repr(e):	NoSuchElementException()

Traceback (most recent call last):

  File "C:\Users\yifeiLu\Documents\TestingProjectHome\aphotomanager\testcase\interestcases\testcase6_2_5_1_4_3_3_3_2_4_1_2_0_1_2_029.py", line 224, in <module>

    element = getElememt(driver, "new UiSelector().resourceId(\"de.k3b.android.androFotoFinder:id/bookmark\").className(\"android.widget.ImageView\")")

  File "C:\Users\yifeiLu\Documents\TestingProjectHome\aphotomanager\testcase\interestcases\testcase6_2_5_1_4_3_3_3_2_4_1_2_0_1_2_029.py", line 34, in getElememt

    element = driver.find_element_by_android_uiautomator(str)

  File "C:\Python27\lib\site-packages\appium\webdriver\webdriver.py", line 327, in find_element_by_android_uiautomator

    return self.find_element(by=By.ANDROID_UIAUTOMATOR, value=uia_string)

  File "C:\Python27\lib\site-packages\appium\webdriver\webdriver.py", line 219, in find_element

    'value': value})['value']

  File "C:\Python27\lib\site-packages\selenium\webdriver\remote\webdriver.py", line 321, in execute

    self.error_handler.check_response(response)

  File "C:\Python27\lib\site-packages\appium\webdriver\errorhandler.py", line 29, in check_response

    raise wde

NoSuchElementException: Message: An element could not be located on the page using the given search parameters.





consumed time: 44.8429999352 s

jacoco time: 5.0039999485 s

covered targets are: [1940-3477_2]
uncovered targets are: []
target: 1940-3477_2 covered after retrial!
interestcase 6_2_5_1_4_3_3_3_2_4_1_2_0_1_2_029 end

index.3,  interestcase 5_2_4_1_3_2_2_3_1_6_0_2_2_022 start:
tagetlogs are:[1946_1]
current preference, name:actionBarHideTimeInMilliSecs, value:
current preference, name:reportDir, value:random
current preference, name:maxSelectionMarkersInMap, value:random
current preference, name:pickHistoryMax, value:random
current preference, name:debugEnabledViewItem, value:1
current preference, name:debugEnabledMap, value:1
current preference, name:debugEnableLibs, value:0
current preference, name:debugEnabled, value:1
current preference, name:logCatDir, value:random
cmd:[python, C:\Users\yifeiLu\Documents\TestingProjectHome\aphotomanager\testcase\interestcases\testcase6_3_5_2_4_1_3_2_2_3_1_6_0_2_2_022.py]

OK

consumed time: 102.656000137 s

jacoco time: 5.00499987602 s

FAIL

str(e):		Message: An element could not be located on the page using the given search parameters.



repr(e):	NoSuchElementException()

Traceback (most recent call last):

  File "C:\Users\yifeiLu\Documents\TestingProjectHome\aphotomanager\testcase\interestcases\testcase6_3_5_2_4_1_3_2_2_3_1_6_0_2_2_022.py", line 206, in <module>

    element = getElememt(driver, "new UiSelector().resourceId(\"de.k3b.android.androFotoFinder:id/image\").className(\"android.widget.ImageView\")")

  File "C:\Users\yifeiLu\Documents\TestingProjectHome\aphotomanager\testcase\interestcases\testcase6_3_5_2_4_1_3_2_2_3_1_6_0_2_2_022.py", line 34, in getElememt

    element = driver.find_element_by_android_uiautomator(str)

  File "C:\Python27\lib\site-packages\appium\webdriver\webdriver.py", line 327, in find_element_by_android_uiautomator

    return self.find_element(by=By.ANDROID_UIAUTOMATOR, value=uia_string)

  File "C:\Python27\lib\site-packages\appium\webdriver\webdriver.py", line 219, in find_element

    'value': value})['value']

  File "C:\Python27\lib\site-packages\selenium\webdriver\remote\webdriver.py", line 321, in execute

    self.error_handler.check_response(response)

  File "C:\Python27\lib\site-packages\appium\webdriver\errorhandler.py", line 29, in check_response

    raise wde

NoSuchElementException: Message: An element could not be located on the page using the given search parameters.





consumed time: 30.4199998379 s

jacoco time: 5.00500011444 s

covered targets are: [1946_1]
uncovered targets are: []
target: 1946_1 covered after retrial!
interestcase 6_3_5_2_4_1_3_2_2_3_1_6_0_2_2_022 end

NO.0 Scene:
discovered in ineration NO. 7
origin branch is: 1942-3484_0 ,target branch is: 1942-3484_0
interests are:
actionBarHideTimeInMilliSecs      random    4     Photos
discovered tags are : 6_1_5_3_4_3_3_3_2_4_1_2_0_1_2_029 
--------------------------------
NO.1 Scene:
discovered in ineration NO. 7
origin branch is: 1946_1 ,target branch is: 1946_1
interests are:
pickHistoryMax      random    16     Edit
discovered tags are : 6_1_5_3_4_3_3_3_2_4_1_2_0_1_2_029 6_3_5_2_4_1_3_2_2_3_1_6_0_2_2_022 6_2_5_1_4_3_3_3_2_4_1_2_0_1_2_029 
--------------------------------
NO.2 Scene:
discovered in ineration NO. 7
origin branch is: 1940-3477_2 ,target branch is: 1940-3477_2
interests are:
actionBarHideTimeInMilliSecs      random    4     Photos
discovered tags are : 6_1_5_3_4_3_3_3_2_4_1_2_0_1_2_029 6_3_5_2_4_1_3_2_2_3_1_6_0_2_2_022 6_2_5_1_4_3_3_3_2_4_1_2_0_1_2_029 
--------------------------------
index.1,  interestcase 6_1_5_3_4_3_3_3_2_4_1_2_0_1_2_029 start:
tagetlogs are:[1942-3484_0]
current preference, name:actionBarHideTimeInMilliSecs, value:random
current preference, name:thumbCacheRoot, value:
current preference, name:mapsForgeEnabled, value:1
current preference, name:maxSelectionMarkersInMap, value:
current preference, name:pickHistoryMax, value:
current preference, name:debugEnabledSql, value:0
current preference, name:debugEnabledViewItem, value:1
current preference, name:debugEnabledMap, value:1
current preference, name:debugEnabledMemory, value:1
current preference, name:debugEnableLibs, value:0
current preference, name:debugEnabled, value:0
cmd:[python, C:\Users\yifeiLu\Documents\TestingProjectHome\aphotomanager\testcase\interestcases\testcase7_1_6_1_5_3_4_3_3_3_2_4_1_2_0_1_2_029.py]

OK

consumed time: 102.381999969 s

jacoco time: 5.00300002098 s

FAIL

str(e):		Message: An element could not be located on the page using the given search parameters.



repr(e):	NoSuchElementException()

Traceback (most recent call last):

  File "C:\Users\yifeiLu\Documents\TestingProjectHome\aphotomanager\testcase\interestcases\testcase7_1_6_1_5_3_4_3_3_3_2_4_1_2_0_1_2_029.py", line 224, in <module>

    element = getElememt(driver, "new UiSelector().resourceId(\"de.k3b.android.androFotoFinder:id/bookmark\").className(\"android.widget.ImageView\")")

  File "C:\Users\yifeiLu\Documents\TestingProjectHome\aphotomanager\testcase\interestcases\testcase7_1_6_1_5_3_4_3_3_3_2_4_1_2_0_1_2_029.py", line 34, in getElememt

    element = driver.find_element_by_android_uiautomator(str)

  File "C:\Python27\lib\site-packages\appium\webdriver\webdriver.py", line 327, in find_element_by_android_uiautomator

    return self.find_element(by=By.ANDROID_UIAUTOMATOR, value=uia_string)

  File "C:\Python27\lib\site-packages\appium\webdriver\webdriver.py", line 219, in find_element

    'value': value})['value']

  File "C:\Python27\lib\site-packages\selenium\webdriver\remote\webdriver.py", line 321, in execute

    self.error_handler.check_response(response)

  File "C:\Python27\lib\site-packages\appium\webdriver\errorhandler.py", line 29, in check_response

    raise wde

NoSuchElementException: Message: An element could not be located on the page using the given search parameters.





consumed time: 43.5440001488 s

jacoco time: 5.00499987602 s

covered targets are: [1942-3484_0]
uncovered targets are: []
target: 1942-3484_0 covered after retrial!
interestcase 7_1_6_1_5_3_4_3_3_3_2_4_1_2_0_1_2_029 end

index.2,  interestcase 6_3_5_2_4_1_3_2_2_3_1_6_0_2_2_022 start:
tagetlogs are:[1940-3477_2]
current preference, name:actionBarHideTimeInMilliSecs, value:random
current preference, name:reportDir, value:random
current preference, name:maxSelectionMarkersInMap, value:random
current preference, name:pickHistoryMax, value:random
current preference, name:debugEnabledViewItem, value:1
current preference, name:debugEnabledMap, value:1
current preference, name:debugEnableLibs, value:0
current preference, name:debugEnabled, value:1
current preference, name:logCatDir, value:random
cmd:[python, C:\Users\yifeiLu\Documents\TestingProjectHome\aphotomanager\testcase\interestcases\testcase7_2_6_3_5_2_4_1_3_2_2_3_1_6_0_2_2_022.py]

NO.0 Scene:
discovered in ineration NO. 7
origin branch is: 1942-3484_0 ,target branch is: 1942-3484_0
interests are:
mapsForgeDir      random    10     Show in map
discovered tags are : 6_1_5_3_4_3_3_3_2_4_1_2_0_1_2_029 6_3_5_2_4_1_3_2_2_3_1_6_0_2_2_022 6_2_5_1_4_3_3_3_2_4_1_2_0_1_2_029 
--------------------------------
NO.1 Scene:
discovered in ineration NO. 7
origin branch is: 1946_1 ,target branch is: 1946_1
interests are:
pickHistoryMax      random    16     Edit
discovered tags are : 6_1_5_3_4_3_3_3_2_4_1_2_0_1_2_029 6_3_5_2_4_1_3_2_2_3_1_6_0_2_2_022 6_2_5_1_4_3_3_3_2_4_1_2_0_1_2_029 
--------------------------------
NO.2 Scene:
discovered in ineration NO. 7
origin branch is: 1940-3477_2 ,target branch is: 1940-3477_2
interests are:
actionBarHideTimeInMilliSecs      random    4     Photos
discovered tags are : 6_1_5_3_4_3_3_3_2_4_1_2_0_1_2_029 6_3_5_2_4_1_3_2_2_3_1_6_0_2_2_022 6_2_5_1_4_3_3_3_2_4_1_2_0_1_2_029 
--------------------------------
index.1,  interestcase 6_1_5_3_4_3_3_3_2_4_1_2_0_1_2_029 start:
tagetlogs are:[1942-3484_0]
current preference, name:actionBarHideTimeInMilliSecs, value:random
current preference, name:thumbCacheRoot, value:
current preference, name:mapsForgeEnabled, value:1
current preference, name:mapsForgeDir, value:random
current preference, name:maxSelectionMarkersInMap, value:
current preference, name:pickHistoryMax, value:
current preference, name:debugEnabledSql, value:0
current preference, name:debugEnabledViewItem, value:1
current preference, name:debugEnabledMap, value:1
current preference, name:debugEnabledMemory, value:1
current preference, name:debugEnableLibs, value:0
current preference, name:debugEnabled, value:0
cmd:[python, C:\Users\yifeiLu\Documents\TestingProjectHome\aphotomanager\testcase\interestcases\testcase7_1_6_1_5_3_4_3_3_3_2_4_1_2_0_1_2_029.py]

FAIL

str(e):		('Connection aborted.', BadStatusLine("''",))

repr(e):	ProtocolError('Connection aborted.', BadStatusLine("''",))

Traceback (most recent call last):

  File "C:\Users\yifeiLu\Documents\TestingProjectHome\aphotomanager\testcase\interestcases\testcase7_1_6_1_5_3_4_3_3_3_2_4_1_2_0_1_2_029.py", line 162, in <module>

    typeText(driver,"random")

  File "C:\Users\yifeiLu\Documents\TestingProjectHome\aphotomanager\testcase\interestcases\testcase7_1_6_1_5_3_4_3_3_3_2_4_1_2_0_1_2_029.py", line 134, in typeText

    element = getElememt(driver, "new UiSelector().className(\"android.widget.EditText\")")

  File "C:\Users\yifeiLu\Documents\TestingProjectHome\aphotomanager\testcase\interestcases\testcase7_1_6_1_5_3_4_3_3_3_2_4_1_2_0_1_2_029.py", line 28, in getElememt

    element = driver.find_element_by_android_uiautomator(str)

  File "C:\Python27\lib\site-packages\appium\webdriver\webdriver.py", line 327, in find_element_by_android_uiautomator

    return self.find_element(by=By.ANDROID_UIAUTOMATOR, value=uia_string)

  File "C:\Python27\lib\site-packages\appium\webdriver\webdriver.py", line 219, in find_element

    'value': value})['value']

  File "C:\Python27\lib\site-packages\selenium\webdriver\remote\webdriver.py", line 319, in execute

    response = self.command_executor.execute(driver_command, params)

  File "C:\Python27\lib\site-packages\selenium\webdriver\remote\remote_connection.py", line 374, in execute

    return self._request(command_info[0], url, body=data)

  File "C:\Python27\lib\site-packages\selenium\webdriver\remote\remote_connection.py", line 402, in _request

    resp = http.request(method, url, body=body, headers=headers)

  File "C:\Python27\lib\site-packages\urllib3\request.py", line 72, in request

    **urlopen_kw)

  File "C:\Python27\lib\site-packages\urllib3\request.py", line 150, in request_encode_body

    return self.urlopen(method, url, **extra_kw)

  File "C:\Python27\lib\site-packages\urllib3\poolmanager.py", line 323, in urlopen

    response = conn.urlopen(method, u.request_uri, **kw)

  File "C:\Python27\lib\site-packages\urllib3\connectionpool.py", line 638, in urlopen

    _stacktrace=sys.exc_info()[2])

  File "C:\Python27\lib\site-packages\urllib3\util\retry.py", line 367, in increment

    raise six.reraise(type(error), error, _stacktrace)

  File "C:\Python27\lib\site-packages\urllib3\connectionpool.py", line 600, in urlopen

    chunked=chunked)

  File "C:\Python27\lib\site-packages\urllib3\connectionpool.py", line 377, in _make_request

    httplib_response = conn.getresponse(buffering=True)

  File "C:\Python27\lib\httplib.py", line 1121, in getresponse

    response.begin()

  File "C:\Python27\lib\httplib.py", line 438, in begin

    version, status, reason = self._read_status()

  File "C:\Python27\lib\httplib.py", line 402, in _read_status

    raise BadStatusLine(line)

ProtocolError: ('Connection aborted.', BadStatusLine("''",))



covered targets are: [1942-3484_0]
uncovered targets are: []
target: 1942-3484_0 covered after retrial!
interestcase 7_1_6_1_5_3_4_3_3_3_2_4_1_2_0_1_2_029 end

index.2,  interestcase 6_3_5_2_4_1_3_2_2_3_1_6_0_2_2_022 start:
tagetlogs are:[1940-3477_2]
current preference, name:actionBarHideTimeInMilliSecs, value:random
current preference, name:reportDir, value:random
current preference, name:maxSelectionMarkersInMap, value:random
current preference, name:pickHistoryMax, value:random
current preference, name:debugEnabledViewItem, value:1
current preference, name:debugEnabledMap, value:1
current preference, name:debugEnableLibs, value:0
current preference, name:debugEnabled, value:1
current preference, name:logCatDir, value:random
cmd:[python, C:\Users\yifeiLu\Documents\TestingProjectHome\aphotomanager\testcase\interestcases\testcase7_2_6_3_5_2_4_1_3_2_2_3_1_6_0_2_2_022.py]

NO.0 Scene:
discovered in ineration NO. 7
origin branch is: 1942-3484_0 ,target branch is: 1942-3484_0
interests are:
mapsForgeDir      random    10     Show in map
discovered tags are : 6_1_5_3_4_3_3_3_2_4_1_2_0_1_2_029 6_3_5_2_4_1_3_2_2_3_1_6_0_2_2_022 6_2_5_1_4_3_3_3_2_4_1_2_0_1_2_029 
--------------------------------
NO.1 Scene:
discovered in ineration NO. 7
origin branch is: 1946_1 ,target branch is: 1946_1
interests are:
pickHistoryMax      random    16     Edit
discovered tags are : 6_1_5_3_4_3_3_3_2_4_1_2_0_1_2_029 6_3_5_2_4_1_3_2_2_3_1_6_0_2_2_022 6_2_5_1_4_3_3_3_2_4_1_2_0_1_2_029 
--------------------------------
NO.2 Scene:
discovered in ineration NO. 7
origin branch is: 1940-3477_2 ,target branch is: 1940-3477_2
interests are:
actionBarHideTimeInMilliSecs      random    4     Photos
discovered tags are : 6_1_5_3_4_3_3_3_2_4_1_2_0_1_2_029 6_3_5_2_4_1_3_2_2_3_1_6_0_2_2_022 6_2_5_1_4_3_3_3_2_4_1_2_0_1_2_029 
--------------------------------
index.1,  interestcase 6_1_5_3_4_3_3_3_2_4_1_2_0_1_2_029 start:
tagetlogs are:[1942-3484_0]
current preference, name:actionBarHideTimeInMilliSecs, value:random
current preference, name:thumbCacheRoot, value:
current preference, name:mapsForgeEnabled, value:1
current preference, name:mapsForgeDir, value:random
current preference, name:maxSelectionMarkersInMap, value:
current preference, name:pickHistoryMax, value:
current preference, name:debugEnabledSql, value:0
current preference, name:debugEnabledViewItem, value:1
current preference, name:debugEnabledMap, value:1
current preference, name:debugEnabledMemory, value:1
current preference, name:debugEnableLibs, value:0
current preference, name:debugEnabled, value:0
cmd:[python, C:\Users\yifeiLu\Documents\TestingProjectHome\aphotomanager\testcase\interestcases\testcase7_1_6_1_5_3_4_3_3_3_2_4_1_2_0_1_2_029.py]

NO.0 Scene:
discovered in ineration NO. 2
origin branch is: 1942-3484_0 ,target branch is: 1942-3484_0
interests are:
logCatDir          28     Diagnostics
discovered tags are : 1_13_0_10_5_022 1_12_0_12_3_002 1_6_0_2_2_022 1_8_0_3_5_027 1_3_0_11_4_009 1_7_0_4_5_012 1_5_0_5_3_027 1_2_0_1_2_029 1_10_0_11_4_009 1_11_0_8_1_013 1_9_0_20_3_026 1_1_0_7_4_014 
--------------------------------
NO.1 Scene:
discovered in ineration NO. 2
origin branch is: 3017-5305 ,target branch is: 3017-5304
interests are:
debugEnabled      0    25     Diagnostics
discovered tags are : 1_6_0_2_2_022 1_2_0_1_2_029 
--------------------------------
NO.2 Scene:
discovered in ineration NO. 2
origin branch is: 1946_1 ,target branch is: 1946_1
interests are:
pickHistoryMax          16     Edit
discovered tags are : 1_13_0_10_5_022 1_12_0_12_3_002 1_6_0_2_2_022 1_8_0_3_5_027 1_3_0_11_4_009 1_7_0_4_5_012 1_2_0_1_2_029 1_10_0_11_4_009 1_9_0_20_3_026 1_1_0_7_4_014 
--------------------------------
NO.3 Scene:
discovered in ineration NO. 2
origin branch is: 1940-3477_2 ,target branch is: 1940-3477_2
interests are:
imageDetailThumbnailIfBiggerThan      random    5     Photos
discovered tags are : 1_13_0_10_5_022 1_12_0_12_3_002 1_8_0_3_5_027 1_7_0_4_5_012 1_11_0_8_1_013 1_9_0_20_3_026 1_6_0_2_2_022 1_4_0_11_4_009 1_3_0_11_4_009 1_5_0_5_3_027 1_2_0_1_2_029 1_10_0_11_4_009 1_1_0_7_4_014 
--------------------------------
index.1,  interestcase 1_13_0_10_5_022 start:
tagetlogs are:[1942-3484_0]
NO.0 Scene:
discovered in ineration NO. 2
origin branch is: 1942-3484_0 ,target branch is: 1942-3484_0
interests are:
reportDir          7     Photos
discovered tags are : 1_13_0_10_5_022 1_12_0_12_3_002 1_6_0_2_2_022 1_8_0_3_5_027 1_3_0_11_4_009 1_7_0_4_5_012 1_5_0_5_3_027 1_2_0_1_2_029 1_10_0_11_4_009 1_11_0_8_1_013 1_9_0_20_3_026 1_1_0_7_4_014 
--------------------------------
NO.1 Scene:
discovered in ineration NO. 2
origin branch is: 3017-5305 ,target branch is: 3017-5304
interests are:
debugEnabled      0    25     Diagnostics
discovered tags are : 1_6_0_2_2_022 1_2_0_1_2_029 
--------------------------------
NO.2 Scene:
discovered in ineration NO. 2
origin branch is: 1946_1 ,target branch is: 1946_1
interests are:
actionBarHideTimeInMilliSecs          4     Photos
discovered tags are : 1_13_0_10_5_022 1_12_0_12_3_002 1_6_0_2_2_022 1_3_0_11_4_009 1_7_0_4_5_012 1_2_0_1_2_029 1_10_0_11_4_009 1_9_0_20_3_026 1_1_0_7_4_014 
--------------------------------
NO.3 Scene:
discovered in ineration NO. 2
origin branch is: 1940-3477_2 ,target branch is: 1940-3477_2
interests are:
maxSelectionMarkersInMap      random    11     Show in map
discovered tags are : 1_13_0_10_5_022 1_12_0_12_3_002 1_8_0_3_5_027 1_7_0_4_5_012 1_11_0_8_1_013 1_9_0_20_3_026 1_6_0_2_2_022 1_4_0_11_4_009 1_3_0_11_4_009 1_5_0_5_3_027 1_2_0_1_2_029 1_10_0_11_4_009 1_1_0_7_4_014 
--------------------------------
index.1,  interestcase 1_13_0_10_5_022 start:
tagetlogs are:[1942-3484_0]
